---------------------------------------------
Log C:\Users\grand\Desktop\servers\Dayz\profiles\crash_2025-12-16_17-19-03.log started at 16.12. 17:19:41



------------------------------------
DESKTOP-6P7DMDG, 16.12 2025 17:19:41
[::JsonLoadFile] :: [ERROR] :: Cannot load data from "$profile:BasicMap\ServerMarkers.json":
JSON ERROR:
The document is empty.
Function: 'JsonLoadFile'
Stack trace:
scripts/3_Game/tools\jsonfileloader.c:129 Function JsonLoadFile
BasicMap/scripts/3_Game/basicmapcontroller.c:168 Function LoadServerMarkers
BasicMap/scripts/3_Game/basicmapcontroller.c:44 Function Init
BasicMap/scripts/5_Mission/mission\missionserver.c:4 Function MissionServer@376#1
$CurrentDir:mpmissions\Expansion.chernarusplus\init.c:97 Function CreateCustomMission

Runtime mode
CLI params: config C:\Users\grand\Desktop\servers\Dayz\serverDZ.cfg port 2302 profiles C:\Users\grand\Desktop\servers\Dayz\profiles mod @CF;@Dabs Framework;@DayZ-Expansion-Licensed;@DayZ-Expansion-Bundle;@AI Raids;@AI War Zones;@AnimatedDynamicHelicopters;@Base Fortifications;@Basic Map;@Better Medical Pouch;@BetterDrinks;@BuilderItems;@CarCover;@Dayz Navigation;@Ear-Plugs;@FlipTransport;@InediaInfectedAI;@Jills Collection;@Knock Knock AI;@Mag Obfuscation;@MMG Base Storage;@MMG Civilian Clothing;@Realistic Suppressors;@Realistic Weapons;@Server_Information_Panel;@SimpleAutorun;@Mortys Weapons;@VPPAdminTools;@WindstridesClothingPack;@Zens Sleeping Mod;@MedicalAttentionUpdated-Core;@MedicalAttentionUpdated;@MedicalAttentionUpdated-DepHelper-Vanilla;@RaG_Core;@RaG_Vehicle_Pack;@RaG_BaseItems;@Nomadbackpack;@Vanilla item overrides - Base building and Meat;@FirstAidPack;@EU Gear;@Bullet Stacking - More Ammo dologs  adminlog  


------------------------------------
DESKTOP-6P7DMDG, 16.12 2025 17:36:25
Unhandled exception

Program: C:\Users\grand\Desktop\servers\Dayz\DayZServer_x64.exe
Reason: Access violation. Illegal read by 0x7ff74cad2064 at 0x0

SymGetSymFromAddr:487, addr:0x7ff74cad2064
SymGetSymFromAddr:487, addr:0x7ff74cad1eb1
SymGetSymFromAddr:487, addr:0x7ff74cad1e44
SymGetSymFromAddr:487, addr:0x7ff74cd86858
SymGetSymFromAddr:487, addr:0x7ff74cd8d5ae
SymGetSymFromAddr:487, addr:0x7ff74cd70851
SymGetSymFromAddr:487, addr:0x7ff74cd6da52
SymGetSymFromAddr:487, addr:0x7ff74cd68814
SymGetSymFromAddr:487, addr:0x7ff74cb9fdfa
SymGetSymFromAddr:487, addr:0x7ff74cc041ad
SymGetSymFromAddr:487, addr:0x7ff74cc0465e
SymGetSymFromAddr:487, addr:0x7ff74cc1109e
SymGetSymFromAddr:487, addr:0x7ff74ce60782
[CDPCreateServer]: ??? addr:0x7ff74d2b8421
[CDPCreateServer]: ??? addr:0x7ff74d2b813d
SymGetSymFromAddr:487, addr:0x7ff74cd0b77b
[CDPCreateServer]: ??? addr:0x7ff74d2ba4d8
SymGetSymFromAddr:487, addr:0x7ff74cd0b6cf
[CDPCreateServer]: ??? addr:0x7ff74d2badfd
SymGetSymFromAddr:487, addr:0x7ff74ce3737e
[CDPCreateServer]: ??? addr:0x7ff74d4196fe
[BaseThreadInitThunk]: ??? addr:0x7ff89de57374
[RtlUserThreadStart]: ??? addr:0x7ff89e21cc91
[RtlUserThreadStart]: ??? addr:0x7ff89e21cc91



Runtime mode
CLI params: config C:\Users\grand\Desktop\servers\Dayz\serverDZ.cfg port 2302 profiles C:\Users\grand\Desktop\servers\Dayz\profiles mod @CF;@Dabs Framework;@DayZ-Expansion-Licensed;@DayZ-Expansion-Bundle;@AI Raids;@AI War Zones;@AnimatedDynamicHelicopters;@Base Fortifications;@Basic Map;@Better Medical Pouch;@BetterDrinks;@BuilderItems;@CarCover;@Dayz Navigation;@Ear-Plugs;@FlipTransport;@InediaInfectedAI;@Jills Collection;@Knock Knock AI;@Mag Obfuscation;@MMG Base Storage;@MMG Civilian Clothing;@Realistic Suppressors;@Realistic Weapons;@Server_Information_Panel;@SimpleAutorun;@Mortys Weapons;@VPPAdminTools;@WindstridesClothingPack;@Zens Sleeping Mod;@MedicalAttentionUpdated-Core;@MedicalAttentionUpdated;@MedicalAttentionUpdated-DepHelper-Vanilla;@RaG_Core;@RaG_Vehicle_Pack;@RaG_BaseItems;@Nomadbackpack;@Vanilla item overrides - Base building and Meat;@FirstAidPack;@EU Gear;@Bullet Stacking - More Ammo dologs  adminlog  
