---------------------------------------------
Log C:\Users\grand\Desktop\servers\Dayz\profiles\crash_2025-12-10_20-38-02.log started at 10.12. 20:38:38



------------------------------------
DESKTOP-6P7DMDG, 10.12 2025 20:38:38
[::JsonLoadFile] :: [ERROR] :: Cannot load data from "$profile:BasicMap\ServerMarkers.json":
JSON ERROR:
The document is empty.
Function: 'JsonLoadFile'
Stack trace:
scripts/3_Game/tools\jsonfileloader.c:129 Function JsonLoadFile
BasicMap/scripts/3_Game/basicmapcontroller.c:168 Function LoadServerMarkers
BasicMap/scripts/3_Game/basicmapcontroller.c:44 Function Init
BasicMap/scripts/5_Mission/mission\missionserver.c:4 Function MissionServer@4396#1
$CurrentDir:mpmissions\Expansion.chernarusplus\init.c:97 Function CreateCustomMission

Runtime mode
CLI params: config C:\Users\grand\Desktop\servers\Dayz\serverDZ.cfg port 2302 profiles C:\Users\grand\Desktop\servers\Dayz\profiles mod @CF;@Dabs Framework;@DayZ-Expansion-Core;@DayZ-Expansion-Licensed;@DayZ-Expansion-AI;@DayZ-Expansion-BaseBuilding;@DayZ-Expansion-Bundle;@AI Raids;@AI War Zones;@AnimatedDynamicHelicopters;@Base Fortifications;@Basic Map;@Better Medical Pouch;@BetterDrinks;@BuilderItems;@CarCover;@Dayz Navigation;@Ear-Plugs;@EU Gear;@FlipTransport;@Free Helicopters;@InediaInfectedAI;@Jills Collection;@Knock Knock AI;@Mag Obfuscation;@MedicalAttentionUpdated;@MedicalAttentionUpdated-Core;@MMG Base Storage;@MMG Civilian Clothing;@Realistic Suppressors;@Realistic Weapons;@RUSForma_vehicles;@Server_Information_Panel;@SimpleAutorun;@SNAFU Weapons;@TF-UAZ3151;@VPPAdminTools;@WindstridesClothingPack;@Zens Sleeping Mod;@MedicalAttentionUpdated-DepHelper-Vanilla dologs  adminlog  


------------------------------------
DESKTOP-6P7DMDG, 10.12 2025 20:38:52
Unhandled exception

Program: C:\Users\grand\Desktop\servers\Dayz\DayZServer_x64.exe
Reason: Access violation. Illegal read by 0x7ff77cef95e4 at 0x28


Function: 'main'
Stack trace:
$CurrentDir:mpmissions\Expansion.chernarusplus\init.c:6 Function main

SymGetSymFromAddr:487, addr:0x7ff77cef95e4
SymGetSymFromAddr:487, addr:0x7ff77cef9792
SymGetSymFromAddr:487, addr:0x7ff77d16010d
SymGetSymFromAddr:487, addr:0x7ff77d16037b
SymGetSymFromAddr:487, addr:0x7ff77d161c7c
SymGetSymFromAddr:487, addr:0x7ff77d1d4f0e
SymGetSymFromAddr:487, addr:0x7ff77d1d42db
SymGetSymFromAddr:487, addr:0x7ff77d1d41cb
[CDPCreateServer]: ??? addr:0x7ff77d5f6865
SymGetSymFromAddr:487, addr:0x7ff77ced1960
SymGetSymFromAddr:487, addr:0x7ff77ced2263
SymGetSymFromAddr:487, addr:0x7ff77ced261b
SymGetSymFromAddr:487, addr:0x7ff77ceb5541
SymGetSymFromAddr:487, addr:0x7ff77ceb7427
SymGetSymFromAddr:487, addr:0x7ff77ceb72ec
SymGetSymFromAddr:487, addr:0x7ff77d1f1aa0
[CDPInitServer]: ??? addr:0x7ff77d27a5b4
[CDPInitServer]: ??? addr:0x7ff77d27c00a
[CDPCreateServer]: ??? addr:0x7ff77d40e7a4
[CDPCreateServer]: ??? addr:0x7ff77d56786e
[CDPCreateServer]: ??? addr:0x7ff77d5680f4
[CDPCreateServer]: ??? addr:0x7ff77d56a429
SymGetSymFromAddr:487, addr:0x7ff77cfbb6cf
[CDPCreateServer]: ??? addr:0x7ff77d56adfd
SymGetSymFromAddr:487, addr:0x7ff77d0e737e
[CDPCreateServer]: ??? addr:0x7ff77d6c96fe
[BaseThreadInitThunk]: ??? addr:0x7ffbdc917374
[RtlUserThreadStart]: ??? addr:0x7ffbddcdcc91
[RtlUserThreadStart]: ??? addr:0x7ffbddcdcc91



Runtime mode
CLI params: config C:\Users\grand\Desktop\servers\Dayz\serverDZ.cfg port 2302 profiles C:\Users\grand\Desktop\servers\Dayz\profiles mod @CF;@Dabs Framework;@DayZ-Expansion-Core;@DayZ-Expansion-Licensed;@DayZ-Expansion-AI;@DayZ-Expansion-BaseBuilding;@DayZ-Expansion-Bundle;@AI Raids;@AI War Zones;@AnimatedDynamicHelicopters;@Base Fortifications;@Basic Map;@Better Medical Pouch;@BetterDrinks;@BuilderItems;@CarCover;@Dayz Navigation;@Ear-Plugs;@EU Gear;@FlipTransport;@Free Helicopters;@InediaInfectedAI;@Jills Collection;@Knock Knock AI;@Mag Obfuscation;@MedicalAttentionUpdated;@MedicalAttentionUpdated-Core;@MMG Base Storage;@MMG Civilian Clothing;@Realistic Suppressors;@Realistic Weapons;@RUSForma_vehicles;@Server_Information_Panel;@SimpleAutorun;@SNAFU Weapons;@TF-UAZ3151;@VPPAdminTools;@WindstridesClothingPack;@Zens Sleeping Mod;@MedicalAttentionUpdated-DepHelper-Vanilla dologs  adminlog  
