---------------------------------------------
Log C:\Users\grand\Desktop\servers\Dayz\profiles\crash_2025-12-14_16-03-26.log started at 14.12. 16:04:03



------------------------------------
DESKTOP-6P7DMDG, 14.12 2025 16:04:03
File $mission:expansion\settings\AIPatrolSettings.json:
JSON ERROR:
Missing a comma or '}' after an object member.
Function: 'Error'
Stack trace:
scripts/1_Core/proto\endebug.c:92 Function Error
DayZExpansion/Core/Scripts/3_Game/dayzexpansion_core\tools\expansionjsonfileparser.c:39 Function Load
DayZExpansion/AI/Scripts/3_Game/dayzexpansion_ai\settings\patrols\expansionaipatrolsettings.c:188 Function OnLoad
DayZExpansion/Core/Scripts/3_Game/dayzexpansion_core\settings\expansionsettingbase.c:58 Function Load
DayZExpansion/Core/Scripts/3_Game/dayzexpansion_core\settings\expansionsettings.c:63 Function Load
DayZExpansion/Core/Scripts/3_Game/dayzexpansion_core\settings\expansionsettings.c:41 Function ServerInit
DayZExpansion/AI/Scripts/3_Game/dayzexpansion_ai\settings\expansionsettings.c:22 Function ServerInit
DayZExpansion/Core/Scripts/3_Game/dayzexpansion_core\settings\expansionsettings.c:326 Function GetExpansionSettings
DayZExpansion/AI/Scripts/4_World/dayzexpansion_ai\classes\expansionworld.c:24 Function ExpansionWorld
DayZExpansion/Core/Scripts/5_Mission/dayzexpansion_core\dayzexpansion.c:126 Function CreateDayZExpansion
DayZExpansion/Core/Scripts/5_Mission/dayzexpansion_core\mission\missionbase.c:13 Function MissionBase@458#13
$CurrentDir:mpmissions\Expansion.chernarusplus\init.c:97 Function CreateCustomMission

Runtime mode
CLI params: config C:\Users\grand\Desktop\servers\Dayz\serverDZ.cfg port 2302 profiles C:\Users\grand\Desktop\servers\Dayz\profiles mod @CF;@Dabs Framework;@DayZ-Expansion-Licensed;@DayZ-Expansion-Bundle;@AI Raids;@AI War Zones;@AnimatedDynamicHelicopters;@Base Fortifications;@Basic Map;@Better Medical Pouch;@BetterDrinks;@BuilderItems;@CarCover;@Dayz Navigation;@Ear-Plugs;@FlipTransport;@InediaInfectedAI;@Jills Collection;@Knock Knock AI;@Mag Obfuscation;@MMG Base Storage;@MMG Civilian Clothing;@Realistic Suppressors;@Realistic Weapons;@Server_Information_Panel;@SimpleAutorun;@Mortys Weapons;@VPPAdminTools;@WindstridesClothingPack;@Zens Sleeping Mod;@Bullet Stacking - More Ammo dologs  adminlog  


------------------------------------
DESKTOP-6P7DMDG, 14.12 2025 16:04:03
NULL pointer to instance. Variable '(null)' during call 'array<vector>.Count'
Class:      'ExpansionAIPatrolSettings'
Function: 'OnLoad'
Stack trace:
DayZExpansion/AI/Scripts/3_Game/dayzexpansion_ai\settings\patrols\expansionaipatrolsettings.c:406 Function OnLoad
DayZExpansion/Core/Scripts/3_Game/dayzexpansion_core\settings\expansionsettingbase.c:58 Function Load
DayZExpansion/Core/Scripts/3_Game/dayzexpansion_core\settings\expansionsettings.c:63 Function Load
DayZExpansion/Core/Scripts/3_Game/dayzexpansion_core\settings\expansionsettings.c:41 Function ServerInit
DayZExpansion/AI/Scripts/3_Game/dayzexpansion_ai\settings\expansionsettings.c:22 Function ServerInit
DayZExpansion/Core/Scripts/3_Game/dayzexpansion_core\settings\expansionsettings.c:326 Function GetExpansionSettings
DayZExpansion/AI/Scripts/4_World/dayzexpansion_ai\classes\expansionworld.c:24 Function ExpansionWorld
DayZExpansion/Core/Scripts/5_Mission/dayzexpansion_core\dayzexpansion.c:126 Function CreateDayZExpansion
DayZExpansion/Core/Scripts/5_Mission/dayzexpansion_core\mission\missionbase.c:13 Function MissionBase@458#13
$CurrentDir:mpmissions\Expansion.chernarusplus\init.c:97 Function CreateCustomMission

Runtime mode
CLI params: config C:\Users\grand\Desktop\servers\Dayz\serverDZ.cfg port 2302 profiles C:\Users\grand\Desktop\servers\Dayz\profiles mod @CF;@Dabs Framework;@DayZ-Expansion-Licensed;@DayZ-Expansion-Bundle;@AI Raids;@AI War Zones;@AnimatedDynamicHelicopters;@Base Fortifications;@Basic Map;@Better Medical Pouch;@BetterDrinks;@BuilderItems;@CarCover;@Dayz Navigation;@Ear-Plugs;@FlipTransport;@InediaInfectedAI;@Jills Collection;@Knock Knock AI;@Mag Obfuscation;@MMG Base Storage;@MMG Civilian Clothing;@Realistic Suppressors;@Realistic Weapons;@Server_Information_Panel;@SimpleAutorun;@Mortys Weapons;@VPPAdminTools;@WindstridesClothingPack;@Zens Sleeping Mod;@Bullet Stacking - More Ammo dologs  adminlog  


------------------------------------
DESKTOP-6P7DMDG, 14.12 2025 16:04:03
[::JsonLoadFile] :: [ERROR] :: Cannot load data from "$profile:BasicMap\ServerMarkers.json":
JSON ERROR:
The document is empty.
Function: 'JsonLoadFile'
Stack trace:
scripts/3_Game/tools\jsonfileloader.c:129 Function JsonLoadFile
BasicMap/scripts/3_Game/basicmapcontroller.c:168 Function LoadServerMarkers
BasicMap/scripts/3_Game/basicmapcontroller.c:44 Function Init
BasicMap/scripts/5_Mission/mission\missionserver.c:4 Function MissionServer@368#1
$CurrentDir:mpmissions\Expansion.chernarusplus\init.c:97 Function CreateCustomMission

Runtime mode
CLI params: config C:\Users\grand\Desktop\servers\Dayz\serverDZ.cfg port 2302 profiles C:\Users\grand\Desktop\servers\Dayz\profiles mod @CF;@Dabs Framework;@DayZ-Expansion-Licensed;@DayZ-Expansion-Bundle;@AI Raids;@AI War Zones;@AnimatedDynamicHelicopters;@Base Fortifications;@Basic Map;@Better Medical Pouch;@BetterDrinks;@BuilderItems;@CarCover;@Dayz Navigation;@Ear-Plugs;@FlipTransport;@InediaInfectedAI;@Jills Collection;@Knock Knock AI;@Mag Obfuscation;@MMG Base Storage;@MMG Civilian Clothing;@Realistic Suppressors;@Realistic Weapons;@Server_Information_Panel;@SimpleAutorun;@Mortys Weapons;@VPPAdminTools;@WindstridesClothingPack;@Zens Sleeping Mod;@Bullet Stacking - More Ammo dologs  adminlog  


------------------------------------
DESKTOP-6P7DMDG, 14.12 2025 16:04:03
[::JsonLoadFile] :: [ERROR] :: Cannot load data from "$profile:ExpansionMod\Loadouts\Loadout.json":
JSON ERROR:
Invalid value.
Function: 'JsonLoadFile'
Stack trace:
scripts/3_Game/tools\jsonfileloader.c:129 Function JsonLoadFile
DayZExpansion/Core/Scripts/4_World/dayzexpansion_core\classes\prefab\expansionprefab.c:36 Function Load
DayZExpansion/Core/Scripts/4_World/dayzexpansion_core\classes\loadout\expansionloadout.c:35 Function Init
DayZExpansion/SpawnSelection/Scripts/5_Mission/dayzexpansion_spawnselection\mission\missionserver.c:31 Function MissionServer@544#16
$CurrentDir:mpmissions\Expansion.chernarusplus\init.c:97 Function CreateCustomMission

Runtime mode
CLI params: config C:\Users\grand\Desktop\servers\Dayz\serverDZ.cfg port 2302 profiles C:\Users\grand\Desktop\servers\Dayz\profiles mod @CF;@Dabs Framework;@DayZ-Expansion-Licensed;@DayZ-Expansion-Bundle;@AI Raids;@AI War Zones;@AnimatedDynamicHelicopters;@Base Fortifications;@Basic Map;@Better Medical Pouch;@BetterDrinks;@BuilderItems;@CarCover;@Dayz Navigation;@Ear-Plugs;@FlipTransport;@InediaInfectedAI;@Jills Collection;@Knock Knock AI;@Mag Obfuscation;@MMG Base Storage;@MMG Civilian Clothing;@Realistic Suppressors;@Realistic Weapons;@Server_Information_Panel;@SimpleAutorun;@Mortys Weapons;@VPPAdminTools;@WindstridesClothingPack;@Zens Sleeping Mod;@Bullet Stacking - More Ammo dologs  adminlog  


------------------------------------
DESKTOP-6P7DMDG, 14.12 2025 16:04:03
[::JsonLoadFile] :: [ERROR] :: Cannot load data from "$profile:ExpansionMod\Loadouts\NBCLoadout.json":
JSON ERROR:
Missing a comma or ']' after an array element.
Function: 'JsonLoadFile'
Stack trace:
scripts/3_Game/tools\jsonfileloader.c:129 Function JsonLoadFile
DayZExpansion/Core/Scripts/4_World/dayzexpansion_core\classes\prefab\expansionprefab.c:36 Function Load
DayZExpansion/Core/Scripts/4_World/dayzexpansion_core\classes\loadout\expansionloadout.c:35 Function Init
DayZExpansion/SpawnSelection/Scripts/5_Mission/dayzexpansion_spawnselection\mission\missionserver.c:31 Function MissionServer@544#16
$CurrentDir:mpmissions\Expansion.chernarusplus\init.c:97 Function CreateCustomMission

Runtime mode
CLI params: config C:\Users\grand\Desktop\servers\Dayz\serverDZ.cfg port 2302 profiles C:\Users\grand\Desktop\servers\Dayz\profiles mod @CF;@Dabs Framework;@DayZ-Expansion-Licensed;@DayZ-Expansion-Bundle;@AI Raids;@AI War Zones;@AnimatedDynamicHelicopters;@Base Fortifications;@Basic Map;@Better Medical Pouch;@BetterDrinks;@BuilderItems;@CarCover;@Dayz Navigation;@Ear-Plugs;@FlipTransport;@InediaInfectedAI;@Jills Collection;@Knock Knock AI;@Mag Obfuscation;@MMG Base Storage;@MMG Civilian Clothing;@Realistic Suppressors;@Realistic Weapons;@Server_Information_Panel;@SimpleAutorun;@Mortys Weapons;@VPPAdminTools;@WindstridesClothingPack;@Zens Sleeping Mod;@Bullet Stacking - More Ammo dologs  adminlog  


------------------------------------
DESKTOP-6P7DMDG, 14.12 2025 16:04:03
[::LoadData] :: [ERROR] :: Cannot load data from "$mission:cfggameplay.json":
JSON ERROR:
Invalid value.
Function: 'LoadData'
Stack trace:
scripts/3_Game/cfggameplayhandler.c:72 Function LoadData
scripts/5_Mission/mission\missionserver.c:79 Function OnInit
ExpansionAIRaids/Scripts/5_Mission/ nzkmefql \  .{22877a6d-37a1-461a-91b0-dbda5aaebc99}\lpt7.c:7 Function OnInit
InediaInfectedAI/scripts/5_mission/inediainfectedai\mission\missionserver.c:21 Function OnInit
JM/CF/Scripts/5_Mission/communityframework\mission\missionserver.c:29 Function OnInit
VPPAdminTools/5_Mission/vppadmintools\missionserver.c:38 Function OnInit
ZenSleep/scripts/5_mission/mission\missionserver.c:5 Function OnInit
KnockKnockAI/scripts/5_Mission/knockknockai.c:51 Function OnInit
AIWarZones/scripts/5_Mission/aiwarzones.c:34 Function OnInit

Runtime mode
CLI params: config C:\Users\grand\Desktop\servers\Dayz\serverDZ.cfg port 2302 profiles C:\Users\grand\Desktop\servers\Dayz\profiles mod @CF;@Dabs Framework;@DayZ-Expansion-Licensed;@DayZ-Expansion-Bundle;@AI Raids;@AI War Zones;@AnimatedDynamicHelicopters;@Base Fortifications;@Basic Map;@Better Medical Pouch;@BetterDrinks;@BuilderItems;@CarCover;@Dayz Navigation;@Ear-Plugs;@FlipTransport;@InediaInfectedAI;@Jills Collection;@Knock Knock AI;@Mag Obfuscation;@MMG Base Storage;@MMG Civilian Clothing;@Realistic Suppressors;@Realistic Weapons;@Server_Information_Panel;@SimpleAutorun;@Mortys Weapons;@VPPAdminTools;@WindstridesClothingPack;@Zens Sleeping Mod;@Bullet Stacking - More Ammo dologs  adminlog  


------------------------------------
DESKTOP-6P7DMDG, 14.12 2025 16:15:17
Unhandled exception

Program: C:\Users\grand\Desktop\servers\Dayz\DayZServer_x64.exe
Reason: Access violation. Illegal read by 0x7ff733852064 at 0x0

SymGetSymFromAddr:487, addr:0x7ff733852064
SymGetSymFromAddr:487, addr:0x7ff733851eb1
SymGetSymFromAddr:487, addr:0x7ff733851e44
SymGetSymFromAddr:487, addr:0x7ff733b06858
SymGetSymFromAddr:487, addr:0x7ff733b0d5ae
SymGetSymFromAddr:487, addr:0x7ff733af0851
SymGetSymFromAddr:487, addr:0x7ff733aeda52
SymGetSymFromAddr:487, addr:0x7ff733ae8814
SymGetSymFromAddr:487, addr:0x7ff73391fdfa
SymGetSymFromAddr:487, addr:0x7ff7339841ad
SymGetSymFromAddr:487, addr:0x7ff73398465e
SymGetSymFromAddr:487, addr:0x7ff73399109e
SymGetSymFromAddr:487, addr:0x7ff733be0782
[CDPCreateServer]: ??? addr:0x7ff734038421
[CDPCreateServer]: ??? addr:0x7ff73403813d
SymGetSymFromAddr:487, addr:0x7ff733a8b77b
[CDPCreateServer]: ??? addr:0x7ff73403a4d8
SymGetSymFromAddr:487, addr:0x7ff733a8b6cf
[CDPCreateServer]: ??? addr:0x7ff73403adfd
SymGetSymFromAddr:487, addr:0x7ff733bb737e
[CDPCreateServer]: ??? addr:0x7ff7341996fe
[BaseThreadInitThunk]: ??? addr:0x7ffbdc917374
[RtlUserThreadStart]: ??? addr:0x7ffbddcdcc91
[RtlUserThreadStart]: ??? addr:0x7ffbddcdcc91



Runtime mode
CLI params: config C:\Users\grand\Desktop\servers\Dayz\serverDZ.cfg port 2302 profiles C:\Users\grand\Desktop\servers\Dayz\profiles mod @CF;@Dabs Framework;@DayZ-Expansion-Licensed;@DayZ-Expansion-Bundle;@AI Raids;@AI War Zones;@AnimatedDynamicHelicopters;@Base Fortifications;@Basic Map;@Better Medical Pouch;@BetterDrinks;@BuilderItems;@CarCover;@Dayz Navigation;@Ear-Plugs;@FlipTransport;@InediaInfectedAI;@Jills Collection;@Knock Knock AI;@Mag Obfuscation;@MMG Base Storage;@MMG Civilian Clothing;@Realistic Suppressors;@Realistic Weapons;@Server_Information_Panel;@SimpleAutorun;@Mortys Weapons;@VPPAdminTools;@WindstridesClothingPack;@Zens Sleeping Mod;@Bullet Stacking - More Ammo dologs  adminlog  
