---------------------------------------------
Log C:\Users\grand\Desktop\servers\Dayz\profiles\crash_2025-12-11_19-28-41.log started at 11.12. 19:29:12



------------------------------------
DESKTOP-6P7DMDG, 11.12 2025 19:29:12
[::JsonLoadFile] :: [ERROR] :: Cannot load data from "$profile:BasicMap\ServerMarkers.json":
JSON ERROR:
The document is empty.
Function: 'JsonLoadFile'
Stack trace:
scripts/3_Game/tools\jsonfileloader.c:129 Function JsonLoadFile
BasicMap/scripts/3_Game/basicmapcontroller.c:168 Function LoadServerMarkers
BasicMap/scripts/3_Game/basicmapcontroller.c:44 Function Init
BasicMap/scripts/5_Mission/mission\missionserver.c:4 Function MissionServer@372#1
$CurrentDir:mpmissions\Expansion.chernarusplus\init.c:97 Function CreateCustomMission

Runtime mode
CLI params: config C:\Users\grand\Desktop\servers\Dayz\serverDZ.cfg port 2302 profiles C:\Users\grand\Desktop\servers\Dayz\profiles mod @CF;@Dabs Framework;@DayZ-Expansion-Core;@DayZ-Expansion-Licensed;@DayZ-Expansion-AI;@DayZ-Expansion-BaseBuilding;@DayZ-Expansion-Bundle;@AI Raids;@AI War Zones;@AnimatedDynamicHelicopters;@Base Fortifications;@Basic Map;@Better Medical Pouch;@BetterDrinks;@BuilderItems;@CarCover;@Dayz Navigation;@Ear-Plugs;@FlipTransport;@InediaInfectedAI;@Jills Collection;@Knock Knock AI;@Mag Obfuscation;@MedicalAttentionUpdated;@MedicalAttentionUpdated-Core;@MMG Base Storage;@MMG Civilian Clothing;@Realistic Suppressors;@Realistic Weapons;@Server_Information_Panel;@SimpleAutorun;@Mortys Weapons;@TF-UAZ3151;@VPPAdminTools;@WindstridesClothingPack;@Zens Sleeping Mod;@MedicalAttentionUpdated-DepHelper-Vanilla dologs  adminlog  


------------------------------------
DESKTOP-6P7DMDG, 11.12 2025 19:29:33
[wpnfsm] M249:19807 Weapon.SaveCurrentFSMState: trying to save weapon without FSM (or uninitialized weapon) this=M249<175e4940> type=M249
Class:      'M249'
Entity id:2992145

Function: 'Error'
Stack trace:
scripts/1_Core/proto\endebug.c:92 Function Error
scripts/4_World/entities\firearms\weapon_base.c:576 Function SaveCurrentFSMState
$CurrentDir:mpmissions\Expansion.chernarusplus\init.c:6 Function main

Runtime mode
CLI params: config C:\Users\grand\Desktop\servers\Dayz\serverDZ.cfg port 2302 profiles C:\Users\grand\Desktop\servers\Dayz\profiles mod @CF;@Dabs Framework;@DayZ-Expansion-Core;@DayZ-Expansion-Licensed;@DayZ-Expansion-AI;@DayZ-Expansion-BaseBuilding;@DayZ-Expansion-Bundle;@AI Raids;@AI War Zones;@AnimatedDynamicHelicopters;@Base Fortifications;@Basic Map;@Better Medical Pouch;@BetterDrinks;@BuilderItems;@CarCover;@Dayz Navigation;@Ear-Plugs;@FlipTransport;@InediaInfectedAI;@Jills Collection;@Knock Knock AI;@Mag Obfuscation;@MedicalAttentionUpdated;@MedicalAttentionUpdated-Core;@MMG Base Storage;@MMG Civilian Clothing;@Realistic Suppressors;@Realistic Weapons;@Server_Information_Panel;@SimpleAutorun;@Mortys Weapons;@TF-UAZ3151;@VPPAdminTools;@WindstridesClothingPack;@Zens Sleeping Mod;@MedicalAttentionUpdated-DepHelper-Vanilla dologs  adminlog  
