---------------------------------------------
Log C:\Users\grand\Desktop\servers\Dayz\profiles\crash_2025-12-16_22-43-40.log started at 16.12. 22:44:17



------------------------------------
DESKTOP-6P7DMDG, 16.12 2025 22:44:17
[::JsonLoadFile] :: [ERROR] :: Cannot load data from "$profile:BasicMap\ServerMarkers.json":
JSON ERROR:
The document is empty.
Function: 'JsonLoadFile'
Stack trace:
scripts/3_Game/tools\jsonfileloader.c:129 Function JsonLoadFile
BasicMap/scripts/3_Game/basicmapcontroller.c:168 Function LoadServerMarkers
BasicMap/scripts/3_Game/basicmapcontroller.c:44 Function Init
BasicMap/scripts/5_Mission/mission\missionserver.c:4 Function MissionServer@376#1
$CurrentDir:mpmissions\Expansion.chernarusplus\init.c:97 Function CreateCustomMission

Runtime mode
CLI params: config C:\Users\grand\Desktop\servers\Dayz\serverDZ.cfg port 2302 profiles C:\Users\grand\Desktop\servers\Dayz\profiles mod @CF;@Dabs Framework;@DayZ-Expansion-Licensed;@DayZ-Expansion-Bundle;@AI Raids;@AI War Zones;@AnimatedDynamicHelicopters;@Base Fortifications;@Basic Map;@Better Medical Pouch;@BetterDrinks;@BuilderItems;@CarCover;@Dayz Navigation;@Ear-Plugs;@FlipTransport;@InediaInfectedAI;@Jills Collection;@Knock Knock AI;@Mag Obfuscation;@MMG Base Storage;@MMG Civilian Clothing;@Realistic Suppressors;@Realistic Weapons;@Server_Information_Panel;@SimpleAutorun;@Mortys Weapons;@VPPAdminTools;@WindstridesClothingPack;@Zens Sleeping Mod;@MedicalAttentionUpdated-Core;@MedicalAttentionUpdated;@MedicalAttentionUpdated-DepHelper-Vanilla;@RaG_Core;@RaG_Vehicle_Pack;@RaG_BaseItems;@Nomadbackpack;@Vanilla item overrides - Base building and Meat;@FirstAidPack;@EU Gear;@Bullet Stacking - More Ammo dologs  adminlog  


------------------------------------
DESKTOP-6P7DMDG, 16.12 2025 22:49:46
[wpnfsm] SV98:24218 chamberFromAttachedMagazine, error - cannot load chamber!
Function: 'Error'
Stack trace:
scripts/1_Core/proto\endebug.c:92 Function Error
scripts/4_World/entities\firearms\fsm\weapon_utils.c:23 Function pushToChamberFromAttachedMagazine
scripts/4_World/entities\firearms\fsm\states\weaponchamberfromattmag.c:16 Function OnEntry
scripts/4_World/entities\firearms\weaponfsm.c:50 Function ProcessLocalTransition
scripts/3_Game/systems\hfsmbase.c:591 Function LocalTransition
scripts/4_World/entities\firearms\weaponfsm.c:289 Function ProcessEvent
scripts/4_World/entities\firearms\fsm\states\weaponstatebase.c:83 Function ProcessEvent
scripts/4_World/entities\firearms\weaponfsm.c:243 Function ProcessEvent
scripts/4_World/entities\firearms\weapon_base.c:306 Function ProcessWeaponEvent
DayZExpansion/AI/Scripts/4_World/dayzexpansion_ai\entities\weapons\firearms\weapon_base.c:563 Function ProcessWeaponEvent
scripts/4_World/systems\inventory\dayzplayerinventory.c:390 Function HandleWeaponEvents
scripts/4_World/entities\dayzplayerimplement.c:987 Function HandleWeapons
DayZExpansion/Weapons/Scripts/4_World/dayzexpansion_weapons\entities\manbase\dayzplayerimplement.c:19 Function HandleWeapons
scripts/4_World/entities\dayzplayerimplement.c:2290 Function CommandHandler
ServerPanel/Scripts/4_World/serverpanel\dayzplayerimplement.c:8 Function CommandHandler
DayZExpansion/Core/Scripts/4_World/dayzexpansion_core\entities\manbase\dayzplayerimplement.c:266 Function CommandHandler
scripts/4_World/entities\manbase\playerbase.c:2875 Function CommandHandler
MedicalAttention/Core/4_World/entities\manbase\playerbase.c:758 Function CommandHandler

Runtime mode
CLI params: config C:\Users\grand\Desktop\servers\Dayz\serverDZ.cfg port 2302 profiles C:\Users\grand\Desktop\servers\Dayz\profiles mod @CF;@Dabs Framework;@DayZ-Expansion-Licensed;@DayZ-Expansion-Bundle;@AI Raids;@AI War Zones;@AnimatedDynamicHelicopters;@Base Fortifications;@Basic Map;@Better Medical Pouch;@BetterDrinks;@BuilderItems;@CarCover;@Dayz Navigation;@Ear-Plugs;@FlipTransport;@InediaInfectedAI;@Jills Collection;@Knock Knock AI;@Mag Obfuscation;@MMG Base Storage;@MMG Civilian Clothing;@Realistic Suppressors;@Realistic Weapons;@Server_Information_Panel;@SimpleAutorun;@Mortys Weapons;@VPPAdminTools;@WindstridesClothingPack;@Zens Sleeping Mod;@MedicalAttentionUpdated-Core;@MedicalAttentionUpdated;@MedicalAttentionUpdated-DepHelper-Vanilla;@RaG_Core;@RaG_Vehicle_Pack;@RaG_BaseItems;@Nomadbackpack;@Vanilla item overrides - Base building and Meat;@FirstAidPack;@EU Gear;@Bullet Stacking - More Ammo dologs  adminlog  


------------------------------------
DESKTOP-6P7DMDG, 16.12 2025 23:08:46
[wpnfsm] SV98:24218 chamberFromAttachedMagazine, error - cannot load chamber!
Function: 'Error'
Stack trace:
scripts/1_Core/proto\endebug.c:92 Function Error
scripts/4_World/entities\firearms\fsm\weapon_utils.c:23 Function pushToChamberFromAttachedMagazine
scripts/4_World/entities\firearms\fsm\states\weaponchamberfromattmag.c:16 Function OnEntry
scripts/4_World/entities\firearms\weaponfsm.c:50 Function ProcessLocalTransition
scripts/3_Game/systems\hfsmbase.c:591 Function LocalTransition
scripts/4_World/entities\firearms\weaponfsm.c:289 Function ProcessEvent
scripts/4_World/entities\firearms\fsm\states\weaponstatebase.c:83 Function ProcessEvent
scripts/4_World/entities\firearms\weaponfsm.c:243 Function ProcessEvent
scripts/4_World/entities\firearms\weapon_base.c:306 Function ProcessWeaponEvent
DayZExpansion/AI/Scripts/4_World/dayzexpansion_ai\entities\weapons\firearms\weapon_base.c:563 Function ProcessWeaponEvent
scripts/4_World/systems\inventory\dayzplayerinventory.c:390 Function HandleWeaponEvents
scripts/4_World/entities\dayzplayerimplement.c:987 Function HandleWeapons
DayZExpansion/Weapons/Scripts/4_World/dayzexpansion_weapons\entities\manbase\dayzplayerimplement.c:19 Function HandleWeapons
scripts/4_World/entities\dayzplayerimplement.c:2290 Function CommandHandler
ServerPanel/Scripts/4_World/serverpanel\dayzplayerimplement.c:8 Function CommandHandler
DayZExpansion/Core/Scripts/4_World/dayzexpansion_core\entities\manbase\dayzplayerimplement.c:266 Function CommandHandler
scripts/4_World/entities\manbase\playerbase.c:2875 Function CommandHandler
MedicalAttention/Core/4_World/entities\manbase\playerbase.c:758 Function CommandHandler

Runtime mode
CLI params: config C:\Users\grand\Desktop\servers\Dayz\serverDZ.cfg port 2302 profiles C:\Users\grand\Desktop\servers\Dayz\profiles mod @CF;@Dabs Framework;@DayZ-Expansion-Licensed;@DayZ-Expansion-Bundle;@AI Raids;@AI War Zones;@AnimatedDynamicHelicopters;@Base Fortifications;@Basic Map;@Better Medical Pouch;@BetterDrinks;@BuilderItems;@CarCover;@Dayz Navigation;@Ear-Plugs;@FlipTransport;@InediaInfectedAI;@Jills Collection;@Knock Knock AI;@Mag Obfuscation;@MMG Base Storage;@MMG Civilian Clothing;@Realistic Suppressors;@Realistic Weapons;@Server_Information_Panel;@SimpleAutorun;@Mortys Weapons;@VPPAdminTools;@WindstridesClothingPack;@Zens Sleeping Mod;@MedicalAttentionUpdated-Core;@MedicalAttentionUpdated;@MedicalAttentionUpdated-DepHelper-Vanilla;@RaG_Core;@RaG_Vehicle_Pack;@RaG_BaseItems;@Nomadbackpack;@Vanilla item overrides - Base building and Meat;@FirstAidPack;@EU Gear;@Bullet Stacking - More Ammo dologs  adminlog  
