---------------------------------------------
Log C:\Users\grand\Desktop\servers\Dayz\profiles\crash_2025-12-11_15-40-11.log started at 11.12. 15:40:43



------------------------------------
DESKTOP-6P7DMDG, 11.12 2025 15:40:43
[::JsonLoadFile] :: [ERROR] :: Cannot load data from "$profile:BasicMap\ServerMarkers.json":
JSON ERROR:
The document is empty.
Function: 'JsonLoadFile'
Stack trace:
scripts/3_Game/tools\jsonfileloader.c:129 Function JsonLoadFile
BasicMap/scripts/3_Game/basicmapcontroller.c:168 Function LoadServerMarkers
BasicMap/scripts/3_Game/basicmapcontroller.c:44 Function Init
BasicMap/scripts/5_Mission/mission\missionserver.c:4 Function MissionServer@372#1
$CurrentDir:mpmissions\Expansion.chernarusplus\init.c:97 Function CreateCustomMission

Runtime mode
CLI params: config C:\Users\grand\Desktop\servers\Dayz\serverDZ.cfg port 2302 profiles C:\Users\grand\Desktop\servers\Dayz\profiles mod @CF;@Dabs Framework;@DayZ-Expansion-Core;@DayZ-Expansion-Licensed;@DayZ-Expansion-AI;@DayZ-Expansion-BaseBuilding;@DayZ-Expansion-Bundle;@AI Raids;@AI War Zones;@AnimatedDynamicHelicopters;@Base Fortifications;@Basic Map;@Better Medical Pouch;@BetterDrinks;@BuilderItems;@CarCover;@Dayz Navigation;@Ear-Plugs;@FlipTransport;@InediaInfectedAI;@Jills Collection;@Knock Knock AI;@Mag Obfuscation;@MedicalAttentionUpdated;@MedicalAttentionUpdated-Core;@MMG Base Storage;@MMG Civilian Clothing;@Realistic Suppressors;@Realistic Weapons;@Server_Information_Panel;@SimpleAutorun;@Mortys Weapons;@TF-UAZ3151;@VPPAdminTools;@WindstridesClothingPack;@Zens Sleeping Mod;@MedicalAttentionUpdated-DepHelper-Vanilla dologs  adminlog  


------------------------------------
DESKTOP-6P7DMDG, 11.12 2025 15:40:43
[::JsonLoadFile] :: [ERROR] :: Cannot load data from "$profile:ExpansionMod\Loadouts\BanditLoadout.json":
JSON ERROR:
Invalid value.
Function: 'JsonLoadFile'
Stack trace:
scripts/3_Game/tools\jsonfileloader.c:129 Function JsonLoadFile
DayZExpansion/Core/Scripts/4_World/dayzexpansion_core\classes\prefab\expansionprefab.c:36 Function Load
DayZExpansion/Core/Scripts/4_World/dayzexpansion_core\classes\loadout\expansionloadout.c:35 Function Init
DayZExpansion/SpawnSelection/Scripts/5_Mission/dayzexpansion_spawnselection\mission\missionserver.c:31 Function MissionServer@548#16
$CurrentDir:mpmissions\Expansion.chernarusplus\init.c:97 Function CreateCustomMission

Runtime mode
CLI params: config C:\Users\grand\Desktop\servers\Dayz\serverDZ.cfg port 2302 profiles C:\Users\grand\Desktop\servers\Dayz\profiles mod @CF;@Dabs Framework;@DayZ-Expansion-Core;@DayZ-Expansion-Licensed;@DayZ-Expansion-AI;@DayZ-Expansion-BaseBuilding;@DayZ-Expansion-Bundle;@AI Raids;@AI War Zones;@AnimatedDynamicHelicopters;@Base Fortifications;@Basic Map;@Better Medical Pouch;@BetterDrinks;@BuilderItems;@CarCover;@Dayz Navigation;@Ear-Plugs;@FlipTransport;@InediaInfectedAI;@Jills Collection;@Knock Knock AI;@Mag Obfuscation;@MedicalAttentionUpdated;@MedicalAttentionUpdated-Core;@MMG Base Storage;@MMG Civilian Clothing;@Realistic Suppressors;@Realistic Weapons;@Server_Information_Panel;@SimpleAutorun;@Mortys Weapons;@TF-UAZ3151;@VPPAdminTools;@WindstridesClothingPack;@Zens Sleeping Mod;@MedicalAttentionUpdated-DepHelper-Vanilla dologs  adminlog  


------------------------------------
DESKTOP-6P7DMDG, 11.12 2025 15:40:43
[::JsonLoadFile] :: [ERROR] :: Cannot load data from "$profile:ExpansionMod\Loadouts\EastLoadout.json":
JSON ERROR:
Invalid value.
Function: 'JsonLoadFile'
Stack trace:
scripts/3_Game/tools\jsonfileloader.c:129 Function JsonLoadFile
DayZExpansion/Core/Scripts/4_World/dayzexpansion_core\classes\prefab\expansionprefab.c:36 Function Load
DayZExpansion/Core/Scripts/4_World/dayzexpansion_core\classes\loadout\expansionloadout.c:35 Function Init
DayZExpansion/SpawnSelection/Scripts/5_Mission/dayzexpansion_spawnselection\mission\missionserver.c:31 Function MissionServer@548#16
$CurrentDir:mpmissions\Expansion.chernarusplus\init.c:97 Function CreateCustomMission

Runtime mode
CLI params: config C:\Users\grand\Desktop\servers\Dayz\serverDZ.cfg port 2302 profiles C:\Users\grand\Desktop\servers\Dayz\profiles mod @CF;@Dabs Framework;@DayZ-Expansion-Core;@DayZ-Expansion-Licensed;@DayZ-Expansion-AI;@DayZ-Expansion-BaseBuilding;@DayZ-Expansion-Bundle;@AI Raids;@AI War Zones;@AnimatedDynamicHelicopters;@Base Fortifications;@Basic Map;@Better Medical Pouch;@BetterDrinks;@BuilderItems;@CarCover;@Dayz Navigation;@Ear-Plugs;@FlipTransport;@InediaInfectedAI;@Jills Collection;@Knock Knock AI;@Mag Obfuscation;@MedicalAttentionUpdated;@MedicalAttentionUpdated-Core;@MMG Base Storage;@MMG Civilian Clothing;@Realistic Suppressors;@Realistic Weapons;@Server_Information_Panel;@SimpleAutorun;@Mortys Weapons;@TF-UAZ3151;@VPPAdminTools;@WindstridesClothingPack;@Zens Sleeping Mod;@MedicalAttentionUpdated-DepHelper-Vanilla dologs  adminlog  


------------------------------------
DESKTOP-6P7DMDG, 11.12 2025 15:40:43
[::JsonLoadFile] :: [ERROR] :: Cannot load data from "$profile:ExpansionMod\Loadouts\HumanLoadout.json":
JSON ERROR:
Invalid value.
Function: 'JsonLoadFile'
Stack trace:
scripts/3_Game/tools\jsonfileloader.c:129 Function JsonLoadFile
DayZExpansion/Core/Scripts/4_World/dayzexpansion_core\classes\prefab\expansionprefab.c:36 Function Load
DayZExpansion/Core/Scripts/4_World/dayzexpansion_core\classes\loadout\expansionloadout.c:35 Function Init
DayZExpansion/SpawnSelection/Scripts/5_Mission/dayzexpansion_spawnselection\mission\missionserver.c:31 Function MissionServer@548#16
$CurrentDir:mpmissions\Expansion.chernarusplus\init.c:97 Function CreateCustomMission

Runtime mode
CLI params: config C:\Users\grand\Desktop\servers\Dayz\serverDZ.cfg port 2302 profiles C:\Users\grand\Desktop\servers\Dayz\profiles mod @CF;@Dabs Framework;@DayZ-Expansion-Core;@DayZ-Expansion-Licensed;@DayZ-Expansion-AI;@DayZ-Expansion-BaseBuilding;@DayZ-Expansion-Bundle;@AI Raids;@AI War Zones;@AnimatedDynamicHelicopters;@Base Fortifications;@Basic Map;@Better Medical Pouch;@BetterDrinks;@BuilderItems;@CarCover;@Dayz Navigation;@Ear-Plugs;@FlipTransport;@InediaInfectedAI;@Jills Collection;@Knock Knock AI;@Mag Obfuscation;@MedicalAttentionUpdated;@MedicalAttentionUpdated-Core;@MMG Base Storage;@MMG Civilian Clothing;@Realistic Suppressors;@Realistic Weapons;@Server_Information_Panel;@SimpleAutorun;@Mortys Weapons;@TF-UAZ3151;@VPPAdminTools;@WindstridesClothingPack;@Zens Sleeping Mod;@MedicalAttentionUpdated-DepHelper-Vanilla dologs  adminlog  


------------------------------------
DESKTOP-6P7DMDG, 11.12 2025 15:40:43
[::JsonLoadFile] :: [ERROR] :: Cannot load data from "$profile:ExpansionMod\Loadouts\WestLoadout.json":
JSON ERROR:
Invalid value.
Function: 'JsonLoadFile'
Stack trace:
scripts/3_Game/tools\jsonfileloader.c:129 Function JsonLoadFile
DayZExpansion/Core/Scripts/4_World/dayzexpansion_core\classes\prefab\expansionprefab.c:36 Function Load
DayZExpansion/Core/Scripts/4_World/dayzexpansion_core\classes\loadout\expansionloadout.c:35 Function Init
DayZExpansion/SpawnSelection/Scripts/5_Mission/dayzexpansion_spawnselection\mission\missionserver.c:31 Function MissionServer@548#16
$CurrentDir:mpmissions\Expansion.chernarusplus\init.c:97 Function CreateCustomMission

Runtime mode
CLI params: config C:\Users\grand\Desktop\servers\Dayz\serverDZ.cfg port 2302 profiles C:\Users\grand\Desktop\servers\Dayz\profiles mod @CF;@Dabs Framework;@DayZ-Expansion-Core;@DayZ-Expansion-Licensed;@DayZ-Expansion-AI;@DayZ-Expansion-BaseBuilding;@DayZ-Expansion-Bundle;@AI Raids;@AI War Zones;@AnimatedDynamicHelicopters;@Base Fortifications;@Basic Map;@Better Medical Pouch;@BetterDrinks;@BuilderItems;@CarCover;@Dayz Navigation;@Ear-Plugs;@FlipTransport;@InediaInfectedAI;@Jills Collection;@Knock Knock AI;@Mag Obfuscation;@MedicalAttentionUpdated;@MedicalAttentionUpdated-Core;@MMG Base Storage;@MMG Civilian Clothing;@Realistic Suppressors;@Realistic Weapons;@Server_Information_Panel;@SimpleAutorun;@Mortys Weapons;@TF-UAZ3151;@VPPAdminTools;@WindstridesClothingPack;@Zens Sleeping Mod;@MedicalAttentionUpdated-DepHelper-Vanilla dologs  adminlog  


------------------------------------
DESKTOP-6P7DMDG, 11.12 2025 16:23:57
Unhandled exception

Program: C:\Users\grand\Desktop\servers\Dayz\DayZServer_x64.exe
Reason: Access violation. Illegal read by 0x7ff77cdcf522 at 0xe4

SymGetSymFromAddr:487, addr:0x7ff77cdcf522
[CDPCreateServer]: ??? addr:0x7ff77d5b838f
[CDPCreateServer]: ??? addr:0x7ff77d5b7fdf
SymGetSymFromAddr:487, addr:0x7ff77cdca072
[CDPCreateServer]: ??? addr:0x7ff77d4c0efa
[CDPCreateServer]: ??? addr:0x7ff77d4102f4
[CDPCreateServer]: ??? addr:0x7ff77d40e99c
[CDPCreateServer]: ??? addr:0x7ff77d56786e
[CDPCreateServer]: ??? addr:0x7ff77d5680f4
[CDPCreateServer]: ??? addr:0x7ff77d56a429
SymGetSymFromAddr:487, addr:0x7ff77cfbb6cf
[CDPCreateServer]: ??? addr:0x7ff77d56adfd
SymGetSymFromAddr:487, addr:0x7ff77d0e737e
[CDPCreateServer]: ??? addr:0x7ff77d6c96fe
[BaseThreadInitThunk]: ??? addr:0x7ffbdc917374
[RtlUserThreadStart]: ??? addr:0x7ffbddcdcc91
[RtlUserThreadStart]: ??? addr:0x7ffbddcdcc91



Runtime mode
CLI params: config C:\Users\grand\Desktop\servers\Dayz\serverDZ.cfg port 2302 profiles C:\Users\grand\Desktop\servers\Dayz\profiles mod @CF;@Dabs Framework;@DayZ-Expansion-Core;@DayZ-Expansion-Licensed;@DayZ-Expansion-AI;@DayZ-Expansion-BaseBuilding;@DayZ-Expansion-Bundle;@AI Raids;@AI War Zones;@AnimatedDynamicHelicopters;@Base Fortifications;@Basic Map;@Better Medical Pouch;@BetterDrinks;@BuilderItems;@CarCover;@Dayz Navigation;@Ear-Plugs;@FlipTransport;@InediaInfectedAI;@Jills Collection;@Knock Knock AI;@Mag Obfuscation;@MedicalAttentionUpdated;@MedicalAttentionUpdated-Core;@MMG Base Storage;@MMG Civilian Clothing;@Realistic Suppressors;@Realistic Weapons;@Server_Information_Panel;@SimpleAutorun;@Mortys Weapons;@TF-UAZ3151;@VPPAdminTools;@WindstridesClothingPack;@Zens Sleeping Mod;@MedicalAttentionUpdated-DepHelper-Vanilla dologs  adminlog  
