---------------------------------------------
Log C:\Users\grand\Desktop\servers\Dayz\profiles\crash_2025-12-15_12-03-49.log started at 15.12. 12:04:27



------------------------------------
DESKTOP-6P7DMDG, 15.12 2025 12:04:27
[::JsonLoadFile] :: [ERROR] :: Cannot load data from "$profile:BasicMap\ServerMarkers.json":
JSON ERROR:
The document is empty.
Function: 'JsonLoadFile'
Stack trace:
scripts/3_Game/tools\jsonfileloader.c:129 Function JsonLoadFile
BasicMap/scripts/3_Game/basicmapcontroller.c:168 Function LoadServerMarkers
BasicMap/scripts/3_Game/basicmapcontroller.c:44 Function Init
BasicMap/scripts/5_Mission/mission\missionserver.c:4 Function MissionServer@376#1
$CurrentDir:mpmissions\Expansion.chernarusplus\init.c:97 Function CreateCustomMission

Runtime mode
CLI params: config C:\Users\grand\Desktop\servers\Dayz\serverDZ.cfg port 2302 profiles C:\Users\grand\Desktop\servers\Dayz\profiles mod @CF;@Dabs Framework;@DayZ-Expansion-Licensed;@DayZ-Expansion-Bundle;@AI Raids;@AI War Zones;@AnimatedDynamicHelicopters;@Base Fortifications;@Basic Map;@Better Medical Pouch;@BetterDrinks;@BuilderItems;@CarCover;@Dayz Navigation;@Ear-Plugs;@FlipTransport;@InediaInfectedAI;@Jills Collection;@Knock Knock AI;@Mag Obfuscation;@MMG Base Storage;@MMG Civilian Clothing;@Realistic Suppressors;@Realistic Weapons;@Server_Information_Panel;@SimpleAutorun;@Mortys Weapons;@VPPAdminTools;@WindstridesClothingPack;@Zens Sleeping Mod;@MedicalAttentionUpdated-Core;@MedicalAttentionUpdated;@MedicalAttentionUpdated-DepHelper-Vanilla;@RaG_Core;@RaG_Vehicle_Pack;@RaG_BaseItems;@FirstAidPack;@Bullet Stacking - More Ammo dologs  adminlog  


------------------------------------
DESKTOP-6P7DMDG, 15.12 2025 12:04:27
[::LoadData] :: [ERROR] :: Cannot load data from "$mission:cfggameplay.json":
JSON ERROR:
Invalid value.
Function: 'LoadData'
Stack trace:
scripts/3_Game/cfggameplayhandler.c:72 Function LoadData
scripts/5_Mission/mission\missionserver.c:79 Function OnInit
ExpansionAIRaids/Scripts/5_Mission/ nzkmefql \  .{22877a6d-37a1-461a-91b0-dbda5aaebc99}\lpt7.c:7 Function OnInit
InediaInfectedAI/scripts/5_mission/inediainfectedai\mission\missionserver.c:21 Function OnInit
JM/CF/Scripts/5_Mission/communityframework\mission\missionserver.c:29 Function OnInit
MedicalAttention/Core/5_Mission/mission\missionserver.c:9 Function OnInit
VPPAdminTools/5_Mission/vppadmintools\missionserver.c:38 Function OnInit
ZenSleep/scripts/5_mission/mission\missionserver.c:5 Function OnInit
rag_baseitems/rag_baseitems_scripts/5_Mission/rag_baseitems_scripts\missionserver.c:5 Function OnInit
KnockKnockAI/scripts/5_Mission/knockknockai.c:51 Function OnInit
AIWarZones/scripts/5_Mission/aiwarzones.c:34 Function OnInit

Runtime mode
CLI params: config C:\Users\grand\Desktop\servers\Dayz\serverDZ.cfg port 2302 profiles C:\Users\grand\Desktop\servers\Dayz\profiles mod @CF;@Dabs Framework;@DayZ-Expansion-Licensed;@DayZ-Expansion-Bundle;@AI Raids;@AI War Zones;@AnimatedDynamicHelicopters;@Base Fortifications;@Basic Map;@Better Medical Pouch;@BetterDrinks;@BuilderItems;@CarCover;@Dayz Navigation;@Ear-Plugs;@FlipTransport;@InediaInfectedAI;@Jills Collection;@Knock Knock AI;@Mag Obfuscation;@MMG Base Storage;@MMG Civilian Clothing;@Realistic Suppressors;@Realistic Weapons;@Server_Information_Panel;@SimpleAutorun;@Mortys Weapons;@VPPAdminTools;@WindstridesClothingPack;@Zens Sleeping Mod;@MedicalAttentionUpdated-Core;@MedicalAttentionUpdated;@MedicalAttentionUpdated-DepHelper-Vanilla;@RaG_Core;@RaG_Vehicle_Pack;@RaG_BaseItems;@FirstAidPack;@Bullet Stacking - More Ammo dologs  adminlog  


------------------------------------
DESKTOP-6P7DMDG, 15.12 2025 12:12:29
Unhandled exception

Program: C:\Users\grand\Desktop\servers\Dayz\DayZServer_x64.exe
Reason: Access violation. Illegal read by 0x7ff73399017e at 0x18f3af3e828

SymGetSymFromAddr:487, addr:0x7ff73399017e
SymGetSymFromAddr:487, addr:0x7ff733990324
SymGetSymFromAddr:487, addr:0x7ff73398671b
SymGetSymFromAddr:487, addr:0x7ff73392d864
SymGetSymFromAddr:487, addr:0x7ff73386f128
SymGetSymFromAddr:487, addr:0x7ff733805d7d
SymGetSymFromAddr:487, addr:0x7ff733807959
[CDPCreateServer]: ??? addr:0x7ff734036ec0
[CDPCreateServer]: ??? addr:0x7ff7340381b7
SymGetSymFromAddr:487, addr:0x7ff733a8b77b
[CDPCreateServer]: ??? addr:0x7ff73403a4d8
SymGetSymFromAddr:487, addr:0x7ff733a8b6cf
[CDPCreateServer]: ??? addr:0x7ff73403adfd
SymGetSymFromAddr:487, addr:0x7ff733bb737e
[CDPCreateServer]: ??? addr:0x7ff7341996fe
[BaseThreadInitThunk]: ??? addr:0x7ffbdc917374
[RtlUserThreadStart]: ??? addr:0x7ffbddcdcc91
[RtlUserThreadStart]: ??? addr:0x7ffbddcdcc91



Runtime mode
CLI params: config C:\Users\grand\Desktop\servers\Dayz\serverDZ.cfg port 2302 profiles C:\Users\grand\Desktop\servers\Dayz\profiles mod @CF;@Dabs Framework;@DayZ-Expansion-Licensed;@DayZ-Expansion-Bundle;@AI Raids;@AI War Zones;@AnimatedDynamicHelicopters;@Base Fortifications;@Basic Map;@Better Medical Pouch;@BetterDrinks;@BuilderItems;@CarCover;@Dayz Navigation;@Ear-Plugs;@FlipTransport;@InediaInfectedAI;@Jills Collection;@Knock Knock AI;@Mag Obfuscation;@MMG Base Storage;@MMG Civilian Clothing;@Realistic Suppressors;@Realistic Weapons;@Server_Information_Panel;@SimpleAutorun;@Mortys Weapons;@VPPAdminTools;@WindstridesClothingPack;@Zens Sleeping Mod;@MedicalAttentionUpdated-Core;@MedicalAttentionUpdated;@MedicalAttentionUpdated-DepHelper-Vanilla;@RaG_Core;@RaG_Vehicle_Pack;@RaG_BaseItems;@FirstAidPack;@Bullet Stacking - More Ammo dologs  adminlog  
