---------------------------------------------
Log C:\Users\grand\Desktop\servers\Dayz\profiles\crash_2025-12-15_19-39-07.log started at 15.12. 19:39:49



------------------------------------
DESKTOP-6P7DMDG, 15.12 2025 19:39:49
[::JsonLoadFile] :: [ERROR] :: Cannot load data from "$profile:BasicMap\ServerMarkers.json":
JSON ERROR:
The document is empty.
Function: 'JsonLoadFile'
Stack trace:
scripts/3_Game/tools\jsonfileloader.c:129 Function JsonLoadFile
BasicMap/scripts/3_Game/basicmapcontroller.c:168 Function LoadServerMarkers
BasicMap/scripts/3_Game/basicmapcontroller.c:44 Function Init
BasicMap/scripts/5_Mission/mission\missionserver.c:4 Function MissionServer@376#1
$CurrentDir:mpmissions\Expansion.chernarusplus\init.c:97 Function CreateCustomMission

Runtime mode
CLI params: config C:\Users\grand\Desktop\servers\Dayz\serverDZ.cfg port 2302 profiles C:\Users\grand\Desktop\servers\Dayz\profiles mod @CF;@Dabs Framework;@DayZ-Expansion-Licensed;@DayZ-Expansion-Bundle;@AI Raids;@AI War Zones;@AnimatedDynamicHelicopters;@Base Fortifications;@Basic Map;@Better Medical Pouch;@BetterDrinks;@BuilderItems;@CarCover;@Dayz Navigation;@Ear-Plugs;@FlipTransport;@InediaInfectedAI;@Jills Collection;@Knock Knock AI;@Mag Obfuscation;@MMG Base Storage;@MMG Civilian Clothing;@Realistic Suppressors;@Realistic Weapons;@Server_Information_Panel;@SimpleAutorun;@Mortys Weapons;@VPPAdminTools;@WindstridesClothingPack;@Zens Sleeping Mod;@MedicalAttentionUpdated-Core;@MedicalAttentionUpdated;@MedicalAttentionUpdated-DepHelper-Vanilla;@RaG_Core;@RaG_Vehicle_Pack;@RaG_BaseItems;@Nomadbackpack;@FirstAidPack;@EU Gear;@Bullet Stacking - More Ammo dologs  adminlog  


------------------------------------
DESKTOP-6P7DMDG, 15.12 2025 19:53:31
NULL pointer to instance
Class:      'DoorBarricade'
Entity id:3004726

Function: 'SetPartsAfterStoreLoad'
Stack trace:
scripts/4_World/entities\itembase\basebuildingbase.c:483 Function SetPartsAfterStoreLoad
scripts/4_World/entities\itembase\basebuildingbase.c:493 Function OnCreatePhysics
scripts/4_World/classes\hologram.c:114 Function Hologram@2099#16
scripts/4_World/entities\manbase\playerbase.c:2347 Function PlacingStartServer
scripts/4_World/classes\useractionscomponent\actions\continuous\deployactions\actiondeployobject.c:142 Function OnStartServer
DayZExpansion/AI/Scripts/4_World/dayzexpansion_ai\classes\actions\useractionscomponent\actions\continuous\actiondeployobject.c:5 Function OnStartServer
DayZExpansion/BaseBuilding/Scripts/4_World/dayzexpansion_basebuilding\classes\useractionscomponent\actions\continuous\actiondeployobject.c:320 Function OnStartServer
scripts/4_World/classes\useractionscomponent\actionbase.c:744 Function Start
scripts/4_World/classes\useractionscomponent\animatedactionbase.c:350 Function Start
ZenSleep/scripts/4_world/classes\useractionscomponent\actionbase.c:13 Function Start
scripts/4_World/classes\useractionscomponent\actionmanagerserver.c:270 Function Update
scripts/4_World/entities\manbase\playerbase.c:2976 Function CommandHandler
MedicalAttention/Core/4_World/entities\manbase\playerbase.c:758 Function CommandHandler

Runtime mode
CLI params: config C:\Users\grand\Desktop\servers\Dayz\serverDZ.cfg port 2302 profiles C:\Users\grand\Desktop\servers\Dayz\profiles mod @CF;@Dabs Framework;@DayZ-Expansion-Licensed;@DayZ-Expansion-Bundle;@AI Raids;@AI War Zones;@AnimatedDynamicHelicopters;@Base Fortifications;@Basic Map;@Better Medical Pouch;@BetterDrinks;@BuilderItems;@CarCover;@Dayz Navigation;@Ear-Plugs;@FlipTransport;@InediaInfectedAI;@Jills Collection;@Knock Knock AI;@Mag Obfuscation;@MMG Base Storage;@MMG Civilian Clothing;@Realistic Suppressors;@Realistic Weapons;@Server_Information_Panel;@SimpleAutorun;@Mortys Weapons;@VPPAdminTools;@WindstridesClothingPack;@Zens Sleeping Mod;@MedicalAttentionUpdated-Core;@MedicalAttentionUpdated;@MedicalAttentionUpdated-DepHelper-Vanilla;@RaG_Core;@RaG_Vehicle_Pack;@RaG_BaseItems;@Nomadbackpack;@FirstAidPack;@EU Gear;@Bullet Stacking - More Ammo dologs  adminlog  


------------------------------------
DESKTOP-6P7DMDG, 15.12 2025 19:53:32
NULL pointer to instance
Class:      'DoorBarricade'
Entity id:3004727

Function: 'SetPartsAfterStoreLoad'
Stack trace:
scripts/4_World/entities\itembase\basebuildingbase.c:483 Function SetPartsAfterStoreLoad
scripts/4_World/entities\itembase\basebuildingbase.c:493 Function OnCreatePhysics
BaseFortifications/scripts/4_World/placingkits\doorbarricade_kit.c:65 Function OnPlacementComplete
scripts/4_World/classes\useractionscomponent\actions\continuous\deployactions\actiondeploybase.c:126 Function OnFinishProgressServer
scripts/4_World/classes\useractionscomponent\actions\continuous\deployactions\actiondeployobject.c:179 Function OnFinishProgressServer
scripts/4_World/classes\useractionscomponent\actions\actioncontinuousbase.c:251 Function OnFinishProgress
DayZExpansion/Core/Scripts/4_World/dayzexpansion_core\classes\useractionscomponent\actions\actioncontinuousbase.c:25 Function OnFinishProgress
DayZExpansion/Quests/Scripts/4_World/dayzexpansion_quests\classes\useractionscomponent\actions\actionbases.c:209 Function OnFinishProgress
scripts/4_World/classes\useractionscomponent\actioncomponents\cacontinuousbase.c:12 Function OnCompletePogress
scripts/4_World/classes\useractionscomponent\actioncomponents\cacontinuoustime.c:53 Function Execute
scripts/4_World/classes\useractionscomponent\animatedactionbase.c:74 Function ProgressActionComponent
scripts/4_World/classes\useractionscomponent\animatedactionbase.c:408 Function Do
scripts/4_World/classes\useractionscomponent\actions\actioncontinuousbase.c:23 Function CancelCondition

Runtime mode
CLI params: config C:\Users\grand\Desktop\servers\Dayz\serverDZ.cfg port 2302 profiles C:\Users\grand\Desktop\servers\Dayz\profiles mod @CF;@Dabs Framework;@DayZ-Expansion-Licensed;@DayZ-Expansion-Bundle;@AI Raids;@AI War Zones;@AnimatedDynamicHelicopters;@Base Fortifications;@Basic Map;@Better Medical Pouch;@BetterDrinks;@BuilderItems;@CarCover;@Dayz Navigation;@Ear-Plugs;@FlipTransport;@InediaInfectedAI;@Jills Collection;@Knock Knock AI;@Mag Obfuscation;@MMG Base Storage;@MMG Civilian Clothing;@Realistic Suppressors;@Realistic Weapons;@Server_Information_Panel;@SimpleAutorun;@Mortys Weapons;@VPPAdminTools;@WindstridesClothingPack;@Zens Sleeping Mod;@MedicalAttentionUpdated-Core;@MedicalAttentionUpdated;@MedicalAttentionUpdated-DepHelper-Vanilla;@RaG_Core;@RaG_Vehicle_Pack;@RaG_BaseItems;@Nomadbackpack;@FirstAidPack;@EU Gear;@Bullet Stacking - More Ammo dologs  adminlog  


------------------------------------
DESKTOP-6P7DMDG, 15.12 2025 20:05:16
NULL pointer to instance
Class:      'ActionDeployObject'
Function: 'OnEndServer'
Stack trace:
BaseFortifications/scripts/4_World/actions\actiondeploybasefortificationkits.c:5 Function OnEndServer
DayZExpansion/BaseBuilding/Scripts/4_World/dayzexpansion_basebuilding\classes\useractionscomponent\actions\continuous\actiondeployobject.c:373 Function OnEndServer
scripts/4_World/classes\useractionscomponent\animatedactionbase.c:451 Function End
scripts/4_World/classes\useractionscomponent\animatedactionbase.c:50 Function OnFinish
scripts/4_World/entities\dayzplayerimplement.c:2364 Function CommandHandler
ServerPanel/Scripts/4_World/serverpanel\dayzplayerimplement.c:8 Function CommandHandler
DayZExpansion/Core/Scripts/4_World/dayzexpansion_core\entities\manbase\dayzplayerimplement.c:266 Function CommandHandler
scripts/4_World/entities\manbase\playerbase.c:2875 Function CommandHandler
MedicalAttention/Core/4_World/entities\manbase\playerbase.c:758 Function CommandHandler

Runtime mode
CLI params: config C:\Users\grand\Desktop\servers\Dayz\serverDZ.cfg port 2302 profiles C:\Users\grand\Desktop\servers\Dayz\profiles mod @CF;@Dabs Framework;@DayZ-Expansion-Licensed;@DayZ-Expansion-Bundle;@AI Raids;@AI War Zones;@AnimatedDynamicHelicopters;@Base Fortifications;@Basic Map;@Better Medical Pouch;@BetterDrinks;@BuilderItems;@CarCover;@Dayz Navigation;@Ear-Plugs;@FlipTransport;@InediaInfectedAI;@Jills Collection;@Knock Knock AI;@Mag Obfuscation;@MMG Base Storage;@MMG Civilian Clothing;@Realistic Suppressors;@Realistic Weapons;@Server_Information_Panel;@SimpleAutorun;@Mortys Weapons;@VPPAdminTools;@WindstridesClothingPack;@Zens Sleeping Mod;@MedicalAttentionUpdated-Core;@MedicalAttentionUpdated;@MedicalAttentionUpdated-DepHelper-Vanilla;@RaG_Core;@RaG_Vehicle_Pack;@RaG_BaseItems;@Nomadbackpack;@FirstAidPack;@EU Gear;@Bullet Stacking - More Ammo dologs  adminlog  


------------------------------------
DESKTOP-6P7DMDG, 15.12 2025 20:12:43
NULL pointer to instance
Class:      'ActionDeployObject'
Function: 'OnEndServer'
Stack trace:
BaseFortifications/scripts/4_World/actions\actiondeploybasefortificationkits.c:5 Function OnEndServer
DayZExpansion/BaseBuilding/Scripts/4_World/dayzexpansion_basebuilding\classes\useractionscomponent\actions\continuous\actiondeployobject.c:373 Function OnEndServer
scripts/4_World/classes\useractionscomponent\animatedactionbase.c:451 Function End
scripts/4_World/classes\useractionscomponent\animatedactionbase.c:50 Function OnFinish
scripts/4_World/entities\dayzplayerimplement.c:2364 Function CommandHandler
ServerPanel/Scripts/4_World/serverpanel\dayzplayerimplement.c:8 Function CommandHandler
DayZExpansion/Core/Scripts/4_World/dayzexpansion_core\entities\manbase\dayzplayerimplement.c:266 Function CommandHandler
scripts/4_World/entities\manbase\playerbase.c:2875 Function CommandHandler
MedicalAttention/Core/4_World/entities\manbase\playerbase.c:758 Function CommandHandler

Runtime mode
CLI params: config C:\Users\grand\Desktop\servers\Dayz\serverDZ.cfg port 2302 profiles C:\Users\grand\Desktop\servers\Dayz\profiles mod @CF;@Dabs Framework;@DayZ-Expansion-Licensed;@DayZ-Expansion-Bundle;@AI Raids;@AI War Zones;@AnimatedDynamicHelicopters;@Base Fortifications;@Basic Map;@Better Medical Pouch;@BetterDrinks;@BuilderItems;@CarCover;@Dayz Navigation;@Ear-Plugs;@FlipTransport;@InediaInfectedAI;@Jills Collection;@Knock Knock AI;@Mag Obfuscation;@MMG Base Storage;@MMG Civilian Clothing;@Realistic Suppressors;@Realistic Weapons;@Server_Information_Panel;@SimpleAutorun;@Mortys Weapons;@VPPAdminTools;@WindstridesClothingPack;@Zens Sleeping Mod;@MedicalAttentionUpdated-Core;@MedicalAttentionUpdated;@MedicalAttentionUpdated-DepHelper-Vanilla;@RaG_Core;@RaG_Vehicle_Pack;@RaG_BaseItems;@Nomadbackpack;@FirstAidPack;@EU Gear;@Bullet Stacking - More Ammo dologs  adminlog  


------------------------------------
DESKTOP-6P7DMDG, 15.12 2025 21:45:53
[WeaponChambering_Cartridge::Error] :: [ERROR] :: [wpnfsm] TTC_AEK973:4737 WeaponChambering DropBullet, error - cannot drop Bullet_762x39Tracer - lost)
Class:      'WeaponChambering_Cartridge'
Function: 'Error'
Stack trace:
DayZExpansion/AI/Scripts/4_World/dayzexpansion_ai\entities\weapons\firearms\fsm\states\weaponstatebase.c:42 Function Error
scripts/4_World/entities\firearms\fsm\states\weaponchambering.c:155 Function DropBullet
scripts/4_World/entities\firearms\fsm\states\weaponchambering.c:280 Function OnAbort
scripts/3_Game/systems\hfsmbase.c:152 Function Abort
scripts/4_World/entities\firearms\fsm\states\weaponstatebase.c:134 Function OnAbort
scripts/4_World/entities\firearms\fsm\states\weaponchambering.c:683 Function OnAbort
scripts/4_World/entities\firearms\weaponfsm.c:181 Function ProcessAbortEvent
DayZExpansion/AI/Scripts/4_World/dayzexpansion_ai\entities\weapons\firearms\weapon_base.c:573 Function ProcessWeaponAbortEvent
scripts/4_World/systems\inventory\dayzplayerinventory.c:412 Function HandleWeaponEvents
DayZExpansion/AI/Scripts/4_World/dayzexpansion_ai\entities\ai\eaibase.c:8979 Function HandleWeapons
scripts/4_World/entities\dayzplayerimplement.c:2290 Function CommandHandler
ServerPanel/Scripts/4_World/serverpanel\dayzplayerimplement.c:8 Function CommandHandler
DayZExpansion/Core/Scripts/4_World/dayzexpansion_core\entities\manbase\dayzplayerimplement.c:266 Function CommandHandler
scripts/4_World/entities\manbase\playerbase.c:2875 Function CommandHandler
MedicalAttention/Core/4_World/entities\manbase\playerbase.c:758 Function CommandHandler
DayZExpansion/AI/Scripts/4_World/dayzexpansion_ai\entities\ai\eaibase.c:6656 Function CommandHandler

Runtime mode
CLI params: config C:\Users\grand\Desktop\servers\Dayz\serverDZ.cfg port 2302 profiles C:\Users\grand\Desktop\servers\Dayz\profiles mod @CF;@Dabs Framework;@DayZ-Expansion-Licensed;@DayZ-Expansion-Bundle;@AI Raids;@AI War Zones;@AnimatedDynamicHelicopters;@Base Fortifications;@Basic Map;@Better Medical Pouch;@BetterDrinks;@BuilderItems;@CarCover;@Dayz Navigation;@Ear-Plugs;@FlipTransport;@InediaInfectedAI;@Jills Collection;@Knock Knock AI;@Mag Obfuscation;@MMG Base Storage;@MMG Civilian Clothing;@Realistic Suppressors;@Realistic Weapons;@Server_Information_Panel;@SimpleAutorun;@Mortys Weapons;@VPPAdminTools;@WindstridesClothingPack;@Zens Sleeping Mod;@MedicalAttentionUpdated-Core;@MedicalAttentionUpdated;@MedicalAttentionUpdated-DepHelper-Vanilla;@RaG_Core;@RaG_Vehicle_Pack;@RaG_BaseItems;@Nomadbackpack;@FirstAidPack;@EU Gear;@Bullet Stacking - More Ammo dologs  adminlog  


------------------------------------
DESKTOP-6P7DMDG, 15.12 2025 23:15:19
Unhandled exception

Program: C:\Users\grand\Desktop\servers\Dayz\DayZServer_x64.exe
Reason: Access violation. Illegal read by 0x7ff73399017e at 0x29b439c37a8

SymGetSymFromAddr:487, addr:0x7ff73399017e
SymGetSymFromAddr:487, addr:0x7ff733990324
SymGetSymFromAddr:487, addr:0x7ff73398671b
SymGetSymFromAddr:487, addr:0x7ff73392d864
SymGetSymFromAddr:487, addr:0x7ff73386f128
SymGetSymFromAddr:487, addr:0x7ff733805d7d
SymGetSymFromAddr:487, addr:0x7ff733807959
[CDPCreateServer]: ??? addr:0x7ff734036ec0
[CDPCreateServer]: ??? addr:0x7ff7340381b7
SymGetSymFromAddr:487, addr:0x7ff733a8b77b
[CDPCreateServer]: ??? addr:0x7ff73403a4d8
SymGetSymFromAddr:487, addr:0x7ff733a8b6cf
[CDPCreateServer]: ??? addr:0x7ff73403adfd
SymGetSymFromAddr:487, addr:0x7ff733bb737e
[CDPCreateServer]: ??? addr:0x7ff7341996fe
[BaseThreadInitThunk]: ??? addr:0x7ffbdc917374
[RtlUserThreadStart]: ??? addr:0x7ffbddcdcc91
[RtlUserThreadStart]: ??? addr:0x7ffbddcdcc91



Runtime mode
CLI params: config C:\Users\grand\Desktop\servers\Dayz\serverDZ.cfg port 2302 profiles C:\Users\grand\Desktop\servers\Dayz\profiles mod @CF;@Dabs Framework;@DayZ-Expansion-Licensed;@DayZ-Expansion-Bundle;@AI Raids;@AI War Zones;@AnimatedDynamicHelicopters;@Base Fortifications;@Basic Map;@Better Medical Pouch;@BetterDrinks;@BuilderItems;@CarCover;@Dayz Navigation;@Ear-Plugs;@FlipTransport;@InediaInfectedAI;@Jills Collection;@Knock Knock AI;@Mag Obfuscation;@MMG Base Storage;@MMG Civilian Clothing;@Realistic Suppressors;@Realistic Weapons;@Server_Information_Panel;@SimpleAutorun;@Mortys Weapons;@VPPAdminTools;@WindstridesClothingPack;@Zens Sleeping Mod;@MedicalAttentionUpdated-Core;@MedicalAttentionUpdated;@MedicalAttentionUpdated-DepHelper-Vanilla;@RaG_Core;@RaG_Vehicle_Pack;@RaG_BaseItems;@Nomadbackpack;@FirstAidPack;@EU Gear;@Bullet Stacking - More Ammo dologs  adminlog  
