---------------------------------------------
Log error_2025-12-10_18-25-02.log started at 2025-12-10 18:32:45



------------------------------------
DESKTOP-6P7DMDG, 2025-12-10
18:32:45.021 [ExpansionQuestModule<fcc624a0>::SaveAndSyncQuestData] :: [ERROR] :: [Expansion Quests] Could not get player with UID=6ZR6jg8ii-k-yNsuz745gya8XHU7vZ-Sv_nUgBA2b2M=
Class:      'ExpansionQuestModule'
Function: 'SaveAndSyncQuestData'
Stack trace:
DayZExpansion/Quests/Scripts/4_World/dayzexpansion_quests\systems\quests\expansionquestmodule.c:3749
DayZExpansion/Quests/Scripts/4_World/dayzexpansion_quests\systems\quests\expansionquestmodule.c:3673
DayZExpansion/Quests/Scripts/4_World/dayzexpansion_quests\systems\quests\expansionquestmodule.c:480
JM/CF/Scripts/1_Core/communityframework\module\cf_modulecoreevent.c:64
JM/CF/Scripts/1_Core/communityframework\module\cf_modulecoremanager.c:197
JM/CF/Scripts/5_Mission/communityframework\mission\missionserver.c:44
VPPAdminTools/5_Mission/vppadmintools\missionserver.c:32
DayZExpansion/Core/Scripts/5_Mission/dayzexpansion_core\mission\missionserver.c:91


------------------------------------
DESKTOP-6P7DMDG, 2025-12-10
18:32:45.030 [ExpansionQuestModule<fcc624a0>::SaveAndSyncQuestData] :: [ERROR] :: [Expansion Quests] Could not get player with UID=6ZR6jg8ii-k-yNsuz745gya8XHU7vZ-Sv_nUgBA2b2M=
Class:      'ExpansionQuestModule'
Function: 'SaveAndSyncQuestData'
Stack trace:
DayZExpansion/Quests/Scripts/4_World/dayzexpansion_quests\systems\quests\expansionquestmodule.c:3749
DayZExpansion/Quests/Scripts/4_World/dayzexpansion_quests\systems\quests\expansionquestmodule.c:3673
DayZExpansion/Quests/Scripts/4_World/dayzexpansion_quests\systems\quests\expansionquestmodule.c:480
JM/CF/Scripts/1_Core/communityframework\module\cf_modulecoreevent.c:64
JM/CF/Scripts/1_Core/communityframework\module\cf_modulecoremanager.c:197
JM/CF/Scripts/5_Mission/communityframework\mission\missionserver.c:44
VPPAdminTools/5_Mission/vppadmintools\missionserver.c:32
DayZExpansion/Core/Scripts/5_Mission/dayzexpansion_core\mission\missionserver.c:91


------------------------------------
DESKTOP-6P7DMDG, 2025-12-10
18:32:45.040 [ExpansionQuestModule<fcc624a0>::SaveAndSyncQuestData] :: [ERROR] :: [Expansion Quests] Could not get player with UID=6ZR6jg8ii-k-yNsuz745gya8XHU7vZ-Sv_nUgBA2b2M=
Class:      'ExpansionQuestModule'
Function: 'SaveAndSyncQuestData'
Stack trace:
DayZExpansion/Quests/Scripts/4_World/dayzexpansion_quests\systems\quests\expansionquestmodule.c:3749
DayZExpansion/Quests/Scripts/4_World/dayzexpansion_quests\systems\quests\expansionquestmodule.c:3673
DayZExpansion/Quests/Scripts/4_World/dayzexpansion_quests\systems\quests\expansionquestmodule.c:480
JM/CF/Scripts/1_Core/communityframework\module\cf_modulecoreevent.c:64
JM/CF/Scripts/1_Core/communityframework\module\cf_modulecoremanager.c:197
JM/CF/Scripts/5_Mission/communityframework\mission\missionserver.c:44
VPPAdminTools/5_Mission/vppadmintools\missionserver.c:32
DayZExpansion/Core/Scripts/5_Mission/dayzexpansion_core\mission\missionserver.c:91


------------------------------------
DESKTOP-6P7DMDG, 2025-12-10
18:32:45.049 [ExpansionQuestModule<fcc624a0>::SaveAndSyncQuestData] :: [ERROR] :: [Expansion Quests] Could not get player with UID=6ZR6jg8ii-k-yNsuz745gya8XHU7vZ-Sv_nUgBA2b2M=
Class:      'ExpansionQuestModule'
Function: 'SaveAndSyncQuestData'
Stack trace:
DayZExpansion/Quests/Scripts/4_World/dayzexpansion_quests\systems\quests\expansionquestmodule.c:3749
DayZExpansion/Quests/Scripts/4_World/dayzexpansion_quests\systems\quests\expansionquestmodule.c:3673
DayZExpansion/Quests/Scripts/4_World/dayzexpansion_quests\systems\quests\expansionquestmodule.c:480
JM/CF/Scripts/1_Core/communityframework\module\cf_modulecoreevent.c:64
JM/CF/Scripts/1_Core/communityframework\module\cf_modulecoremanager.c:197
JM/CF/Scripts/5_Mission/communityframework\mission\missionserver.c:44
VPPAdminTools/5_Mission/vppadmintools\missionserver.c:32
DayZExpansion/Core/Scripts/5_Mission/dayzexpansion_core\mission\missionserver.c:91
