Log Created: _2025-10-08_18-21-31
18:51:27 | Player Vex (<1392.302734, 459.776306, 14456.607422> steam64id=76561198040522771) picked up RPD ( rag_rpd<d894b0a0> )
18:51:31 | Player Vex (<1393.089844, 459.781525, 14456.493164> steam64id=76561198040522771) picked up RaG PKP ( rag_PKP<d894a510> )
18:51:34 | Player Vex (<1393.072876, 459.781494, 14456.849609> steam64id=76561198040522771) picked up RaG AR-15 Carbine ( Rag_AR15Hunting_Base<d8950190> )
18:51:39 | Player Vex (<1393.079102, 459.781494, 14456.918945> steam64id=76561198040522771) picked up $UNT$M249 SAW ( M249<9d9c1cf0> )
18:52:12 | Player Vex (<1392.104370, 459.792725, 14455.076172> steam64id=76561198040522771) picked up RPD ( rag_rpd<d89518b0> )
18:54:15 | Player Vex (<1391.489258, 459.776245, 14456.401367> steam64id=76561198040522771) picked up DMR ( M14_Base<d89476d0> )
18:54:21 | Player Vex (<1390.781372, 459.320374, 14457.355469> steam64id=76561198040522771) picked up F&D Defense .338 MK2 ( TTC_FD338_Base<d894dee0> )
18:54:27 | Player Vex (<1391.092651, 459.535126, 14457.125000> steam64id=76561198040522771) picked up M16-A2 ( M16A2_Base<d89425e0> )
18:54:31 | Player Vex (<1390.898193, 459.466583, 14456.973633> steam64id=76561198040522771) picked up M4A1 ( Rag_VP_M4A1_Base<d894c7c0> )
18:54:38 | Player Vex (<1390.797729, 459.418335, 14456.953125> steam64id=76561198040522771) picked up M4-A1 ( M4A1_Base<d8948df0> )
18:54:43 | Player Vex (<1390.625488, 459.347992, 14456.862305> steam64id=76561198040522771) picked up Sawed-off M79 ( TF_M79<9d9bf0b0> )
18:54:49 | Player Vex (<1390.990723, 459.578735, 14456.687500> steam64id=76561198040522771) picked up RaG Ruger Mark IV ( FNX45_Base<d894ea70> )
18:54:53 | Player Vex (<1390.930298, 459.537872, 14456.728516> steam64id=76561198040522771) picked up RaG PPSKN ( rag_ppskn_base<d894f600> )
19:00:14 | Player Vex (<1406.811646, 463.018311, 14471.296875> steam64id=76561198040522771) picked up #STR_rag_baseitems_smoke_grenade_box0 ( rag_baseitems_smoke_grenade_box<def02450> )
19:00:17 | Player Vex (<1408.867798, 459.687653, 14472.117188> steam64id=76561198040522771) deployed #STR_rag_baseitems_smoke_grenade_box0 ( rag_baseitems_smoke_grenade_box<def02450> )
19:00:20 | Player Vex (<1409.666504, 459.671692, 14472.906250> steam64id=76561198040522771) opened #STR_rag_baseitems_smoke_grenade_box0 ( rag_baseitems_smoke_grenade_box<def02450> )
19:03:22 | Player Vex (<4430.261230, 338.898621, 10307.369141> steam64id=76561198040522771) picked up AG-3 ( TTC_AG3_Base<d89622a0> )
19:04:23 | Player Vex (<4439.667480, 338.935272, 10293.804688> steam64id=76561198040522771) picked up VultAR DMR Mod-15 5.56 ( TTC_ModDMR556_Base<d896fe50> )
19:04:54 | Player Vex (<4445.911133, 338.951385, 10285.167969> steam64id=76561198040522771) picked up HK417 ( TTC_HK417_Base<dfcac640> )
19:04:57 | Player Vex (<4446.129883, 338.952057, 10284.671875> steam64id=76561198040522771) picked up HK416 ( TTC_HK416_Base<dfca52a0> )
19:05:00 | Player Vex (<4446.275391, 338.952423, 10284.401367> steam64id=76561198040522771) picked up G3A3 ( TTC_G3_Base<dfc9df00> )
19:05:18 | Player Vex (<4450.424316, 338.963135, 10280.878906> steam64id=76561198040522771) picked up M110 SASS ( TTC_M110_Base<e573d430> )
19:05:40 | Player Vex (<4456.086914, 338.987122, 10274.375977> steam64id=76561198040522771) picked up M24A3 ( TTC_M24_Base<ec3ae420> )
19:07:09 | Player Vex (<4473.151367, 339.042755, 10249.765625> steam64id=76561198040522771) picked up NXR-44 Magnum ( TTC_44Magnum<ea455a80> )
19:25:54 | Player Vex (<4449.855469, 338.994781, 10263.814453> steam64id=76561198040522771) picked up Foundation Kit ( RaG_BB_FoundationKit<eccdff80> )
19:26:05 | Player Vex (<4444.125488, 338.978088, 10272.611328> steam64id=76561198040522771) deployed Foundation Kit ( RaG_BB_FoundationKit<eccdff80> )
19:26:19 | Player Vex (<4456.936523, 338.997467, 10267.573242> steam64id=76561198040522771) picked up Wall Kit ( RaG_BB_WallKit<ea5ea760> )
19:26:22 | Player Vex (<4445.344238, 338.975464, 10274.609375> steam64id=76561198040522771) deployed Wall Kit ( RaG_BB_WallKit<ea5ea760> )
19:26:29 | Player Vex (<4455.979980, 338.995270, 10268.239258> steam64id=76561198040522771) picked up Wall Kit ( RaG_BB_WallKit<ea5f8ed0> )
19:27:39 | Player Vex (<4446.623047, 338.974213, 10275.464844> steam64id=76561198040522771) deployed Wall Kit ( RaG_BB_WallKit<ea5f8ed0> )
19:28:00 | Player Vex (<4443.417969, 339.002869, 10261.572266> steam64id=76561198040522771) picked up Pillar Kit ( RaG_BB_PillarKit<ea6011a0> )
19:28:08 | Player Vex (<4447.866699, 338.972961, 10275.934570> steam64id=76561198040522771) deployed Pillar Kit ( RaG_BB_PillarKit<ea6011a0> )
19:29:32 | Player Vex (<4443.538574, 338.970490, 10278.323242> steam64id=76561198040522771) deployed Wall Kit ( RaG_BB_WallKit<ea604e00> )
19:32:02 | Player Vex (<4444.174316, 338.970154, 10278.447266> steam64id=76561198040522771) deployed Wall Kit ( RaG_BB_WallKit<e480fb40> )
19:33:11 | Player Vex (<4443.683594, 338.969971, 10278.718750> steam64id=76561198040522771) deployed Wall Kit ( RaG_BB_WallKit<e4812380> )
19:33:15 | Player Vex (<4446.229980, 338.962067, 10280.467773> steam64id=76561198040522771) picked up Pillar Kit ( RaG_BB_PillarKit<ea6011a0> )
19:33:18 | Player Vex (<4446.217773, 338.962097, 10280.461914> steam64id=76561198040522771) deployed Pillar Kit ( RaG_BB_PillarKit<ea6011a0> )
19:33:25 | Player Vex (<4444.416016, 339.001282, 10262.748047> steam64id=76561198040522771) picked up Pillar Kit ( RaG_BB_PillarKit<ea5fb710> )
19:33:32 | Player Vex (<4444.186523, 338.973572, 10276.050781> steam64id=76561198040522771) deployed Pillar Kit ( RaG_BB_PillarKit<ea5fb710> )
19:33:36 | Player Vex (<4443.421387, 339.001526, 10262.559570> steam64id=76561198040522771) picked up Pillar Kit ( RaG_BB_PillarKit<ea5f5270> )
19:33:44 | Player Vex (<4444.659180, 338.967804, 10279.088867> steam64id=76561198040522771) deployed Pillar Kit ( RaG_BB_PillarKit<ea5f5270> )
19:34:05 | Player Vex (<4453.758789, 338.994720, 10266.439453> steam64id=76561198040522771) picked up Floor Kit ( RaG_BB_FloorKit<ecce8c60> )
19:34:41 | Player Vex (<4444.107910, 339.001770, 10262.372070> steam64id=76561198040522771) picked up Pillar Kit ( RaG_BB_PillarKit<ea5fc120> )
19:34:49 | Player Vex (<4444.530762, 338.966278, 10279.719727> steam64id=76561198040522771) deployed Pillar Kit ( RaG_BB_PillarKit<ea5fc120> )
19:34:52 | Player Vex (<4443.779785, 339.000732, 10263.152344> steam64id=76561198040522771) picked up Pillar Kit ( RaG_BB_PillarKit<ea5f8ed0> )
19:34:56 | Player Vex (<4444.704590, 338.975281, 10274.738281> steam64id=76561198040522771) deployed Pillar Kit ( RaG_BB_PillarKit<ea5f8ed0> )
19:35:00 | Player Vex (<4444.385742, 339.000854, 10263.055664> steam64id=76561198040522771) picked up Pillar Kit ( RaG_BB_PillarKit<ea5fa2f0> )
19:35:05 | Player Vex (<4444.343262, 338.974792, 10275.076172> steam64id=76561198040522771) deployed Pillar Kit ( RaG_BB_PillarKit<ea5fa2f0> )
19:35:08 | Player Vex (<4449.953613, 338.976990, 10275.471680> steam64id=76561198040522771) picked up Floor Kit ( RaG_BB_FloorKit<ecce8c60> )
19:37:20 | Player Vex (<4441.006348, 338.970612, 10278.274414> steam64id=76561198040522771) picked up Floor Kit ( RaG_BB_FloorKit<ecce8c60> )
19:37:48 | Player Vex (<4442.871094, 338.970123, 10278.602539> steam64id=76561198040522771) deployed Wall Kit ( RaG_BB_WallKit<e4818820> )
19:38:20 | Player Vex (<4445.051270, 338.966125, 10279.511719> steam64id=76561198040522771) deployed Pillar Kit ( RaG_BB_PillarKit<e482b600> )
19:38:33 | Player Vex (<4445.084473, 338.966125, 10279.500977> steam64id=76561198040522771) deployed Pillar Kit ( RaG_BB_PillarKit<e482de40> )
19:38:48 | Player Vex (<4444.078125, 338.967072, 10279.658203> steam64id=76561198040522771) deployed Pillar Kit ( RaG_BB_PillarKit<e482d430> )
19:38:50 | Player Vex (<4443.333008, 338.968262, 10279.576172> steam64id=76561198040522771) picked up Wall Kit ( RaG_BB_WallKit<e4825160> )
19:39:48 | Player Vex (<4444.684082, 338.969086, 10278.603516> steam64id=76561198040522771) picked up Wall Kit ( RaG_BB_WallKit<e4825160> )
19:40:00 | Player Vex (<4448.212891, 338.976898, 10274.167969> steam64id=76561198040522771) picked up Flag Pole Kit ( TerritoryFlagKit<e4830680> )
19:40:06 | Player Vex (<4450.151855, 338.987183, 10268.483398> steam64id=76561198040522771) deployed Flag Pole Kit ( TerritoryFlagKit<e4830680> )
19:41:00 | Player Vex (<4444.447754, 338.968323, 10279.005859> steam64id=76561198040522771) picked up Wall Kit ( RaG_BB_WallKit<e4825160> )
19:41:13 | Player Vex (<4444.054199, 338.967987, 10279.332031> steam64id=76561198040522771) deployed Wall Kit ( RaG_BB_WallKit<e4825160> )
19:41:16 | Player Vex (<4445.580078, 338.967896, 10278.597656> steam64id=76561198040522771) picked up Pillar Kit ( RaG_BB_PillarKit<e481f6d0> )
19:41:28 | Player Vex (<4445.187012, 338.966675, 10279.242188> steam64id=76561198040522771) deployed Pillar Kit ( RaG_BB_PillarKit<e481f6d0> )
19:42:05 | Player Vex (<4448.598633, 338.973419, 10276.121094> steam64id=76561198040522771) deployed Pillar Kit ( RaG_BB_PillarKit<e4806450> )
19:42:07 | Player Vex (<4447.890137, 338.970154, 10276.995117> steam64id=76561198040522771) picked up Pillar Kit ( RaG_BB_PillarKit<e4821500> )
19:42:13 | Player Vex (<4448.000000, 338.966980, 10278.233398> steam64id=76561198040522771) deployed Pillar Kit ( RaG_BB_PillarKit<e4821500> )
19:42:15 | Player Vex (<4447.946289, 338.966980, 10278.207031> steam64id=76561198040522771) picked up Pillar Kit ( RaG_BB_PillarKit<e4825b70> )
19:42:17 | Player Vex (<4447.934570, 338.966980, 10278.201172> steam64id=76561198040522771) deployed Pillar Kit ( RaG_BB_PillarKit<e4825b70> )
19:42:40 | Player Vex (<4446.289063, 338.975128, 10274.869141> steam64id=76561198040522771) deployed Wall Kit ( RaG_BB_WallKit<e480bee0> )
19:42:43 | Player Vex (<4442.966309, 338.970123, 10278.613281> steam64id=76561198040522771) picked up Floor Kit ( RaG_BB_FloorKit<ecce8c60> )
19:42:47 | Player Vex (<4442.026855, 338.969543, 10279.063477> steam64id=76561198040522771) deployed Floor Kit ( RaG_BB_FloorKit<ecce8c60> )
19:43:52 | Player Vex (<4442.934082, 338.970612, 10278.249023> steam64id=76561198040522771) picked up Wall Kit ( RaG_BB_WallKit<ec7dd490> )
19:44:01 | Player Vex (<4440.565430, 338.971283, 10277.733398> steam64id=76561198040522771) deployed Wall Kit ( RaG_BB_WallKit<ec7dd490> )
19:44:04 | Player Vex (<4444.385742, 338.971832, 10277.333984> steam64id=76561198040522771) picked up Floor Kit ( RaG_BB_FloorKit<ec7df2c0> )
19:46:37 | Player Vex (<4443.611816, 338.967529, 10279.715820> steam64id=76561198040522771) picked up Wall Kit ( RaG_BB_WallKit<ec7dd490> )
19:47:05 | Player Vex (<4443.277344, 338.970215, 10278.541016> steam64id=76561198040522771) deployed Wall Kit ( RaG_BB_WallKit<ec7dd490> )
19:47:08 | Player Vex (<4444.764648, 338.965485, 10279.896484> steam64id=76561198040522771) picked up Pillar Kit ( RaG_BB_PillarKit<ec7ddea0> )
19:47:18 | Player Vex (<4443.909180, 338.969238, 10278.923828> steam64id=76561198040522771) deployed Pillar Kit ( RaG_BB_PillarKit<ec7ddea0> )
19:47:21 | Player Vex (<4445.549805, 338.966797, 10279.012695> steam64id=76561198040522771) picked up Pillar Kit ( RaG_BB_PillarKit<ec7fa370> )
19:47:25 | Player Vex (<4445.334961, 338.966156, 10279.365234> steam64id=76561198040522771) deployed Pillar Kit ( RaG_BB_PillarKit<ec7fa370> )
19:47:27 | Player Vex (<4446.098633, 338.965515, 10279.245117> steam64id=76561198040522771) picked up Pillar Kit ( RaG_BB_PillarKit<ec7f0270> )
19:47:29 | Player Vex (<4446.097656, 338.964142, 10279.759766> steam64id=76561198040522771) deployed Pillar Kit ( RaG_BB_PillarKit<ec7f0270> )
19:47:45 | Player Vex (<4446.611816, 338.974182, 10275.483398> steam64id=76561198040522771) deployed Wall Kit ( RaG_BB_WallKit<ec7dd490> )
19:47:49 | Player Vex (<4444.598145, 338.966003, 10279.786133> steam64id=76561198040522771) picked up Floor Kit ( RaG_BB_FloorKit<ec7df2c0> )
19:47:52 | Player Vex (<4444.593262, 338.966064, 10279.774414> steam64id=76561198040522771) deployed Floor Kit ( RaG_BB_FloorKit<ec7df2c0> )
19:48:11 | Player Vex (<4447.718750, 338.970642, 10276.726563> steam64id=76561198040522771) deployed Wall Kit ( RaG_BB_WallKit<ec7dd490> )
19:49:13 | Player Vex (<4456.389160, 338.997009, 10267.311523> steam64id=76561198040522771) picked up Wall Kit ( RaG_BB_WallKit<ea5e1a80> )
19:49:28 | Player Vex (<4442.708008, 338.967773, 10280.064453> steam64id=76561198040522771) deployed Wall Kit ( RaG_BB_WallKit<ea5e1a80> )
19:49:32 | Player Vex (<4446.294434, 338.964935, 10279.354492> steam64id=76561198040522771) picked up Pillar Kit ( RaG_BB_PillarKit<e45b1930> )
19:49:54 | Player Vex (<4444.497559, 338.964630, 10280.345703> steam64id=76561198040522771) deployed Pillar Kit ( RaG_BB_PillarKit<e45b1930> )
19:49:57 | Player Vex (<4448.147461, 338.961853, 10280.215820> steam64id=76561198040522771) picked up Pillar Kit ( RaG_BB_PillarKit<e45b3760> )
19:50:05 | Player Vex (<4447.613281, 338.955078, 10282.527344> steam64id=76561198040522771) deployed Pillar Kit ( RaG_BB_PillarKit<e45b3760> )
19:50:08 | Player Vex (<4448.889160, 338.963501, 10279.967773> steam64id=76561198040522771) picked up Pillar Kit ( RaG_BB_PillarKit<e45b4170> )
19:50:16 | Player Vex (<4446.703613, 338.954407, 10283.056641> steam64id=76561198040522771) deployed Pillar Kit ( RaG_BB_PillarKit<e45b4170> )
19:50:38 | Player Vex (<4444.154297, 338.966309, 10279.902344> steam64id=76561198040522771) deployed Wall Kit ( RaG_BB_WallKit<e45bd860> )
19:50:46 | Player Vex (<4455.072754, 338.996704, 10266.204102> steam64id=76561198040522771) picked up Floor Kit ( RaG_BB_FloorKit<eccea080> )
19:50:53 | Player Vex (<4443.265625, 338.965515, 10280.636719> steam64id=76561198040522771) deployed Floor Kit ( RaG_BB_FloorKit<eccea080> )
19:51:13 | Player Vex (<4448.133301, 338.966797, 10278.366211> steam64id=76561198040522771) deployed Wall Kit ( RaG_BB_WallKit<e45bb020> )
19:52:16 | Player Vex (<4448.056641, 338.961487, 10280.303711> steam64id=76561198040522771) picked up Wall Kit ( RaG_BB_WallKit<e43896f0> )
19:52:20 | Player Vex (<4448.725586, 338.963287, 10279.966797> steam64id=76561198040522771) deployed Wall Kit ( RaG_BB_WallKit<e43896f0> )
19:52:26 | Player Vex (<4445.688477, 338.955811, 10283.040039> steam64id=76561198040522771) picked up Pillar Kit ( RaG_BB_PillarKit<e4399280> )
19:52:33 | Player Vex (<4454.036133, 338.995453, 10266.157227> steam64id=76561198040522771) picked up Floor Kit ( RaG_BB_FloorKit<ecce45f0> )
19:52:40 | Player Vex (<4456.298828, 338.997192, 10267.069336> steam64id=76561198040522771) picked up Wall Kit ( RaG_BB_WallKit<ea5eb170> )
19:52:56 | Player Vex (<4442.165527, 338.962708, 10282.234375> steam64id=76561198040522771) deployed Wall Kit ( RaG_BB_WallKit<ea5eb170> )
19:53:26 | Player Vex (<4444.864258, 338.961273, 10281.440430> steam64id=76561198040522771) picked up Pillar Kit ( RaG_BB_PillarKit<e4399280> )
19:53:44 | Player Vex (<4444.310059, 338.960815, 10281.880859> steam64id=76561198040522771) deployed Pillar Kit ( RaG_BB_PillarKit<e4399280> )
19:53:46 | Player Vex (<4444.620117, 338.958496, 10282.581055> steam64id=76561198040522771) picked up Pillar Kit ( RaG_BB_PillarKit<e439a6a0> )
19:53:49 | Player Vex (<4444.440918, 338.958893, 10282.525391> steam64id=76561198040522771) deployed Pillar Kit ( RaG_BB_PillarKit<e439a6a0> )
19:53:51 | Player Vex (<4444.495117, 338.958740, 10282.550781> steam64id=76561198040522771) picked up Pillar Kit ( RaG_BB_PillarKit<e4394c10> )
19:53:54 | Player Vex (<4444.366699, 338.960632, 10281.925781> steam64id=76561198040522771) deployed Pillar Kit ( RaG_BB_PillarKit<e4394c10> )
19:54:09 | Player Vex (<4444.558105, 338.960999, 10281.694336> steam64id=76561198040522771) deployed Wall Kit ( RaG_BB_WallKit<ea60c6c0> )
19:54:14 | Player Vex (<4453.418457, 338.993805, 10266.770508> steam64id=76561198040522771) picked up Floor Kit ( RaG_BB_FloorKit<ecce45f0> )
19:54:20 | Player Vex (<4444.876953, 340.030365, 10279.896484> steam64id=76561198040522771) deployed Floor Kit ( RaG_BB_FloorKit<ecce45f0> )
19:55:02 | Player Vex (<4447.359863, 338.995392, 10263.657227> steam64id=76561198040522771) picked up Foundation Kit ( RaG_BB_FoundationKit<eccdf570> )
19:55:11 | Player Vex (<4439.010742, 338.974396, 10276.329102> steam64id=76561198040522771) deployed Foundation Kit ( RaG_BB_FoundationKit<eccdf570> )
19:55:17 | Player Vex (<4447.160645, 338.997406, 10263.000000> steam64id=76561198040522771) picked up Foundation Kit ( RaG_BB_FoundationKit<eccd7cb0> )
19:55:22 | Player Vex (<4433.372070, 338.969818, 10283.984375> steam64id=76561198040522771) deployed Foundation Kit ( RaG_BB_FoundationKit<eccd7cb0> )
19:56:39 | Player Vex (<4440.383301, 338.952545, 10286.933594> steam64id=76561198040522771) picked up Wall Kit ( RaG_BB_WallKit<ea60bcb0> )
19:56:45 | Player Vex (<4444.156250, 340.030396, 10279.963867> steam64id=76561198040522771) deployed Wall Kit ( RaG_BB_WallKit<ea60bcb0> )
19:56:52 | Player Vex (<4449.687988, 338.995636, 10263.486328> steam64id=76561198040522771) picked up Foundation Kit ( RaG_BB_FoundationKit<eccdc320> )
19:56:57 | Player Vex (<4457.110840, 338.997314, 10267.847656> steam64id=76561198040522771) picked up Wall Kit ( RaG_BB_WallKit<ea5ebb80> )
19:57:27 | Player Vex (<4444.141602, 340.030396, 10281.086914> steam64id=76561198040522771) deployed Wall Kit ( RaG_BB_WallKit<ea5ebb80> )
19:57:59 | Player Vex (<4452.634277, 338.994324, 10265.592773> steam64id=76561198040522771) picked up Floor Kit ( RaG_BB_FloorKit<ecce31d0> )
19:58:06 | Player Vex (<4445.206055, 340.030396, 10281.806641> steam64id=76561198040522771) deployed Floor Kit ( RaG_BB_FloorKit<ecce31d0> )
19:58:10 | Player Vex (<4454.053711, 338.996429, 10265.445313> steam64id=76561198040522771) picked up Floor Kit ( RaG_BB_FloorKit<ecce6e30> )
19:59:15 | Player Vex (<4440.568359, 338.956879, 10285.229492> steam64id=76561198040522771) picked up Pillar Kit ( RaG_BB_PillarKit<ea60c6c0> )
19:59:21 | Player Vex (<4441.783691, 338.954803, 10285.414063> steam64id=76561198040522771) deployed Pillar Kit ( RaG_BB_PillarKit<ea60c6c0> )
19:59:23 | Player Vex (<4439.937012, 338.959625, 10284.527344> steam64id=76561198040522771) picked up Pillar Kit ( RaG_BB_PillarKit<ea60ef00> )
19:59:28 | Player Vex (<4443.854492, 338.949646, 10286.449219> steam64id=76561198040522771) deployed Pillar Kit ( RaG_BB_PillarKit<ea60ef00> )
19:59:32 | Player Vex (<4439.843750, 338.959076, 10284.776367> steam64id=76561198040522771) picked up Pillar Kit ( RaG_BB_PillarKit<ea5e42c0> )
19:59:41 | Player Vex (<4441.226563, 338.956543, 10285.039063> steam64id=76561198040522771) deployed Pillar Kit ( RaG_BB_PillarKit<ea5e42c0> )
19:59:59 | Player Vex (<4444.045410, 338.956848, 10283.525391> steam64id=76561198040522771) deployed Wall Kit ( RaG_BB_WallKit<eccd5e80> )
20:00:03 | Player Vex (<4439.109375, 340.033173, 10281.556641> steam64id=76561198040522771) picked up Floor Kit ( RaG_BB_FloorKit<ecce6e30> )
20:00:10 | Player Vex (<4441.453125, 340.030396, 10282.226563> steam64id=76561198040522771) deployed Floor Kit ( RaG_BB_FloorKit<ecce6e30> )
20:01:52 | Player Vex (<4440.202637, 340.033173, 10279.696289> steam64id=76561198040522771) picked up Wall Kit ( RaG_BB_WallKit<ecce6e30> )
20:01:57 | Player Vex (<4443.121094, 340.030365, 10283.727539> steam64id=76561198040522771) deployed Wall Kit ( RaG_BB_WallKit<ecce6e30> )
20:02:07 | Player Vex (<4457.041016, 338.997925, 10267.256836> steam64id=76561198040522771) picked up Wall Kit ( RaG_BB_WallKit<ea5e7510> )
20:02:23 | Player Vex (<4440.840332, 340.030365, 10281.245117> steam64id=76561198040522771) deployed Wall Kit ( RaG_BB_WallKit<ea5e7510> )
20:18:04 | Player Vex (<4440.460938, 340.033173, 10277.970703> steam64id=76561198040522771) picked up Pillar Kit ( RaG_BB_PillarKit<ecce8c60> )
20:18:15 | Player Vex (<4441.247559, 338.956390, 10285.093750> steam64id=76561198040522771) deployed Pillar Kit ( RaG_BB_PillarKit<ecce8c60> )
20:18:20 | Player Vex (<4440.335449, 340.033142, 10279.044922> steam64id=76561198040522771) picked up Pillar Kit ( RaG_BB_PillarKit<eccdff80> )
20:18:26 | Player Vex (<4443.710449, 340.030396, 10284.304688> steam64id=76561198040522771) deployed Pillar Kit ( RaG_BB_PillarKit<eccdff80> )
20:18:30 | Player Vex (<4440.633301, 340.033173, 10278.667969> steam64id=76561198040522771) picked up Pillar Kit ( RaG_BB_PillarKit<eccb0cd0> )
20:18:34 | Player Vex (<4443.372070, 340.030396, 10283.434570> steam64id=76561198040522771) deployed Pillar Kit ( RaG_BB_PillarKit<eccb0cd0> )
20:18:53 | Player Vex (<4443.581543, 340.030365, 10284.468750> steam64id=76561198040522771) deployed Wall Kit ( RaG_BB_WallKit<e4803200> )
20:19:00 | Player Vex (<4454.914063, 338.997131, 10265.788086> steam64id=76561198040522771) picked up Floor Kit ( RaG_BB_FloorKit<eccbadd0> )
20:19:06 | Player Vex (<4441.401855, 340.030396, 10282.158203> steam64id=76561198040522771) deployed Floor Kit ( RaG_BB_FloorKit<eccbadd0> )
20:19:20 | Player Vex (<4442.465820, 340.030334, 10284.968750> steam64id=76561198040522771) deployed Wall Kit ( RaG_BB_WallKit<e4804620> )
20:19:36 | Player Vex (<4443.120117, 340.030396, 10285.012695> steam64id=76561198040522771) deployed Wall Kit ( RaG_BB_WallKit<e480aac0> )
20:20:19 | Player Vex (<4457.000977, 338.997253, 10267.789063> steam64id=76561198040522771) picked up Wall Kit ( RaG_BB_WallKit<ea5f6690> )
20:20:42 | Player Vex (<4443.312012, 340.030396, 10284.201172> steam64id=76561198040522771) deployed Wall Kit ( RaG_BB_WallKit<ea5f6690> )
20:20:47 | Player Vex (<4442.505859, 338.946869, 10288.522461> steam64id=76561198040522771) picked up Pillar Kit ( RaG_BB_PillarKit<e480aac0> )
20:20:57 | Player Vex (<4437.810547, 338.965973, 10283.173828> steam64id=76561198040522771) deployed Pillar Kit ( RaG_BB_PillarKit<e480aac0> )
20:21:00 | Player Vex (<4443.579590, 338.946625, 10288.697266> steam64id=76561198040522771) picked up Pillar Kit ( RaG_BB_PillarKit<e480b4d0> )
20:21:04 | Player Vex (<4440.319336, 338.954041, 10286.417969> steam64id=76561198040522771) deployed Pillar Kit ( RaG_BB_PillarKit<e480b4d0> )
20:21:08 | Player Vex (<4443.616211, 338.945526, 10289.559570> steam64id=76561198040522771) picked up Pillar Kit ( RaG_BB_PillarKit<e4803c10> )
20:21:14 | Player Vex (<4440.625488, 338.951630, 10287.153320> steam64id=76561198040522771) deployed Pillar Kit ( RaG_BB_PillarKit<e4803c10> )
20:21:56 | Player Vex (<4440.136230, 338.957306, 10285.291016> steam64id=76561198040522771) deployed Wall Kit ( RaG_BB_WallKit<e480b4d0> )
20:22:43 | Player Vex (<4454.952637, 338.996582, 10266.243164> steam64id=76561198040522771) picked up Floor Kit ( RaG_BB_FloorKit<ecce8250> )
20:22:48 | Player Vex (<4443.653320, 340.030365, 10284.342773> steam64id=76561198040522771) deployed Floor Kit ( RaG_BB_FloorKit<ecce8250> )
20:23:03 | Player Vex (<4441.612305, 340.030396, 10285.925781> steam64id=76561198040522771) deployed Wall Kit ( RaG_BB_WallKit<e45a1da0> )
20:23:12 | Player Vex (<4456.769531, 338.997162, 10267.629883> steam64id=76561198040522771) picked up Wall Kit ( RaG_BB_WallKit<ea5f7ab0> )
20:23:32 | Player Vex (<4441.075195, 340.030334, 10286.110352> steam64id=76561198040522771) deployed Wall Kit ( RaG_BB_WallKit<ea5f7ab0> )
20:23:36 | Player Vex (<4439.288086, 338.945251, 10290.198242> steam64id=76561198040522771) picked up Pillar Kit ( RaG_BB_PillarKit<e4823330> )
20:23:47 | Player Vex (<4436.519531, 338.960571, 10285.864258> steam64id=76561198040522771) deployed Pillar Kit ( RaG_BB_PillarKit<e4823330> )
20:23:50 | Player Vex (<4435.921875, 338.950043, 10290.109375> steam64id=76561198040522771) picked up Pillar Kit ( RaG_BB_PillarKit<e4826f90> )
20:23:58 | Player Vex (<4436.948242, 338.959747, 10285.965820> steam64id=76561198040522771) deployed Pillar Kit ( RaG_BB_PillarKit<e4826f90> )
20:24:02 | Player Vex (<4436.510742, 338.951233, 10289.375977> steam64id=76561198040522771) picked up Pillar Kit ( RaG_BB_PillarKit<e459aef0> )
20:24:08 | Player Vex (<4438.580078, 338.965027, 10283.132813> steam64id=76561198040522771) deployed Pillar Kit ( RaG_BB_PillarKit<e459aef0> )
20:24:25 | Player Vex (<4438.806152, 338.954712, 10286.934570> steam64id=76561198040522771) deployed Wall Kit ( RaG_BB_WallKit<ea5fb710> )
20:24:33 | Player Vex (<4452.588867, 338.994568, 10265.371094> steam64id=76561198040522771) picked up Floor Kit ( RaG_BB_FloorKit<ecce5000> )
20:24:38 | Player Vex (<4441.479980, 340.030396, 10286.091797> steam64id=76561198040522771) deployed Floor Kit ( RaG_BB_FloorKit<ecce5000> )
20:25:25 | Player Vex (<4439.791016, 340.033173, 10279.726563> steam64id=76561198040522771) picked up Floor Kit ( RaG_BB_FloorKit<ecce5000> )
20:25:29 | Player Vex (<4441.859863, 340.030396, 10286.438477> steam64id=76561198040522771) deployed Floor Kit ( RaG_BB_FloorKit<ecce5000> )
20:25:54 | Player Vex (<4439.755859, 340.030396, 10286.414063> steam64id=76561198040522771) deployed Wall Kit ( RaG_BB_WallKit<ea5e56e0> )
20:26:05 | Player Vex (<4457.996094, 338.997070, 10268.901367> steam64id=76561198040522771) picked up Wall Kit ( RaG_BB_WallKit<ea5f98e0> )
20:26:21 | Player Vex (<4440.421875, 340.030396, 10286.164063> steam64id=76561198040522771) deployed Wall Kit ( RaG_BB_WallKit<ea5f98e0> )
20:26:25 | Player Vex (<4433.392090, 338.959747, 10287.754883> steam64id=76561198040522771) picked up Pillar Kit ( RaG_BB_PillarKit<ea5e8930> )
20:26:32 | Player Vex (<4432.980469, 338.962097, 10287.054688> steam64id=76561198040522771) deployed Pillar Kit ( RaG_BB_PillarKit<ea5e8930> )
20:26:36 | Player Vex (<4433.460449, 338.958008, 10288.376953> steam64id=76561198040522771) picked up Pillar Kit ( RaG_BB_PillarKit<ea5fd540> )
20:26:41 | Player Vex (<4434.518555, 338.965881, 10284.889648> steam64id=76561198040522771) deployed Pillar Kit ( RaG_BB_PillarKit<ea5fd540> )
20:26:44 | Player Vex (<4433.090332, 338.955811, 10289.331055> steam64id=76561198040522771) picked up Pillar Kit ( RaG_BB_PillarKit<ea6011a0> )
20:26:50 | Player Vex (<4433.272461, 338.966370, 10285.315430> steam64id=76561198040522771) deployed Pillar Kit ( RaG_BB_PillarKit<ea6011a0> )
20:26:58 | Player Vex (<4452.064453, 338.993927, 10265.286133> steam64id=76561198040522771) picked up Floor Kit ( RaG_BB_FloorKit<ecce3be0> )
20:27:18 | Player Vex (<4436.637207, 338.960632, 10285.791016> steam64id=76561198040522771) deployed Wall Kit ( RaG_BB_WallKit<ea5e2ea0> )
20:27:20 | Player Vex (<4436.112793, 338.962738, 10285.266602> steam64id=76561198040522771) picked up Floor Kit ( RaG_BB_FloorKit<ecce3be0> )
20:28:04 | Player Vex (<4433.104980, 338.967712, 10284.902344> steam64id=76561198040522771) picked up Floor Kit ( RaG_BB_FloorKit<ecce3be0> )
20:28:07 | Player Vex (<4437.883789, 338.967041, 10282.738281> steam64id=76561198040522771) deployed Floor Kit ( RaG_BB_FloorKit<ecce3be0> )
20:28:16 | Player Vex (<4452.907227, 338.994781, 10265.535156> steam64id=76561198040522771) picked up Floor Kit ( RaG_BB_FloorKit<ecce9670> )
20:28:48 | Player Vex (<4454.201660, 338.996185, 10265.790039> steam64id=76561198040522771) picked up Floor Kit ( RaG_BB_FloorKit<eccde150> )
20:28:50 | Player Vex (<4454.188477, 338.996246, 10265.715820> steam64id=76561198040522771) picked up Floor Kit ( RaG_BB_FloorKit<ecced2d0> )
20:29:16 | Player Vex (<4439.419434, 340.030396, 10286.248047> steam64id=76561198040522771) deployed Floor Kit ( RaG_BB_FloorKit<ecce9670> )
20:29:42 | Player Vex (<4451.593262, 338.993378, 10265.246094> steam64id=76561198040522771) picked up Wall Kit ( RaG_BB_WallKit<ea61b840> )
20:30:58 | Player Vex (<4436.037598, 340.030396, 10285.073242> steam64id=76561198040522771) deployed Wall Kit ( RaG_BB_WallKit<ea5f98e0> )
20:31:02 | Player Vex (<4433.313965, 338.977051, 10280.853516> steam64id=76561198040522771) picked up Wall Kit ( RaG_BB_WallKit<ea61b840> )
20:31:20 | Player Vex (<4436.511719, 340.030396, 10286.531250> steam64id=76561198040522771) deployed Wall Kit ( RaG_BB_WallKit<ea61b840> )
20:31:24 | Player Vex (<4433.404297, 338.968628, 10284.413086> steam64id=76561198040522771) picked up Pillar Kit ( RaG_BB_PillarKit<ea611740> )
20:31:29 | Player Vex (<4433.399414, 338.968628, 10284.418945> steam64id=76561198040522771) deployed Pillar Kit ( RaG_BB_PillarKit<ea611740> )
20:31:32 | Player Vex (<4430.637695, 338.969940, 10285.310547> steam64id=76561198040522771) picked up Pillar Kit ( RaG_BB_PillarKit<ea612b60> )
20:31:40 | Player Vex (<4433.997559, 338.972351, 10282.724609> steam64id=76561198040522771) deployed Pillar Kit ( RaG_BB_PillarKit<ea612b60> )
20:31:43 | Player Vex (<4431.580078, 338.966797, 10286.024414> steam64id=76561198040522771) picked up Pillar Kit ( RaG_BB_PillarKit<ea610320> )
20:31:47 | Player Vex (<4433.481934, 338.974335, 10281.997070> steam64id=76561198040522771) deployed Pillar Kit ( RaG_BB_PillarKit<ea610320> )
20:32:02 | Player Vex (<4433.982910, 338.967377, 10284.601563> steam64id=76561198040522771) deployed Wall Kit ( RaG_BB_WallKit<ea609e80> )
20:32:06 | Player Vex (<4432.087402, 339.000549, 10271.607422> steam64id=76561198040522771) picked up Floor Kit ( RaG_BB_FloorKit<ea5eb170> )
20:32:16 | Player Vex (<4436.733887, 340.030365, 10285.734375> steam64id=76561198040522771) deployed Floor Kit ( RaG_BB_FloorKit<ea5eb170> )
20:33:19 | Player Vex (<4451.744141, 338.993835, 10265.045898> steam64id=76561198040522771) picked up Wall Kit ( RaG_BB_WallKit<ea6153a0> )
20:33:36 | Player Vex (<4434.256348, 340.030396, 10284.710938> steam64id=76561198040522771) deployed Wall Kit ( RaG_BB_WallKit<ea6153a0> )
20:33:47 | Player Vex (<4429.656738, 338.985901, 10279.796875> steam64id=76561198040522771) picked up Pillar Kit ( RaG_BB_PillarKit<ea5f3440> )
20:33:57 | Player Vex (<4435.564941, 340.030396, 10284.973633> steam64id=76561198040522771) deployed Pillar Kit ( RaG_BB_PillarKit<ea5f3440> )
20:34:00 | Player Vex (<4430.302734, 338.982513, 10280.756836> steam64id=76561198040522771) picked up Pillar Kit ( RaG_BB_PillarKit<ea5fc120> )
20:34:09 | Player Vex (<4430.465332, 338.981995, 10280.872070> steam64id=76561198040522771) deployed Pillar Kit ( RaG_BB_PillarKit<ea5fc120> )
20:34:11 | Player Vex (<4430.407715, 338.981995, 10280.901367> steam64id=76561198040522771) picked up Pillar Kit ( RaG_BB_PillarKit<ea5eb170> )
20:34:16 | Player Vex (<4430.510254, 338.983063, 10280.451172> steam64id=76561198040522771) deployed Pillar Kit ( RaG_BB_PillarKit<ea5eb170> )
20:34:38 | Player Vex (<4433.657227, 338.973938, 10282.117188> steam64id=76561198040522771) deployed Wall Kit ( RaG_BB_WallKit<ea6011a0> )
20:34:42 | Player Vex (<4431.934570, 339.001709, 10270.989258> steam64id=76561198040522771) picked up Floor Kit ( RaG_BB_FloorKit<ea61e080> )
20:34:49 | Player Vex (<4436.923828, 340.030396, 10286.487305> steam64id=76561198040522771) deployed Floor Kit ( RaG_BB_FloorKit<ea61e080> )
20:37:06 | Player Vex (<4451.759766, 338.994019, 10264.934570> steam64id=76561198040522771) picked up Wall Kit ( RaG_BB_WallKit<ea61ea90> )
20:37:24 | Player Vex (<4435.171387, 340.030396, 10285.518555> steam64id=76561198040522771) deployed Wall Kit ( RaG_BB_WallKit<ea61ea90> )
20:37:28 | Player Vex (<4430.066895, 338.988739, 10278.543945> steam64id=76561198040522771) picked up Pillar Kit ( RaG_BB_PillarKit<ea6153a0> )
20:37:37 | Player Vex (<4438.114258, 338.979767, 10275.051758> steam64id=76561198040522771) deployed Pillar Kit ( RaG_BB_PillarKit<ea6153a0> )
20:37:41 | Player Vex (<4430.342285, 338.987213, 10278.969727> steam64id=76561198040522771) picked up Pillar Kit ( RaG_BB_PillarKit<ea612b60> )
20:37:49 | Player Vex (<4434.518066, 338.979828, 10278.656250> steam64id=76561198040522771) deployed Pillar Kit ( RaG_BB_PillarKit<ea612b60> )
20:37:51 | Player Vex (<4429.771973, 338.987701, 10279.077148> steam64id=76561198040522771) picked up Pillar Kit ( RaG_BB_PillarKit<ea61b840> )
20:37:56 | Player Vex (<4434.245605, 338.976593, 10280.144531> steam64id=76561198040522771) deployed Pillar Kit ( RaG_BB_PillarKit<ea61b840> )
20:38:50 | Player Vex (<4433.521484, 338.979156, 10279.909180> steam64id=76561198040522771) deployed Wall Kit ( RaG_BB_WallKit<e4396a40> )
20:38:54 | Player Vex (<4432.433105, 339.000732, 10270.784180> steam64id=76561198040522771) picked up Floor Kit ( RaG_BB_FloorKit<ea5e2ea0> )
20:39:01 | Player Vex (<4438.247070, 340.033112, 10280.693359> steam64id=76561198040522771) deployed Floor Kit ( RaG_BB_FloorKit<ea5e2ea0> )
20:39:07 | Player Vex (<4451.860840, 338.994019, 10265.018555> steam64id=76561198040522771) picked up Wall Kit ( RaG_BB_WallKit<ea61ae30> )
20:39:56 | Player Vex (<4433.710938, 340.030396, 10281.180664> steam64id=76561198040522771) deployed Wall Kit ( RaG_BB_WallKit<ea61ae30> )
20:40:01 | Player Vex (<4431.837891, 339.001617, 10271.302734> steam64id=76561198040522771) picked up Floor Kit ( RaG_BB_FloorKit<ea61f4a0> )
20:40:08 | Player Vex (<4436.761230, 338.975220, 10278.135742> steam64id=76561198040522771) deployed Floor Kit ( RaG_BB_FloorKit<ea61f4a0> )
20:43:47 | Player Vex (<4440.170898, 340.003754, 10276.539063> steam64id=76561198040522771) picked up Floor Kit ( RaG_BB_FloorKit<e4396a40> )
20:43:51 | Player Vex (<4440.267090, 340.033173, 10277.758789> steam64id=76561198040522771) deployed Floor Kit ( RaG_BB_FloorKit<e4396a40> )
20:44:41 | Player Vex (<4452.422363, 338.992950, 10266.408203> steam64id=76561198040522771) picked up Wall Kit ( RaG_BB_WallKit<ea61a420> )
20:44:51 | Player Vex (<4431.641602, 339.004303, 10269.659180> steam64id=76561198040522771) picked up Floor Kit ( RaG_BB_FloorKit<ea60a890> )
20:44:58 | Player Vex (<4439.324219, 340.033142, 10280.547852> steam64id=76561198040522771) deployed Floor Kit ( RaG_BB_FloorKit<ea60a890> )
20:45:09 | Player Vex (<4433.208496, 338.999878, 10270.563477> steam64id=76561198040522771) picked up Floor Kit ( RaG_BB_FloorKit<ea5e1a80> )
20:45:14 | Player Vex (<4439.881348, 340.033173, 10279.870117> steam64id=76561198040522771) deployed Floor Kit ( RaG_BB_FloorKit<ea5e1a80> )
20:45:19 | Player Vex (<4432.837891, 338.999847, 10270.952148> steam64id=76561198040522771) picked up Floor Kit ( RaG_BB_FloorKit<ea5e1070> )
20:45:25 | Player Vex (<4438.142578, 338.973450, 10277.956055> steam64id=76561198040522771) deployed Floor Kit ( RaG_BB_FloorKit<ea5e1070> )
20:45:29 | Player Vex (<4433.127930, 339.000000, 10270.548828> steam64id=76561198040522771) picked up Floor Kit ( RaG_BB_FloorKit<ea5eedd0> )
20:45:33 | Player Vex (<4437.875977, 338.970886, 10280.179688> steam64id=76561198040522771) deployed Floor Kit ( RaG_BB_FloorKit<ea5eedd0> )
20:51:21 | Player Vex (<4443.642578, 338.936646, 10293.101563> steam64id=76561198040522771) picked up Dragon Egg ( ItemBase<e177a8a0> )
