Log Created: _2025-10-08_17-48-28
17:48:50 | Rubber Boat (ID: 1065353216 - pos <10881.688477, 0.594465, 2335.536865>) initialized. Remaining lifetime: 0d 0h 0m 0s 
17:48:50 | Rubber Boat (ID: 1065353216 - pos <10226.595703, 0.635047, 1565.626221>) initialized. Remaining lifetime: 0d 0h 0m 0s 
17:48:50 | Rubber Boat (ID: 1065353216 - pos <13136.433594, 0.645136, 7816.537598>) initialized. Remaining lifetime: 0d 0h 0m 0s 
17:48:50 | Rubber Boat (ID: 1065353216 - pos <13275.507813, 0.540423, 10128.568359>) initialized. Remaining lifetime: 0d 0h 0m 0s 
17:48:50 | Rubber Boat (ID: 1065353216 - pos <6572.996094, 0.594104, 2243.281250>) initialized. Remaining lifetime: 0d 0h 0m 0s 
17:48:50 | Rubber Boat (ID: 1065353216 - pos <13102.382813, 0.532247, 3721.240723>) initialized. Remaining lifetime: 0d 0h 0m 0s 
17:48:50 | Rubber Boat (ID: 1065353216 - pos <13050.168945, 0.603515, 8468.409180>) initialized. Remaining lifetime: 0d 0h 0m 0s 
17:48:50 | Rubber Boat (ID: 1065353216 - pos <9341.075195, 0.559739, 1848.440430>) initialized. Remaining lifetime: 0d 0h 0m 0s 
17:48:50 | Rubber Boat (ID: 1065353216 - pos <4408.373535, 0.622836, 2208.806396>) initialized. Remaining lifetime: 0d 0h 0m 0s 
17:48:50 | Rubber Boat (ID: 1065353216 - pos <7413.263672, 0.527574, 2565.438721>) initialized. Remaining lifetime: 0d 0h 0m 0s 
17:48:50 | Rubber Boat (ID: 1065353216 - pos <13549.532227, 0.724309, 6249.200195>) initialized. Remaining lifetime: 0d 0h 0m 0s 
17:48:50 | Rubber Boat (ID: 1065353216 - pos <12037.145508, 0.594421, 3401.762695>) initialized. Remaining lifetime: 0d 0h 0m 0s 
17:48:50 | Rubber Boat (ID: 1065353216 - pos <13604.333008, 0.729710, 4433.169434>) initialized. Remaining lifetime: 0d 0h 0m 0s 
17:48:50 | Rubber Boat (ID: 1065353216 - pos <5879.172852, 0.595090, 1968.796875>) initialized. Remaining lifetime: 0d 0h 0m 0s 
17:48:50 | Rubber Boat (ID: 1065353216 - pos <14393.560547, 0.555029, 13210.319336>) initialized. Remaining lifetime: 0d 0h 0m 0s 
17:48:50 | Rubber Boat (ID: 1065353216 - pos <15230.050781, 0.502780, 13820.952148>) initialized. Remaining lifetime: 0d 0h 0m 0s 
17:48:50 | Rubber Boat (ID: 1065353216 - pos <8859.197266, 0.482303, 2079.551270>) initialized. Remaining lifetime: 0d 0h 0m 0s 
17:48:50 | Rubber Boat (ID: 1065353216 - pos <1747.403320, 0.596557, 2018.510986>) initialized. Remaining lifetime: 0d 0h 0m 0s 
17:48:50 | Rubber Boat (ID: 1065353216 - pos <13336.134766, 0.653505, 7082.886719>) initialized. Remaining lifetime: 0d 0h 0m 0s 
17:48:50 | Olga 24 (ID: 2 - pos <7566.752441, 213.905304, 5168.581543>) initialized. Remaining lifetime: 0d 0h 0m 0s 
17:48:50 | Olga 24 (ID: 3 - pos <2678.104492, 210.948776, 5594.068848>) initialized. Remaining lifetime: 0d 0h 0m 0s 
17:48:50 | Olga 24 (ID: 4 - pos <12144.039063, 97.155785, 13605.521484>) initialized. Remaining lifetime: 0d 0h 0m 0s 
17:48:50 | Olga 24 (ID: 5 - pos <6852.647461, 7.240152, 3072.867920>) initialized. Remaining lifetime: 0d 0h 0m 0s 
17:48:50 | Olga 24 (ID: 6 - pos <12045.508789, 5.800391, 3596.829346>) initialized. Remaining lifetime: 0d 0h 0m 0s 
17:48:50 | Olga 24 (ID: 7 - pos <13354.930664, 5.987765, 5440.353027>) initialized. Remaining lifetime: 0d 0h 0m 0s 
17:48:50 | Olga 24 (ID: 8 - pos <6351.196289, 51.567772, 3026.598145>) initialized. Remaining lifetime: 0d 0h 0m 0s 
17:48:50 | Olga 24 (ID: 9 - pos <10225.542969, 20.461330, 2295.484863>) initialized. Remaining lifetime: 0d 0h 0m 0s 
17:48:50 | Gunter 2 (ID: 10 - pos <10182.458008, 6.043563, 1987.526489>) initialized. Remaining lifetime: 0d 0h 0m 0s 
17:48:50 | Gunter 2 (ID: 11 - pos <6351.225586, 9.317824, 2522.917480>) initialized. Remaining lifetime: 0d 0h 0m 0s 
17:48:50 | Gunter 2 (ID: 12 - pos <10748.928711, 144.958145, 10804.453125>) initialized. Remaining lifetime: 0d 0h 0m 0s 
17:48:50 | Gunter 2 (ID: 13 - pos <7512.852539, 121.027763, 12662.450195>) initialized. Remaining lifetime: 0d 0h 0m 0s 
17:48:51 | Gunter 2 (ID: 14 - pos <3422.712402, 203.856705, 12687.688477>) initialized. Remaining lifetime: 0d 0h 0m 0s 
17:48:51 | Gunter 2 (ID: 15 - pos <12177.532227, 17.693851, 9860.649414>) initialized. Remaining lifetime: 0d 0h 0m 0s 
17:48:51 | Gunter 2 (ID: 16 - pos <5676.158691, 56.588585, 2372.280762>) initialized. Remaining lifetime: 0d 0h 0m 0s 
17:48:51 | Gunter 2 (ID: 17 - pos <3302.427002, 314.335327, 15085.150391>) initialized. Remaining lifetime: 0d 0h 0m 0s 
17:48:51 | M1025 (ID: 18 - pos <801.249451, 5.904506, 1919.867676>) initialized. Remaining lifetime: 0d 0h 0m 0s 
17:48:51 | M1025 (ID: 19 - pos <1693.302124, 445.185974, 13851.005859>) initialized. Remaining lifetime: 0d 0h 0m 0s 
17:48:51 | M1025 (ID: 20 - pos <8073.902344, 450.144501, 9415.982422>) initialized. Remaining lifetime: 0d 0h 0m 0s 
17:48:51 | Ada 4x4 (ID: 21 - pos <5803.527832, 329.915741, 14339.287109>) initialized. Remaining lifetime: 0d 0h 0m 0s 
17:48:51 | Ada 4x4 (ID: 22 - pos <9943.884766, 293.194122, 15292.806641>) initialized. Remaining lifetime: 0d 0h 0m 0s 
17:48:51 | Ada 4x4 (ID: 23 - pos <3688.729980, 303.979431, 8255.375000>) initialized. Remaining lifetime: 0d 0h 0m 0s 
17:48:51 | Ada 4x4 (ID: 24 - pos <6714.459473, 377.047272, 14366.293945>) initialized. Remaining lifetime: 0d 0h 0m 0s 
17:48:51 | Ada 4x4 (ID: 25 - pos <6900.204590, 376.054535, 9868.023438>) initialized. Remaining lifetime: 0d 0h 0m 0s 
17:48:51 | Ada 4x4 (ID: 26 - pos <8365.699219, 320.972870, 10536.147461>) initialized. Remaining lifetime: 0d 0h 0m 0s 
17:48:51 | Ada 4x4 (ID: 27 - pos <11442.874023, 329.855682, 11363.106445>) initialized. Remaining lifetime: 0d 0h 0m 0s 
17:48:51 | Ada 4x4 (ID: 28 - pos <5219.455078, 218.562012, 4219.183105>) initialized. Remaining lifetime: 0d 0h 0m 0s 
17:48:51 | Sarka 120 (ID: 29 - pos <11271.461914, 194.038086, 12211.912109>) initialized. Remaining lifetime: 0d 0h 0m 0s 
17:48:51 | Sarka 120 (ID: 30 - pos <9439.905273, 303.872803, 8822.016602>) initialized. Remaining lifetime: 0d 0h 0m 0s 
17:48:51 | Sarka 120 (ID: 31 - pos <10181.246094, 23.628613, 2587.065186>) initialized. Remaining lifetime: 0d 0h 0m 0s 
17:48:51 | Sarka 120 (ID: 32 - pos <6683.015137, 5.983057, 2677.349854>) initialized. Remaining lifetime: 0d 0h 0m 0s 
17:48:51 | Sarka 120 (ID: 33 - pos <12109.953125, 191.007431, 7284.127441>) initialized. Remaining lifetime: 0d 0h 0m 0s 
17:48:51 | Sarka 120 (ID: 34 - pos <3586.099365, 219.726776, 12596.454102>) initialized. Remaining lifetime: 0d 0h 0m 0s 
17:48:51 | Sarka 120 (ID: 35 - pos <6935.294922, 54.629513, 3646.822021>) initialized. Remaining lifetime: 0d 0h 0m 0s 
17:48:51 | Sarka 120 (ID: 36 - pos <11626.259766, 58.024395, 14096.237305>) initialized. Remaining lifetime: 0d 0h 0m 0s 
17:48:51 | M3S Covered (ID: 37 - pos <3115.177002, 281.047943, 9212.785156>) initialized. Remaining lifetime: 0d 0h 0m 0s 
17:48:51 | M3S Covered (ID: 38 - pos <4812.181641, 338.975708, 10559.242188>) initialized. Remaining lifetime: 0d 0h 0m 0s 
17:48:51 | M3S Covered (ID: 39 - pos <1577.859009, 260.428619, 10434.799805>) initialized. Remaining lifetime: 0d 0h 0m 0s 
17:48:51 | M3S Covered (ID: 40 - pos <981.088501, 180.788055, 7679.962402>) initialized. Remaining lifetime: 0d 0h 0m 0s 
17:48:51 | M3S Covered (ID: 41 - pos <1832.747314, 5.930986, 2141.660889>) initialized. Remaining lifetime: 0d 0h 0m 0s 
17:48:51 | M3S Covered (ID: 42 - pos <12766.933594, 5.891134, 9737.377930>) initialized. Remaining lifetime: 0d 0h 0m 0s 
17:48:51 | M3S Covered (ID: 43 - pos <13471.391602, 79.498619, 13067.444336>) initialized. Remaining lifetime: 0d 0h 0m 0s 
17:48:51 | M3S Covered (ID: 44 - pos <289.985535, 186.860153, 6591.817383>) initialized. Remaining lifetime: 0d 0h 0m 0s 
