Log Created: _2025-10-08_18-16-15
18:16:36 | Rubber Boat (ID: 1065353216 - pos <13135.883789, 0.579160, 7821.566406>) initialized. Remaining lifetime: 0d 0h 0m 0s 
18:16:36 | Rubber Boat (ID: 1065353216 - pos <13290.371094, 0.523800, 10130.599609>) initialized. Remaining lifetime: 0d 0h 0m 0s 
18:16:36 | Rubber Boat (ID: 1065353216 - pos <6573.221191, 0.523935, 2243.083984>) initialized. Remaining lifetime: 0d 0h 0m 0s 
18:16:36 | Rubber Boat (ID: 1065353216 - pos <13100.064453, 0.525096, 3722.972168>) initialized. Remaining lifetime: 0d 0h 0m 0s 
18:16:36 | Rubber Boat (ID: 1065353216 - pos <13053.710938, 0.570267, 8469.050781>) initialized. Remaining lifetime: 0d 0h 0m 0s 
18:16:36 | Rubber Boat (ID: 1065353216 - pos <4409.736816, 0.708375, 2209.220459>) initialized. Remaining lifetime: 0d 0h 0m 0s 
18:16:36 | Rubber Boat (ID: 1065353216 - pos <13548.643555, 0.846024, 6254.162109>) initialized. Remaining lifetime: 0d 0h 0m 0s 
18:16:36 | Rubber Boat (ID: 1065353216 - pos <12036.114258, 0.572377, 3400.171143>) initialized. Remaining lifetime: 0d 0h 0m 0s 
18:16:36 | Rubber Boat (ID: 1065353216 - pos <13602.581055, 0.791717, 4433.505859>) initialized. Remaining lifetime: 0d 0h 0m 0s 
18:16:36 | Rubber Boat (ID: 1065353216 - pos <5878.171387, 0.541774, 1969.266235>) initialized. Remaining lifetime: 0d 0h 0m 0s 
18:16:36 | Rubber Boat (ID: 1065353216 - pos <14394.251953, 0.495764, 13212.315430>) initialized. Remaining lifetime: 0d 0h 0m 0s 
18:16:36 | Rubber Boat (ID: 1065353216 - pos <15229.973633, 0.609111, 13822.389648>) initialized. Remaining lifetime: 0d 0h 0m 0s 
18:16:36 | Rubber Boat (ID: 1065353216 - pos <1745.799072, 0.565433, 2020.530640>) initialized. Remaining lifetime: 0d 0h 0m 0s 
18:16:36 | Rubber Boat (ID: 1065353216 - pos <13337.280273, 0.614751, 7081.803711>) initialized. Remaining lifetime: 0d 0h 0m 0s 
18:16:36 | Rubber Boat (ID: 46 - pos <2949.094727, 0.493116, 1942.531616>) initialized. Remaining lifetime: 0d 0h 0m 0s 
18:16:36 | Olga 24 (ID: 47 - pos <3645.433105, 189.873596, 13053.029297>) initialized. Remaining lifetime: 0d 0h 0m 0s 
18:16:36 | Olga 24 (ID: 48 - pos <9602.118164, 81.038071, 13731.833984>) initialized. Remaining lifetime: 0d 0h 0m 0s 
18:16:37 | Olga 24 (ID: 49 - pos <3812.249023, 310.973541, 8846.752930>) initialized. Remaining lifetime: 0d 0h 0m 0s 
18:16:37 | Olga 24 (ID: 50 - pos <6807.645020, 2.934180, 2688.362793>) initialized. Remaining lifetime: 0d 0h 0m 0s 
18:16:37 | Olga 24 (ID: 51 - pos <12302.378906, 34.309612, 9051.263672>) initialized. Remaining lifetime: 0d 0h 0m 0s 
18:16:37 | Olga 24 (ID: 52 - pos <11684.724609, 108.785698, 15060.839844>) initialized. Remaining lifetime: 0d 0h 0m 0s 
18:16:37 | Olga 24 (ID: 53 - pos <13355.428711, 5.987764, 5445.192871>) initialized. Remaining lifetime: 0d 0h 0m 0s 
18:16:37 | Olga 24 (ID: 54 - pos <10226.199219, 64.962799, 4077.447266>) initialized. Remaining lifetime: 0d 0h 0m 0s 
18:16:37 | Gunter 2 (ID: 55 - pos <11827.092773, 27.354502, 14276.598633>) initialized. Remaining lifetime: 0d 0h 0m 0s 
18:16:37 | Gunter 2 (ID: 56 - pos <12972.759766, 5.864614, 10216.161133>) initialized. Remaining lifetime: 0d 0h 0m 0s 
18:16:37 | Gunter 2 (ID: 57 - pos <7013.049316, 5.869282, 2794.617432>) initialized. Remaining lifetime: 0d 0h 0m 0s 
18:16:37 | Gunter 2 (ID: 58 - pos <3338.139160, 239.241165, 4957.520996>) initialized. Remaining lifetime: 0d 0h 0m 0s 
18:16:37 | Gunter 2 (ID: 59 - pos <1826.169678, 261.711365, 11523.146484>) initialized. Remaining lifetime: 0d 0h 0m 0s 
18:16:37 | Gunter 2 (ID: 60 - pos <2840.072266, 204.285706, 5291.239746>) initialized. Remaining lifetime: 0d 0h 0m 0s 
18:16:37 | Gunter 2 (ID: 61 - pos <9514.145508, 84.935051, 13691.838867>) initialized. Remaining lifetime: 0d 0h 0m 0s 
18:16:37 | Gunter 2 (ID: 62 - pos <10698.358398, 65.223564, 14456.123047>) initialized. Remaining lifetime: 0d 0h 0m 0s 
18:16:37 | M1025 (ID: 63 - pos <1652.647583, 451.689636, 14209.886719>) initialized. Remaining lifetime: 0d 0h 0m 0s 
18:16:37 | M1025 (ID: 64 - pos <10425.443359, 277.196960, 5837.919922>) initialized. Remaining lifetime: 0d 0h 0m 0s 
18:16:37 | M1025 (ID: 65 - pos <9512.937500, 240.017471, 11746.788086>) initialized. Remaining lifetime: 0d 0h 0m 0s 
18:16:37 | Ada 4x4 (ID: 66 - pos <9899.746094, 161.672806, 10340.831055>) initialized. Remaining lifetime: 0d 0h 0m 0s 
18:16:37 | Ada 4x4 (ID: 67 - pos <9210.222656, 238.151627, 14566.442383>) initialized. Remaining lifetime: 0d 0h 0m 0s 
18:16:37 | Ada 4x4 (ID: 68 - pos <2511.668457, 296.141449, 11006.213867>) initialized. Remaining lifetime: 0d 0h 0m 0s 
18:16:37 | Ada 4x4 (ID: 69 - pos <4360.540527, 181.216705, 3932.841309>) initialized. Remaining lifetime: 0d 0h 0m 0s 
18:16:37 | Ada 4x4 (ID: 70 - pos <10967.128906, 285.785095, 5494.292480>) initialized. Remaining lifetime: 0d 0h 0m 0s 
18:16:37 | Ada 4x4 (ID: 71 - pos <731.098938, 130.820831, 4614.775391>) initialized. Remaining lifetime: 0d 0h 0m 0s 
18:16:37 | Ada 4x4 (ID: 72 - pos <294.977448, 287.749969, 8558.883789>) initialized. Remaining lifetime: 0d 0h 0m 0s 
18:16:37 | Ada 4x4 (ID: 73 - pos <1218.170166, 128.865265, 6216.003418>) initialized. Remaining lifetime: 0d 0h 0m 0s 
18:16:37 | Sarka 120 (ID: 74 - pos <1123.157227, 5.916360, 2393.089600>) initialized. Remaining lifetime: 0d 0h 0m 0s 
18:16:37 | Sarka 120 (ID: 75 - pos <2719.670410, 363.625336, 6736.756348>) initialized. Remaining lifetime: 0d 0h 0m 0s 
18:16:37 | Sarka 120 (ID: 76 - pos <7883.862305, 121.347153, 12785.449219>) initialized. Remaining lifetime: 0d 0h 0m 0s 
18:16:37 | Sarka 120 (ID: 77 - pos <6535.592285, 5.976073, 2388.383301>) initialized. Remaining lifetime: 0d 0h 0m 0s 
18:16:37 | Sarka 120 (ID: 78 - pos <3366.059082, 197.709442, 12965.848633>) initialized. Remaining lifetime: 0d 0h 0m 0s 
18:16:37 | Sarka 120 (ID: 79 - pos <1655.894897, 143.934753, 3837.222656>) initialized. Remaining lifetime: 0d 0h 0m 0s 
18:16:37 | Sarka 120 (ID: 80 - pos <6935.357910, 55.788773, 3646.858643>) initialized. Remaining lifetime: 0d 0h 0m 0s 
18:16:37 | Sarka 120 (ID: 81 - pos <2690.486084, 205.848801, 5378.041992>) initialized. Remaining lifetime: 0d 0h 0m 0s 
18:16:37 | M3S Covered (ID: 82 - pos <9901.127930, 253.959213, 5467.661133>) initialized. Remaining lifetime: 0d 0h 0m 0s 
18:16:37 | M3S Covered (ID: 83 - pos <4193.804199, 324.117676, 8920.317383>) initialized. Remaining lifetime: 0d 0h 0m 0s 
18:16:37 | M3S Covered (ID: 84 - pos <11758.232422, 59.278912, 6440.633301>) initialized. Remaining lifetime: 0d 0h 0m 0s 
18:16:37 | M3S Covered (ID: 85 - pos <10289.285156, 57.384811, 14176.584961>) initialized. Remaining lifetime: 0d 0h 0m 0s 
18:16:37 | M3S Covered (ID: 86 - pos <5770.531738, 474.433136, 15185.778320>) initialized. Remaining lifetime: 0d 0h 0m 0s 
18:16:37 | M3S Covered (ID: 87 - pos <11617.635742, 201.167953, 7294.682129>) initialized. Remaining lifetime: 0d 0h 0m 0s 
18:16:37 | M3S Covered (ID: 88 - pos <5262.243652, 262.201630, 6515.274902>) initialized. Remaining lifetime: 0d 0h 0m 0s 
18:16:37 | M3S Covered (ID: 89 - pos <1580.614746, 260.447418, 10432.918945>) initialized. Remaining lifetime: 0d 0h 0m 0s 
18:16:37 | Rubber Boat (ID: 1065353216 - pos <7411.140137, 0.551378, 2565.835205>) initialized. Remaining lifetime: 0d 0h 0m 0s 
18:16:37 | Rubber Boat (ID: 1065353216 - pos <10881.749023, 0.556018, 2335.756592>) initialized. Remaining lifetime: 0d 0h 0m 0s 
18:16:37 | Rubber Boat (ID: 1065353216 - pos <10226.666992, 0.588597, 1569.616211>) initialized. Remaining lifetime: 0d 0h 0m 0s 
18:16:37 | Rubber Boat (ID: 1065353216 - pos <9337.552734, 0.572363, 1853.717285>) initialized. Remaining lifetime: 0d 0h 0m 0s 
18:16:37 | Rubber Boat (ID: 1065353216 - pos <8859.057617, 0.477027, 2075.178467>) initialized. Remaining lifetime: 0d 0h 0m 0s 
18:16:37 | Rubber Boat (ID: 45 - pos <8266.860352, 0.470488, 2461.784668>) initialized. Remaining lifetime: 0d 0h 0m 0s 
18:19:29 | Olga 24 (ID: 90 - pos <11581.828125, 58.086731, 14659.000977>) initialized. Remaining lifetime: 0d 0h 0m 0s 
18:19:29 | Olga 24 (ID: 91 - pos <10225.486328, 20.808464, 2295.267578>) initialized. Remaining lifetime: 0d 0h 0m 0s 
18:19:29 | Olga 24 (ID: 92 - pos <2840.108398, 204.670105, 5291.474121>) initialized. Remaining lifetime: 0d 0h 0m 0s 
18:19:29 | Olga 24 (ID: 93 - pos <6483.760742, 8.985303, 2902.451172>) initialized. Remaining lifetime: 0d 0h 0m 0s 
18:19:29 | Olga 24 (ID: 94 - pos <12302.187500, 34.721184, 9051.155273>) initialized. Remaining lifetime: 0d 0h 0m 0s 
18:19:29 | Olga 24 (ID: 95 - pos <10698.591797, 65.518890, 14456.147461>) initialized. Remaining lifetime: 0d 0h 0m 0s 
18:19:29 | Olga 24 (ID: 96 - pos <6917.187500, 38.398808, 3421.841064>) initialized. Remaining lifetime: 0d 0h 0m 0s 
18:19:29 | Olga 24 (ID: 97 - pos <7585.715332, 208.290726, 13475.556641>) initialized. Remaining lifetime: 0d 0h 0m 0s 
18:19:30 | Gunter 2 (ID: 98 - pos <9514.145508, 85.465347, 13691.746094>) initialized. Remaining lifetime: 0d 0h 0m 0s 
18:19:30 | Gunter 2 (ID: 99 - pos <3100.421875, 208.517334, 12648.071289>) initialized. Remaining lifetime: 0d 0h 0m 0s 
18:19:30 | Gunter 2 (ID: 100 - pos <11684.631836, 109.366127, 15060.867188>) initialized. Remaining lifetime: 0d 0h 0m 0s 
18:19:30 | Gunter 2 (ID: 101 - pos <10182.504883, 6.476940, 1987.608398>) initialized. Remaining lifetime: 0d 0h 0m 0s 
18:19:30 | Gunter 2 (ID: 102 - pos <6852.756348, 7.782789, 3072.858154>) initialized. Remaining lifetime: 0d 0h 0m 0s 
18:19:30 | Gunter 2 (ID: 103 - pos <11343.273438, 47.294716, 14458.143555>) initialized. Remaining lifetime: 0d 0h 0m 0s 
18:19:30 | Gunter 2 (ID: 104 - pos <2682.602295, 204.910965, 5309.181641>) initialized. Remaining lifetime: 0d 0h 0m 0s 
18:19:30 | Gunter 2 (ID: 105 - pos <12972.672852, 6.476940, 10216.204102>) initialized. Remaining lifetime: 0d 0h 0m 0s 
18:19:30 | M1025 (ID: 106 - pos <4496.701172, 338.799042, 9785.620117>) initialized. Remaining lifetime: 0d 0h 0m 0s 
18:19:30 | M1025 (ID: 107 - pos <4801.038086, 338.559967, 10663.888672>) initialized. Remaining lifetime: 0d 0h 0m 0s 
18:19:30 | M1025 (ID: 108 - pos <1570.477783, 452.516876, 14051.661133>) initialized. Remaining lifetime: 0d 0h 0m 0s 
18:19:54 | Ada 4x4 (ID: 109 - pos <6769.628418, 371.926910, 14154.259766>) initialized. Remaining lifetime: 0d 0h 0m 0s 
18:19:54 | Ada 4x4 (ID: 110 - pos <7842.509277, 263.822235, 11571.193359>) initialized. Remaining lifetime: 0d 0h 0m 0s 
18:19:54 | Ada 4x4 (ID: 111 - pos <2038.866699, 257.516937, 7310.758301>) initialized. Remaining lifetime: 0d 0h 0m 0s 
18:19:54 | Ada 4x4 (ID: 112 - pos <294.963409, 288.314758, 8558.922852>) initialized. Remaining lifetime: 0d 0h 0m 0s 
18:19:54 | Ada 4x4 (ID: 113 - pos <9899.881836, 162.197083, 10340.879883>) initialized. Remaining lifetime: 0d 0h 0m 0s 
18:19:54 | Ada 4x4 (ID: 114 - pos <731.064819, 131.332855, 4614.810547>) initialized. Remaining lifetime: 0d 0h 0m 0s 
18:19:54 | Ada 4x4 (ID: 115 - pos <401.626892, 133.884262, 5180.153809>) initialized. Remaining lifetime: 0d 0h 0m 0s 
18:19:54 | Ada 4x4 (ID: 116 - pos <13078.753906, 115.397720, 13125.533203>) initialized. Remaining lifetime: 0d 0h 0m 0s 
18:19:54 | Sarka 120 (ID: 117 - pos <10571.185547, 6.799408, 2077.644531>) initialized. Remaining lifetime: 0d 0h 0m 0s 
18:19:54 | Sarka 120 (ID: 118 - pos <2507.183838, 190.517929, 5313.077148>) initialized. Remaining lifetime: 0d 0h 0m 0s 
18:19:54 | Sarka 120 (ID: 119 - pos <334.009155, 294.986755, 9440.444336>) initialized. Remaining lifetime: 0d 0h 0m 0s 
18:19:54 | Sarka 120 (ID: 120 - pos <9512.210938, 84.567986, 13663.208984>) initialized. Remaining lifetime: 0d 0h 0m 0s 
18:19:54 | Sarka 120 (ID: 121 - pos <6383.011230, 288.853271, 7562.387695>) initialized. Remaining lifetime: 0d 0h 0m 0s 
18:19:54 | Sarka 120 (ID: 122 - pos <1123.023926, 6.399069, 2393.036865>) initialized. Remaining lifetime: 0d 0h 0m 0s 
18:19:54 | Sarka 120 (ID: 123 - pos <13587.790039, 31.172295, 11762.220703>) initialized. Remaining lifetime: 0d 0h 0m 0s 
18:19:54 | Sarka 120 (ID: 124 - pos <11626.313477, 58.500347, 14096.094727>) initialized. Remaining lifetime: 0d 0h 0m 0s 
18:19:55 | M3S Covered (ID: 125 - pos <7041.069824, 352.214966, 14531.383789>) initialized. Remaining lifetime: 0d 0h 0m 0s 
18:19:55 | M3S Covered (ID: 126 - pos <2311.394287, 185.148956, 5205.626465>) initialized. Remaining lifetime: 0d 0h 0m 0s 
18:19:55 | M3S Covered (ID: 127 - pos <3633.468750, 166.493240, 3692.730469>) initialized. Remaining lifetime: 0d 0h 0m 0s 
18:19:55 | M3S Covered (ID: 128 - pos <13058.676758, 5.797724, 7050.820801>) initialized. Remaining lifetime: 0d 0h 0m 0s 
18:19:55 | M3S Covered (ID: 129 - pos <9004.043945, 325.621155, 5989.238770>) initialized. Remaining lifetime: 0d 0h 0m 0s 
18:19:55 | M3S Covered (ID: 130 - pos <11617.627930, 201.078613, 7294.495605>) initialized. Remaining lifetime: 0d 0h 0m 0s 
18:19:55 | M3S Covered (ID: 131 - pos <11758.053711, 59.173130, 6440.590820>) initialized. Remaining lifetime: 0d 0h 0m 0s 
18:19:55 | M3S Covered (ID: 132 - pos <7791.012695, 313.358398, 6910.816406>) initialized. Remaining lifetime: 0d 0h 0m 0s 
