Log Created: _2025-10-08_18-21-31
18:21:53 | Rubber Boat (ID: 1065353216 - pos <13135.982422, 0.614747, 7822.295410>) initialized. Remaining lifetime: 0d 0h 0m 0s 
18:21:53 | Rubber Boat (ID: 1065353216 - pos <13291.773438, 0.456217, 10130.508789>) initialized. Remaining lifetime: 0d 0h 0m 0s 
18:21:53 | Rubber Boat (ID: 1065353216 - pos <6573.215332, 0.639734, 2243.078613>) initialized. Remaining lifetime: 0d 0h 0m 0s 
18:21:53 | Rubber Boat (ID: 1065353216 - pos <13099.474609, 0.547531, 3723.051270>) initialized. Remaining lifetime: 0d 0h 0m 0s 
18:21:53 | Rubber Boat (ID: 1065353216 - pos <13053.840820, 0.591116, 8468.831055>) initialized. Remaining lifetime: 0d 0h 0m 0s 
18:21:53 | Rubber Boat (ID: 1065353216 - pos <4410.144043, 0.757591, 2209.564697>) initialized. Remaining lifetime: 0d 0h 0m 0s 
18:21:53 | Rubber Boat (ID: 1065353216 - pos <13548.648438, 0.844767, 6254.172852>) initialized. Remaining lifetime: 0d 0h 0m 0s 
18:21:53 | Rubber Boat (ID: 1065353216 - pos <12035.377930, 0.587831, 3399.732178>) initialized. Remaining lifetime: 0d 0h 0m 0s 
18:21:53 | Rubber Boat (ID: 1065353216 - pos <13602.577148, 0.792476, 4433.523926>) initialized. Remaining lifetime: 0d 0h 0m 0s 
18:21:53 | Rubber Boat (ID: 1065353216 - pos <5877.916992, 0.659121, 1969.267456>) initialized. Remaining lifetime: 0d 0h 0m 0s 
18:21:53 | Rubber Boat (ID: 1065353216 - pos <14394.257813, 0.456419, 13212.506836>) initialized. Remaining lifetime: 0d 0h 0m 0s 
18:21:53 | Rubber Boat (ID: 1065353216 - pos <15229.895508, 0.611929, 13822.381836>) initialized. Remaining lifetime: 0d 0h 0m 0s 
18:21:53 | Rubber Boat (ID: 1065353216 - pos <1743.848999, 0.623258, 2021.975952>) initialized. Remaining lifetime: 0d 0h 0m 0s 
18:21:53 | Rubber Boat (ID: 1065353216 - pos <13337.308594, 0.516782, 7081.580566>) initialized. Remaining lifetime: 0d 0h 0m 0s 
18:21:53 | Rubber Boat (ID: 46 - pos <2948.613525, 0.520566, 1942.197998>) initialized. Remaining lifetime: 0d 0h 0m 0s 
18:21:53 | Olga 24 (ID: 90 - pos <11581.685547, 57.731857, 14659.166992>) initialized. Remaining lifetime: 0d 0h 0m 0s 
18:21:53 | Olga 24 (ID: 92 - pos <2841.349365, 204.205643, 5288.166992>) initialized. Remaining lifetime: 0d 0h 0m 0s 
18:21:53 | Olga 24 (ID: 93 - pos <6483.704590, 8.485505, 2902.669434>) initialized. Remaining lifetime: 0d 0h 0m 0s 
18:21:53 | Olga 24 (ID: 94 - pos <12301.331055, 35.266151, 9050.553711>) initialized. Remaining lifetime: 0d 0h 0m 0s 
18:21:53 | Olga 24 (ID: 95 - pos <10702.839844, 65.173874, 14456.179688>) initialized. Remaining lifetime: 0d 0h 0m 0s 
18:21:53 | Olga 24 (ID: 96 - pos <6916.977539, 37.997849, 3421.945557>) initialized. Remaining lifetime: 0d 0h 0m 0s 
18:21:53 | Olga 24 (ID: 97 - pos <7585.883301, 207.943726, 13475.708984>) initialized. Remaining lifetime: 0d 0h 0m 0s 
18:21:53 | Gunter 2 (ID: 98 - pos <9514.182617, 86.210304, 13692.485352>) initialized. Remaining lifetime: 0d 0h 0m 0s 
18:21:53 | Gunter 2 (ID: 99 - pos <3100.355469, 208.086334, 12648.158203>) initialized. Remaining lifetime: 0d 0h 0m 0s 
18:21:53 | Gunter 2 (ID: 100 - pos <11686.124023, 109.733307, 15061.146484>) initialized. Remaining lifetime: 0d 0h 0m 0s 
18:21:53 | Gunter 2 (ID: 102 - pos <6851.220215, 8.061680, 3073.853271>) initialized. Remaining lifetime: 0d 0h 0m 0s 
18:21:53 | Gunter 2 (ID: 103 - pos <11343.358398, 46.860203, 14458.153320>) initialized. Remaining lifetime: 0d 0h 0m 0s 
18:21:53 | Gunter 2 (ID: 104 - pos <2682.604736, 204.477600, 5309.277344>) initialized. Remaining lifetime: 0d 0h 0m 0s 
18:21:53 | Gunter 2 (ID: 105 - pos <12971.519531, 6.699543, 10216.708984>) initialized. Remaining lifetime: 0d 0h 0m 0s 
18:21:53 | M1025 (ID: 106 - pos <4496.696777, 339.005249, 9785.621094>) initialized. Remaining lifetime: 0d 0h 0m 0s 
18:21:53 | M1025 (ID: 107 - pos <4801.039551, 338.695099, 10663.890625>) initialized. Remaining lifetime: 0d 0h 0m 0s 
18:21:53 | M1025 (ID: 108 - pos <1570.483154, 452.586121, 14051.671875>) initialized. Remaining lifetime: 0d 0h 0m 0s 
18:21:53 | Ada 4x4 (ID: 109 - pos <6769.617676, 371.413696, 14154.243164>) initialized. Remaining lifetime: 0d 0h 0m 0s 
18:21:53 | Ada 4x4 (ID: 110 - pos <7842.439941, 263.161194, 11571.216797>) initialized. Remaining lifetime: 0d 0h 0m 0s 
18:21:53 | Ada 4x4 (ID: 111 - pos <2038.853394, 256.855743, 7310.687988>) initialized. Remaining lifetime: 0d 0h 0m 0s 
18:21:53 | Ada 4x4 (ID: 112 - pos <293.338135, 288.076447, 8561.471680>) initialized. Remaining lifetime: 0d 0h 0m 0s 
18:21:53 | Ada 4x4 (ID: 113 - pos <9902.842773, 161.732941, 10341.357422>) initialized. Remaining lifetime: 0d 0h 0m 0s 
18:21:53 | Ada 4x4 (ID: 114 - pos <728.638611, 130.825424, 4617.456055>) initialized. Remaining lifetime: 0d 0h 0m 0s 
18:21:53 | Ada 4x4 (ID: 115 - pos <401.610992, 133.320236, 5180.103027>) initialized. Remaining lifetime: 0d 0h 0m 0s 
18:21:53 | Ada 4x4 (ID: 116 - pos <13078.682617, 114.888367, 13125.546875>) initialized. Remaining lifetime: 0d 0h 0m 0s 
18:21:53 | Sarka 120 (ID: 118 - pos <2507.336426, 190.042297, 5313.074707>) initialized. Remaining lifetime: 0d 0h 0m 0s 
18:21:53 | Sarka 120 (ID: 119 - pos <334.105011, 294.469299, 9440.325195>) initialized. Remaining lifetime: 0d 0h 0m 0s 
18:21:53 | Sarka 120 (ID: 120 - pos <9512.078125, 84.103188, 13663.206055>) initialized. Remaining lifetime: 0d 0h 0m 0s 
18:21:53 | Sarka 120 (ID: 121 - pos <6382.878418, 288.377289, 7562.462402>) initialized. Remaining lifetime: 0d 0h 0m 0s 
18:21:53 | Sarka 120 (ID: 122 - pos <1123.189453, 7.073577, 2393.208008>) initialized. Remaining lifetime: 0d 0h 0m 0s 
18:21:53 | Sarka 120 (ID: 123 - pos <13587.690430, 30.625372, 11762.060547>) initialized. Remaining lifetime: 0d 0h 0m 0s 
18:21:53 | Sarka 120 (ID: 124 - pos <11626.222656, 59.193825, 14096.337891>) initialized. Remaining lifetime: 0d 0h 0m 0s 
18:21:53 | M3S Covered (ID: 125 - pos <7041.079590, 352.390289, 14531.374023>) initialized. Remaining lifetime: 0d 0h 0m 0s 
18:21:53 | M3S Covered (ID: 126 - pos <2311.395752, 185.322205, 5205.624512>) initialized. Remaining lifetime: 0d 0h 0m 0s 
18:21:53 | M3S Covered (ID: 127 - pos <3633.469727, 166.623322, 3692.718994>) initialized. Remaining lifetime: 0d 0h 0m 0s 
18:21:53 | M3S Covered (ID: 128 - pos <13058.670898, 5.950130, 7050.823730>) initialized. Remaining lifetime: 0d 0h 0m 0s 
18:21:53 | M3S Covered (ID: 129 - pos <9004.062500, 325.752258, 5989.233398>) initialized. Remaining lifetime: 0d 0h 0m 0s 
18:21:53 | M3S Covered (ID: 130 - pos <11618.048828, 201.342926, 7291.209961>) initialized. Remaining lifetime: 0d 0h 0m 0s 
18:21:53 | M3S Covered (ID: 131 - pos <11756.914063, 59.162811, 6444.104492>) initialized. Remaining lifetime: 0d 0h 0m 0s 
18:21:53 | M3S Covered (ID: 132 - pos <7791.012695, 313.510590, 6910.817383>) initialized. Remaining lifetime: 0d 0h 0m 0s 
18:21:53 | Rubber Boat (ID: 1065353216 - pos <10881.894531, 0.660364, 2336.199463>) initialized. Remaining lifetime: 0d 0h 0m 0s 
18:21:53 | Rubber Boat (ID: 1065353216 - pos <10226.644531, 0.600039, 1569.851685>) initialized. Remaining lifetime: 0d 0h 0m 0s 
18:21:53 | Rubber Boat (ID: 1065353216 - pos <9336.696289, 0.649479, 1854.407715>) initialized. Remaining lifetime: 0d 0h 0m 0s 
18:21:53 | Rubber Boat (ID: 1065353216 - pos <8859.097656, 0.493694, 2074.045410>) initialized. Remaining lifetime: 0d 0h 0m 0s 
18:21:53 | Rubber Boat (ID: 45 - pos <8266.367188, 0.584796, 2461.842041>) initialized. Remaining lifetime: 0d 0h 0m 0s 
18:21:53 | Olga 24 (ID: 91 - pos <10225.533203, 21.664042, 2294.819092>) initialized. Remaining lifetime: 0d 0h 0m 0s 
18:21:53 | Gunter 2 (ID: 101 - pos <10181.993164, 7.348641, 1986.823120>) initialized. Remaining lifetime: 0d 0h 0m 0s 
18:21:53 | Sarka 120 (ID: 117 - pos <10571.128906, 6.315153, 2077.773682>) initialized. Remaining lifetime: 0d 0h 0m 0s 
18:21:53 | Rubber Boat (ID: 1065353216 - pos <7410.795898, 0.622114, 2565.931885>) initialized. Remaining lifetime: 0d 0h 0m 0s 
18:24:26 | Rubber Boat (ID: 133 - pos <2333.722656, -0.979887, 1982.005127>) initialized. Remaining lifetime: 0d 0h 0m 0s 
18:24:26 | Olga 24 (ID: 134 - pos <13517.973633, 17.532125, 14032.801758>) initialized. Remaining lifetime: 0d 0h 0m 0s 
18:24:26 | Olga 24 (ID: 135 - pos <11826.961914, 27.738888, 14276.399414>) initialized. Remaining lifetime: 0d 0h 0m 0s 
18:24:26 | Olga 24 (ID: 136 - pos <12177.791992, 18.020582, 9860.691406>) initialized. Remaining lifetime: 0d 0h 0m 0s 
18:24:26 | Olga 24 (ID: 137 - pos <12575.190430, 52.602345, 13818.514648>) initialized. Remaining lifetime: 0d 0h 0m 0s 
18:24:26 | Olga 24 (ID: 138 - pos <10225.486328, 20.808464, 2295.267578>) initialized. Remaining lifetime: 0d 0h 0m 0s 
18:24:26 | Olga 24 (ID: 139 - pos <7512.627930, 121.417145, 12662.512695>) initialized. Remaining lifetime: 0d 0h 0m 0s 
18:24:26 | Olga 24 (ID: 140 - pos <13376.291992, 6.303735, 6292.006348>) initialized. Remaining lifetime: 0d 0h 0m 0s 
18:24:26 | Olga 24 (ID: 141 - pos <5676.042969, 57.018887, 2372.493408>) initialized. Remaining lifetime: 0d 0h 0m 0s 
18:24:27 | Gunter 2 (ID: 142 - pos <10226.244141, 65.511749, 4077.515625>) initialized. Remaining lifetime: 0d 0h 0m 0s 
18:24:27 | Gunter 2 (ID: 143 - pos <675.451538, 6.492329, 1833.007568>) initialized. Remaining lifetime: 0d 0h 0m 0s 
18:24:27 | Gunter 2 (ID: 144 - pos <12824.884766, 6.463292, 10115.724609>) initialized. Remaining lifetime: 0d 0h 0m 0s 
18:24:27 | Gunter 2 (ID: 145 - pos <10748.976563, 145.436142, 10804.364258>) initialized. Remaining lifetime: 0d 0h 0m 0s 
18:24:27 | Gunter 2 (ID: 146 - pos <3302.353760, 314.793762, 15084.998047>) initialized. Remaining lifetime: 0d 0h 0m 0s 
18:24:27 | Gunter 2 (ID: 147 - pos <6351.289063, 9.796940, 2522.853516>) initialized. Remaining lifetime: 0d 0h 0m 0s 
18:24:27 | Gunter 2 (ID: 148 - pos <7585.964844, 208.432098, 13475.768555>) initialized. Remaining lifetime: 0d 0h 0m 0s 
18:24:27 | Gunter 2 (ID: 149 - pos <11581.620117, 58.219620, 14659.258789>) initialized. Remaining lifetime: 0d 0h 0m 0s 
18:24:27 | M1025 (ID: 150 - pos <10195.614258, 59.524788, 4041.189209>) initialized. Remaining lifetime: 0d 0h 0m 0s 
18:24:27 | M1025 (ID: 151 - pos <4604.116699, 338.746979, 9519.083984>) initialized. Remaining lifetime: 0d 0h 0m 0s 
18:24:27 | M1025 (ID: 152 - pos <4920.055664, 9.321946, 2595.618896>) initialized. Remaining lifetime: 0d 0h 0m 0s 
18:24:51 | Ada 4x4 (ID: 153 - pos <12423.784180, 125.511002, 14895.091797>) initialized. Remaining lifetime: 0d 0h 0m 0s 
18:24:51 | Ada 4x4 (ID: 154 - pos <3980.766602, 369.157501, 14886.412109>) initialized. Remaining lifetime: 0d 0h 0m 0s 
18:24:51 | Ada 4x4 (ID: 155 - pos <4441.290039, 476.282501, 15221.938477>) initialized. Remaining lifetime: 0d 0h 0m 0s 
18:24:51 | Ada 4x4 (ID: 156 - pos <698.001770, 141.249115, 5655.833008>) initialized. Remaining lifetime: 0d 0h 0m 0s 
18:24:51 | Ada 4x4 (ID: 157 - pos <9074.980469, 246.001541, 8018.072266>) initialized. Remaining lifetime: 0d 0h 0m 0s 
18:24:51 | Ada 4x4 (ID: 158 - pos <2511.590576, 296.647888, 11006.176758>) initialized. Remaining lifetime: 0d 0h 0m 0s 
18:24:51 | Ada 4x4 (ID: 159 - pos <1173.012939, 344.992584, 10002.198242>) initialized. Remaining lifetime: 0d 0h 0m 0s 
18:24:51 | Ada 4x4 (ID: 160 - pos <4360.626953, 181.717987, 3932.894531>) initialized. Remaining lifetime: 0d 0h 0m 0s 
18:24:51 | Sarka 120 (ID: 161 - pos <2507.337402, 190.016525, 5312.969238>) initialized. Remaining lifetime: 0d 0h 0m 0s 
18:24:51 | Sarka 120 (ID: 162 - pos <3586.062012, 219.778503, 12596.583008>) initialized. Remaining lifetime: 0d 0h 0m 0s 
18:24:51 | Sarka 120 (ID: 163 - pos <12324.582031, 10.979841, 9699.463867>) initialized. Remaining lifetime: 0d 0h 0m 0s 
18:24:51 | Sarka 120 (ID: 164 - pos <7883.891602, 121.339661, 12785.560547>) initialized. Remaining lifetime: 0d 0h 0m 0s 
18:24:51 | Sarka 120 (ID: 165 - pos <6395.531250, 5.828177, 2308.133545>) initialized. Remaining lifetime: 0d 0h 0m 0s 
18:24:51 | Sarka 120 (ID: 166 - pos <11480.651367, 58.607323, 14897.097656>) initialized. Remaining lifetime: 0d 0h 0m 0s 
18:24:51 | Sarka 120 (ID: 167 - pos <13000.016602, 5.808034, 10084.212891>) initialized. Remaining lifetime: 0d 0h 0m 0s 
18:24:51 | Sarka 120 (ID: 168 - pos <12373.479492, 21.954449, 14350.541016>) initialized. Remaining lifetime: 0d 0h 0m 0s 
18:24:52 | M3S Covered (ID: 169 - pos <9914.189453, 179.157104, 6694.125488>) initialized. Remaining lifetime: 0d 0h 0m 0s 
18:24:52 | M3S Covered (ID: 170 - pos <1577.938599, 261.173187, 10434.791016>) initialized. Remaining lifetime: 0d 0h 0m 0s 
18:24:52 | M3S Covered (ID: 171 - pos <4131.786621, 183.258484, 13122.093750>) initialized. Remaining lifetime: 0d 0h 0m 0s 
18:24:52 | M3S Covered (ID: 172 - pos <13471.333008, 80.249146, 13067.489258>) initialized. Remaining lifetime: 0d 0h 0m 0s 
18:24:52 | M3S Covered (ID: 173 - pos <12373.632813, 22.533178, 14194.424805>) initialized. Remaining lifetime: 0d 0h 0m 0s 
18:24:52 | M3S Covered (ID: 174 - pos <7299.225098, 6.735478, 3309.195801>) initialized. Remaining lifetime: 0d 0h 0m 0s 
18:24:52 | M3S Covered (ID: 175 - pos <10257.727539, 50.093094, 3617.539795>) initialized. Remaining lifetime: 0d 0h 0m 0s 
18:24:52 | M3S Covered (ID: 176 - pos <6944.245605, 297.503510, 7693.613770>) initialized. Remaining lifetime: 0d 0h 0m 0s 
19:07:54 | ZIL 130 (ID: 177 - pos <4463.385742, 338.812897, 10248.329102>) initialized. Remaining lifetime: 0d 0h 30m 0s 
19:08:10 | M1025 (ID: 178 - pos <4471.090820, 338.815521, 10235.568359>) initialized. Remaining lifetime: 0d 0h 30m 0s 
19:08:11 | Ford LTL9000 (ID: 179 - pos <4472.075195, 338.543091, 10238.188477>) initialized. Remaining lifetime: 0d 0h 30m 0s 
19:08:23 | Player Vex (<4471.504883, 340.620148, 10240.623047> steam64id=76561198040522771) entered in vehicle Ford LTL9000 (ID: 179) on Driver seat
19:08:48 | M3S Covered (ID: 180 - pos <4340.195801, 338.346283, 10422.645508>) initialized. Remaining lifetime: 0d 0h 0m 3s 
19:08:55 | Bicycle (ID: 181 - pos <4350.259277, 338.283112, 10419.206055>) initialized. Remaining lifetime: 0d 0h 30m 0s 
19:08:57 | Bicycle (ID: 182 - pos <4350.274902, 338.216980, 10419.224609>) initialized. Remaining lifetime: 0d 0h 30m 0s 
19:09:03 | School Bus (ID: 183 - pos <4350.179688, 338.287384, 10419.264648>) initialized. Remaining lifetime: 0d 0h 30m 0s 
19:09:04 | School Bus (ID: 184 - pos <4350.069824, 338.261993, 10418.974609>) initialized. Remaining lifetime: 0d 0h 30m 0s 
19:09:06 | School Bus (ID: 185 - pos <4350.274414, 338.318817, 10419.681641>) initialized. Remaining lifetime: 0d 0h 30m 0s 
19:09:06 | School Bus (ID: 186 - pos <4349.056152, 338.270660, 10415.298828>) initialized. Remaining lifetime: 0d 0h 30m 0s 
19:09:07 | School Bus (ID: 187 - pos <4348.039063, 338.365997, 10410.949219>) initialized. Remaining lifetime: 0d 0h 30m 0s 
19:09:07 | School Bus (ID: 188 - pos <4346.663086, 338.506287, 10406.465820>) initialized. Remaining lifetime: 0d 0h 30m 0s 
19:09:07 | School Bus (ID: 189 - pos <4346.225586, 338.463165, 10404.378906>) initialized. Remaining lifetime: 0d 0h 30m 0s 
19:09:18 | Bicycle (ID: 181 - pos <4246.191406, 339.507355, 10314.233398>) has been destroyed by: Old_Bike<ea86ba70>
19:09:18 | Bicycle (ID: 182 - pos <4246.957031, 338.430328, 10315.061523>) has been destroyed by: Lady_Bicycle<ea87b6d0>
19:10:04 | Derby Car (ID: 190 - pos <4336.638672, 338.585327, 10383.965820>) initialized. Remaining lifetime: 0d 0h 30m 0s 
19:10:13 | Player Vex (<4336.258789, 339.388580, 10383.628906> steam64id=76561198040522771) entered in vehicle Derby Car (ID: 190) on Driver seat
19:10:22 | Player Vex (<4336.258789, 339.388580, 10383.628906> steam64id=76561198040522771) entered in vehicle Derby Car (ID: 190) on Driver seat
19:10:31 | Player Vex (<4336.258789, 339.388580, 10383.628906> steam64id=76561198040522771) entered in vehicle Derby Car (ID: 190) on Driver seat
19:10:33 | Player Vex (<4336.258789, 339.388580, 10383.628906> steam64id=76561198040522771) started Derby Car (ID: 190)
