Log Created: _2025-10-08_18-04-51
18:05:13 | Rubber Boat (ID: 1065353216 - pos <10881.710938, 0.741851, 2335.727539>) initialized. Remaining lifetime: 0d 0h 0m 0s 
18:05:13 | Rubber Boat (ID: 1065353216 - pos <10226.704102, 0.720123, 1568.710938>) initialized. Remaining lifetime: 0d 0h 0m 0s 
18:05:13 | Rubber Boat (ID: 1065353216 - pos <13136.491211, 0.653584, 7820.399414>) initialized. Remaining lifetime: 0d 0h 0m 0s 
18:05:13 | Rubber Boat (ID: 1065353216 - pos <13285.409180, 0.678046, 10130.567383>) initialized. Remaining lifetime: 0d 0h 0m 0s 
18:05:13 | Rubber Boat (ID: 1065353216 - pos <6573.196777, 0.766860, 2243.133545>) initialized. Remaining lifetime: 0d 0h 0m 0s 
18:05:13 | Rubber Boat (ID: 1065353216 - pos <13100.691406, 0.667654, 3722.182861>) initialized. Remaining lifetime: 0d 0h 0m 0s 
18:05:13 | Rubber Boat (ID: 1065353216 - pos <13053.786133, 0.700047, 8469.368164>) initialized. Remaining lifetime: 0d 0h 0m 0s 
18:05:13 | Rubber Boat (ID: 1065353216 - pos <9338.583984, 0.729136, 1851.892578>) initialized. Remaining lifetime: 0d 0h 0m 0s 
18:05:13 | Rubber Boat (ID: 1065353216 - pos <4409.079102, 0.754049, 2208.946777>) initialized. Remaining lifetime: 0d 0h 0m 0s 
18:05:13 | Rubber Boat (ID: 1065353216 - pos <7411.495117, 0.686282, 2566.043457>) initialized. Remaining lifetime: 0d 0h 0m 0s 
18:05:13 | Rubber Boat (ID: 1065353216 - pos <13549.256836, 0.744985, 6253.259766>) initialized. Remaining lifetime: 0d 0h 0m 0s 
18:05:13 | Rubber Boat (ID: 1065353216 - pos <12037.183594, 0.706192, 3401.949951>) initialized. Remaining lifetime: 0d 0h 0m 0s 
18:05:13 | Rubber Boat (ID: 1065353216 - pos <13602.575195, 0.790717, 4433.485352>) initialized. Remaining lifetime: 0d 0h 0m 0s 
18:05:13 | Rubber Boat (ID: 1065353216 - pos <5878.144531, 0.754839, 1969.083374>) initialized. Remaining lifetime: 0d 0h 0m 0s 
18:05:13 | Rubber Boat (ID: 1065353216 - pos <14394.286133, 0.599575, 13212.293945>) initialized. Remaining lifetime: 0d 0h 0m 0s 
18:05:13 | Rubber Boat (ID: 1065353216 - pos <15229.950195, 0.613318, 13822.357422>) initialized. Remaining lifetime: 0d 0h 0m 0s 
18:05:13 | Rubber Boat (ID: 1065353216 - pos <8859.436523, 0.602467, 2075.920654>) initialized. Remaining lifetime: 0d 0h 0m 0s 
18:05:13 | Rubber Boat (ID: 1065353216 - pos <1747.226685, 0.698678, 2019.248901>) initialized. Remaining lifetime: 0d 0h 0m 0s 
18:05:13 | Rubber Boat (ID: 1065353216 - pos <13337.173828, 0.715558, 7081.708984>) initialized. Remaining lifetime: 0d 0h 0m 0s 
18:10:28 | Rubber Boat (ID: 45 - pos <8267.049805, 0.304796, 2461.652832>) initialized. Remaining lifetime: 0d 0h 0m 0s 
18:10:28 | Rubber Boat (ID: 46 - pos <2950.001953, -0.609897, 1943.084961>) initialized. Remaining lifetime: 0d 0h 0m 0s 
18:10:28 | Olga 24 (ID: 47 - pos <3645.655273, 190.218338, 13053.056641>) initialized. Remaining lifetime: 0d 0h 0m 0s 
18:10:28 | Olga 24 (ID: 48 - pos <9601.906250, 81.395630, 13731.810547>) initialized. Remaining lifetime: 0d 0h 0m 0s 
18:10:28 | Olga 24 (ID: 49 - pos <3812.146973, 311.328278, 8846.947266>) initialized. Remaining lifetime: 0d 0h 0m 0s 
18:10:28 | Olga 24 (ID: 50 - pos <6807.641113, 3.338888, 2688.137695>) initialized. Remaining lifetime: 0d 0h 0m 0s 
18:10:28 | Olga 24 (ID: 51 - pos <12302.187500, 34.721184, 9051.155273>) initialized. Remaining lifetime: 0d 0h 0m 0s 
18:10:28 | Olga 24 (ID: 52 - pos <11684.936523, 109.234978, 15060.734375>) initialized. Remaining lifetime: 0d 0h 0m 0s 
18:10:28 | Olga 24 (ID: 53 - pos <13354.922852, 6.338889, 5440.570313>) initialized. Remaining lifetime: 0d 0h 0m 0s 
18:10:28 | Olga 24 (ID: 54 - pos <10226.000977, 65.352242, 4077.308838>) initialized. Remaining lifetime: 0d 0h 0m 0s 
18:10:29 | Gunter 2 (ID: 55 - pos <11827.167969, 27.876940, 14276.656250>) initialized. Remaining lifetime: 0d 0h 0m 0s 
18:10:29 | Gunter 2 (ID: 56 - pos <12972.672852, 6.476940, 10216.204102>) initialized. Remaining lifetime: 0d 0h 0m 0s 
18:10:29 | Gunter 2 (ID: 57 - pos <7013.032227, 6.347597, 2794.527344>) initialized. Remaining lifetime: 0d 0h 0m 0s 
18:10:29 | Gunter 2 (ID: 58 - pos <3338.039307, 239.717697, 4957.579590>) initialized. Remaining lifetime: 0d 0h 0m 0s 
18:10:29 | Gunter 2 (ID: 59 - pos <1826.135864, 262.143890, 11523.232422>) initialized. Remaining lifetime: 0d 0h 0m 0s 
18:10:29 | Gunter 2 (ID: 60 - pos <2840.044922, 204.807205, 5291.150391>) initialized. Remaining lifetime: 0d 0h 0m 0s 
18:10:29 | Gunter 2 (ID: 61 - pos <9514.145508, 85.465347, 13691.746094>) initialized. Remaining lifetime: 0d 0h 0m 0s 
18:10:29 | Gunter 2 (ID: 62 - pos <10698.263672, 65.656937, 14456.123047>) initialized. Remaining lifetime: 0d 0h 0m 0s 
18:10:29 | M1025 (ID: 63 - pos <1652.651001, 451.479034, 14209.895508>) initialized. Remaining lifetime: 0d 0h 0m 0s 
18:10:29 | M1025 (ID: 64 - pos <10425.453125, 277.059540, 5837.932129>) initialized. Remaining lifetime: 0d 0h 0m 0s 
18:10:29 | M1025 (ID: 65 - pos <9512.940430, 239.806793, 11746.774414>) initialized. Remaining lifetime: 0d 0h 0m 0s 
18:10:53 | Ada 4x4 (ID: 66 - pos <9899.881836, 162.197083, 10340.879883>) initialized. Remaining lifetime: 0d 0h 0m 0s 
18:10:53 | Ada 4x4 (ID: 67 - pos <9210.235352, 238.662460, 14566.386719>) initialized. Remaining lifetime: 0d 0h 0m 0s 
18:10:53 | Ada 4x4 (ID: 68 - pos <2511.590576, 296.647888, 11006.176758>) initialized. Remaining lifetime: 0d 0h 0m 0s 
18:10:53 | Ada 4x4 (ID: 69 - pos <4360.626953, 181.717987, 3932.894531>) initialized. Remaining lifetime: 0d 0h 0m 0s 
18:10:53 | Ada 4x4 (ID: 70 - pos <10967.221680, 286.381256, 5494.215332>) initialized. Remaining lifetime: 0d 0h 0m 0s 
18:10:53 | Ada 4x4 (ID: 71 - pos <731.064819, 131.332855, 4614.810547>) initialized. Remaining lifetime: 0d 0h 0m 0s 
18:10:53 | Ada 4x4 (ID: 72 - pos <294.963409, 288.314758, 8558.922852>) initialized. Remaining lifetime: 0d 0h 0m 0s 
18:10:53 | Ada 4x4 (ID: 73 - pos <1218.174805, 129.379807, 6215.960938>) initialized. Remaining lifetime: 0d 0h 0m 0s 
18:10:54 | Sarka 120 (ID: 74 - pos <1123.023926, 6.399069, 2393.036865>) initialized. Remaining lifetime: 0d 0h 0m 0s 
18:10:54 | Sarka 120 (ID: 75 - pos <2719.627686, 364.112885, 6736.869141>) initialized. Remaining lifetime: 0d 0h 0m 0s 
18:10:54 | Sarka 120 (ID: 76 - pos <7884.002441, 121.825439, 12785.404297>) initialized. Remaining lifetime: 0d 0h 0m 0s 
18:10:54 | Sarka 120 (ID: 77 - pos <6535.708008, 6.452102, 2388.284668>) initialized. Remaining lifetime: 0d 0h 0m 0s 
18:10:54 | Sarka 120 (ID: 78 - pos <3366.001953, 198.191757, 12965.965820>) initialized. Remaining lifetime: 0d 0h 0m 0s 
18:10:54 | Sarka 120 (ID: 79 - pos <1656.040039, 144.452103, 3837.271484>) initialized. Remaining lifetime: 0d 0h 0m 0s 
18:10:54 | Sarka 120 (ID: 80 - pos <6935.347656, 55.146458, 3646.675537>) initialized. Remaining lifetime: 0d 0h 0m 0s 
18:10:54 | Sarka 120 (ID: 81 - pos <2690.457031, 206.400345, 5377.890137>) initialized. Remaining lifetime: 0d 0h 0m 0s 
18:10:54 | M3S Covered (ID: 82 - pos <9901.207031, 254.670120, 5467.632324>) initialized. Remaining lifetime: 0d 0h 0m 0s 
18:10:54 | M3S Covered (ID: 83 - pos <4193.815430, 324.840942, 8920.399414>) initialized. Remaining lifetime: 0d 0h 0m 0s 
18:10:54 | M3S Covered (ID: 84 - pos <11758.202148, 60.054390, 6440.716797>) initialized. Remaining lifetime: 0d 0h 0m 0s 
18:10:54 | M3S Covered (ID: 85 - pos <10289.328125, 58.127338, 14176.573242>) initialized. Remaining lifetime: 0d 0h 0m 0s 
18:10:54 | M3S Covered (ID: 86 - pos <5770.448730, 475.152344, 15185.802734>) initialized. Remaining lifetime: 0d 0h 0m 0s 
18:10:54 | M3S Covered (ID: 87 - pos <11617.616211, 201.946472, 7294.666504>) initialized. Remaining lifetime: 0d 0h 0m 0s 
18:10:54 | M3S Covered (ID: 88 - pos <5262.418457, 262.920319, 6515.307129>) initialized. Remaining lifetime: 0d 0h 0m 0s 
18:10:54 | M3S Covered (ID: 89 - pos <1577.938599, 261.173187, 10434.791016>) initialized. Remaining lifetime: 0d 0h 0m 0s 
