---------------------------------------------
Log C:\Users\grand\Desktop\servers\Dayz\profiles\script_2025-12-11_18-39-30.log started at 11.12. 18:39:30

SCRIPT       : Registered 431 temporary action enum(s), UAN==431
SCRIPT    (W): @"MedicalAttention/Core/3_Game/enums\ma_agents.c,15": FIX-ME: Expected ',' or '}', not a ';'
SCRIPT    (W): @"MedicalAttention/Core/3_Game/enums\ma_agents.c,16": FIX-ME: Expected ',' or '}', not a ';'
SCRIPT    (W): @"MedicalAttention/Core/3_Game/enums\ma_agents.c,17": FIX-ME: Expected ',' or '}', not a ';'
SCRIPT    (W): @"Nine\compass\scripts\3_Game/ninerpc.c,3": FIX-ME: Expected ',' or '}', not a ';'
SCRIPT    (W): @"Nine\compass\scripts\3_Game/json\nine_config.c,75": FIX-ME: Unexpected statement 'ref'
SCRIPT    (W): @"dynamichelicopters/ZolblU q/ psEyOkiZ/1bpUDC5n/﻿﻿﻿﻿/WoYVIPPp/ hE9rsO9/HTChFTXO.UJDTcQlB,47": FIX-ME: Unexpected statement 'ref'
SCRIPT    (W): @"dynamichelicopters/ZolblU q/ psEyOkiZ/1bpUDC5n/﻿﻿﻿﻿/WoYVIPPp/ hE9rsO9/HTChFTXO.UJDTcQlB,48": FIX-ME: Unexpected statement 'ref'
SCRIPT    (W): @"dynamichelicopters/ZolblU q/ psEyOkiZ/1bpUDC5n/﻿﻿﻿﻿/WoYVIPPp/ hE9rsO9/HTChFTXO.UJDTcQlB,49": FIX-ME: Unexpected statement 'ref'
SCRIPT    (W): @"dynamichelicopters/ZolblU q/ psEyOkiZ/1bpUDC5n/﻿﻿﻿﻿/WoYVIPPp/ hE9rsO9/HTChFTXO.UJDTcQlB,50": FIX-ME: Unexpected statement 'ref'
SCRIPT    (W): @"dynamichelicopters/ZolblU q/ psEyOkiZ/1bpUDC5n/﻿﻿﻿﻿/WoYVIPPp/ hE9rsO9/HTChFTXO.UJDTcQlB,51": FIX-ME: Unexpected statement 'ref'
SCRIPT    (W): @"dynamichelicopters/ZolblU q/ psEyOkiZ/1bpUDC5n/﻿﻿﻿﻿/WoYVIPPp/ hE9rsO9/HTChFTXO.UJDTcQlB,52": FIX-ME: Unexpected statement 'ref'
SCRIPT    (W): @"dynamichelicopters/ZolblU q/ psEyOkiZ/1bpUDC5n/﻿﻿﻿﻿/WoYVIPPp/ hE9rsO9/HTChFTXO.UJDTcQlB,53": FIX-ME: Unexpected statement 'ref'
SCRIPT    (W): @"dynamichelicopters/ZolblU q/ psEyOkiZ/1bpUDC5n/﻿﻿﻿﻿/WoYVIPPp/ hE9rsO9/HTChFTXO.UJDTcQlB,54": FIX-ME: Unexpected statement 'ref'
SCRIPT    (W): @"dynamichelicopters/GX2Ioyf7/ tqI rgBg/00uwED c/﻿﻿﻿﻿/cajP5ut0/U679vyRl/m0pEh8 i.PPRtsJJS,47": FIX-ME: Unexpected statement 'ref'
SCRIPT    (W): @"dynamichelicopters/GX2Ioyf7/ tqI rgBg/00uwED c/﻿﻿﻿﻿/cajP5ut0/U679vyRl/m0pEh8 i.PPRtsJJS,48": FIX-ME: Unexpected statement 'ref'
SCRIPT    (W): @"dynamichelicopters/GX2Ioyf7/ tqI rgBg/00uwED c/﻿﻿﻿﻿/cajP5ut0/U679vyRl/m0pEh8 i.PPRtsJJS,49": FIX-ME: Unexpected statement 'ref'
SCRIPT    (W): @"dynamichelicopters/GX2Ioyf7/ tqI rgBg/00uwED c/﻿﻿﻿﻿/cajP5ut0/U679vyRl/m0pEh8 i.PPRtsJJS,50": FIX-ME: Unexpected statement 'ref'
SCRIPT    (W): @"dynamichelicopters/GX2Ioyf7/ tqI rgBg/00uwED c/﻿﻿﻿﻿/cajP5ut0/U679vyRl/m0pEh8 i.PPRtsJJS,51": FIX-ME: Unexpected statement 'ref'
SCRIPT    (W): @"dynamichelicopters/GX2Ioyf7/ tqI rgBg/00uwED c/﻿﻿﻿﻿/cajP5ut0/U679vyRl/m0pEh8 i.PPRtsJJS,52": FIX-ME: Unexpected statement 'ref'
SCRIPT    (W): @"dynamichelicopters/GX2Ioyf7/ tqI rgBg/00uwED c/﻿﻿﻿﻿/cajP5ut0/U679vyRl/m0pEh8 i.PPRtsJJS,53": FIX-ME: Unexpected statement 'ref'
SCRIPT    (W): @"dynamichelicopters/GX2Ioyf7/ tqI rgBg/00uwED c/﻿﻿﻿﻿/cajP5ut0/U679vyRl/m0pEh8 i.PPRtsJJS,54": FIX-ME: Unexpected statement 'ref'
SCRIPT    (W): @"dynamichelicopters/xPgI7zh7/  Xstwfhw/ MwfSMS /﻿﻿﻿﻿/L1Ev8Uty/mAUvXay1/dO mFxc . yWZSUJB,64": FIX-ME: Unexpected statement 'ref'
SCRIPT    (W): @"dynamichelicopters/xPgI7zh7/  Xstwfhw/ MwfSMS /﻿﻿﻿﻿/L1Ev8Uty/mAUvXay1/dO mFxc . yWZSUJB,65": FIX-ME: Unexpected statement 'ref'
SCRIPT    (W): @"dynamichelicopters/xPgI7zh7/  Xstwfhw/ MwfSMS /﻿﻿﻿﻿/L1Ev8Uty/mAUvXay1/dO mFxc . yWZSUJB,66": FIX-ME: Unexpected statement 'ref'
SCRIPT    (W): @"dynamichelicopters/xPgI7zh7/  Xstwfhw/ MwfSMS /﻿﻿﻿﻿/L1Ev8Uty/mAUvXay1/dO mFxc . yWZSUJB,67": FIX-ME: Unexpected statement 'ref'
SCRIPT    (W): @"dynamichelicopters/xPgI7zh7/  Xstwfhw/ MwfSMS /﻿﻿﻿﻿/L1Ev8Uty/mAUvXay1/dO mFxc . yWZSUJB,68": FIX-ME: Unexpected statement 'ref'
SCRIPT    (W): @"dynamichelicopters/xPgI7zh7/  Xstwfhw/ MwfSMS /﻿﻿﻿﻿/L1Ev8Uty/mAUvXay1/dO mFxc . yWZSUJB,69": FIX-ME: Unexpected statement 'ref'
SCRIPT    (W): @"dynamichelicopters/xPgI7zh7/  Xstwfhw/ MwfSMS /﻿﻿﻿﻿/L1Ev8Uty/mAUvXay1/dO mFxc . yWZSUJB,70": FIX-ME: Unexpected statement 'ref'
SCRIPT    (W): @"dynamichelicopters/xPgI7zh7/  Xstwfhw/ MwfSMS /﻿﻿﻿﻿/L1Ev8Uty/mAUvXay1/dO mFxc . yWZSUJB,71": FIX-ME: Unexpected statement 'ref'
SCRIPT    (W): @"dynamichelicopters/xPgI7zh7/  Xstwfhw/ MwfSMS /﻿﻿﻿﻿/L1Ev8Uty/mAUvXay1/dO mFxc . yWZSUJB,72": FIX-ME: Unexpected statement 'ref'
SCRIPT    (W): @"dynamichelicopters/xPgI7zh7/  Xstwfhw/ MwfSMS /﻿﻿﻿﻿/L1Ev8Uty/mAUvXay1/dO mFxc . yWZSUJB,73": FIX-ME: Unexpected statement 'ref'
SCRIPT    (W): @"dynamichelicopters/KQgaX42x/ pfC dEor/089toQBs/﻿﻿﻿﻿/BFArY82B/GyXEadgJ/4ZsZRHQb.xuvnaINC,24": FIX-ME: Unexpected statement 'ref'
SCRIPT    (W): @"dynamichelicopters/KQgaX42x/ pfC dEor/089toQBs/﻿﻿﻿﻿/BFArY82B/GyXEadgJ/4ZsZRHQb.xuvnaINC,25": FIX-ME: Unexpected statement 'ref'
SCRIPT    (W): @"BasicMap/scripts/3_Game/basicmapcontroller.c,93": FIX-ME: Method argument can't be strong reference
SCRIPT    (W): @"BasicMap/scripts/3_Game/basicmapcontroller.c,93": FIX-ME: Method argument can't be strong reference
SCRIPT    (W): @"BasicMap/scripts/3_Game/basicmapcontroller.c,93": FIX-ME: Method argument can't be strong reference
SCRIPT    (W): @"BasicMap/scripts/3_Game/basicmapcontroller.c,132": FIX-ME: Method argument can't be strong reference
SCRIPT    (W): @"BasicMap/scripts/3_Game/basicmapcontroller.c,132": FIX-ME: Method argument can't be strong reference
SCRIPT    (W): @"BasicMap/scripts/3_Game/basicmapcontroller.c,132": FIX-ME: Method argument can't be strong reference
SCRIPT    (W): @"BasicMap/scripts/3_Game/basicmapcontroller.c,305": FIX-ME: Method argument can't be strong reference
SCRIPT    (W): @"BasicMap/scripts/3_Game/basicmapcontroller.c,447": FIX-ME: Method argument can't be strong reference
SCRIPT    (W): @"BasicMap/scripts/3_Game/basicmapcontroller.c,453": FIX-ME: Method argument can't be strong reference
SCRIPT    (W): @"BasicMap/scripts/3_Game/gui\basicmapmenu.c,556": FIX-ME: Overriding function 'LockControls' but not marked as 'override'
SCRIPT       : Registering faction type eAIFactionShamans ID -1484989417
SCRIPT       : Registering faction type eAIFactionObservers ID -563736721
SCRIPT       : Registering faction type eAIFactionInvincibleObservers ID -1227299746
SCRIPT       : Registering faction type eAIFactionRaiders ID 1535276022
SCRIPT       : Registering faction type eAIFactionYeetBrigade ID 1408543989
SCRIPT       : Registering faction type eAIFactionWest ID 113880155
SCRIPT       : Registering faction type eAIFactionInvincibleYeetBrigade ID -1118767876
SCRIPT       : Registering faction type eAIFactionEast ID 90522109
SCRIPT       : Registering faction type eAIFactionGuards ID 963933710
SCRIPT       : Registering faction type eAIFactionMercenaries ID 1629891834
SCRIPT       : Registering faction type eAIFactionBrawlers ID 1955753718
SCRIPT       : Registering faction type eAIFactionCivilian ID 1096178351
SCRIPT       : Registering faction type eAIFactionPassive ID -1159399789
SCRIPT       : Registering faction type eAIFactionInvincibleGuards ID 782746017
SCRIPT       : ... Backlit Effects Enabled
SCRIPT       : VPPNotificationManager()
SCRIPT       : [VPPAT] Internal VPPNotifications module loaded!
SCRIPT       : [DayZ Game]:: DayZGame(): Initializing V++ Admin Tools.
SCRIPT       : 18:39:34.001 [EXPANSION LOG]: DayZGame<3920e650> Start time (local time) 2025-12-11 18:39:25
SCRIPT       : 18:39:34.001 [EXPANSION LOG]: DayZGame<3920e650> Start time (UTC) 2025-12-11 18:39:25
SCRIPT       : 18:39:34.001 [EXPANSION LOG]: DayZGame<3920e650> Runtime since start (seconds) 9.343
SCRIPT    (W): @"FirstAidKit/scripts/4_World/entities\itembase\gear\containers\containers.c,14": Missing ';' at the end of line
SCRIPT    (W): @"Nine\compass\scripts\4_World/compasshud.c,84": FIX-ME: Unexpected statement 'ref'
SCRIPT    (W): @"Nine\compass\scripts\4_World/watcheshud.c,335": FIX-ME: Unexpected statement 'ref'
SCRIPT    (W): @"TF_UAZ5131/scripts/4_World/uaz3151.c,598": Missing ';' at the end of line
SCRIPT    (W): @"TF_UAZ5131/scripts/4_World/uaz3151.c,598": FIX-ME: Syntax error
SCRIPT    (W): @"dynamichelicopters/ZGqr4Lak/ 2IEWn7cF/tyhGLMGm/﻿﻿﻿﻿/zjwZnlHM/6knrTOoW/0f5 CCTh.PFJE  xR,3704": FIX-ME: Unexpected statement 'ref'
SCRIPT    (W): @"dynamichelicopters/ZGqr4Lak/ 2IEWn7cF/tyhGLMGm/﻿﻿﻿﻿/zjwZnlHM/6knrTOoW/0f5 CCTh.PFJE  xR,3707": FIX-ME: Unexpected statement 'ref'
SCRIPT    (W): @"dynamichelicopters/ZGqr4Lak/ 2IEWn7cF/tyhGLMGm/﻿﻿﻿﻿/zjwZnlHM/6knrTOoW/0f5 CCTh.PFJE  xR,3710": FIX-ME: Unexpected statement 'ref'
SCRIPT    (W): @"dynamichelicopters/ZGqr4Lak/ 2IEWn7cF/tyhGLMGm/﻿﻿﻿﻿/zjwZnlHM/6knrTOoW/0f5 CCTh.PFJE  xR,3713": FIX-ME: Unexpected statement 'ref'
SCRIPT    (W): @"dynamichelicopters/ZGqr4Lak/ 2IEWn7cF/tyhGLMGm/﻿﻿﻿﻿/zjwZnlHM/6knrTOoW/0f5 CCTh.PFJE  xR,3716": FIX-ME: Unexpected statement 'ref'
SCRIPT    (W): @"dynamichelicopters/ZGqr4Lak/ 2IEWn7cF/tyhGLMGm/﻿﻿﻿﻿/zjwZnlHM/6knrTOoW/0f5 CCTh.PFJE  xR,3719": FIX-ME: Unexpected statement 'ref'
SCRIPT    (W): @"dynamichelicopters/ZGqr4Lak/ 2IEWn7cF/tyhGLMGm/﻿﻿﻿﻿/zjwZnlHM/6knrTOoW/0f5 CCTh.PFJE  xR,3722": FIX-ME: Unexpected statement 'ref'
SCRIPT    (W): @"dynamichelicopters/ZGqr4Lak/ 2IEWn7cF/tyhGLMGm/﻿﻿﻿﻿/zjwZnlHM/6knrTOoW/0f5 CCTh.PFJE  xR,3725": FIX-ME: Unexpected statement 'ref'
SCRIPT    (W): @"dynamichelicopters/ZGqr4Lak/ 2IEWn7cF/tyhGLMGm/﻿﻿﻿﻿/zjwZnlHM/6knrTOoW/0f5 CCTh.PFJE  xR,4048": FIX-ME: Unexpected statement 'ref'
SCRIPT    (W): @"dynamichelicopters/ZGqr4Lak/ 2IEWn7cF/tyhGLMGm/﻿﻿﻿﻿/zjwZnlHM/6knrTOoW/0f5 CCTh.PFJE  xR,4051": FIX-ME: Unexpected statement 'ref'
SCRIPT    (W): @"dynamichelicopters/ZGqr4Lak/ 2IEWn7cF/tyhGLMGm/﻿﻿﻿﻿/zjwZnlHM/6knrTOoW/0f5 CCTh.PFJE  xR,4054": FIX-ME: Unexpected statement 'ref'
SCRIPT    (W): @"dynamichelicopters/ZGqr4Lak/ 2IEWn7cF/tyhGLMGm/﻿﻿﻿﻿/zjwZnlHM/6knrTOoW/0f5 CCTh.PFJE  xR,4057": FIX-ME: Unexpected statement 'ref'
SCRIPT    (W): @"dynamichelicopters/ZGqr4Lak/ 2IEWn7cF/tyhGLMGm/﻿﻿﻿﻿/zjwZnlHM/6knrTOoW/0f5 CCTh.PFJE  xR,4060": FIX-ME: Unexpected statement 'ref'
SCRIPT    (W): @"dynamichelicopters/ZGqr4Lak/ 2IEWn7cF/tyhGLMGm/﻿﻿﻿﻿/zjwZnlHM/6knrTOoW/0f5 CCTh.PFJE  xR,4063": FIX-ME: Unexpected statement 'ref'
SCRIPT    (W): @"dynamichelicopters/ZGqr4Lak/ 2IEWn7cF/tyhGLMGm/﻿﻿﻿﻿/zjwZnlHM/6knrTOoW/0f5 CCTh.PFJE  xR,4066": FIX-ME: Unexpected statement 'ref'
SCRIPT    (W): @"dynamichelicopters/ZGqr4Lak/ 2IEWn7cF/tyhGLMGm/﻿﻿﻿﻿/zjwZnlHM/6knrTOoW/0f5 CCTh.PFJE  xR,4069": FIX-ME: Unexpected statement 'ref'
SCRIPT    (W): @"dynamichelicopters/fdjYC Qh/ OgtLwuk4/ orhzyEL/﻿/r2OeIWn /equpMB m/9hPpyqjr.DB Gq k ,40": FIX-ME: Unexpected statement 'ref'
SCRIPT    (W): @"dynamichelicopters/fdjYC Qh/ OgtLwuk4/ orhzyEL/﻿/r2OeIWn /equpMB m/9hPpyqjr.DB Gq k ,42": FIX-ME: Unexpected statement 'ref'
SCRIPT    (W): @"dynamichelicopters/fdjYC Qh/ OgtLwuk4/ orhzyEL/﻿/r2OeIWn /equpMB m/9hPpyqjr.DB Gq k ,45": FIX-ME: Unexpected statement 'ref'
SCRIPT    (W): @"AIWarZones/scripts/4_World/smokeeffect.c,1": Forward declarations are deprecated!
SCRIPT    (W): @"mmg_storage/scripts/4_World/classes\base_class\mmg_storage_openable_nolock.c,225": FIX-ME: Overloaded method 'CanReleaseCargo', argument name 'attachment' differs from prototype 'cargo'
SCRIPT    (W): @"mmg_storage/scripts/4_World/classes\base_class\mmg_storage_openable.c,260": FIX-ME: Overloaded method 'CanReleaseCargo', argument name 'attachment' differs from prototype 'cargo'
SCRIPT    (W): @"mmg_storage/scripts/4_World/classes\gun_rack\lockable\mmg_lockable_gun_rack_base.c,14": FIX-ME: Overriding function 'GetSoundOpen' but not marked as 'override'
SCRIPT    (W): @"mmg_storage/scripts/4_World/classes\gun_rack\lockable\mmg_lockable_gun_rack_base.c,19": FIX-ME: Overriding function 'GetSoundClose' but not marked as 'override'
SCRIPT    (W): @"CompassHH/scripts/4_World/Classes/UserActionsComponent/Actions/SingleUse/аСж?ибУшё.wss,3": FIX-ME: Overriding function 'SetCloseAnimation' but not marked as 'override'
SCRIPT    (W): @"mmg_storage/scripts/4_World/garden\mmg_gardening_base.c,136": FIX-ME: Overloaded method 'CanReleaseCargo', argument name 'attachment' differs from prototype 'cargo'
SCRIPT    (W): @"Nine\compass\scripts\4_World/watcheshud.c,343": FIX-ME: Unsafe down-casting, use 'PlayerBase.Cast' for safe down-casting
SCRIPT    (W): @"BaseFortifications/scripts/4_World/actions\actiondeploybasefortificationkits.c,11": No need to use 'Cast' for up-casting
SCRIPT    (W): @"dynamichelicopters/ZGqr4Lak/ 2IEWn7cF/tyhGLMGm/﻿﻿﻿﻿/zjwZnlHM/6knrTOoW/0f5 CCTh.PFJE  xR,3135": No need to use 'Cast' for up-casting
SCRIPT    (W): @"KnockKnockAI/scripts/4_World/player.c,70": FIX-ME: Unsafe down-casting, use 'PlayerBase.Cast' for safe down-casting
SCRIPT    (W): @"KnockKnockAI/scripts/4_World/player.c,75": FIX-ME: Unsafe down-casting, use 'PlayerBase.Cast' for safe down-casting
SCRIPT    (W): @"KnockKnockAI/scripts/4_World/player.c,79": FIX-ME: Unsafe down-casting, use 'PlayerBase.Cast' for safe down-casting
SCRIPT       : Registering faction type eAIFactionLunatics ID 1167351711
SCRIPT       : Registering faction type eAIFactionInfected ID 1371958374
SCRIPT    (W): @"SimpleAutorun/Mission/autorunmodule.c,100": FIX-ME: Method argument can't be strong reference
SCRIPT    (W): @"SimpleAutorun/Mission/autorunmodule.c,240": FIX-ME: Method argument can't be strong reference
SCRIPT    (W): @"SimpleAutorun/Mission/autorunmodule.c,240": FIX-ME: Overloaded function 'OnRPC#1127402', argument 'ctx' is not compatible with prototype argument type or spec 'Serializer'
SCRIPT    (W): @"scripts/5_Mission/mission\missionbenchmark.c,397": Possible variable name conflict 'year'
SCRIPT    (W): @"scripts/5_Mission/mission\missionbenchmark.c,397": Possible variable name conflict 'month'
SCRIPT    (W): @"scripts/5_Mission/mission\missionbenchmark.c,397": Possible variable name conflict 'day'
SCRIPT    (W): @"scripts/5_Mission/mission\missionbenchmark.c,397": Possible variable name conflict 'hour'
SCRIPT    (W): @"scripts/5_Mission/mission\missionbenchmark.c,397": Possible variable name conflict 'minute'
SCRIPT       : Vanilla++ AdminTools Plugins Registering..
SCRIPT       : 18:39:59.635 [EXPANSION DEBUG]: [ExpansionCoreSettings] Load existing setting file:$profile:ExpansionMod\Settings\CoreSettings.json
SCRIPT       : 18:39:59.636 [EXPANSION DEBUG]: [ExpansionLogSettings] Load existing setting file:$profile:ExpansionMod\Settings\LogsSettings.json
SCRIPT       : 18:39:59.637 [EXPANSION DEBUG]: [ExpansionNotificationSettings] Load existing setting file:$profile:ExpansionMod\Settings\NotificationSettings.json
SCRIPT       : 18:39:59.637 [EXPANSION DEBUG]: [ExpansionMonitoringSettings] Load existing setting file:$profile:ExpansionMod\Settings\MonitoringSettings.json
SCRIPT       : 18:39:59.637 [EXPANSION DEBUG]: [ExpansionDamageSystemSettings] Load existing setting file:$profile:ExpansionMod\Settings\DamageSystemSettings.json
SCRIPT       : 18:39:59.638 [EXPANSION DEBUG]: [ExpansionPartySettings] Load existing setting file:$profile:ExpansionMod\Settings\PartySettings.json
SCRIPT       : 18:39:59.638 [EXPANSION DEBUG]: [ExpansionHardlineSettings] Load existing setting file:$mission:expansion\settings\HardlineSettings.json
SCRIPT       : 18:39:59.649 [EXPANSION DEBUG]: [ExpansionMarketSettings] Load existing setting file:$mission:expansion\settings\MarketSettings.json
SCRIPT       : 18:39:59.651 [EXPANSION DEBUG]: [ExpansionAirdropSettings] Load existing setting file:$profile:ExpansionMod\Settings\AirdropSettings.json
SCRIPT       : 18:40:00.061 [EXPANSION DEBUG]: [ExpansionMissionSettings] Load existing setting file:$profile:ExpansionMod\Settings\MissionSettings.json
SCRIPT       : 18:40:00.062 [EXPANSION DEBUG]: [ExpansionMapSettings] Load existing setting file:$mission:expansion\settings\MapSettings.json
SCRIPT       : 18:40:00.074 [EXPANSION DEBUG]: [ExpansionPersonalStorageNewSettings] Load existing setting file:$profile:ExpansionMod\Settings\PersonalStorageNewSettings.json
SCRIPT       : 18:40:00.075 [EXPANSION DEBUG]: [ExpansionGeneralSettings] Load existing setting file:$profile:ExpansionMod\Settings\GeneralSettings.json
SCRIPT       : 18:40:00.076 [EXPANSION DEBUG]: [ExpansionPlayerListSettings] Load existing setting file:$profile:ExpansionMod\Settings\PlayerListSettings.json
SCRIPT       : 18:40:00.076 [EXPANSION DEBUG]: [ExpansionSocialMediaSettings] Load existing setting file:$profile:ExpansionMod\Settings\SocialMediaSettings.json
SCRIPT       : 18:40:00.076 [EXPANSION DEBUG]: [ExpansionSpawnSettings] Load existing setting file:$mission:expansion\settings\SpawnSettings.json
SCRIPT       : 18:40:00.079 [EXPANSION DEBUG]: [ExpansionVehicleSettings] Load existing setting file:$profile:ExpansionMod\Settings\VehicleSettings.json
SCRIPT       : 18:40:00.080 [EXPANSION DEBUG]: ExpansionAILocationSettings<e1c8ebe0> Load existing setting file:$mission:expansion\settings\AILocationSettings.json
SCRIPT       : 18:40:00.228 [EXPANSION DEBUG]: [ExpansionAISettings] Load existing setting file:$profile:ExpansionMod\Settings\AISettings.json
SCRIPT       : 18:40:00.229 [EXPANSION DEBUG]: [ExpansionAIPatrolSettings] Load existing setting file:$mission:expansion\settings\AIPatrolSettings.json
SCRIPT       : 18:40:00.237 [EXPANSION DEBUG]: [ExpansionBaseBuildingSettings] Load existing setting file:$mission:expansion\settings\BaseBuildingSettings.json
SCRIPT       : 18:40:00.238 [EXPANSION DEBUG]: [ExpansionRaidSettings] Load existing setting file:$profile:ExpansionMod\Settings\RaidSettings.json
SCRIPT       : 18:40:00.239 [EXPANSION DEBUG]: [ExpansionTerritorySettings] Load existing setting file:$profile:ExpansionMod\Settings\TerritorySettings.json
SCRIPT       : 18:40:00.242 [EXPANSION DEBUG]: [ExpansionChatSettings] Load existing setting file:$profile:ExpansionMod\Settings\ChatSettings.json
SCRIPT       : Expansion version: 1.9.49
SCRIPT       : [DefineTest] EXPANSIONMOD is defined
SCRIPT       : [DefineTest] EXPANSIONMODAI is defined
SCRIPT       : [DefineTest] EXPANSIONMODBASEBUILDING is defined
SCRIPT       : [DefineTest] EXPANSIONMODBOOK is defined
SCRIPT       : [DefineTest] EXPANSIONMODCHAT is defined
SCRIPT       : [DefineTest] EXPANSIONMODCORE is defined
SCRIPT       : [DefineTest] EXPANSIONMODGARAGE is defined
SCRIPT       : [DefineTest] EXPANSIONMODGROUPS is defined
SCRIPT       : [DefineTest] EXPANSIONMODHARDLINE is defined
SCRIPT       : [DefineTest] EXPANSIONMODKILLFEED is defined
SCRIPT       : [DefineTest] EXPANSIONMODMAPASSETS is defined
SCRIPT       : [DefineTest] EXPANSIONMODMARKET is defined
SCRIPT       : [DefineTest] EXPANSIONMODMISSIONS is defined
SCRIPT       : [DefineTest] EXPANSIONMODNAMETAGS is defined
SCRIPT       : [DefineTest] EXPANSIONMODNAVIGATION is defined
SCRIPT       : [DefineTest] EXPANSIONMODP2PMARKET is defined
SCRIPT       : [DefineTest] EXPANSIONMODPERSONALSTORAGE is defined
SCRIPT       : [DefineTest] EXPANSIONMODQUESTS is defined
SCRIPT       : [DefineTest] EXPANSIONMODSPAWNSELECTION is defined
SCRIPT       : [DefineTest] EXPANSIONMODVEHICLE is defined
SCRIPT       : [DefineTest] EXPANSIONMODWEAPONS is defined
SCRIPT       : [DefineTest] CfgMods:
SCRIPT       : defaultAction
SCRIPT       : DayZ
SCRIPT       : CarCoverDefines
SCRIPT       : DZ_Expansion_AI_Preload
SCRIPT       : DZ_Expansion_BaseBuilding_Preload
SCRIPT       : DZ_Expansion_Book_Preload
SCRIPT       : DZ_Expansion_Chat_Preload
SCRIPT       : DZ_Expansion_Core_Preload
SCRIPT       : DZ_Expansion_Garage_Preload
SCRIPT       : DZ_Expansion_Groups_Preload
SCRIPT       : DZ_Expansion_Hardline_Preload
SCRIPT       : DZ_Expansion_KillFeed_Preload
SCRIPT       : DZ_Expansion_MapAssets_Preload
SCRIPT       : DZ_Expansion_Market_Preload
SCRIPT       : DZ_Expansion_Missions_Preload
SCRIPT       : DZ_Expansion_ModStorage_Preload
SCRIPT       : DZ_Expansion_NameTags_Preload
SCRIPT       : DZ_Expansion_Navigation_Preload
SCRIPT       : DZ_Expansion_P2PMarket_Preload
SCRIPT       : DZ_Expansion_PersonalStorage_Preload
SCRIPT       : DZ_Expansion_Preload
SCRIPT       : DZ_Expansion_Quests_Preload
SCRIPT       : DZ_Expansion_SpawnSelection_Preload
SCRIPT       : DZ_Expansion_Vehicles_Preload
SCRIPT       : DZ_Expansion_Weapons_Preload
SCRIPT       : MedicalAttention_Core_Preload
SCRIPT       : MedicalAttention_Preload
SCRIPT       : BasicMapDefine
SCRIPT       : BuilderItems_Scripts
SCRIPT       : DabsFramework
SCRIPT       : DZ_Expansion_DefineTest
SCRIPT       : DZ_Expansion_MapAssets
SCRIPT       : sakhal
SCRIPT       : EarPlugs
SCRIPT       : ExpansionAIRaids
SCRIPT       : FirstAidKit
SCRIPT       : InediaInfectedAI
SCRIPT       : JM_CommunityFramework
SCRIPT       : DZ_MagObfuscation
SCRIPT       : MedicalAttention_Core
SCRIPT       : MedicalAttention_Scripts
SCRIPT       : mm_helmets
SCRIPT       : mm_masks
SCRIPT       : mm_pants
SCRIPT       : mm_shirts
SCRIPT       : mm_various
SCRIPT       : mm_vests
SCRIPT       : mmg_storage
SCRIPT       : CompassNine
SCRIPT       : RealisticSuppressors
SCRIPT       : RealisticWeapons
SCRIPT       : ServerPanel
SCRIPT       : SimpleAutorun
SCRIPT       : TTC_Optics
SCRIPT       : TTC_Pistols
SCRIPT       : TTC_Rifles
SCRIPT       : TTC_Shotguns
SCRIPT       : TTC_SMG
SCRIPT       : AVPPAdminTools
SCRIPT       : WindstrideClothing
SCRIPT       : FlipTransport
SCRIPT       : ZenSleep
SCRIPT       : BasicMap
SCRIPT       : CarCover
SCRIPT       : CompassHH
SCRIPT       : DZ_Expansion_ModStorage
SCRIPT       : JillsCollection
SCRIPT       : mm_backpacks
SCRIPT       : TF_UAZ5131
SCRIPT       : DZ_Expansion_Core
SCRIPT       : DZ_Expansion_Garage
SCRIPT       : DZ_Expansion_Groups
SCRIPT       : DZ_Expansion_Market
SCRIPT       : DZ_Expansion_Missions
SCRIPT       : DZ_Expansion_NameTags
SCRIPT       : DZ_Expansion_Navigation
SCRIPT       : DZ_Expansion_NotificationScheduler
SCRIPT       : DZ_Expansion_P2PMarket
SCRIPT       : DZ_Expansion_PersonalStorage
SCRIPT       : DZ_Expansion_PersonalStorageNew
SCRIPT       : DZ_Expansion_PlayerList
SCRIPT       : DZ_Expansion
SCRIPT       : DZ_Expansion_SpawnSelection
SCRIPT       : DZ_Expansion_VanillaFixes
SCRIPT       : DZ_Expansion_Vehicles
SCRIPT       : DZ_Expansion_Weapons
SCRIPT       : Base_Fortifications_Base
SCRIPT       : DZ_Expansion_AI
SCRIPT       : DZ_Expansion_BaseBuilding
SCRIPT       : DZ_Expansion_Book
SCRIPT       : DZ_Expansion_Chat
SCRIPT       : DZ_Expansion_Hardline
SCRIPT       : DZ_Expansion_Quests
SCRIPT       : DZ_Expansion_VirtualContainerStorage
SCRIPT       : DynamicHelicopters
SCRIPT       : KnockKnockAI
SCRIPT       : AIWarZones
SCRIPT       : [Nine] 'Nine_Settings' found, loading
SCRIPT       : 11.12.2025 18:40:00 [ServerPanelLogger]: Switching to logfile: $profile:/ServerPanel/Logs/ServerPanel_11-12-2025_18-40-00.log
SCRIPT       : [ServerPanel] 'ServerPanelConfigManager' Configuration file found...
SCRIPT       : [ServerPanel] 'ServerPanelConfigManager' Configuration loaded.
SCRIPT       : [BasicMap] Init Server
SCRIPT    (E): JSON ERROR $CurrentDir:mpmissions\Expansion.chernarusplus\init.c:97
SCRIPT    (E): [::JsonLoadFile] :: [ERROR] :: Cannot load data from "$profile:BasicMap\ServerMarkers.json":
JSON ERROR:
The document is empty.
Function: 'JsonLoadFile'
Stack trace:
scripts/3_Game/tools\jsonfileloader.c:129 Function JsonLoadFile
BasicMap/scripts/3_Game/basicmapcontroller.c:168 Function LoadServerMarkers
BasicMap/scripts/3_Game/basicmapcontroller.c:44 Function Init
BasicMap/scripts/5_Mission/mission\missionserver.c:4 Function MissionServer@372#1
$CurrentDir:mpmissions\Expansion.chernarusplus\init.c:97 Function CreateCustomMission
SCRIPT    (E): JSON ERROR $CurrentDir:mpmissions\Expansion.chernarusplus\init.c:97
SCRIPT    (E): [::JsonLoadFile] :: [ERROR] :: Cannot load data from "$profile:ExpansionMod\Loadouts\BanditLoadout.json":
JSON ERROR:
Invalid value.
Function: 'JsonLoadFile'
Stack trace:
scripts/3_Game/tools\jsonfileloader.c:129 Function JsonLoadFile
DayZExpansion/Core/Scripts/4_World/dayzexpansion_core\classes\prefab\expansionprefab.c:36 Function Load
DayZExpansion/Core/Scripts/4_World/dayzexpansion_core\classes\loadout\expansionloadout.c:35 Function Init
DayZExpansion/SpawnSelection/Scripts/5_Mission/dayzexpansion_spawnselection\mission\missionserver.c:31 Function MissionServer@548#16
$CurrentDir:mpmissions\Expansion.chernarusplus\init.c:97 Function CreateCustomMission
SCRIPT    (E): JSON ERROR $CurrentDir:mpmissions\Expansion.chernarusplus\init.c:97
SCRIPT    (E): [::JsonLoadFile] :: [ERROR] :: Cannot load data from "$profile:ExpansionMod\Loadouts\EastLoadout.json":
JSON ERROR:
Invalid value.
Function: 'JsonLoadFile'
Stack trace:
scripts/3_Game/tools\jsonfileloader.c:129 Function JsonLoadFile
DayZExpansion/Core/Scripts/4_World/dayzexpansion_core\classes\prefab\expansionprefab.c:36 Function Load
DayZExpansion/Core/Scripts/4_World/dayzexpansion_core\classes\loadout\expansionloadout.c:35 Function Init
DayZExpansion/SpawnSelection/Scripts/5_Mission/dayzexpansion_spawnselection\mission\missionserver.c:31 Function MissionServer@548#16
$CurrentDir:mpmissions\Expansion.chernarusplus\init.c:97 Function CreateCustomMission
SCRIPT    (E): JSON ERROR $CurrentDir:mpmissions\Expansion.chernarusplus\init.c:97
SCRIPT    (E): [::JsonLoadFile] :: [ERROR] :: Cannot load data from "$profile:ExpansionMod\Loadouts\HumanLoadout.json":
JSON ERROR:
Invalid value.
Function: 'JsonLoadFile'
Stack trace:
scripts/3_Game/tools\jsonfileloader.c:129 Function JsonLoadFile
DayZExpansion/Core/Scripts/4_World/dayzexpansion_core\classes\prefab\expansionprefab.c:36 Function Load
DayZExpansion/Core/Scripts/4_World/dayzexpansion_core\classes\loadout\expansionloadout.c:35 Function Init
DayZExpansion/SpawnSelection/Scripts/5_Mission/dayzexpansion_spawnselection\mission\missionserver.c:31 Function MissionServer@548#16
$CurrentDir:mpmissions\Expansion.chernarusplus\init.c:97 Function CreateCustomMission
SCRIPT    (E): JSON ERROR $CurrentDir:mpmissions\Expansion.chernarusplus\init.c:97
SCRIPT    (E): [::JsonLoadFile] :: [ERROR] :: Cannot load data from "$profile:ExpansionMod\Loadouts\WestLoadout.json":
JSON ERROR:
Invalid value.
Function: 'JsonLoadFile'
Stack trace:
scripts/3_Game/tools\jsonfileloader.c:129 Function JsonLoadFile
DayZExpansion/Core/Scripts/4_World/dayzexpansion_core\classes\prefab\expansionprefab.c:36 Function Load
DayZExpansion/Core/Scripts/4_World/dayzexpansion_core\classes\loadout\expansionloadout.c:35 Function Init
DayZExpansion/SpawnSelection/Scripts/5_Mission/dayzexpansion_spawnselection\mission\missionserver.c:31 Function MissionServer@548#16
$CurrentDir:mpmissions\Expansion.chernarusplus\init.c:97 Function CreateCustomMission
SCRIPT       : [MedicalAttention] config.txt >> Tiredness					= 0
SCRIPT       : [MedicalAttention] config.txt >> 
SCRIPT       : [MedicalAttention] config.txt >> 	TireTime (minutes)			= 210
SCRIPT       : [MedicalAttention] config.txt >> 	EyeClosingPoint  (percent)		= 19
SCRIPT       : [MedicalAttention] config.txt >> 	TextReports				= 0
SCRIPT       : [MedicalAttention] config.txt >> 	EnergizingDrinkGain (percent)		= 20
SCRIPT       : [MedicalAttention] config.txt >> 	EnergizingDrinkClass			= SodaCan_Cola
SCRIPT       : [MedicalAttention] config.txt >> 	EnergizingDrinkClass			= SodaCan_Pipsi
SCRIPT       : [MedicalAttention] config.txt >> 	EnergizingDrinkClass			= SodaCan_Spite
SCRIPT       : [MedicalAttention] config.txt >> 
SCRIPT       : [MedicalAttention] config.txt >> 	SleepingBagClass = MediumTent
SCRIPT       : [MedicalAttention] config.txt >> 
SCRIPT       : [MedicalAttention] config.txt >> 	SleepingDOF				= 0
SCRIPT       : [MedicalAttention] config.txt >> 
SCRIPT       : [MedicalAttention] config.txt >> ZombieBleedChance (percent)			= 20
SCRIPT       : [MedicalAttention] config.txt >> ZombieSalmonellaChance (percent)		= 5
SCRIPT       : [MedicalAttention] config.txt >> WoundInfectionChance (percent)			= 15
SCRIPT       : [MedicalAttention] config.txt >> ZombieArmFractureChance (percent)		= 33
SCRIPT       : [MedicalAttention] config.txt >> FeverActive					= 1
SCRIPT       : [MedicalAttention] config.txt >> BrainDisease					= 1
SCRIPT       : [MedicalAttention] config.txt >> AntibioticsStrength				= 4
SCRIPT       : [MedicalAttention] config.txt >> SalineBloodRegen				= 0
SCRIPT       : [MedicalAttention] config.txt >> TestBloodSelf					= 1
SCRIPT       : [MedicalAttention] config.txt >> TestBloodTarget					= 1
SCRIPT       : [MedicalAttention] config.txt >> TestBloodToxin					= 1
SCRIPT       : [MedicalAttention] config.txt >> 
SCRIPT       : [MedicalAttention] config.txt >> 
SCRIPT       : [MedicalAttention] config.txt >> AlcoholicDrinkClass				= SodaCan_Kvass
SCRIPT       : [MedicalAttention] config.txt >> AlcoholicDrinkClass				= DisinfectantAlcohol = 3.5
SCRIPT       : [MedicalAttention] config.txt >> 
SCRIPT       : [MedicalAttention] config.txt >> AlcoholicLiquid				= Beer
SCRIPT       : [MedicalAttention] config.txt >> AlcoholicLiquid				= Vodka = 2
SCRIPT       : [MedicalAttention] config.txt >> 
SCRIPT       : [MedicalAttention] config.txt >> 
SCRIPT       : [MedicalAttention] config.txt >> ZoneType = Biohazard
SCRIPT       : [MedicalAttention] config.txt >> ZoneChance (percent) = 100
SCRIPT       : [MedicalAttention] config.txt >> Active
SCRIPT       : [MedicalAttention] config.txt >> ZoneCenter (X Y Z) = 1695.40 0 14042.22
SCRIPT       : [MedicalAttention] config.txt >> ZoneRadiusMin = 675
SCRIPT       : [MedicalAttention] config.txt >> ZoneRadiusMax = 725
SCRIPT       : [MedicalAttention] config.txt >> Random zone radius 679.086
SCRIPT       : [MedicalAttention] config.txt >> ZoneMsgIn = CAUTION: YOU ARE IN A BIOHAZARD ZONE
SCRIPT       : [MedicalAttention] config.txt >> ZoneMsgOut = YOU LEFT THE BIOHAZARD ZONE
SCRIPT       : [MedicalAttention] config.txt >> 
SCRIPT       : [MedicalAttention] config.txt >> ToxinAccumulationTimeMin = 5
SCRIPT       : [MedicalAttention] config.txt >> ToxinAccumulationTimeMax = 60
SCRIPT       : [MedicalAttention] config.txt >> 
SCRIPT       : [MedicalAttention] config.txt >> ProtectionSuit = NBCBootsGray = 10
SCRIPT       : [MedicalAttention] config.txt >> ProtectionSuit = NBCGlovesGray = 10
SCRIPT       : [MedicalAttention] config.txt >> ProtectionSuit = NBCHoodGray = 10
SCRIPT       : [MedicalAttention] config.txt >> ProtectionSuit = NBCJacketGray = 20
SCRIPT       : [MedicalAttention] config.txt >> ProtectionSuit = NBCPantsGray = 20
SCRIPT       : [MedicalAttention] config.txt >> 
SCRIPT       : [MedicalAttention] config.txt >> ProtectionSuit = GP5GasMask = 150 = 1
SCRIPT       : [MedicalAttention] config.txt >> ProtectionSuit = GasMask = 150 = 1
SCRIPT       : [ExpansionAIRaids] MissionServer OnInit called
SCRIPT       : [ExpansionAIRaids] Server detected, initializing AI Raids Manager...
SCRIPT       : [ExpansionAIRaidsSettings] Constructor called
SCRIPT       : [ExpansionAIRaidsSettings] Loading settings...
SCRIPT       : [ExpansionAIRaidsSettings] Settings file exists, loading: $profile:ExpansionMod/Settings/AIRaidSettings.json
SCRIPT       : [ExpansionAIRaidsSettings] Detected Version 1 config - upgrading to Version 2
SCRIPT       : [ExpansionAIRaidsSettings] Adding new ExtraAICountPerPlayer setting while keeping existing values
SCRIPT       : [ExpansionAIRaidsSettings] Saving settings to: $profile:ExpansionMod/Settings/AIRaidSettings.json
SCRIPT       : [ExpansionAIRaidsSettings] Config successfully upgraded from Version 1 to Version 2
SCRIPT       : [ExpansionAIRaidsSettings] New setting: ExtraAICountPerPlayer = 2
SCRIPT       : [ExpansionAIRaidsSettings] Settings loaded. Enabled: true, RaidChance: 0.5, ExtraAICountPerPlayer: 2
SCRIPT       : [ExpansionAIRaidsManager] Settings loaded - Enabled: true
SCRIPT       : [ExpansionAIRaidsManager] Constructor completed successfully
SCRIPT       : [ExpansionAIRaids] AI Raids system successfully initialized on server
SCRIPT       : [MissionServer] OnInit - Server
SCRIPT       : [AYSA] [KNOCK KNOCK AI] 
SCRIPT       : [AYSA] ----- Loading cfg -----
SCRIPT       : [AYSA] --------------
SCRIPT       : [AYSA] [KNOCK KNOCK AI] enabled
SCRIPT       : [AYSA] --------------
SCRIPT       : [AYSA] [AI WAR ZONES] 
SCRIPT       : [AYSA] ----- Loading cfg -----
SCRIPT       : [AYSA] [AI WAR ZONES] --> config loaded, zone count: 6
SCRIPT       : [AYSA] [AI WAR ZONES] --> Zone[0]: The Battle Of Berezino
SCRIPT       : [AYSA] [AI WAR ZONES] --> Zone[1]: The Raid At Vybor
SCRIPT       : [AYSA] [AI WAR ZONES] --> Zone[2]: Situation at Krasnostav PD
SCRIPT       : [AYSA] [AI WAR ZONES] --> Zone[3]: Chernogorsk PD Raid
SCRIPT       : [AYSA] [AI WAR ZONES] --> Zone[4]: Electro Street Fights
SCRIPT       : [AYSA] [AI WAR ZONES] --> Zone[5]: The Fight For Control - NWAF
SCRIPT       : [MissionServer] OnMissionStart - Server
SCRIPT       : string dirtyName = 'BathtubBallersTest'
SCRIPT       : ExpansionZonePolygon<fbe2b5f0> position=<12015.854492, 0.000000, 12591.097656> radius=419.633
SCRIPT       : ExpansionZoneCircle<fb9dd6f0> position=<1143.140015, 0.000000, 2423.270020> radius=700
SCRIPT       : ExpansionZoneCircle<fb9dd630> position=<3728.270020, 0.000000, 6003.600098> radius=500
SCRIPT       : Found 3 zones!
SCRIPT       : m_LoginTimeMs: 16200
SCRIPT       : [ExpansionAIRaidsManager] Running raid check cycle...
SCRIPT       : [ExpansionAIRaidsManager] CheckForNewRaids called
SCRIPT       : [ExpansionAIRaidsManager] Starting raid check for all online players...
SCRIPT       : [ExpansionAIRaidsManager] Found 0 online players
SCRIPT       : [ExpansionAIRaidsManager] No players online, skipping raid checks
SCRIPT       : [ExpansionAIRaidsManager] Running raid check cycle...
SCRIPT       : [ExpansionAIRaidsManager] CheckForNewRaids called
SCRIPT       : [ExpansionAIRaidsManager] Starting raid check for all online players...
SCRIPT       : [ExpansionAIRaidsManager] Found 0 online players
SCRIPT       : [ExpansionAIRaidsManager] No players online, skipping raid checks
SCRIPT       : [ExpansionAIRaidsManager] Running raid check cycle...
SCRIPT       : [ExpansionAIRaidsManager] CheckForNewRaids called
SCRIPT       : [ExpansionAIRaidsManager] Starting raid check for all online players...
SCRIPT       : [ExpansionAIRaidsManager] Found 0 online players
SCRIPT       : [ExpansionAIRaidsManager] No players online, skipping raid checks
SCRIPT       : [ExpansionAIRaidsManager] Running raid check cycle...
SCRIPT       : [ExpansionAIRaidsManager] CheckForNewRaids called
SCRIPT       : [ExpansionAIRaidsManager] Starting raid check for all online players...
SCRIPT       : [ExpansionAIRaidsManager] Found 0 online players
SCRIPT       : [ExpansionAIRaidsManager] No players online, skipping raid checks
SCRIPT       : [ExpansionAIRaidsManager] Running raid check cycle...
SCRIPT       : [ExpansionAIRaidsManager] CheckForNewRaids called
SCRIPT       : [ExpansionAIRaidsManager] Starting raid check for all online players...
SCRIPT       : [ExpansionAIRaidsManager] Found 0 online players
SCRIPT       : [ExpansionAIRaidsManager] No players online, skipping raid checks
SCRIPT       : [ExpansionAIRaidsManager] Running raid check cycle...
SCRIPT       : [ExpansionAIRaidsManager] CheckForNewRaids called
SCRIPT       : [ExpansionAIRaidsManager] Starting raid check for all online players...
SCRIPT       : [ExpansionAIRaidsManager] Found 0 online players
SCRIPT       : [ExpansionAIRaidsManager] No players online, skipping raid checks
SCRIPT       : [AYSA] [KNOCK KNOCK AI] 
SCRIPT       : [AYSA] ----- Sending cfg -----
SCRIPT       : [AYSA] ----- Vex -----
SCRIPT       : [AYSA] [AI WAR ZONES] 
SCRIPT       : [AYSA] ----- Sending cfg -----
SCRIPT       : [AYSA] ----- Vex -----
SCRIPT       : [ExpansionAIRaidsManager] Running raid check cycle...
SCRIPT       : [ExpansionAIRaidsManager] CheckForNewRaids called
SCRIPT       : [ExpansionAIRaidsManager] Starting raid check for all online players...
SCRIPT       : [ExpansionAIRaidsManager] Found 0 online players
SCRIPT       : [ExpansionAIRaidsManager] No players online, skipping raid checks
SCRIPT       : ---- PlayerBase OnStoreLoad SUCCESS ----
SCRIPT       : [VPPAT] Player "Vex" (steamId=76561198040522771) connected to server!
SCRIPT       : [PlayerListManager] AddReceiver ► added: PlayerIdentity<fc3344a0>
SCRIPT       : [MedicalAttention] OnPlayerLoaded()
SCRIPT       : [MedicalAttention] Zone type 4 active at <1695.400024, 0.000000, 14042.219727> with radius 679.086 and infinite height (cylinder) for player Vex
SCRIPT       : [ZenSleep::ZenSleepEffectHandlerServer] Initialized 6ZR6jg8ii-k-yNsuz745gya8XHU7vZ-Sv_nUgBA2b2M=
SCRIPT       : [ExpansionAIRaidsManager] Running raid check cycle...
SCRIPT       : [ExpansionAIRaidsManager] CheckForNewRaids called
SCRIPT       : [ExpansionAIRaidsManager] Starting raid check for all online players...
SCRIPT       : [ExpansionAIRaidsManager] Found 1 online players
SCRIPT       : [ExpansionAIRaidsManager] Getting all territory flags via ExpansionTerritoryModule...
SCRIPT       : [ExpansionAIRaidsManager] Found 0 territory flags to check
SCRIPT       : [Permissions Manager] Admin (Vex) (76561198040522771) Successfully Logged in!
SCRIPT       : [ExpansionAIRaidsManager] Running raid check cycle...
SCRIPT       : [ExpansionAIRaidsManager] CheckForNewRaids called
SCRIPT       : [ExpansionAIRaidsManager] Starting raid check for all online players...
SCRIPT       : [ExpansionAIRaidsManager] Found 1 online players
SCRIPT       : [ExpansionAIRaidsManager] Getting all territory flags via ExpansionTerritoryModule...
SCRIPT       : [ExpansionAIRaidsManager] Found 0 territory flags to check
SCRIPT       : [ExpansionAIRaidsManager] Running raid check cycle...
SCRIPT       : [ExpansionAIRaidsManager] CheckForNewRaids called
SCRIPT       : [ExpansionAIRaidsManager] Starting raid check for all online players...
SCRIPT       : [ExpansionAIRaidsManager] Found 1 online players
SCRIPT       : [ExpansionAIRaidsManager] Getting all territory flags via ExpansionTerritoryModule...
SCRIPT       : [ExpansionAIRaidsManager] Found 0 territory flags to check
SCRIPT    (E): JSON ERROR DayZExpansion/Core/Scripts/3_Game/dayzexpansion_core\dayzgame.c:268
SCRIPT    (E): [::JsonLoadFile] :: [ERROR] :: Cannot load data from "$profile:ExpansionMod\Loadouts\WestLoadout.json":
JSON ERROR:
Invalid value.
Function: 'JsonLoadFile'
Stack trace:
scripts/3_Game/tools\jsonfileloader.c:129 Function JsonLoadFile
DayZExpansion/Core/Scripts/4_World/dayzexpansion_core\classes\prefab\expansionprefab.c:36 Function Load
DayZExpansion/Core/Scripts/4_World/dayzexpansion_core\classes\loadout\expansionloadout.c:3209 Function Apply
DayZExpansion/AI/Scripts/4_World/dayzexpansion_ai\classes\eaicommandmanagerclient.c:367 Function SpawnAIEx
DayZExpansion/AI/Scripts/4_World/dayzexpansion_ai\classes\eaicommandmanagerclient.c:380 Function SpawnAI_Sentry
DayZExpansion/AI/Scripts/4_World/dayzexpansion_ai\classes\eaicommandmanagerclient.c:462 Function RPC_SpawnAI
DayZExpansion/Core/Scripts/3_Game/dayzexpansion_core\expansionrpcmanager.c:558 Function OnRPC#439082
DayZExpansion/Core/Scripts/3_Game/dayzexpansion_core\expansionrpcmanager.c:523 Function OnRPC
DayZExpansion/Core/Scripts/3_Game/dayzexpansion_core\dayzgame.c:268 Function OnRPC
SCRIPT       : [ExpansionAIRaidsManager] Running raid check cycle...
SCRIPT       : [ExpansionAIRaidsManager] CheckForNewRaids called
SCRIPT       : [ExpansionAIRaidsManager] Starting raid check for all online players...
SCRIPT       : [ExpansionAIRaidsManager] Found 1 online players
SCRIPT       : [ExpansionAIRaidsManager] Getting all territory flags via ExpansionTerritoryModule...
SCRIPT       : [ExpansionAIRaidsManager] Found 0 territory flags to check
SCRIPT    (E): JSON ERROR DayZExpansion/Core/Scripts/3_Game/dayzexpansion_core\dayzgame.c:268
SCRIPT    (E): [::JsonLoadFile] :: [ERROR] :: Cannot load data from "$profile:ExpansionMod\Loadouts\Humanloadout.json":
JSON ERROR:
Invalid value.
Function: 'JsonLoadFile'
Stack trace:
scripts/3_Game/tools\jsonfileloader.c:129 Function JsonLoadFile
DayZExpansion/Core/Scripts/4_World/dayzexpansion_core\classes\prefab\expansionprefab.c:36 Function Load
DayZExpansion/Core/Scripts/4_World/dayzexpansion_core\classes\loadout\expansionloadout.c:3209 Function Apply
DayZExpansion/AI/Scripts/4_World/dayzexpansion_ai\classes\eaicommandmanagerclient.c:367 Function SpawnAIEx
DayZExpansion/AI/Scripts/4_World/dayzexpansion_ai\classes\eaicommandmanagerclient.c:380 Function SpawnAI_Sentry
DayZExpansion/AI/Scripts/4_World/dayzexpansion_ai\classes\eaicommandmanagerclient.c:462 Function RPC_SpawnAI
DayZExpansion/Core/Scripts/3_Game/dayzexpansion_core\expansionrpcmanager.c:558 Function OnRPC#439082
DayZExpansion/Core/Scripts/3_Game/dayzexpansion_core\expansionrpcmanager.c:523 Function OnRPC
DayZExpansion/Core/Scripts/3_Game/dayzexpansion_core\dayzgame.c:268 Function OnRPC
SCRIPT    (E): JSON ERROR DayZExpansion/Core/Scripts/3_Game/dayzexpansion_core\dayzgame.c:268
SCRIPT    (E): [::JsonLoadFile] :: [ERROR] :: Cannot load data from "$profile:ExpansionMod\Loadouts\EastLoadout.json":
JSON ERROR:
Invalid value.
Function: 'JsonLoadFile'
Stack trace:
scripts/3_Game/tools\jsonfileloader.c:129 Function JsonLoadFile
DayZExpansion/Core/Scripts/4_World/dayzexpansion_core\classes\prefab\expansionprefab.c:36 Function Load
DayZExpansion/Core/Scripts/4_World/dayzexpansion_core\classes\loadout\expansionloadout.c:3209 Function Apply
DayZExpansion/AI/Scripts/4_World/dayzexpansion_ai\classes\eaicommandmanagerclient.c:367 Function SpawnAIEx
DayZExpansion/AI/Scripts/4_World/dayzexpansion_ai\classes\eaicommandmanagerclient.c:380 Function SpawnAI_Sentry
DayZExpansion/AI/Scripts/4_World/dayzexpansion_ai\classes\eaicommandmanagerclient.c:462 Function RPC_SpawnAI
DayZExpansion/Core/Scripts/3_Game/dayzexpansion_core\expansionrpcmanager.c:558 Function OnRPC#439082
DayZExpansion/Core/Scripts/3_Game/dayzexpansion_core\expansionrpcmanager.c:523 Function OnRPC
DayZExpansion/Core/Scripts/3_Game/dayzexpansion_core\dayzgame.c:268 Function OnRPC
SCRIPT       : [ExpansionAIRaidsManager] Running raid check cycle...
SCRIPT       : [ExpansionAIRaidsManager] CheckForNewRaids called
SCRIPT       : [ExpansionAIRaidsManager] Starting raid check for all online players...
SCRIPT       : [ExpansionAIRaidsManager] Found 1 online players
SCRIPT       : [ExpansionAIRaidsManager] Getting all territory flags via ExpansionTerritoryModule...
SCRIPT       : [ExpansionAIRaidsManager] Found 0 territory flags to check
SCRIPT       : [ExpansionAIRaidsManager] Running raid check cycle...
SCRIPT       : [ExpansionAIRaidsManager] CheckForNewRaids called
SCRIPT       : [ExpansionAIRaidsManager] Starting raid check for all online players...
SCRIPT       : [ExpansionAIRaidsManager] Found 1 online players
SCRIPT       : [ExpansionAIRaidsManager] Getting all territory flags via ExpansionTerritoryModule...
SCRIPT       : [ExpansionAIRaidsManager] Found 0 territory flags to check
SCRIPT       : [ExpansionAIRaidsManager] Running raid check cycle...
SCRIPT       : [ExpansionAIRaidsManager] CheckForNewRaids called
SCRIPT       : [ExpansionAIRaidsManager] Starting raid check for all online players...
SCRIPT       : [ExpansionAIRaidsManager] Found 1 online players
SCRIPT       : [ExpansionAIRaidsManager] Getting all territory flags via ExpansionTerritoryModule...
SCRIPT       : [ExpansionAIRaidsManager] Found 0 territory flags to check
SCRIPT       : [ExpansionAIRaidsManager] Running raid check cycle...
SCRIPT       : [ExpansionAIRaidsManager] CheckForNewRaids called
SCRIPT       : [ExpansionAIRaidsManager] Starting raid check for all online players...
SCRIPT       : [ExpansionAIRaidsManager] Found 1 online players
SCRIPT       : [ExpansionAIRaidsManager] Getting all territory flags via ExpansionTerritoryModule...
SCRIPT       : [ExpansionAIRaidsManager] Found 0 territory flags to check
SCRIPT       : [ExpansionAIRaidsManager] Running raid check cycle...
SCRIPT       : [ExpansionAIRaidsManager] CheckForNewRaids called
SCRIPT       : [ExpansionAIRaidsManager] Starting raid check for all online players...
SCRIPT       : [ExpansionAIRaidsManager] Found 1 online players
SCRIPT       : [ExpansionAIRaidsManager] Getting all territory flags via ExpansionTerritoryModule...
SCRIPT       : [ExpansionAIRaidsManager] Found 0 territory flags to check
SCRIPT       : [ExpansionAIRaidsManager] Running raid check cycle...
SCRIPT       : [ExpansionAIRaidsManager] CheckForNewRaids called
SCRIPT       : [ExpansionAIRaidsManager] Starting raid check for all online players...
SCRIPT       : [ExpansionAIRaidsManager] Found 1 online players
SCRIPT       : [ExpansionAIRaidsManager] Getting all territory flags via ExpansionTerritoryModule...
SCRIPT       : [ExpansionAIRaidsManager] Found 0 territory flags to check
SCRIPT       : [ExpansionAIRaidsManager] Running raid check cycle...
SCRIPT       : [ExpansionAIRaidsManager] CheckForNewRaids called
SCRIPT       : [ExpansionAIRaidsManager] Starting raid check for all online players...
SCRIPT       : [ExpansionAIRaidsManager] Found 1 online players
SCRIPT       : [ExpansionAIRaidsManager] Getting all territory flags via ExpansionTerritoryModule...
SCRIPT       : [ExpansionAIRaidsManager] Found 0 territory flags to check
SCRIPT       : [ExpansionAIRaidsManager] Running raid check cycle...
SCRIPT       : [ExpansionAIRaidsManager] CheckForNewRaids called
SCRIPT       : [ExpansionAIRaidsManager] Starting raid check for all online players...
SCRIPT       : [ExpansionAIRaidsManager] Found 1 online players
SCRIPT       : [ExpansionAIRaidsManager] Getting all territory flags via ExpansionTerritoryModule...
SCRIPT       : [ExpansionAIRaidsManager] Found 0 territory flags to check
SCRIPT       : [ExpansionAIRaidsManager] Running raid check cycle...
SCRIPT       : [ExpansionAIRaidsManager] CheckForNewRaids called
SCRIPT       : [ExpansionAIRaidsManager] Starting raid check for all online players...
SCRIPT       : [ExpansionAIRaidsManager] Found 1 online players
SCRIPT       : [ExpansionAIRaidsManager] Getting all territory flags via ExpansionTerritoryModule...
SCRIPT       : [ExpansionAIRaidsManager] Found 0 territory flags to check
SCRIPT       : [ExpansionAIRaidsManager] Running raid check cycle...
SCRIPT       : [ExpansionAIRaidsManager] CheckForNewRaids called
SCRIPT       : [ExpansionAIRaidsManager] Starting raid check for all online players...
SCRIPT       : [ExpansionAIRaidsManager] Found 1 online players
SCRIPT       : [ExpansionAIRaidsManager] Getting all territory flags via ExpansionTerritoryModule...
SCRIPT       : [ExpansionAIRaidsManager] Found 0 territory flags to check
SCRIPT       : [ExpansionAIRaidsManager] Running raid check cycle...
SCRIPT       : [ExpansionAIRaidsManager] CheckForNewRaids called
SCRIPT       : [ExpansionAIRaidsManager] Starting raid check for all online players...
SCRIPT       : [ExpansionAIRaidsManager] Found 1 online players
SCRIPT       : [ExpansionAIRaidsManager] Getting all territory flags via ExpansionTerritoryModule...
SCRIPT       : [ExpansionAIRaidsManager] Found 0 territory flags to check
SCRIPT       : [ExpansionAIRaidsManager] Running raid check cycle...
SCRIPT       : [ExpansionAIRaidsManager] CheckForNewRaids called
SCRIPT       : [ExpansionAIRaidsManager] Starting raid check for all online players...
SCRIPT       : [ExpansionAIRaidsManager] Found 1 online players
SCRIPT       : [ExpansionAIRaidsManager] Getting all territory flags via ExpansionTerritoryModule...
SCRIPT       : [ExpansionAIRaidsManager] Found 0 territory flags to check
SCRIPT       : [ExpansionAIRaidsManager] Running raid check cycle...
SCRIPT       : [ExpansionAIRaidsManager] CheckForNewRaids called
SCRIPT       : [ExpansionAIRaidsManager] Starting raid check for all online players...
SCRIPT       : [ExpansionAIRaidsManager] Found 1 online players
SCRIPT       : [ExpansionAIRaidsManager] Getting all territory flags via ExpansionTerritoryModule...
SCRIPT       : [ExpansionAIRaidsManager] Found 0 territory flags to check
SCRIPT       : [ExpansionAIRaidsManager] Running raid check cycle...
SCRIPT       : [ExpansionAIRaidsManager] CheckForNewRaids called
SCRIPT       : [ExpansionAIRaidsManager] Starting raid check for all online players...
SCRIPT       : [ExpansionAIRaidsManager] Found 1 online players
SCRIPT       : [ExpansionAIRaidsManager] Getting all territory flags via ExpansionTerritoryModule...
SCRIPT       : [ExpansionAIRaidsManager] Found 0 territory flags to check
SCRIPT       : [ExpansionAIRaidsManager] Running raid check cycle...
SCRIPT       : [ExpansionAIRaidsManager] CheckForNewRaids called
SCRIPT       : [ExpansionAIRaidsManager] Starting raid check for all online players...
SCRIPT       : [ExpansionAIRaidsManager] Found 1 online players
SCRIPT       : [ExpansionAIRaidsManager] Getting all territory flags via ExpansionTerritoryModule...
SCRIPT       : [ExpansionAIRaidsManager] Found 0 territory flags to check
SCRIPT       : [ExpansionAIRaidsManager] Running raid check cycle...
SCRIPT       : [ExpansionAIRaidsManager] CheckForNewRaids called
SCRIPT       : [ExpansionAIRaidsManager] Starting raid check for all online players...
SCRIPT       : [ExpansionAIRaidsManager] Found 1 online players
SCRIPT       : [ExpansionAIRaidsManager] Getting all territory flags via ExpansionTerritoryModule...
SCRIPT       : [ExpansionAIRaidsManager] Found 0 territory flags to check
SCRIPT       : [ExpansionAIRaidsManager] Running raid check cycle...
SCRIPT       : [ExpansionAIRaidsManager] CheckForNewRaids called
SCRIPT       : [ExpansionAIRaidsManager] Starting raid check for all online players...
SCRIPT       : [ExpansionAIRaidsManager] Found 1 online players
SCRIPT       : [ExpansionAIRaidsManager] Getting all territory flags via ExpansionTerritoryModule...
SCRIPT       : [ExpansionAIRaidsManager] Found 0 territory flags to check
SCRIPT       : [ExpansionAIRaidsManager] Running raid check cycle...
SCRIPT       : [ExpansionAIRaidsManager] CheckForNewRaids called
SCRIPT       : [ExpansionAIRaidsManager] Starting raid check for all online players...
SCRIPT       : [ExpansionAIRaidsManager] Found 1 online players
SCRIPT       : [ExpansionAIRaidsManager] Getting all territory flags via ExpansionTerritoryModule...
SCRIPT       : [ExpansionAIRaidsManager] Found 0 territory flags to check
SCRIPT       : [ExpansionAIRaidsManager] Running raid check cycle...
SCRIPT       : [ExpansionAIRaidsManager] CheckForNewRaids called
SCRIPT       : [ExpansionAIRaidsManager] Starting raid check for all online players...
SCRIPT       : [ExpansionAIRaidsManager] Found 1 online players
SCRIPT       : [ExpansionAIRaidsManager] Getting all territory flags via ExpansionTerritoryModule...
SCRIPT       : [ExpansionAIRaidsManager] Found 0 territory flags to check
SCRIPT       : [ExpansionAIRaidsManager] Running raid check cycle...
SCRIPT       : [ExpansionAIRaidsManager] CheckForNewRaids called
SCRIPT       : [ExpansionAIRaidsManager] Starting raid check for all online players...
SCRIPT       : [ExpansionAIRaidsManager] Found 1 online players
SCRIPT       : [ExpansionAIRaidsManager] Getting all territory flags via ExpansionTerritoryModule...
SCRIPT       : [ExpansionAIRaidsManager] Found 0 territory flags to check
SCRIPT       : [ExpansionAIRaidsManager] Running raid check cycle...
SCRIPT       : [ExpansionAIRaidsManager] CheckForNewRaids called
SCRIPT       : [ExpansionAIRaidsManager] Starting raid check for all online players...
SCRIPT       : [ExpansionAIRaidsManager] Found 1 online players
SCRIPT       : [ExpansionAIRaidsManager] Getting all territory flags via ExpansionTerritoryModule...
SCRIPT       : [ExpansionAIRaidsManager] Found 0 territory flags to check
SCRIPT       : [ExpansionAIRaidsManager] Running raid check cycle...
SCRIPT       : [ExpansionAIRaidsManager] CheckForNewRaids called
SCRIPT       : [ExpansionAIRaidsManager] Starting raid check for all online players...
SCRIPT       : [ExpansionAIRaidsManager] Found 1 online players
SCRIPT       : [ExpansionAIRaidsManager] Getting all territory flags via ExpansionTerritoryModule...
SCRIPT       : [ExpansionAIRaidsManager] Found 0 territory flags to check
SCRIPT       : [ExpansionAIRaidsManager] Running raid check cycle...
SCRIPT       : [ExpansionAIRaidsManager] CheckForNewRaids called
SCRIPT       : [ExpansionAIRaidsManager] Starting raid check for all online players...
SCRIPT       : [ExpansionAIRaidsManager] Found 1 online players
SCRIPT       : [ExpansionAIRaidsManager] Getting all territory flags via ExpansionTerritoryModule...
SCRIPT       : [ExpansionAIRaidsManager] Found 0 territory flags to check
SCRIPT       : [ExpansionAIRaidsManager] Running raid check cycle...
SCRIPT       : [ExpansionAIRaidsManager] CheckForNewRaids called
SCRIPT       : [ExpansionAIRaidsManager] Starting raid check for all online players...
SCRIPT       : [ExpansionAIRaidsManager] Found 1 online players
SCRIPT       : [ExpansionAIRaidsManager] Getting all territory flags via ExpansionTerritoryModule...
SCRIPT       : [ExpansionAIRaidsManager] Found 0 territory flags to check
SCRIPT       : [ExpansionAIRaidsManager] Running raid check cycle...
SCRIPT       : [ExpansionAIRaidsManager] CheckForNewRaids called
SCRIPT       : [ExpansionAIRaidsManager] Starting raid check for all online players...
SCRIPT       : [ExpansionAIRaidsManager] Found 1 online players
SCRIPT       : [ExpansionAIRaidsManager] Getting all territory flags via ExpansionTerritoryModule...
SCRIPT       : [ExpansionAIRaidsManager] Found 0 territory flags to check
SCRIPT       : [ExpansionAIRaidsManager] Running raid check cycle...
SCRIPT       : [ExpansionAIRaidsManager] CheckForNewRaids called
SCRIPT       : [ExpansionAIRaidsManager] Starting raid check for all online players...
SCRIPT       : [ExpansionAIRaidsManager] Found 1 online players
SCRIPT       : [ExpansionAIRaidsManager] Getting all territory flags via ExpansionTerritoryModule...
SCRIPT       : [ExpansionAIRaidsManager] Found 0 territory flags to check
SCRIPT       : [ExpansionAIRaidsManager] Running raid check cycle...
SCRIPT       : [ExpansionAIRaidsManager] CheckForNewRaids called
SCRIPT       : [ExpansionAIRaidsManager] Starting raid check for all online players...
SCRIPT       : [ExpansionAIRaidsManager] Found 1 online players
SCRIPT       : [ExpansionAIRaidsManager] Getting all territory flags via ExpansionTerritoryModule...
SCRIPT       : [ExpansionAIRaidsManager] Found 0 territory flags to check
SCRIPT       : [ExpansionAIRaidsManager] Running raid check cycle...
SCRIPT       : [ExpansionAIRaidsManager] CheckForNewRaids called
SCRIPT       : [ExpansionAIRaidsManager] Starting raid check for all online players...
SCRIPT       : [ExpansionAIRaidsManager] Found 1 online players
SCRIPT       : [ExpansionAIRaidsManager] Getting all territory flags via ExpansionTerritoryModule...
SCRIPT       : [ExpansionAIRaidsManager] Found 0 territory flags to check
SCRIPT       : [ExpansionAIRaidsManager] Running raid check cycle...
SCRIPT       : [ExpansionAIRaidsManager] CheckForNewRaids called
SCRIPT       : [ExpansionAIRaidsManager] Starting raid check for all online players...
SCRIPT       : [ExpansionAIRaidsManager] Found 1 online players
SCRIPT       : [ExpansionAIRaidsManager] Getting all territory flags via ExpansionTerritoryModule...
SCRIPT       : [ExpansionAIRaidsManager] Found 0 territory flags to check
SCRIPT       : [ExpansionAIRaidsManager] Running raid check cycle...
SCRIPT       : [ExpansionAIRaidsManager] CheckForNewRaids called
SCRIPT       : [ExpansionAIRaidsManager] Starting raid check for all online players...
SCRIPT       : [ExpansionAIRaidsManager] Found 1 online players
SCRIPT       : [ExpansionAIRaidsManager] Getting all territory flags via ExpansionTerritoryModule...
SCRIPT       : [ExpansionAIRaidsManager] Found 0 territory flags to check
SCRIPT       : [ExpansionAIRaidsManager] Running raid check cycle...
SCRIPT       : [ExpansionAIRaidsManager] CheckForNewRaids called
SCRIPT       : [ExpansionAIRaidsManager] Starting raid check for all online players...
SCRIPT       : [ExpansionAIRaidsManager] Found 1 online players
SCRIPT       : [ExpansionAIRaidsManager] Getting all territory flags via ExpansionTerritoryModule...
SCRIPT       : [ExpansionAIRaidsManager] Found 0 territory flags to check
SCRIPT       : [ExpansionAIRaidsManager] Running raid check cycle...
SCRIPT       : [ExpansionAIRaidsManager] CheckForNewRaids called
SCRIPT       : [ExpansionAIRaidsManager] Starting raid check for all online players...
SCRIPT       : [ExpansionAIRaidsManager] Found 1 online players
SCRIPT       : [ExpansionAIRaidsManager] Getting all territory flags via ExpansionTerritoryModule...
SCRIPT       : [ExpansionAIRaidsManager] Found 0 territory flags to check
SCRIPT       : [ExpansionAIRaidsManager] Running raid check cycle...
SCRIPT       : [ExpansionAIRaidsManager] CheckForNewRaids called
SCRIPT       : [ExpansionAIRaidsManager] Starting raid check for all online players...
SCRIPT       : [ExpansionAIRaidsManager] Found 1 online players
SCRIPT       : [ExpansionAIRaidsManager] Getting all territory flags via ExpansionTerritoryModule...
SCRIPT       : [ExpansionAIRaidsManager] Found 0 territory flags to check
SCRIPT       : [ExpansionAIRaidsManager] Running raid check cycle...
SCRIPT       : [ExpansionAIRaidsManager] CheckForNewRaids called
SCRIPT       : [ExpansionAIRaidsManager] Starting raid check for all online players...
SCRIPT       : [ExpansionAIRaidsManager] Found 1 online players
SCRIPT       : [ExpansionAIRaidsManager] Getting all territory flags via ExpansionTerritoryModule...
SCRIPT       : [ExpansionAIRaidsManager] Found 0 territory flags to check
SCRIPT       : [ExpansionAIRaidsManager] Running raid check cycle...
SCRIPT       : [ExpansionAIRaidsManager] CheckForNewRaids called
SCRIPT       : [ExpansionAIRaidsManager] Starting raid check for all online players...
SCRIPT       : [ExpansionAIRaidsManager] Found 1 online players
SCRIPT       : [ExpansionAIRaidsManager] Getting all territory flags via ExpansionTerritoryModule...
SCRIPT       : [ExpansionAIRaidsManager] Found 0 territory flags to check
SCRIPT       : [ExpansionAIRaidsManager] Running raid check cycle...
SCRIPT       : [ExpansionAIRaidsManager] CheckForNewRaids called
SCRIPT       : [ExpansionAIRaidsManager] Starting raid check for all online players...
SCRIPT       : [ExpansionAIRaidsManager] Found 1 online players
SCRIPT       : [ExpansionAIRaidsManager] Getting all territory flags via ExpansionTerritoryModule...
SCRIPT       : [ExpansionAIRaidsManager] Found 0 territory flags to check
SCRIPT       : [ExpansionAIRaidsManager] Running raid check cycle...
SCRIPT       : [ExpansionAIRaidsManager] CheckForNewRaids called
SCRIPT       : [ExpansionAIRaidsManager] Starting raid check for all online players...
SCRIPT       : [ExpansionAIRaidsManager] Found 1 online players
SCRIPT       : [ExpansionAIRaidsManager] Getting all territory flags via ExpansionTerritoryModule...
SCRIPT       : [ExpansionAIRaidsManager] Found 0 territory flags to check
SCRIPT       : [ExpansionAIRaidsManager] Running raid check cycle...
SCRIPT       : [ExpansionAIRaidsManager] CheckForNewRaids called
SCRIPT       : [ExpansionAIRaidsManager] Starting raid check for all online players...
SCRIPT       : [ExpansionAIRaidsManager] Found 1 online players
SCRIPT       : [ExpansionAIRaidsManager] Getting all territory flags via ExpansionTerritoryModule...
SCRIPT       : [ExpansionAIRaidsManager] Found 0 territory flags to check
SCRIPT       : [ExpansionAIRaidsManager] Running raid check cycle...
SCRIPT       : [ExpansionAIRaidsManager] CheckForNewRaids called
SCRIPT       : [ExpansionAIRaidsManager] Starting raid check for all online players...
SCRIPT       : [ExpansionAIRaidsManager] Found 1 online players
SCRIPT       : [ExpansionAIRaidsManager] Getting all territory flags via ExpansionTerritoryModule...
SCRIPT       : [ExpansionAIRaidsManager] Found 0 territory flags to check
SCRIPT       : [ExpansionAIRaidsManager] Running raid check cycle...
SCRIPT       : [ExpansionAIRaidsManager] CheckForNewRaids called
SCRIPT       : [ExpansionAIRaidsManager] Starting raid check for all online players...
SCRIPT       : [ExpansionAIRaidsManager] Found 1 online players
SCRIPT       : [ExpansionAIRaidsManager] Getting all territory flags via ExpansionTerritoryModule...
SCRIPT       : [ExpansionAIRaidsManager] Found 0 territory flags to check
SCRIPT       : [ExpansionAIRaidsManager] Running raid check cycle...
SCRIPT       : [ExpansionAIRaidsManager] CheckForNewRaids called
SCRIPT       : [ExpansionAIRaidsManager] Starting raid check for all online players...
SCRIPT       : [ExpansionAIRaidsManager] Found 1 online players
SCRIPT       : [ExpansionAIRaidsManager] Getting all territory flags via ExpansionTerritoryModule...
SCRIPT       : [ExpansionAIRaidsManager] Found 0 territory flags to check
SCRIPT       : [ExpansionAIRaidsManager] Running raid check cycle...
SCRIPT       : [ExpansionAIRaidsManager] CheckForNewRaids called
SCRIPT       : [ExpansionAIRaidsManager] Starting raid check for all online players...
SCRIPT       : [ExpansionAIRaidsManager] Found 1 online players
SCRIPT       : [ExpansionAIRaidsManager] Getting all territory flags via ExpansionTerritoryModule...
SCRIPT       : [ExpansionAIRaidsManager] Found 0 territory flags to check
SCRIPT       : [ExpansionAIRaidsManager] Running raid check cycle...
SCRIPT       : [ExpansionAIRaidsManager] CheckForNewRaids called
SCRIPT       : [ExpansionAIRaidsManager] Starting raid check for all online players...
SCRIPT       : [ExpansionAIRaidsManager] Found 1 online players
SCRIPT       : [ExpansionAIRaidsManager] Getting all territory flags via ExpansionTerritoryModule...
SCRIPT       : [ExpansionAIRaidsManager] Found 0 territory flags to check
SCRIPT       : [ExpansionAIRaidsManager] Running raid check cycle...
SCRIPT       : [ExpansionAIRaidsManager] CheckForNewRaids called
SCRIPT       : [ExpansionAIRaidsManager] Starting raid check for all online players...
SCRIPT       : [ExpansionAIRaidsManager] Found 1 online players
SCRIPT       : [ExpansionAIRaidsManager] Getting all territory flags via ExpansionTerritoryModule...
SCRIPT       : [ExpansionAIRaidsManager] Found 0 territory flags to check
SCRIPT       : [ExpansionAIRaidsManager] Running raid check cycle...
SCRIPT       : [ExpansionAIRaidsManager] CheckForNewRaids called
SCRIPT       : [ExpansionAIRaidsManager] Starting raid check for all online players...
SCRIPT       : [ExpansionAIRaidsManager] Found 1 online players
SCRIPT       : [ExpansionAIRaidsManager] Getting all territory flags via ExpansionTerritoryModule...
SCRIPT       : [ExpansionAIRaidsManager] Found 0 territory flags to check
SCRIPT       : [ExpansionAIRaidsManager] Running raid check cycle...
SCRIPT       : [ExpansionAIRaidsManager] CheckForNewRaids called
SCRIPT       : [ExpansionAIRaidsManager] Starting raid check for all online players...
SCRIPT       : [ExpansionAIRaidsManager] Found 1 online players
SCRIPT       : [ExpansionAIRaidsManager] Getting all territory flags via ExpansionTerritoryModule...
SCRIPT       : [ExpansionAIRaidsManager] Found 0 territory flags to check
SCRIPT       : [ExpansionAIRaidsManager] Running raid check cycle...
SCRIPT       : [ExpansionAIRaidsManager] CheckForNewRaids called
SCRIPT       : [ExpansionAIRaidsManager] Starting raid check for all online players...
SCRIPT       : [ExpansionAIRaidsManager] Found 1 online players
SCRIPT       : [ExpansionAIRaidsManager] Getting all territory flags via ExpansionTerritoryModule...
SCRIPT       : [ExpansionAIRaidsManager] Found 0 territory flags to check
SCRIPT       : [ExpansionAIRaidsManager] Running raid check cycle...
SCRIPT       : [ExpansionAIRaidsManager] CheckForNewRaids called
SCRIPT       : [ExpansionAIRaidsManager] Starting raid check for all online players...
SCRIPT       : [ExpansionAIRaidsManager] Found 1 online players
SCRIPT       : [ExpansionAIRaidsManager] Getting all territory flags via ExpansionTerritoryModule...
SCRIPT       : [ExpansionAIRaidsManager] Found 0 territory flags to check
SCRIPT       : [ExpansionAIRaidsManager] Running raid check cycle...
SCRIPT       : [ExpansionAIRaidsManager] CheckForNewRaids called
SCRIPT       : [ExpansionAIRaidsManager] Starting raid check for all online players...
SCRIPT       : [ExpansionAIRaidsManager] Found 1 online players
SCRIPT       : [ExpansionAIRaidsManager] Getting all territory flags via ExpansionTerritoryModule...
SCRIPT       : [ExpansionAIRaidsManager] Found 0 territory flags to check
SCRIPT       : [ExpansionAIRaidsManager] Running raid check cycle...
SCRIPT       : [ExpansionAIRaidsManager] CheckForNewRaids called
SCRIPT       : [ExpansionAIRaidsManager] Starting raid check for all online players...
SCRIPT       : [ExpansionAIRaidsManager] Found 1 online players
SCRIPT       : [ExpansionAIRaidsManager] Getting all territory flags via ExpansionTerritoryModule...
SCRIPT       : [ExpansionAIRaidsManager] Found 0 territory flags to check
SCRIPT       : [ExpansionAIRaidsManager] Running raid check cycle...
SCRIPT       : [ExpansionAIRaidsManager] CheckForNewRaids called
SCRIPT       : [ExpansionAIRaidsManager] Starting raid check for all online players...
SCRIPT       : [ExpansionAIRaidsManager] Found 1 online players
SCRIPT       : [ExpansionAIRaidsManager] Getting all territory flags via ExpansionTerritoryModule...
SCRIPT       : [ExpansionAIRaidsManager] Found 0 territory flags to check
SCRIPT       : [ExpansionAIRaidsManager] Running raid check cycle...
SCRIPT       : [ExpansionAIRaidsManager] CheckForNewRaids called
SCRIPT       : [ExpansionAIRaidsManager] Starting raid check for all online players...
SCRIPT       : [ExpansionAIRaidsManager] Found 1 online players
SCRIPT       : [ExpansionAIRaidsManager] Getting all territory flags via ExpansionTerritoryModule...
SCRIPT       : [ExpansionAIRaidsManager] Found 0 territory flags to check
SCRIPT       : [ExpansionAIRaidsManager] Running raid check cycle...
SCRIPT       : [ExpansionAIRaidsManager] CheckForNewRaids called
SCRIPT       : [ExpansionAIRaidsManager] Starting raid check for all online players...
SCRIPT       : [ExpansionAIRaidsManager] Found 1 online players
SCRIPT       : [ExpansionAIRaidsManager] Getting all territory flags via ExpansionTerritoryModule...
SCRIPT       : [ExpansionAIRaidsManager] Found 0 territory flags to check
SCRIPT       : [ExpansionAIRaidsManager] Running raid check cycle...
SCRIPT       : [ExpansionAIRaidsManager] CheckForNewRaids called
SCRIPT       : [ExpansionAIRaidsManager] Starting raid check for all online players...
SCRIPT       : [ExpansionAIRaidsManager] Found 1 online players
SCRIPT       : [ExpansionAIRaidsManager] Getting all territory flags via ExpansionTerritoryModule...
SCRIPT       : [ExpansionAIRaidsManager] Found 0 territory flags to check
SCRIPT       : [ExpansionAIRaidsManager] Running raid check cycle...
SCRIPT       : [ExpansionAIRaidsManager] CheckForNewRaids called
SCRIPT       : [ExpansionAIRaidsManager] Starting raid check for all online players...
SCRIPT       : [ExpansionAIRaidsManager] Found 1 online players
SCRIPT       : [ExpansionAIRaidsManager] Getting all territory flags via ExpansionTerritoryModule...
SCRIPT       : [ExpansionAIRaidsManager] Found 0 territory flags to check
SCRIPT       : [ExpansionAIRaidsManager] Running raid check cycle...
SCRIPT       : [ExpansionAIRaidsManager] CheckForNewRaids called
SCRIPT       : [ExpansionAIRaidsManager] Starting raid check for all online players...
SCRIPT       : [ExpansionAIRaidsManager] Found 1 online players
SCRIPT       : [ExpansionAIRaidsManager] Getting all territory flags via ExpansionTerritoryModule...
SCRIPT       : [ExpansionAIRaidsManager] Found 0 territory flags to check
SCRIPT       : [ExpansionAIRaidsManager] Running raid check cycle...
SCRIPT       : [ExpansionAIRaidsManager] CheckForNewRaids called
SCRIPT       : [ExpansionAIRaidsManager] Starting raid check for all online players...
SCRIPT       : [ExpansionAIRaidsManager] Found 1 online players
SCRIPT       : [ExpansionAIRaidsManager] Getting all territory flags via ExpansionTerritoryModule...
SCRIPT       : [ExpansionAIRaidsManager] Found 0 territory flags to check
SCRIPT       : [ExpansionAIRaidsManager] Running raid check cycle...
SCRIPT       : [ExpansionAIRaidsManager] CheckForNewRaids called
SCRIPT       : [ExpansionAIRaidsManager] Starting raid check for all online players...
SCRIPT       : [ExpansionAIRaidsManager] Found 1 online players
SCRIPT       : [ExpansionAIRaidsManager] Getting all territory flags via ExpansionTerritoryModule...
SCRIPT       : [ExpansionAIRaidsManager] Found 0 territory flags to check
SCRIPT       : [ExpansionAIRaidsManager] Running raid check cycle...
SCRIPT       : [ExpansionAIRaidsManager] CheckForNewRaids called
SCRIPT       : [ExpansionAIRaidsManager] Starting raid check for all online players...
SCRIPT       : [ExpansionAIRaidsManager] Found 1 online players
SCRIPT       : [ExpansionAIRaidsManager] Getting all territory flags via ExpansionTerritoryModule...
SCRIPT       : [ExpansionAIRaidsManager] Found 0 territory flags to check
SCRIPT       : [ExpansionAIRaidsManager] Running raid check cycle...
SCRIPT       : [ExpansionAIRaidsManager] CheckForNewRaids called
SCRIPT       : [ExpansionAIRaidsManager] Starting raid check for all online players...
SCRIPT       : [ExpansionAIRaidsManager] Found 1 online players
SCRIPT       : [ExpansionAIRaidsManager] Getting all territory flags via ExpansionTerritoryModule...
SCRIPT       : [ExpansionAIRaidsManager] Found 0 territory flags to check
SCRIPT       : [ExpansionAIRaidsManager] Running raid check cycle...
SCRIPT       : [ExpansionAIRaidsManager] CheckForNewRaids called
SCRIPT       : [ExpansionAIRaidsManager] Starting raid check for all online players...
SCRIPT       : [ExpansionAIRaidsManager] Found 1 online players
SCRIPT       : [ExpansionAIRaidsManager] Getting all territory flags via ExpansionTerritoryModule...
SCRIPT       : [ExpansionAIRaidsManager] Found 0 territory flags to check
SCRIPT       : [ExpansionAIRaidsManager] Running raid check cycle...
SCRIPT       : [ExpansionAIRaidsManager] CheckForNewRaids called
SCRIPT       : [ExpansionAIRaidsManager] Starting raid check for all online players...
SCRIPT       : [ExpansionAIRaidsManager] Found 1 online players
SCRIPT       : [ExpansionAIRaidsManager] Getting all territory flags via ExpansionTerritoryModule...
SCRIPT       : [ExpansionAIRaidsManager] Found 0 territory flags to check
SCRIPT       : [ExpansionAIRaidsManager] Running raid check cycle...
SCRIPT       : [ExpansionAIRaidsManager] CheckForNewRaids called
SCRIPT       : [ExpansionAIRaidsManager] Starting raid check for all online players...
SCRIPT       : [ExpansionAIRaidsManager] Found 1 online players
SCRIPT       : [ExpansionAIRaidsManager] Getting all territory flags via ExpansionTerritoryModule...
SCRIPT       : [ExpansionAIRaidsManager] Found 0 territory flags to check
SCRIPT       : [ExpansionAIRaidsManager] Running raid check cycle...
SCRIPT       : [ExpansionAIRaidsManager] CheckForNewRaids called
SCRIPT       : [ExpansionAIRaidsManager] Starting raid check for all online players...
SCRIPT       : [ExpansionAIRaidsManager] Found 1 online players
SCRIPT       : [ExpansionAIRaidsManager] Getting all territory flags via ExpansionTerritoryModule...
SCRIPT       : [ExpansionAIRaidsManager] Found 0 territory flags to check
SCRIPT       : [ExpansionAIRaidsManager] Running raid check cycle...
SCRIPT       : [ExpansionAIRaidsManager] CheckForNewRaids called
SCRIPT       : [ExpansionAIRaidsManager] Starting raid check for all online players...
SCRIPT       : [ExpansionAIRaidsManager] Found 1 online players
SCRIPT       : [ExpansionAIRaidsManager] Getting all territory flags via ExpansionTerritoryModule...
SCRIPT       : [ExpansionAIRaidsManager] Found 0 territory flags to check
SCRIPT       : [ExpansionAIRaidsManager] Running raid check cycle...
SCRIPT       : [ExpansionAIRaidsManager] CheckForNewRaids called
SCRIPT       : [ExpansionAIRaidsManager] Starting raid check for all online players...
SCRIPT       : [ExpansionAIRaidsManager] Found 1 online players
SCRIPT       : [ExpansionAIRaidsManager] Getting all territory flags via ExpansionTerritoryModule...
SCRIPT       : [ExpansionAIRaidsManager] Found 0 territory flags to check
SCRIPT       : [ExpansionAIRaidsManager] Running raid check cycle...
SCRIPT       : [ExpansionAIRaidsManager] CheckForNewRaids called
SCRIPT       : [ExpansionAIRaidsManager] Starting raid check for all online players...
SCRIPT       : [ExpansionAIRaidsManager] Found 1 online players
SCRIPT       : [ExpansionAIRaidsManager] Getting all territory flags via ExpansionTerritoryModule...
SCRIPT       : [ExpansionAIRaidsManager] Found 0 territory flags to check
SCRIPT       : [ExpansionAIRaidsManager] Running raid check cycle...
SCRIPT       : [ExpansionAIRaidsManager] CheckForNewRaids called
SCRIPT       : [ExpansionAIRaidsManager] Starting raid check for all online players...
SCRIPT       : [ExpansionAIRaidsManager] Found 1 online players
SCRIPT       : [ExpansionAIRaidsManager] Getting all territory flags via ExpansionTerritoryModule...
SCRIPT       : [ExpansionAIRaidsManager] Found 0 territory flags to check
SCRIPT       : [ExpansionAIRaidsManager] Running raid check cycle...
SCRIPT       : [ExpansionAIRaidsManager] CheckForNewRaids called
SCRIPT       : [ExpansionAIRaidsManager] Starting raid check for all online players...
SCRIPT       : [ExpansionAIRaidsManager] Found 1 online players
SCRIPT       : [ExpansionAIRaidsManager] Getting all territory flags via ExpansionTerritoryModule...
SCRIPT       : [ExpansionAIRaidsManager] Found 0 territory flags to check
SCRIPT       : [ExpansionAIRaidsManager] Running raid check cycle...
SCRIPT       : [ExpansionAIRaidsManager] CheckForNewRaids called
SCRIPT       : [ExpansionAIRaidsManager] Starting raid check for all online players...
SCRIPT       : [ExpansionAIRaidsManager] Found 1 online players
SCRIPT       : [ExpansionAIRaidsManager] Getting all territory flags via ExpansionTerritoryModule...
SCRIPT       : [ExpansionAIRaidsManager] Found 0 territory flags to check
SCRIPT       : [ExpansionAIRaidsManager] Running raid check cycle...
SCRIPT       : [ExpansionAIRaidsManager] CheckForNewRaids called
SCRIPT       : [ExpansionAIRaidsManager] Starting raid check for all online players...
SCRIPT       : [ExpansionAIRaidsManager] Found 1 online players
SCRIPT       : [ExpansionAIRaidsManager] Getting all territory flags via ExpansionTerritoryModule...
SCRIPT       : [ExpansionAIRaidsManager] Found 0 territory flags to check
SCRIPT    (E): JSON ERROR DayZExpansion/Core/Scripts/3_Game/dayzexpansion_core\dayzgame.c:268
SCRIPT    (E): [::JsonLoadFile] :: [ERROR] :: Cannot load data from "$profile:ExpansionMod\Loadouts\WestLoadout.json":
JSON ERROR:
Invalid value.
Function: 'JsonLoadFile'
Stack trace:
scripts/3_Game/tools\jsonfileloader.c:129 Function JsonLoadFile
DayZExpansion/Core/Scripts/4_World/dayzexpansion_core\classes\prefab\expansionprefab.c:36 Function Load
DayZExpansion/Core/Scripts/4_World/dayzexpansion_core\classes\loadout\expansionloadout.c:3209 Function Apply
DayZExpansion/AI/Scripts/4_World/dayzexpansion_ai\classes\eaicommandmanagerclient.c:367 Function SpawnAIEx
DayZExpansion/AI/Scripts/4_World/dayzexpansion_ai\classes\eaicommandmanagerclient.c:380 Function SpawnAI_Sentry
DayZExpansion/AI/Scripts/4_World/dayzexpansion_ai\classes\eaicommandmanagerclient.c:462 Function RPC_SpawnAI
DayZExpansion/Core/Scripts/3_Game/dayzexpansion_core\expansionrpcmanager.c:558 Function OnRPC#439082
DayZExpansion/Core/Scripts/3_Game/dayzexpansion_core\expansionrpcmanager.c:523 Function OnRPC
DayZExpansion/Core/Scripts/3_Game/dayzexpansion_core\dayzgame.c:268 Function OnRPC
SCRIPT       : [ExpansionAIRaidsManager] Running raid check cycle...
SCRIPT       : [ExpansionAIRaidsManager] CheckForNewRaids called
SCRIPT       : [ExpansionAIRaidsManager] Starting raid check for all online players...
SCRIPT       : [ExpansionAIRaidsManager] Found 1 online players
SCRIPT       : [ExpansionAIRaidsManager] Getting all territory flags via ExpansionTerritoryModule...
SCRIPT       : [ExpansionAIRaidsManager] Found 0 territory flags to check
SCRIPT       : [ExpansionAIRaidsManager] Running raid check cycle...
SCRIPT       : [ExpansionAIRaidsManager] CheckForNewRaids called
SCRIPT       : [ExpansionAIRaidsManager] Starting raid check for all online players...
SCRIPT       : [ExpansionAIRaidsManager] Found 1 online players
SCRIPT       : [ExpansionAIRaidsManager] Getting all territory flags via ExpansionTerritoryModule...
SCRIPT       : [ExpansionAIRaidsManager] Found 0 territory flags to check
SCRIPT       : [ExpansionAIRaidsManager] Running raid check cycle...
SCRIPT       : [ExpansionAIRaidsManager] CheckForNewRaids called
SCRIPT       : [ExpansionAIRaidsManager] Starting raid check for all online players...
SCRIPT       : [ExpansionAIRaidsManager] Found 1 online players
SCRIPT       : [ExpansionAIRaidsManager] Getting all territory flags via ExpansionTerritoryModule...
SCRIPT       : [ExpansionAIRaidsManager] Found 0 territory flags to check
SCRIPT       : [ExpansionAIRaidsManager] Running raid check cycle...
SCRIPT       : [ExpansionAIRaidsManager] CheckForNewRaids called
SCRIPT       : [ExpansionAIRaidsManager] Starting raid check for all online players...
SCRIPT       : [ExpansionAIRaidsManager] Found 1 online players
SCRIPT       : [ExpansionAIRaidsManager] Getting all territory flags via ExpansionTerritoryModule...
SCRIPT       : [ExpansionAIRaidsManager] Found 0 territory flags to check
SCRIPT       : [Logout]: New player 6ZR6jg8ii-k-yNsuz745gya8XHU7vZ-Sv_nUgBA2b2M= with logout time 15
SCRIPT       : Player "Vex" (steamid=76561198040522771) initiated disconnect process...
SCRIPT       : [ExpansionAIRaidsManager] Running raid check cycle...
SCRIPT       : [ExpansionAIRaidsManager] CheckForNewRaids called
SCRIPT       : [ExpansionAIRaidsManager] Starting raid check for all online players...
SCRIPT       : [ExpansionAIRaidsManager] Found 1 online players
SCRIPT       : [ExpansionAIRaidsManager] Getting all territory flags via ExpansionTerritoryModule...
SCRIPT       : [ExpansionAIRaidsManager] Found 0 territory flags to check
SCRIPT       : Player "Vex" (steamid=76561198040522771) disconnected early from server (EXIT NOW).
SCRIPT       : Clear up static fireplaces: 0
SCRIPT       : 18:47:46.437 [EXPANSION DEBUG]: Clearing cached categories 0
SCRIPT       : 18:47:46.437 [EXPANSION DEBUG]: Clearing cached traders 0
SCRIPT       : [MissionServer] OnMissionFinish - Server
SCRIPT       : [DayZ Expansion] ~DayZGame
SCRIPT       : ~DayZGame()
