---------------------------------------------
Log C:\Users\grand\Desktop\servers\Dayz\profiles\script_2025-12-10_15-17-56.log started at 10.12. 15:17:57

SCRIPT       : Registered 431 temporary action enum(s), UAN==431
SCRIPT    (W): @"Nine\compass\scripts\3_Game/ninerpc.c,3": FIX-ME: Expected ',' or '}', not a ';'
SCRIPT    (W): @"Nine\compass\scripts\3_Game/json\nine_config.c,75": FIX-ME: Unexpected statement 'ref'
SCRIPT    (W): @"dynamichelicopters/ZolblU q/ psEyOkiZ/1bpUDC5n/﻿﻿﻿﻿/WoYVIPPp/ hE9rsO9/HTChFTXO.UJDTcQlB,47": FIX-ME: Unexpected statement 'ref'
SCRIPT    (W): @"dynamichelicopters/ZolblU q/ psEyOkiZ/1bpUDC5n/﻿﻿﻿﻿/WoYVIPPp/ hE9rsO9/HTChFTXO.UJDTcQlB,48": FIX-ME: Unexpected statement 'ref'
SCRIPT    (W): @"dynamichelicopters/ZolblU q/ psEyOkiZ/1bpUDC5n/﻿﻿﻿﻿/WoYVIPPp/ hE9rsO9/HTChFTXO.UJDTcQlB,49": FIX-ME: Unexpected statement 'ref'
SCRIPT    (W): @"dynamichelicopters/ZolblU q/ psEyOkiZ/1bpUDC5n/﻿﻿﻿﻿/WoYVIPPp/ hE9rsO9/HTChFTXO.UJDTcQlB,50": FIX-ME: Unexpected statement 'ref'
SCRIPT    (W): @"dynamichelicopters/ZolblU q/ psEyOkiZ/1bpUDC5n/﻿﻿﻿﻿/WoYVIPPp/ hE9rsO9/HTChFTXO.UJDTcQlB,51": FIX-ME: Unexpected statement 'ref'
SCRIPT    (W): @"dynamichelicopters/ZolblU q/ psEyOkiZ/1bpUDC5n/﻿﻿﻿﻿/WoYVIPPp/ hE9rsO9/HTChFTXO.UJDTcQlB,52": FIX-ME: Unexpected statement 'ref'
SCRIPT    (W): @"dynamichelicopters/ZolblU q/ psEyOkiZ/1bpUDC5n/﻿﻿﻿﻿/WoYVIPPp/ hE9rsO9/HTChFTXO.UJDTcQlB,53": FIX-ME: Unexpected statement 'ref'
SCRIPT    (W): @"dynamichelicopters/ZolblU q/ psEyOkiZ/1bpUDC5n/﻿﻿﻿﻿/WoYVIPPp/ hE9rsO9/HTChFTXO.UJDTcQlB,54": FIX-ME: Unexpected statement 'ref'
SCRIPT    (W): @"dynamichelicopters/GX2Ioyf7/ tqI rgBg/00uwED c/﻿﻿﻿﻿/cajP5ut0/U679vyRl/m0pEh8 i.PPRtsJJS,47": FIX-ME: Unexpected statement 'ref'
SCRIPT    (W): @"dynamichelicopters/GX2Ioyf7/ tqI rgBg/00uwED c/﻿﻿﻿﻿/cajP5ut0/U679vyRl/m0pEh8 i.PPRtsJJS,48": FIX-ME: Unexpected statement 'ref'
SCRIPT    (W): @"dynamichelicopters/GX2Ioyf7/ tqI rgBg/00uwED c/﻿﻿﻿﻿/cajP5ut0/U679vyRl/m0pEh8 i.PPRtsJJS,49": FIX-ME: Unexpected statement 'ref'
SCRIPT    (W): @"dynamichelicopters/GX2Ioyf7/ tqI rgBg/00uwED c/﻿﻿﻿﻿/cajP5ut0/U679vyRl/m0pEh8 i.PPRtsJJS,50": FIX-ME: Unexpected statement 'ref'
SCRIPT    (W): @"dynamichelicopters/GX2Ioyf7/ tqI rgBg/00uwED c/﻿﻿﻿﻿/cajP5ut0/U679vyRl/m0pEh8 i.PPRtsJJS,51": FIX-ME: Unexpected statement 'ref'
SCRIPT    (W): @"dynamichelicopters/GX2Ioyf7/ tqI rgBg/00uwED c/﻿﻿﻿﻿/cajP5ut0/U679vyRl/m0pEh8 i.PPRtsJJS,52": FIX-ME: Unexpected statement 'ref'
SCRIPT    (W): @"dynamichelicopters/GX2Ioyf7/ tqI rgBg/00uwED c/﻿﻿﻿﻿/cajP5ut0/U679vyRl/m0pEh8 i.PPRtsJJS,53": FIX-ME: Unexpected statement 'ref'
SCRIPT    (W): @"dynamichelicopters/GX2Ioyf7/ tqI rgBg/00uwED c/﻿﻿﻿﻿/cajP5ut0/U679vyRl/m0pEh8 i.PPRtsJJS,54": FIX-ME: Unexpected statement 'ref'
SCRIPT    (W): @"dynamichelicopters/xPgI7zh7/  Xstwfhw/ MwfSMS /﻿﻿﻿﻿/L1Ev8Uty/mAUvXay1/dO mFxc . yWZSUJB,64": FIX-ME: Unexpected statement 'ref'
SCRIPT    (W): @"dynamichelicopters/xPgI7zh7/  Xstwfhw/ MwfSMS /﻿﻿﻿﻿/L1Ev8Uty/mAUvXay1/dO mFxc . yWZSUJB,65": FIX-ME: Unexpected statement 'ref'
SCRIPT    (W): @"dynamichelicopters/xPgI7zh7/  Xstwfhw/ MwfSMS /﻿﻿﻿﻿/L1Ev8Uty/mAUvXay1/dO mFxc . yWZSUJB,66": FIX-ME: Unexpected statement 'ref'
SCRIPT    (W): @"dynamichelicopters/xPgI7zh7/  Xstwfhw/ MwfSMS /﻿﻿﻿﻿/L1Ev8Uty/mAUvXay1/dO mFxc . yWZSUJB,67": FIX-ME: Unexpected statement 'ref'
SCRIPT    (W): @"dynamichelicopters/xPgI7zh7/  Xstwfhw/ MwfSMS /﻿﻿﻿﻿/L1Ev8Uty/mAUvXay1/dO mFxc . yWZSUJB,68": FIX-ME: Unexpected statement 'ref'
SCRIPT    (W): @"dynamichelicopters/xPgI7zh7/  Xstwfhw/ MwfSMS /﻿﻿﻿﻿/L1Ev8Uty/mAUvXay1/dO mFxc . yWZSUJB,69": FIX-ME: Unexpected statement 'ref'
SCRIPT    (W): @"dynamichelicopters/xPgI7zh7/  Xstwfhw/ MwfSMS /﻿﻿﻿﻿/L1Ev8Uty/mAUvXay1/dO mFxc . yWZSUJB,70": FIX-ME: Unexpected statement 'ref'
SCRIPT    (W): @"dynamichelicopters/xPgI7zh7/  Xstwfhw/ MwfSMS /﻿﻿﻿﻿/L1Ev8Uty/mAUvXay1/dO mFxc . yWZSUJB,71": FIX-ME: Unexpected statement 'ref'
SCRIPT    (W): @"dynamichelicopters/xPgI7zh7/  Xstwfhw/ MwfSMS /﻿﻿﻿﻿/L1Ev8Uty/mAUvXay1/dO mFxc . yWZSUJB,72": FIX-ME: Unexpected statement 'ref'
SCRIPT    (W): @"dynamichelicopters/xPgI7zh7/  Xstwfhw/ MwfSMS /﻿﻿﻿﻿/L1Ev8Uty/mAUvXay1/dO mFxc . yWZSUJB,73": FIX-ME: Unexpected statement 'ref'
SCRIPT    (W): @"dynamichelicopters/KQgaX42x/ pfC dEor/089toQBs/﻿﻿﻿﻿/BFArY82B/GyXEadgJ/4ZsZRHQb.xuvnaINC,24": FIX-ME: Unexpected statement 'ref'
SCRIPT    (W): @"dynamichelicopters/KQgaX42x/ pfC dEor/089toQBs/﻿﻿﻿﻿/BFArY82B/GyXEadgJ/4ZsZRHQb.xuvnaINC,25": FIX-ME: Unexpected statement 'ref'
SCRIPT    (W): @"BasicMap/scripts/3_Game/basicmapcontroller.c,93": FIX-ME: Method argument can't be strong reference
SCRIPT    (W): @"BasicMap/scripts/3_Game/basicmapcontroller.c,93": FIX-ME: Method argument can't be strong reference
SCRIPT    (W): @"BasicMap/scripts/3_Game/basicmapcontroller.c,93": FIX-ME: Method argument can't be strong reference
SCRIPT    (W): @"BasicMap/scripts/3_Game/basicmapcontroller.c,132": FIX-ME: Method argument can't be strong reference
SCRIPT    (W): @"BasicMap/scripts/3_Game/basicmapcontroller.c,132": FIX-ME: Method argument can't be strong reference
SCRIPT    (W): @"BasicMap/scripts/3_Game/basicmapcontroller.c,132": FIX-ME: Method argument can't be strong reference
SCRIPT    (W): @"BasicMap/scripts/3_Game/basicmapcontroller.c,305": FIX-ME: Method argument can't be strong reference
SCRIPT    (W): @"BasicMap/scripts/3_Game/basicmapcontroller.c,447": FIX-ME: Method argument can't be strong reference
SCRIPT    (W): @"BasicMap/scripts/3_Game/basicmapcontroller.c,453": FIX-ME: Method argument can't be strong reference
SCRIPT    (W): @"BasicMap/scripts/3_Game/gui\basicmapmenu.c,556": FIX-ME: Overriding function 'LockControls' but not marked as 'override'
SCRIPT       : Registering faction type eAIFactionShamans ID -1484989417
SCRIPT       : Registering faction type eAIFactionObservers ID -563736721
SCRIPT       : Registering faction type eAIFactionInvincibleObservers ID -1227299746
SCRIPT       : Registering faction type eAIFactionRaiders ID 1535276022
SCRIPT       : Registering faction type eAIFactionYeetBrigade ID 1408543989
SCRIPT       : Registering faction type eAIFactionWest ID 113880155
SCRIPT       : Registering faction type eAIFactionInvincibleYeetBrigade ID -1118767876
SCRIPT       : Registering faction type eAIFactionEast ID 90522109
SCRIPT       : Registering faction type eAIFactionGuards ID 963933710
SCRIPT       : Registering faction type eAIFactionMercenaries ID 1629891834
SCRIPT       : Registering faction type eAIFactionBrawlers ID 1955753718
SCRIPT       : Registering faction type eAIFactionCivilian ID 1096178351
SCRIPT       : Registering faction type eAIFactionPassive ID -1159399789
SCRIPT       : Registering faction type eAIFactionInvincibleGuards ID 782746017
SCRIPT       : ... Backlit Effects Enabled
SCRIPT       : VPPNotificationManager()
SCRIPT       : [VPPAT] Internal VPPNotifications module loaded!
SCRIPT       : [DayZ Game]:: DayZGame(): Initializing V++ Admin Tools.
SCRIPT       : 15:18:00.000 [EXPANSION LOG]: DayZGame<ad65040> Start time (local time) 2025-12-10 15:17:52
SCRIPT       : 15:18:00.000 [EXPANSION LOG]: DayZGame<ad65040> Start time (UTC) 2025-12-10 15:17:52
SCRIPT       : 15:18:00.000 [EXPANSION LOG]: DayZGame<ad65040> Runtime since start (seconds) 8.744
SCRIPT    (W): @"FirstAidKit/scripts/4_World/entities\itembase\gear\containers\containers.c,14": Missing ';' at the end of line
SCRIPT    (W): @"Nine\compass\scripts\4_World/compasshud.c,84": FIX-ME: Unexpected statement 'ref'
SCRIPT    (W): @"Nine\compass\scripts\4_World/watcheshud.c,335": FIX-ME: Unexpected statement 'ref'
SCRIPT    (W): @"TF_UAZ5131/scripts/4_World/uaz3151.c,598": Missing ';' at the end of line
SCRIPT    (W): @"TF_UAZ5131/scripts/4_World/uaz3151.c,598": FIX-ME: Syntax error
SCRIPT    (W): @"dynamichelicopters/ZGqr4Lak/ 2IEWn7cF/tyhGLMGm/﻿﻿﻿﻿/zjwZnlHM/6knrTOoW/0f5 CCTh.PFJE  xR,3704": FIX-ME: Unexpected statement 'ref'
SCRIPT    (W): @"dynamichelicopters/ZGqr4Lak/ 2IEWn7cF/tyhGLMGm/﻿﻿﻿﻿/zjwZnlHM/6knrTOoW/0f5 CCTh.PFJE  xR,3707": FIX-ME: Unexpected statement 'ref'
SCRIPT    (W): @"dynamichelicopters/ZGqr4Lak/ 2IEWn7cF/tyhGLMGm/﻿﻿﻿﻿/zjwZnlHM/6knrTOoW/0f5 CCTh.PFJE  xR,3710": FIX-ME: Unexpected statement 'ref'
SCRIPT    (W): @"dynamichelicopters/ZGqr4Lak/ 2IEWn7cF/tyhGLMGm/﻿﻿﻿﻿/zjwZnlHM/6knrTOoW/0f5 CCTh.PFJE  xR,3713": FIX-ME: Unexpected statement 'ref'
SCRIPT    (W): @"dynamichelicopters/ZGqr4Lak/ 2IEWn7cF/tyhGLMGm/﻿﻿﻿﻿/zjwZnlHM/6knrTOoW/0f5 CCTh.PFJE  xR,3716": FIX-ME: Unexpected statement 'ref'
SCRIPT    (W): @"dynamichelicopters/ZGqr4Lak/ 2IEWn7cF/tyhGLMGm/﻿﻿﻿﻿/zjwZnlHM/6knrTOoW/0f5 CCTh.PFJE  xR,3719": FIX-ME: Unexpected statement 'ref'
SCRIPT    (W): @"dynamichelicopters/ZGqr4Lak/ 2IEWn7cF/tyhGLMGm/﻿﻿﻿﻿/zjwZnlHM/6knrTOoW/0f5 CCTh.PFJE  xR,3722": FIX-ME: Unexpected statement 'ref'
SCRIPT    (W): @"dynamichelicopters/ZGqr4Lak/ 2IEWn7cF/tyhGLMGm/﻿﻿﻿﻿/zjwZnlHM/6knrTOoW/0f5 CCTh.PFJE  xR,3725": FIX-ME: Unexpected statement 'ref'
SCRIPT    (W): @"dynamichelicopters/ZGqr4Lak/ 2IEWn7cF/tyhGLMGm/﻿﻿﻿﻿/zjwZnlHM/6knrTOoW/0f5 CCTh.PFJE  xR,4048": FIX-ME: Unexpected statement 'ref'
SCRIPT    (W): @"dynamichelicopters/ZGqr4Lak/ 2IEWn7cF/tyhGLMGm/﻿﻿﻿﻿/zjwZnlHM/6knrTOoW/0f5 CCTh.PFJE  xR,4051": FIX-ME: Unexpected statement 'ref'
SCRIPT    (W): @"dynamichelicopters/ZGqr4Lak/ 2IEWn7cF/tyhGLMGm/﻿﻿﻿﻿/zjwZnlHM/6knrTOoW/0f5 CCTh.PFJE  xR,4054": FIX-ME: Unexpected statement 'ref'
SCRIPT    (W): @"dynamichelicopters/ZGqr4Lak/ 2IEWn7cF/tyhGLMGm/﻿﻿﻿﻿/zjwZnlHM/6knrTOoW/0f5 CCTh.PFJE  xR,4057": FIX-ME: Unexpected statement 'ref'
SCRIPT    (W): @"dynamichelicopters/ZGqr4Lak/ 2IEWn7cF/tyhGLMGm/﻿﻿﻿﻿/zjwZnlHM/6knrTOoW/0f5 CCTh.PFJE  xR,4060": FIX-ME: Unexpected statement 'ref'
SCRIPT    (W): @"dynamichelicopters/ZGqr4Lak/ 2IEWn7cF/tyhGLMGm/﻿﻿﻿﻿/zjwZnlHM/6knrTOoW/0f5 CCTh.PFJE  xR,4063": FIX-ME: Unexpected statement 'ref'
SCRIPT    (W): @"dynamichelicopters/ZGqr4Lak/ 2IEWn7cF/tyhGLMGm/﻿﻿﻿﻿/zjwZnlHM/6knrTOoW/0f5 CCTh.PFJE  xR,4066": FIX-ME: Unexpected statement 'ref'
SCRIPT    (W): @"dynamichelicopters/ZGqr4Lak/ 2IEWn7cF/tyhGLMGm/﻿﻿﻿﻿/zjwZnlHM/6knrTOoW/0f5 CCTh.PFJE  xR,4069": FIX-ME: Unexpected statement 'ref'
SCRIPT    (W): @"dynamichelicopters/fdjYC Qh/ OgtLwuk4/ orhzyEL/﻿/r2OeIWn /equpMB m/9hPpyqjr.DB Gq k ,40": FIX-ME: Unexpected statement 'ref'
SCRIPT    (W): @"dynamichelicopters/fdjYC Qh/ OgtLwuk4/ orhzyEL/﻿/r2OeIWn /equpMB m/9hPpyqjr.DB Gq k ,42": FIX-ME: Unexpected statement 'ref'
SCRIPT    (W): @"dynamichelicopters/fdjYC Qh/ OgtLwuk4/ orhzyEL/﻿/r2OeIWn /equpMB m/9hPpyqjr.DB Gq k ,45": FIX-ME: Unexpected statement 'ref'
SCRIPT    (W): @"mmg_storage/scripts/4_World/classes\base_class\mmg_storage_openable_nolock.c,225": FIX-ME: Overloaded method 'CanReleaseCargo', argument name 'attachment' differs from prototype 'cargo'
SCRIPT    (W): @"mmg_storage/scripts/4_World/classes\base_class\mmg_storage_openable.c,260": FIX-ME: Overloaded method 'CanReleaseCargo', argument name 'attachment' differs from prototype 'cargo'
SCRIPT    (W): @"mmg_storage/scripts/4_World/classes\gun_rack\lockable\mmg_lockable_gun_rack_base.c,14": FIX-ME: Overriding function 'GetSoundOpen' but not marked as 'override'
SCRIPT    (W): @"mmg_storage/scripts/4_World/classes\gun_rack\lockable\mmg_lockable_gun_rack_base.c,19": FIX-ME: Overriding function 'GetSoundClose' but not marked as 'override'
SCRIPT    (W): @"CompassHH/scripts/4_World/Classes/UserActionsComponent/Actions/SingleUse/аСж?ибУшё.wss,3": FIX-ME: Overriding function 'SetCloseAnimation' but not marked as 'override'
SCRIPT    (W): @"mmg_storage/scripts/4_World/garden\mmg_gardening_base.c,136": FIX-ME: Overloaded method 'CanReleaseCargo', argument name 'attachment' differs from prototype 'cargo'
SCRIPT    (W): @"Nine\compass\scripts\4_World/watcheshud.c,343": FIX-ME: Unsafe down-casting, use 'PlayerBase.Cast' for safe down-casting
SCRIPT    (W): @"BaseFortifications/scripts/4_World/actions\actiondeploybasefortificationkits.c,11": No need to use 'Cast' for up-casting
SCRIPT    (W): @"dynamichelicopters/ZGqr4Lak/ 2IEWn7cF/tyhGLMGm/﻿﻿﻿﻿/zjwZnlHM/6knrTOoW/0f5 CCTh.PFJE  xR,3135": No need to use 'Cast' for up-casting
SCRIPT       : Registering faction type eAIFactionLunatics ID 1167351711
SCRIPT       : Registering faction type eAIFactionInfected ID 1371958374
SCRIPT    (W): @"SimpleAutorun/Mission/autorunmodule.c,100": FIX-ME: Method argument can't be strong reference
SCRIPT    (W): @"SimpleAutorun/Mission/autorunmodule.c,240": FIX-ME: Method argument can't be strong reference
SCRIPT    (W): @"SimpleAutorun/Mission/autorunmodule.c,240": FIX-ME: Overloaded function 'OnRPC#1122007', argument 'ctx' is not compatible with prototype argument type or spec 'Serializer'
SCRIPT    (W): @"scripts/5_Mission/mission\missionbenchmark.c,397": Possible variable name conflict 'year'
SCRIPT    (W): @"scripts/5_Mission/mission\missionbenchmark.c,397": Possible variable name conflict 'month'
SCRIPT    (W): @"scripts/5_Mission/mission\missionbenchmark.c,397": Possible variable name conflict 'day'
SCRIPT    (W): @"scripts/5_Mission/mission\missionbenchmark.c,397": Possible variable name conflict 'hour'
SCRIPT    (W): @"scripts/5_Mission/mission\missionbenchmark.c,397": Possible variable name conflict 'minute'
SCRIPT       : Vanilla++ AdminTools Plugins Registering..
SCRIPT       : 15:18:23.599 [EXPANSION DEBUG]: [ExpansionCoreSettings] Load existing setting file:$profile:ExpansionMod\Settings\CoreSettings.json
SCRIPT       : 15:18:23.599 [EXPANSION DEBUG]: [ExpansionLogSettings] Load existing setting file:$profile:ExpansionMod\Settings\LogsSettings.json
SCRIPT       : 15:18:23.600 [EXPANSION DEBUG]: [ExpansionNotificationSettings] Load existing setting file:$profile:ExpansionMod\Settings\NotificationSettings.json
SCRIPT       : 15:18:23.601 [EXPANSION DEBUG]: [ExpansionMonitoringSettings] Load existing setting file:$profile:ExpansionMod\Settings\MonitoringSettings.json
SCRIPT       : 15:18:23.601 [EXPANSION DEBUG]: [ExpansionDamageSystemSettings] Load existing setting file:$profile:ExpansionMod\Settings\DamageSystemSettings.json
SCRIPT       : 15:18:23.602 [EXPANSION DEBUG]: [ExpansionPartySettings] Load existing setting file:$profile:ExpansionMod\Settings\PartySettings.json
SCRIPT       : 15:18:23.602 [EXPANSION DEBUG]: [ExpansionHardlineSettings] Load existing setting file:$mission:expansion\settings\HardlineSettings.json
SCRIPT       : 15:18:23.614 [EXPANSION DEBUG]: [ExpansionMarketSettings] Load existing setting file:$mission:expansion\settings\MarketSettings.json
SCRIPT       : ExpansionMarketSettings::LoadCategories - Adding category ID 1 (Ammo)
SCRIPT       : ExpansionMarketSettings::LoadCategories - Adding category ID 2 (Ammo_Boxes)
SCRIPT       : ExpansionMarketSettings::LoadCategories - Adding category ID 3 (Armbands)
SCRIPT       : ExpansionMarketSettings::LoadCategories - Adding category ID 4 (Assault_Rifles)
SCRIPT       : ExpansionMarketSettings::LoadCategories - Adding category ID 5 (Backpacks)
SCRIPT       : ExpansionMarketSettings::LoadCategories - Adding category ID 6 (Bandanas)
SCRIPT       : ExpansionMarketSettings::LoadCategories - Adding category ID 7 (Batteries)
SCRIPT       : ExpansionMarketSettings::LoadCategories - Adding category ID 8 (Bayonets)
SCRIPT       : ExpansionMarketSettings::LoadCategories - Adding category ID 9 (Belts)
SCRIPT       : ExpansionMarketSettings::LoadCategories - Adding category ID 10 (Blouses_And_Suits)
SCRIPT       : ExpansionMarketSettings::LoadCategories - Adding category ID 11 (Boats)
SCRIPT       : ExpansionMarketSettings::LoadCategories - Adding category ID 12 (Boots_And_Shoes)
SCRIPT       : ExpansionMarketSettings::LoadCategories - Adding category ID 13 (Buttstocks)
SCRIPT       : ExpansionMarketSettings::LoadCategories - Adding category ID 14 (Caps)
SCRIPT       : ExpansionMarketSettings::LoadCategories - Adding category ID 15 (Cars)
SCRIPT       : ExpansionMarketSettings::LoadCategories - Adding category ID 16 (Coats_And_Jackets)
SCRIPT       : ExpansionMarketSettings::LoadCategories - Adding category ID 17 (Containers)
SCRIPT       : ExpansionMarketSettings::LoadCategories - Adding category ID 18 (Crossbows)
SCRIPT       : ExpansionMarketSettings::LoadCategories - Adding category ID 19 (Drinks)
SCRIPT       : ExpansionMarketSettings::LoadCategories - Adding category ID 20 (Electronics)
SCRIPT       : ExpansionMarketSettings::LoadCategories - Adding category ID 21 (Event)
SCRIPT       : ExpansionMarketSettings::LoadCategories - Adding category ID 22 (Exchange)
SCRIPT       : ExpansionMarketSettings::LoadCategories - Adding category ID 23 (Explosives_And_Grenades)
SCRIPT       : ExpansionMarketSettings::LoadCategories - Adding category ID 24 (Eyewear)
SCRIPT       : ExpansionMarketSettings::LoadCategories - Adding category ID 25 (Fish)
SCRIPT       : ExpansionMarketSettings::LoadCategories - Adding category ID 26 (Fishing)
SCRIPT       : ExpansionMarketSettings::LoadCategories - Adding category ID 27 (Flags)
SCRIPT       : ExpansionMarketSettings::LoadCategories - Adding category ID 28 (Food)
SCRIPT       : ExpansionMarketSettings::LoadCategories - Adding category ID 29 (Fruit_And_Vegetables)
SCRIPT       : ExpansionMarketSettings::LoadCategories - Adding category ID 30 (Furnishings)
SCRIPT       : ExpansionMarketSettings::LoadCategories - Adding category ID 31 (Gardening)
SCRIPT       : ExpansionMarketSettings::LoadCategories - Adding category ID 32 (Ghillies)
SCRIPT       : ExpansionMarketSettings::LoadCategories - Adding category ID 33 (Gloves)
SCRIPT       : ExpansionMarketSettings::LoadCategories - Adding category ID 34 (Handguards)
SCRIPT       : ExpansionMarketSettings::LoadCategories - Adding category ID 35 (Hats_And_Hoods)
SCRIPT       : ExpansionMarketSettings::LoadCategories - Adding category ID 36 (Helicopters)
SCRIPT       : ExpansionMarketSettings::LoadCategories - Adding category ID 37 (Helmets)
SCRIPT       : ExpansionMarketSettings::LoadCategories - Adding category ID 38 (Holsters_And_Pouches)
SCRIPT       : ExpansionMarketSettings::LoadCategories - Adding category ID 39 (Kits)
SCRIPT       : ExpansionMarketSettings::LoadCategories - Adding category ID 40 (Knifes)
SCRIPT       : ExpansionMarketSettings::LoadCategories - Adding category ID 41 (Launchers)
SCRIPT       : ExpansionMarketSettings::LoadCategories - Adding category ID 42 (Lights)
SCRIPT       : ExpansionMarketSettings::LoadCategories - Adding category ID 43 (Liquids)
SCRIPT       : ExpansionMarketSettings::LoadCategories - Adding category ID 44 (Locks)
SCRIPT       : ExpansionMarketSettings::LoadCategories - Adding category ID 45 (Magazines)
SCRIPT       : ExpansionMarketSettings::LoadCategories - Adding category ID 46 (Masks)
SCRIPT       : ExpansionMarketSettings::LoadCategories - Adding category ID 47 (Meat)
SCRIPT       : ExpansionMarketSettings::LoadCategories - Adding category ID 48 (Medical)
SCRIPT       : ExpansionMarketSettings::LoadCategories - Adding category ID 49 (Melee_Weapons)
SCRIPT       : ExpansionMarketSettings::LoadCategories - Adding category ID 50 (Muzzles)
SCRIPT       : ExpansionMarketSettings::LoadCategories - Adding category ID 51 (Navigation)
SCRIPT       : ExpansionMarketSettings::LoadCategories - Adding category ID 52 (Optics)
SCRIPT       : ExpansionMarketSettings::LoadCategories - Adding category ID 53 (Pants_And_Shorts)
SCRIPT       : ExpansionMarketSettings::LoadCategories - Adding category ID 54 (Pistols)
SCRIPT       : ExpansionMarketSettings::LoadCategories - Adding category ID 55 (Rifles)
SCRIPT       : ExpansionMarketSettings::LoadCategories - Adding category ID 56 (Shirts_And_TShirts)
SCRIPT       : ExpansionMarketSettings::LoadCategories - Adding category ID 57 (Shotguns)
SCRIPT       : ExpansionMarketSettings::LoadCategories - Adding category ID 58 (Skirts_And_Dresses)
SCRIPT       : ExpansionMarketSettings::LoadCategories - Adding category ID 59 (Sniper_Rifles)
SCRIPT       : ExpansionMarketSettings::LoadCategories - Adding category ID 60 (Spraycans)
SCRIPT       : ExpansionMarketSettings::LoadCategories - Adding category ID 61 (Submachine_Guns)
SCRIPT       : ExpansionMarketSettings::LoadCategories - Adding category ID 62 (Supplies)
SCRIPT       : ExpansionMarketSettings::LoadCategories - Adding category ID 63 (Sweaters_And_Hoodies)
SCRIPT       : ExpansionMarketSettings::LoadCategories - Adding category ID 64 (Tents)
SCRIPT       : ExpansionMarketSettings::LoadCategories - Adding category ID 65 (Tools)
SCRIPT       : ExpansionMarketSettings::LoadCategories - Adding category ID 66 (Vehicle_Parts)
SCRIPT       : ExpansionMarketSettings::LoadCategories - Adding category ID 67 (Vests)
SCRIPT       : 15:18:23.775 [EXPANSION DEBUG]: [ExpansionAirdropSettings] Load existing setting file:$profile:ExpansionMod\Settings\AirdropSettings.json
SCRIPT       : 15:18:24.183 [EXPANSION DEBUG]: [ExpansionMissionSettings] Load existing setting file:$profile:ExpansionMod\Settings\MissionSettings.json
SCRIPT       : 15:18:24.183 [EXPANSION DEBUG]: [ExpansionMapSettings] Load existing setting file:$mission:expansion\settings\MapSettings.json
SCRIPT       : 15:18:24.194 [EXPANSION DEBUG]: [ExpansionPersonalStorageNewSettings] Load existing setting file:$profile:ExpansionMod\Settings\PersonalStorageNewSettings.json
SCRIPT       : 15:18:24.195 [EXPANSION DEBUG]: [ExpansionGeneralSettings] Load existing setting file:$profile:ExpansionMod\Settings\GeneralSettings.json
SCRIPT       : 15:18:24.195 [EXPANSION DEBUG]: [ExpansionPlayerListSettings] Load existing setting file:$profile:ExpansionMod\Settings\PlayerListSettings.json
SCRIPT       : 15:18:24.195 [EXPANSION DEBUG]: [ExpansionSocialMediaSettings] Load existing setting file:$profile:ExpansionMod\Settings\SocialMediaSettings.json
SCRIPT       : 15:18:24.196 [EXPANSION DEBUG]: [ExpansionSpawnSettings] Load existing setting file:$mission:expansion\settings\SpawnSettings.json
SCRIPT       : 15:18:24.198 [EXPANSION DEBUG]: [ExpansionVehicleSettings] Load existing setting file:$profile:ExpansionMod\Settings\VehicleSettings.json
SCRIPT       : 15:18:24.199 [EXPANSION DEBUG]: ExpansionAILocationSettings<c380c2e0> Load existing setting file:$mission:expansion\settings\AILocationSettings.json
SCRIPT       : 15:18:24.347 [EXPANSION DEBUG]: [ExpansionAISettings] Load existing setting file:$profile:ExpansionMod\Settings\AISettings.json
SCRIPT       : 15:18:24.347 [EXPANSION DEBUG]: [ExpansionAIPatrolSettings] Load existing setting file:$mission:expansion\settings\AIPatrolSettings.json
SCRIPT       : 15:18:24.354 [EXPANSION DEBUG]: [ExpansionBaseBuildingSettings] Load existing setting file:$mission:expansion\settings\BaseBuildingSettings.json
SCRIPT       : 15:18:24.355 [EXPANSION DEBUG]: [ExpansionRaidSettings] Load existing setting file:$profile:ExpansionMod\Settings\RaidSettings.json
SCRIPT       : 15:18:24.356 [EXPANSION DEBUG]: [ExpansionTerritorySettings] Load existing setting file:$profile:ExpansionMod\Settings\TerritorySettings.json
SCRIPT       : 15:18:24.359 [EXPANSION DEBUG]: [ExpansionChatSettings] Load existing setting file:$profile:ExpansionMod\Settings\ChatSettings.json
SCRIPT       : Expansion version: 1.9.49
SCRIPT       : [DefineTest] EXPANSIONMOD is defined
SCRIPT       : [DefineTest] EXPANSIONMODAI is defined
SCRIPT       : [DefineTest] EXPANSIONMODBASEBUILDING is defined
SCRIPT       : [DefineTest] EXPANSIONMODBOOK is defined
SCRIPT       : [DefineTest] EXPANSIONMODCHAT is defined
SCRIPT       : [DefineTest] EXPANSIONMODCORE is defined
SCRIPT       : [DefineTest] EXPANSIONMODGARAGE is defined
SCRIPT       : [DefineTest] EXPANSIONMODGROUPS is defined
SCRIPT       : [DefineTest] EXPANSIONMODHARDLINE is defined
SCRIPT       : [DefineTest] EXPANSIONMODKILLFEED is defined
SCRIPT       : [DefineTest] EXPANSIONMODMAPASSETS is defined
SCRIPT       : [DefineTest] EXPANSIONMODMARKET is defined
SCRIPT       : [DefineTest] EXPANSIONMODMISSIONS is defined
SCRIPT       : [DefineTest] EXPANSIONMODNAMETAGS is defined
SCRIPT       : [DefineTest] EXPANSIONMODNAVIGATION is defined
SCRIPT       : [DefineTest] EXPANSIONMODP2PMARKET is defined
SCRIPT       : [DefineTest] EXPANSIONMODPERSONALSTORAGE is defined
SCRIPT       : [DefineTest] EXPANSIONMODQUESTS is defined
SCRIPT       : [DefineTest] EXPANSIONMODSPAWNSELECTION is defined
SCRIPT       : [DefineTest] EXPANSIONMODVEHICLE is defined
SCRIPT       : [DefineTest] EXPANSIONMODWEAPONS is defined
SCRIPT       : [DefineTest] CfgMods:
SCRIPT       : defaultAction
SCRIPT       : DayZ
SCRIPT       : CarCoverDefines
SCRIPT       : DZ_Expansion_AI_Preload
SCRIPT       : DZ_Expansion_BaseBuilding_Preload
SCRIPT       : DZ_Expansion_Book_Preload
SCRIPT       : DZ_Expansion_Chat_Preload
SCRIPT       : DZ_Expansion_Core_Preload
SCRIPT       : DZ_Expansion_Garage_Preload
SCRIPT       : DZ_Expansion_Groups_Preload
SCRIPT       : DZ_Expansion_Hardline_Preload
SCRIPT       : DZ_Expansion_KillFeed_Preload
SCRIPT       : DZ_Expansion_MapAssets_Preload
SCRIPT       : DZ_Expansion_Market_Preload
SCRIPT       : DZ_Expansion_Missions_Preload
SCRIPT       : DZ_Expansion_ModStorage_Preload
SCRIPT       : DZ_Expansion_NameTags_Preload
SCRIPT       : DZ_Expansion_Navigation_Preload
SCRIPT       : DZ_Expansion_P2PMarket_Preload
SCRIPT       : DZ_Expansion_PersonalStorage_Preload
SCRIPT       : DZ_Expansion_Preload
SCRIPT       : DZ_Expansion_Quests_Preload
SCRIPT       : DZ_Expansion_SpawnSelection_Preload
SCRIPT       : DZ_Expansion_Vehicles_Preload
SCRIPT       : DZ_Expansion_Weapons_Preload
SCRIPT       : BasicMapDefine
SCRIPT       : BuilderItems_Scripts
SCRIPT       : DabsFramework
SCRIPT       : DZ_Expansion_DefineTest
SCRIPT       : DZ_Expansion_MapAssets
SCRIPT       : sakhal
SCRIPT       : EarPlugs
SCRIPT       : FirstAidKit
SCRIPT       : GCGN_Guns
SCRIPT       : Guns_CFG
SCRIPT       : InediaInfectedAI
SCRIPT       : JM_CommunityFramework
SCRIPT       : DZ_MagObfuscation
SCRIPT       : mm_helmets
SCRIPT       : mm_masks
SCRIPT       : mm_pants
SCRIPT       : mm_shirts
SCRIPT       : mm_various
SCRIPT       : mm_vests
SCRIPT       : mmg_storage
SCRIPT       : CompassNine
SCRIPT       : RealisticSuppressors
SCRIPT       : RealisticWeapons
SCRIPT       : ServerPanel
SCRIPT       : SimpleAutorun
SCRIPT       : SNAFU_Guns
SCRIPT       : SNAFU_Guns_01
SCRIPT       : SNAFU_Guns_02CFG
SCRIPT       : SNAFU_Guns_03_CFG
SCRIPT       : SNAFU_Guns_05
SCRIPT       : SNAFU_Guns_06
SCRIPT       : SNAFU_Scopes
SCRIPT       : SNAFU_Scripts
SCRIPT       : SNAFU_WW2
SCRIPT       : AVPPAdminTools
SCRIPT       : WindstrideClothing
SCRIPT       : FlipTransport
SCRIPT       : ZenSleep
SCRIPT       : BasicMap
SCRIPT       : CarCover
SCRIPT       : CompassHH
SCRIPT       : DZ_Expansion_ModStorage
SCRIPT       : EUgear
SCRIPT       : JillsCollection
SCRIPT       : mm_backpacks
SCRIPT       : TF_UAZ5131
SCRIPT       : DZ_Expansion_Core
SCRIPT       : DZ_Expansion_Garage
SCRIPT       : DZ_Expansion_Groups
SCRIPT       : DZ_Expansion_Market
SCRIPT       : DZ_Expansion_Missions
SCRIPT       : DZ_Expansion_NameTags
SCRIPT       : DZ_Expansion_Navigation
SCRIPT       : DZ_Expansion_NotificationScheduler
SCRIPT       : DZ_Expansion_P2PMarket
SCRIPT       : DZ_Expansion_PersonalStorage
SCRIPT       : DZ_Expansion_PersonalStorageNew
SCRIPT       : DZ_Expansion_PlayerList
SCRIPT       : DZ_Expansion
SCRIPT       : DZ_Expansion_SpawnSelection
SCRIPT       : DZ_Expansion_VanillaFixes
SCRIPT       : DZ_Expansion_Vehicles
SCRIPT       : DZ_Expansion_Weapons
SCRIPT       : Base_Fortifications_Base
SCRIPT       : DZ_Expansion_AI
SCRIPT       : DZ_Expansion_BaseBuilding
SCRIPT       : DZ_Expansion_Book
SCRIPT       : DZ_Expansion_Chat
SCRIPT       : DZ_Expansion_Hardline
SCRIPT       : DZ_Expansion_Quests
SCRIPT       : DZ_Expansion_VirtualContainerStorage
SCRIPT       : DynamicHelicopters
SCRIPT       : [Nine] 'Nine_Settings' found, loading
SCRIPT       : 10.12.2025 15:18:24 [ServerPanelLogger]: Switching to logfile: $profile:/ServerPanel/Logs/ServerPanel_10-12-2025_15-18-24.log
SCRIPT       : [ServerPanel] 'ServerPanelConfigManager' Configuration file found...
SCRIPT       : [ServerPanel] 'ServerPanelConfigManager' Configuration loaded.
SCRIPT       : [BasicMap] Init Server
SCRIPT       : [MissionServer] OnInit - Server
SCRIPT       : [ExpansionQuestPersistentServerData] Load existing configuration file:$profile:ExpansionMod\Quests\PersistentServerData.json
SCRIPT       : [ExpansionQuestPersistentServerData] Load existing configuration file:$profile:ExpansionMod\Quests\PersistentServerData.json
SCRIPT       : [ExpansionQuestObjectiveTravelConfig] Load existing configuration file:$profile:ExpansionMod\Quests\Objectives\Travel\Objective_T_1.json
SCRIPT       : [ExpansionQuestObjectiveTravelConfig] Load existing configuration file:$profile:ExpansionMod\Quests\Objectives\Travel\Objective_T_2.json
SCRIPT       : [ExpansionQuestObjectiveTravelConfig] Load existing configuration file:$profile:ExpansionMod\Quests\Objectives\Travel\Objective_T_3.json
SCRIPT       : [ExpansionQuestObjectiveTravelConfig] Load existing configuration file:$profile:ExpansionMod\Quests\Objectives\Travel\Objective_T_4.json
SCRIPT       : [ExpansionQuestObjectiveTravelConfig] Load existing configuration file:$profile:ExpansionMod\Quests\Objectives\Travel\Objective_T_5.json
SCRIPT       : [ExpansionQuestObjectiveTravelConfig] Load existing configuration file:$profile:ExpansionMod\Quests\Objectives\Travel\Objective_T_6.json
SCRIPT       : [ExpansionQuestObjectiveTravelConfig] Load existing configuration file:$profile:ExpansionMod\Quests\Objectives\Travel\Objective_T_7.json
SCRIPT       : [ExpansionQuestObjectiveTargetConfig] Load existing configuration file:$profile:ExpansionMod\Quests\Objectives\Target\Objective_TA_1.json
SCRIPT       : [ExpansionQuestObjectiveTargetConfig] Load existing configuration file:$profile:ExpansionMod\Quests\Objectives\Target\Objective_TA_2.json
SCRIPT       : [ExpansionQuestObjectiveTargetConfig] Load existing configuration file:$profile:ExpansionMod\Quests\Objectives\Target\Objective_TA_3.json
SCRIPT       : [ExpansionQuestObjectiveTargetConfig] Load existing configuration file:$profile:ExpansionMod\Quests\Objectives\Target\Objective_TA_4.json
SCRIPT       : [ExpansionQuestObjectiveDeliveryConfig] Load existing configuration file:$profile:ExpansionMod\Quests\Objectives\Delivery\Objective_D_1.json
SCRIPT       : [ExpansionQuestObjectiveDeliveryConfig] Load existing configuration file:$profile:ExpansionMod\Quests\Objectives\Delivery\Objective_D_2.json
SCRIPT       : [ExpansionQuestObjectiveCollectionConfig] Load existing configuration file:$profile:ExpansionMod\Quests\Objectives\Collection\Objective_C_1.json
SCRIPT       : [ExpansionQuestObjectiveCollectionConfig] Load existing configuration file:$profile:ExpansionMod\Quests\Objectives\Collection\Objective_C_2.json
SCRIPT       : [ExpansionQuestObjectiveCollectionConfig] Load existing configuration file:$profile:ExpansionMod\Quests\Objectives\Collection\Objective_C_3.json
SCRIPT       : [ExpansionQuestObjectiveTreasureHuntConfig] Load existing configuration file:$profile:ExpansionMod\Quests\Objectives\TreasureHunt\Objective_TH_1.json
SCRIPT       : [ExpansionQuestObjectiveActionConfig] Load existing configuration file:$profile:ExpansionMod\Quests\Objectives\Action\Objective_A_1.json
SCRIPT       : [ExpansionQuestObjectiveActionConfig] Load existing configuration file:$profile:ExpansionMod\Quests\Objectives\Action\Objective_A_2.json
SCRIPT       : [ExpansionQuestObjectiveCraftingConfig] Load existing configuration file:$profile:ExpansionMod\Quests\Objectives\Crafting\Objective_CR_1.json
SCRIPT       : [ExpansionQuestObjectiveAIPatrolConfig] Load existing configuration file:$profile:ExpansionMod\Quests\Objectives\AIPatrol\Objective_AIP_1.json
SCRIPT       : [ExpansionQuestObjectiveAICampConfig] Load existing configuration file:$profile:ExpansionMod\Quests\Objectives\AICamp\Objective_AIC_1.json
SCRIPT       : [ExpansionQuestObjectiveAIEscortConfig] Load existing configuration file:$profile:ExpansionMod\Quests\Objectives\AIVIP\Objective_AIESCORT_1.json
SCRIPT       : [ExpansionQuestNPCData] Load existing configuration file:QuestNPC_1.json
SCRIPT       : [ExpansionQuestNPCData] Load existing configuration file:QuestNPC_2.json
SCRIPT       : [ExpansionQuestNPCData] Load existing configuration file:QuestNPC_3.json
SCRIPT       : [MissionServer] OnMissionStart - Server
SCRIPT       : string dirtyName = 'BathtubBallersTest'
SCRIPT       : ExpansionMarketItem marketItem = ExpansionMarketItem<c3f721e0>
SCRIPT       : int worth =   1
SCRIPT       : 15:18:40.401 [EXPANSION DEBUG]: ExpansionP2PTraderAIIrena<b4772020>::SetP2PTraderID - ID: 1
SCRIPT       : ExpansionZonePolygon<5dee47b0> position=<12015.854492, 0.000000, 12591.097656> radius=419.633
SCRIPT       : ExpansionZoneCircle<8bf3bef0> position=<1143.140015, 0.000000, 2423.270020> radius=700
SCRIPT       : ExpansionZoneCircle<8bf3b890> position=<3728.270020, 0.000000, 6003.600098> radius=500
SCRIPT       : Found 3 zones!
SCRIPT       : 15:18:40.485 [EXPANSION DEBUG]: ExpansionQuestNPCAIDenis<2521a030>::OnEnterSafeZone
SCRIPT       : bool m_Expansion_LeavingSafeZone = 0
SCRIPT       : bool m_Expansion_IsInSafeZone = 0
SCRIPT       : bool m_Expansion_IsInSafeZoneSynchRemote = 0
SCRIPT       : 15:18:40.485 [EXPANSION DEBUG]: ExpansionP2PTraderAIIrena<b4772020>::OnEnterSafeZone
SCRIPT       : bool m_Expansion_LeavingSafeZone = 0
SCRIPT       : bool m_Expansion_IsInSafeZone = 0
SCRIPT       : bool m_Expansion_IsInSafeZoneSynchRemote = 0
SCRIPT       : m_LoginTimeMs: 16200
SCRIPT       : Clear up static fireplaces: 0
SCRIPT       : 15:18:52.548 [EXPANSION DEBUG]: Clearing cached categories 67
SCRIPT       : 15:18:52.550 [EXPANSION DEBUG]: Clearing cached traders 17
SCRIPT       : [MissionServer] OnMissionFinish - Server
SCRIPT       : [DayZ Expansion] ~DayZGame
SCRIPT       : ~DayZGame()
