---------------------------------------------
Log C:\Users\grand\Desktop\servers\Dayz\profiles\script_2025-12-14_23-19-00.log started at 14.12. 23:19:01

SCRIPT       : Registered 431 temporary action enum(s), UAN==431
SCRIPT    (W): @"Nine\compass\scripts\3_Game/ninerpc.c,3": FIX-ME: Expected ',' or '}', not a ';'
SCRIPT    (W): @"Nine\compass\scripts\3_Game/json\nine_config.c,75": FIX-ME: Unexpected statement 'ref'
SCRIPT    (W): @"dynamichelicopters/ZolblU q/ psEyOkiZ/1bpUDC5n/﻿﻿﻿﻿/WoYVIPPp/ hE9rsO9/HTChFTXO.UJDTcQlB,47": FIX-ME: Unexpected statement 'ref'
SCRIPT    (W): @"dynamichelicopters/ZolblU q/ psEyOkiZ/1bpUDC5n/﻿﻿﻿﻿/WoYVIPPp/ hE9rsO9/HTChFTXO.UJDTcQlB,48": FIX-ME: Unexpected statement 'ref'
SCRIPT    (W): @"dynamichelicopters/ZolblU q/ psEyOkiZ/1bpUDC5n/﻿﻿﻿﻿/WoYVIPPp/ hE9rsO9/HTChFTXO.UJDTcQlB,49": FIX-ME: Unexpected statement 'ref'
SCRIPT    (W): @"dynamichelicopters/ZolblU q/ psEyOkiZ/1bpUDC5n/﻿﻿﻿﻿/WoYVIPPp/ hE9rsO9/HTChFTXO.UJDTcQlB,50": FIX-ME: Unexpected statement 'ref'
SCRIPT    (W): @"dynamichelicopters/ZolblU q/ psEyOkiZ/1bpUDC5n/﻿﻿﻿﻿/WoYVIPPp/ hE9rsO9/HTChFTXO.UJDTcQlB,51": FIX-ME: Unexpected statement 'ref'
SCRIPT    (W): @"dynamichelicopters/ZolblU q/ psEyOkiZ/1bpUDC5n/﻿﻿﻿﻿/WoYVIPPp/ hE9rsO9/HTChFTXO.UJDTcQlB,52": FIX-ME: Unexpected statement 'ref'
SCRIPT    (W): @"dynamichelicopters/ZolblU q/ psEyOkiZ/1bpUDC5n/﻿﻿﻿﻿/WoYVIPPp/ hE9rsO9/HTChFTXO.UJDTcQlB,53": FIX-ME: Unexpected statement 'ref'
SCRIPT    (W): @"dynamichelicopters/ZolblU q/ psEyOkiZ/1bpUDC5n/﻿﻿﻿﻿/WoYVIPPp/ hE9rsO9/HTChFTXO.UJDTcQlB,54": FIX-ME: Unexpected statement 'ref'
SCRIPT    (W): @"dynamichelicopters/GX2Ioyf7/ tqI rgBg/00uwED c/﻿﻿﻿﻿/cajP5ut0/U679vyRl/m0pEh8 i.PPRtsJJS,47": FIX-ME: Unexpected statement 'ref'
SCRIPT    (W): @"dynamichelicopters/GX2Ioyf7/ tqI rgBg/00uwED c/﻿﻿﻿﻿/cajP5ut0/U679vyRl/m0pEh8 i.PPRtsJJS,48": FIX-ME: Unexpected statement 'ref'
SCRIPT    (W): @"dynamichelicopters/GX2Ioyf7/ tqI rgBg/00uwED c/﻿﻿﻿﻿/cajP5ut0/U679vyRl/m0pEh8 i.PPRtsJJS,49": FIX-ME: Unexpected statement 'ref'
SCRIPT    (W): @"dynamichelicopters/GX2Ioyf7/ tqI rgBg/00uwED c/﻿﻿﻿﻿/cajP5ut0/U679vyRl/m0pEh8 i.PPRtsJJS,50": FIX-ME: Unexpected statement 'ref'
SCRIPT    (W): @"dynamichelicopters/GX2Ioyf7/ tqI rgBg/00uwED c/﻿﻿﻿﻿/cajP5ut0/U679vyRl/m0pEh8 i.PPRtsJJS,51": FIX-ME: Unexpected statement 'ref'
SCRIPT    (W): @"dynamichelicopters/GX2Ioyf7/ tqI rgBg/00uwED c/﻿﻿﻿﻿/cajP5ut0/U679vyRl/m0pEh8 i.PPRtsJJS,52": FIX-ME: Unexpected statement 'ref'
SCRIPT    (W): @"dynamichelicopters/GX2Ioyf7/ tqI rgBg/00uwED c/﻿﻿﻿﻿/cajP5ut0/U679vyRl/m0pEh8 i.PPRtsJJS,53": FIX-ME: Unexpected statement 'ref'
SCRIPT    (W): @"dynamichelicopters/GX2Ioyf7/ tqI rgBg/00uwED c/﻿﻿﻿﻿/cajP5ut0/U679vyRl/m0pEh8 i.PPRtsJJS,54": FIX-ME: Unexpected statement 'ref'
SCRIPT    (W): @"dynamichelicopters/xPgI7zh7/  Xstwfhw/ MwfSMS /﻿﻿﻿﻿/L1Ev8Uty/mAUvXay1/dO mFxc . yWZSUJB,64": FIX-ME: Unexpected statement 'ref'
SCRIPT    (W): @"dynamichelicopters/xPgI7zh7/  Xstwfhw/ MwfSMS /﻿﻿﻿﻿/L1Ev8Uty/mAUvXay1/dO mFxc . yWZSUJB,65": FIX-ME: Unexpected statement 'ref'
SCRIPT    (W): @"dynamichelicopters/xPgI7zh7/  Xstwfhw/ MwfSMS /﻿﻿﻿﻿/L1Ev8Uty/mAUvXay1/dO mFxc . yWZSUJB,66": FIX-ME: Unexpected statement 'ref'
SCRIPT    (W): @"dynamichelicopters/xPgI7zh7/  Xstwfhw/ MwfSMS /﻿﻿﻿﻿/L1Ev8Uty/mAUvXay1/dO mFxc . yWZSUJB,67": FIX-ME: Unexpected statement 'ref'
SCRIPT    (W): @"dynamichelicopters/xPgI7zh7/  Xstwfhw/ MwfSMS /﻿﻿﻿﻿/L1Ev8Uty/mAUvXay1/dO mFxc . yWZSUJB,68": FIX-ME: Unexpected statement 'ref'
SCRIPT    (W): @"dynamichelicopters/xPgI7zh7/  Xstwfhw/ MwfSMS /﻿﻿﻿﻿/L1Ev8Uty/mAUvXay1/dO mFxc . yWZSUJB,69": FIX-ME: Unexpected statement 'ref'
SCRIPT    (W): @"dynamichelicopters/xPgI7zh7/  Xstwfhw/ MwfSMS /﻿﻿﻿﻿/L1Ev8Uty/mAUvXay1/dO mFxc . yWZSUJB,70": FIX-ME: Unexpected statement 'ref'
SCRIPT    (W): @"dynamichelicopters/xPgI7zh7/  Xstwfhw/ MwfSMS /﻿﻿﻿﻿/L1Ev8Uty/mAUvXay1/dO mFxc . yWZSUJB,71": FIX-ME: Unexpected statement 'ref'
SCRIPT    (W): @"dynamichelicopters/xPgI7zh7/  Xstwfhw/ MwfSMS /﻿﻿﻿﻿/L1Ev8Uty/mAUvXay1/dO mFxc . yWZSUJB,72": FIX-ME: Unexpected statement 'ref'
SCRIPT    (W): @"dynamichelicopters/xPgI7zh7/  Xstwfhw/ MwfSMS /﻿﻿﻿﻿/L1Ev8Uty/mAUvXay1/dO mFxc . yWZSUJB,73": FIX-ME: Unexpected statement 'ref'
SCRIPT    (W): @"dynamichelicopters/KQgaX42x/ pfC dEor/089toQBs/﻿﻿﻿﻿/BFArY82B/GyXEadgJ/4ZsZRHQb.xuvnaINC,24": FIX-ME: Unexpected statement 'ref'
SCRIPT    (W): @"dynamichelicopters/KQgaX42x/ pfC dEor/089toQBs/﻿﻿﻿﻿/BFArY82B/GyXEadgJ/4ZsZRHQb.xuvnaINC,25": FIX-ME: Unexpected statement 'ref'
SCRIPT    (W): @"BasicMap/scripts/3_Game/basicmapcontroller.c,93": FIX-ME: Method argument can't be strong reference
SCRIPT    (W): @"BasicMap/scripts/3_Game/basicmapcontroller.c,93": FIX-ME: Method argument can't be strong reference
SCRIPT    (W): @"BasicMap/scripts/3_Game/basicmapcontroller.c,93": FIX-ME: Method argument can't be strong reference
SCRIPT    (W): @"BasicMap/scripts/3_Game/basicmapcontroller.c,132": FIX-ME: Method argument can't be strong reference
SCRIPT    (W): @"BasicMap/scripts/3_Game/basicmapcontroller.c,132": FIX-ME: Method argument can't be strong reference
SCRIPT    (W): @"BasicMap/scripts/3_Game/basicmapcontroller.c,132": FIX-ME: Method argument can't be strong reference
SCRIPT    (W): @"BasicMap/scripts/3_Game/basicmapcontroller.c,305": FIX-ME: Method argument can't be strong reference
SCRIPT    (W): @"BasicMap/scripts/3_Game/basicmapcontroller.c,447": FIX-ME: Method argument can't be strong reference
SCRIPT    (W): @"BasicMap/scripts/3_Game/basicmapcontroller.c,453": FIX-ME: Method argument can't be strong reference
SCRIPT    (W): @"BasicMap/scripts/3_Game/gui\basicmapmenu.c,556": FIX-ME: Overriding function 'LockControls' but not marked as 'override'
SCRIPT       : Registering faction type eAIFactionShamans ID -1484989417
SCRIPT       : Registering faction type eAIFactionObservers ID -563736721
SCRIPT       : Registering faction type eAIFactionInvincibleObservers ID -1227299746
SCRIPT       : Registering faction type eAIFactionRaiders ID 1535276022
SCRIPT       : Registering faction type eAIFactionYeetBrigade ID 1408543989
SCRIPT       : Registering faction type eAIFactionWest ID 113880155
SCRIPT       : Registering faction type eAIFactionInvincibleYeetBrigade ID -1118767876
SCRIPT       : Registering faction type eAIFactionEast ID 90522109
SCRIPT       : Registering faction type eAIFactionGuards ID 963933710
SCRIPT       : Registering faction type eAIFactionMercenaries ID 1629891834
SCRIPT       : Registering faction type eAIFactionBrawlers ID 1955753718
SCRIPT       : Registering faction type eAIFactionCivilian ID 1096178351
SCRIPT       : Registering faction type eAIFactionPassive ID -1159399789
SCRIPT       : Registering faction type eAIFactionInvincibleGuards ID 782746017
SCRIPT       : ... Backlit Effects Enabled
SCRIPT       : VPPNotificationManager()
SCRIPT       : [VPPAT] Internal VPPNotifications module loaded!
SCRIPT       : [DayZ Game]:: DayZGame(): Initializing V++ Admin Tools.
SCRIPT       : 23:19:05.000 [EXPANSION LOG]: DayZGame<a48461f0> Start time (local time) 2025-12-14 23:18:55
SCRIPT       : 23:19:05.000 [EXPANSION LOG]: DayZGame<a48461f0> Start time (UTC) 2025-12-14 23:18:55
SCRIPT       : 23:19:05.000 [EXPANSION LOG]: DayZGame<a48461f0> Runtime since start (seconds) 10.288
SCRIPT    (W): @"FirstAidKit/scripts/4_World/entities\itembase\gear\containers\containers.c,14": Missing ';' at the end of line
SCRIPT    (W): @"Nine\compass\scripts\4_World/compasshud.c,84": FIX-ME: Unexpected statement 'ref'
SCRIPT    (W): @"Nine\compass\scripts\4_World/watcheshud.c,335": FIX-ME: Unexpected statement 'ref'
SCRIPT    (W): @"dynamichelicopters/ZGqr4Lak/ 2IEWn7cF/tyhGLMGm/﻿﻿﻿﻿/zjwZnlHM/6knrTOoW/0f5 CCTh.PFJE  xR,3704": FIX-ME: Unexpected statement 'ref'
SCRIPT    (W): @"dynamichelicopters/ZGqr4Lak/ 2IEWn7cF/tyhGLMGm/﻿﻿﻿﻿/zjwZnlHM/6knrTOoW/0f5 CCTh.PFJE  xR,3707": FIX-ME: Unexpected statement 'ref'
SCRIPT    (W): @"dynamichelicopters/ZGqr4Lak/ 2IEWn7cF/tyhGLMGm/﻿﻿﻿﻿/zjwZnlHM/6knrTOoW/0f5 CCTh.PFJE  xR,3710": FIX-ME: Unexpected statement 'ref'
SCRIPT    (W): @"dynamichelicopters/ZGqr4Lak/ 2IEWn7cF/tyhGLMGm/﻿﻿﻿﻿/zjwZnlHM/6knrTOoW/0f5 CCTh.PFJE  xR,3713": FIX-ME: Unexpected statement 'ref'
SCRIPT    (W): @"dynamichelicopters/ZGqr4Lak/ 2IEWn7cF/tyhGLMGm/﻿﻿﻿﻿/zjwZnlHM/6knrTOoW/0f5 CCTh.PFJE  xR,3716": FIX-ME: Unexpected statement 'ref'
SCRIPT    (W): @"dynamichelicopters/ZGqr4Lak/ 2IEWn7cF/tyhGLMGm/﻿﻿﻿﻿/zjwZnlHM/6knrTOoW/0f5 CCTh.PFJE  xR,3719": FIX-ME: Unexpected statement 'ref'
SCRIPT    (W): @"dynamichelicopters/ZGqr4Lak/ 2IEWn7cF/tyhGLMGm/﻿﻿﻿﻿/zjwZnlHM/6knrTOoW/0f5 CCTh.PFJE  xR,3722": FIX-ME: Unexpected statement 'ref'
SCRIPT    (W): @"dynamichelicopters/ZGqr4Lak/ 2IEWn7cF/tyhGLMGm/﻿﻿﻿﻿/zjwZnlHM/6knrTOoW/0f5 CCTh.PFJE  xR,3725": FIX-ME: Unexpected statement 'ref'
SCRIPT    (W): @"dynamichelicopters/ZGqr4Lak/ 2IEWn7cF/tyhGLMGm/﻿﻿﻿﻿/zjwZnlHM/6knrTOoW/0f5 CCTh.PFJE  xR,4048": FIX-ME: Unexpected statement 'ref'
SCRIPT    (W): @"dynamichelicopters/ZGqr4Lak/ 2IEWn7cF/tyhGLMGm/﻿﻿﻿﻿/zjwZnlHM/6knrTOoW/0f5 CCTh.PFJE  xR,4051": FIX-ME: Unexpected statement 'ref'
SCRIPT    (W): @"dynamichelicopters/ZGqr4Lak/ 2IEWn7cF/tyhGLMGm/﻿﻿﻿﻿/zjwZnlHM/6knrTOoW/0f5 CCTh.PFJE  xR,4054": FIX-ME: Unexpected statement 'ref'
SCRIPT    (W): @"dynamichelicopters/ZGqr4Lak/ 2IEWn7cF/tyhGLMGm/﻿﻿﻿﻿/zjwZnlHM/6knrTOoW/0f5 CCTh.PFJE  xR,4057": FIX-ME: Unexpected statement 'ref'
SCRIPT    (W): @"dynamichelicopters/ZGqr4Lak/ 2IEWn7cF/tyhGLMGm/﻿﻿﻿﻿/zjwZnlHM/6knrTOoW/0f5 CCTh.PFJE  xR,4060": FIX-ME: Unexpected statement 'ref'
SCRIPT    (W): @"dynamichelicopters/ZGqr4Lak/ 2IEWn7cF/tyhGLMGm/﻿﻿﻿﻿/zjwZnlHM/6knrTOoW/0f5 CCTh.PFJE  xR,4063": FIX-ME: Unexpected statement 'ref'
SCRIPT    (W): @"dynamichelicopters/ZGqr4Lak/ 2IEWn7cF/tyhGLMGm/﻿﻿﻿﻿/zjwZnlHM/6knrTOoW/0f5 CCTh.PFJE  xR,4066": FIX-ME: Unexpected statement 'ref'
SCRIPT    (W): @"dynamichelicopters/ZGqr4Lak/ 2IEWn7cF/tyhGLMGm/﻿﻿﻿﻿/zjwZnlHM/6knrTOoW/0f5 CCTh.PFJE  xR,4069": FIX-ME: Unexpected statement 'ref'
SCRIPT    (W): @"dynamichelicopters/fdjYC Qh/ OgtLwuk4/ orhzyEL/﻿/r2OeIWn /equpMB m/9hPpyqjr.DB Gq k ,40": FIX-ME: Unexpected statement 'ref'
SCRIPT    (W): @"dynamichelicopters/fdjYC Qh/ OgtLwuk4/ orhzyEL/﻿/r2OeIWn /equpMB m/9hPpyqjr.DB Gq k ,42": FIX-ME: Unexpected statement 'ref'
SCRIPT    (W): @"dynamichelicopters/fdjYC Qh/ OgtLwuk4/ orhzyEL/﻿/r2OeIWn /equpMB m/9hPpyqjr.DB Gq k ,45": FIX-ME: Unexpected statement 'ref'
SCRIPT    (W): @"mmg_storage/scripts/4_World/classes\base_class\mmg_storage_openable_nolock.c,225": FIX-ME: Overloaded method 'CanReleaseCargo', argument name 'attachment' differs from prototype 'cargo'
SCRIPT    (W): @"mmg_storage/scripts/4_World/classes\base_class\mmg_storage_openable.c,260": FIX-ME: Overloaded method 'CanReleaseCargo', argument name 'attachment' differs from prototype 'cargo'
SCRIPT    (W): @"mmg_storage/scripts/4_World/classes\gun_rack\lockable\mmg_lockable_gun_rack_base.c,14": FIX-ME: Overriding function 'GetSoundOpen' but not marked as 'override'
SCRIPT    (W): @"mmg_storage/scripts/4_World/classes\gun_rack\lockable\mmg_lockable_gun_rack_base.c,19": FIX-ME: Overriding function 'GetSoundClose' but not marked as 'override'
SCRIPT    (W): @"CompassHH/scripts/4_World/Classes/UserActionsComponent/Actions/SingleUse/аСж?ибУшё.wss,3": FIX-ME: Overriding function 'SetCloseAnimation' but not marked as 'override'
SCRIPT    (W): @"mmg_storage/scripts/4_World/garden\mmg_gardening_base.c,136": FIX-ME: Overloaded method 'CanReleaseCargo', argument name 'attachment' differs from prototype 'cargo'
SCRIPT    (W): @"Nine\compass\scripts\4_World/watcheshud.c,343": FIX-ME: Unsafe down-casting, use 'PlayerBase.Cast' for safe down-casting
SCRIPT    (W): @"BaseFortifications/scripts/4_World/actions\actiondeploybasefortificationkits.c,11": No need to use 'Cast' for up-casting
SCRIPT    (W): @"dynamichelicopters/ZGqr4Lak/ 2IEWn7cF/tyhGLMGm/﻿﻿﻿﻿/zjwZnlHM/6knrTOoW/0f5 CCTh.PFJE  xR,3135": No need to use 'Cast' for up-casting
SCRIPT    (W): @"KnockKnockAI/scripts/4_World/player.c,70": FIX-ME: Unsafe down-casting, use 'PlayerBase.Cast' for safe down-casting
SCRIPT    (W): @"KnockKnockAI/scripts/4_World/player.c,75": FIX-ME: Unsafe down-casting, use 'PlayerBase.Cast' for safe down-casting
SCRIPT    (W): @"KnockKnockAI/scripts/4_World/player.c,79": FIX-ME: Unsafe down-casting, use 'PlayerBase.Cast' for safe down-casting
SCRIPT       : Registering faction type eAIFactionLunatics ID 1167351711
SCRIPT       : Registering faction type eAIFactionInfected ID 1371958374
SCRIPT    (W): @"SimpleAutorun/Mission/autorunmodule.c,100": FIX-ME: Method argument can't be strong reference
SCRIPT    (W): @"SimpleAutorun/Mission/autorunmodule.c,240": FIX-ME: Method argument can't be strong reference
SCRIPT    (W): @"SimpleAutorun/Mission/autorunmodule.c,240": FIX-ME: Overloaded function 'OnRPC#1127402', argument 'ctx' is not compatible with prototype argument type or spec 'Serializer'
SCRIPT    (W): @"scripts/5_Mission/mission\missionbenchmark.c,397": Possible variable name conflict 'year'
SCRIPT    (W): @"scripts/5_Mission/mission\missionbenchmark.c,397": Possible variable name conflict 'month'
SCRIPT    (W): @"scripts/5_Mission/mission\missionbenchmark.c,397": Possible variable name conflict 'day'
SCRIPT    (W): @"scripts/5_Mission/mission\missionbenchmark.c,397": Possible variable name conflict 'hour'
SCRIPT    (W): @"scripts/5_Mission/mission\missionbenchmark.c,397": Possible variable name conflict 'minute'
SCRIPT       : Vanilla++ AdminTools Plugins Registering..
SCRIPT       : 23:19:31.199 [EXPANSION DEBUG]: [ExpansionCoreSettings] Load existing setting file:$profile:ExpansionMod\Settings\CoreSettings.json
SCRIPT       : 23:19:31.199 [EXPANSION DEBUG]: [ExpansionLogSettings] Load existing setting file:$profile:ExpansionMod\Settings\LogsSettings.json
SCRIPT       : 23:19:31.200 [EXPANSION DEBUG]: [ExpansionNotificationSettings] Load existing setting file:$profile:ExpansionMod\Settings\NotificationSettings.json
SCRIPT       : 23:19:31.201 [EXPANSION DEBUG]: [ExpansionMonitoringSettings] Load existing setting file:$profile:ExpansionMod\Settings\MonitoringSettings.json
SCRIPT       : 23:19:31.201 [EXPANSION DEBUG]: [ExpansionDamageSystemSettings] Load existing setting file:$profile:ExpansionMod\Settings\DamageSystemSettings.json
SCRIPT       : 23:19:31.201 [EXPANSION DEBUG]: [ExpansionPartySettings] Load existing setting file:$profile:ExpansionMod\Settings\PartySettings.json
SCRIPT       : 23:19:31.201 [EXPANSION DEBUG]: [ExpansionHardlineSettings] Load existing setting file:$mission:expansion\settings\HardlineSettings.json
SCRIPT       : 23:19:31.212 [EXPANSION DEBUG]: [ExpansionMarketSettings] Load existing setting file:$mission:expansion\settings\MarketSettings.json
SCRIPT       : 23:19:31.215 [EXPANSION DEBUG]: [ExpansionAirdropSettings] Load existing setting file:$profile:ExpansionMod\Settings\AirdropSettings.json
SCRIPT       : 23:19:31.623 [EXPANSION DEBUG]: [ExpansionMissionSettings] Load existing setting file:$profile:ExpansionMod\Settings\MissionSettings.json
SCRIPT       : 23:19:31.624 [EXPANSION DEBUG]: [ExpansionMapSettings] Load existing setting file:$mission:expansion\settings\MapSettings.json
SCRIPT       : 23:19:31.635 [EXPANSION DEBUG]: [ExpansionPersonalStorageNewSettings] Load existing setting file:$profile:ExpansionMod\Settings\PersonalStorageNewSettings.json
SCRIPT       : 23:19:31.635 [EXPANSION DEBUG]: [ExpansionGeneralSettings] Load existing setting file:$profile:ExpansionMod\Settings\GeneralSettings.json
SCRIPT       : 23:19:31.636 [EXPANSION DEBUG]: [ExpansionPlayerListSettings] Load existing setting file:$profile:ExpansionMod\Settings\PlayerListSettings.json
SCRIPT       : 23:19:31.636 [EXPANSION DEBUG]: [ExpansionSocialMediaSettings] Load existing setting file:$profile:ExpansionMod\Settings\SocialMediaSettings.json
SCRIPT       : 23:19:31.636 [EXPANSION DEBUG]: [ExpansionSpawnSettings] Load existing setting file:$mission:expansion\settings\SpawnSettings.json
SCRIPT       : 23:19:31.638 [EXPANSION DEBUG]: [ExpansionVehicleSettings] Load existing setting file:$profile:ExpansionMod\Settings\VehicleSettings.json
SCRIPT       : 23:19:31.639 [EXPANSION DEBUG]: ExpansionAILocationSettings<97be9f10> Load existing setting file:$mission:expansion\settings\AILocationSettings.json
SCRIPT       : 23:19:31.787 [EXPANSION DEBUG]: [ExpansionAISettings] Load existing setting file:$profile:ExpansionMod\Settings\AISettings.json
SCRIPT       : 23:19:31.788 [EXPANSION DEBUG]: [ExpansionAIPatrolSettings] Load existing setting file:$mission:expansion\settings\AIPatrolSettings.json
SCRIPT       : 23:19:39.767 [EXPANSION DEBUG]: [ExpansionBaseBuildingSettings] Load existing setting file:$mission:expansion\settings\BaseBuildingSettings.json
SCRIPT       : 23:19:39.771 [EXPANSION DEBUG]: [ExpansionRaidSettings] Load existing setting file:$profile:ExpansionMod\Settings\RaidSettings.json
SCRIPT       : 23:19:39.772 [EXPANSION DEBUG]: [ExpansionTerritorySettings] Load existing setting file:$profile:ExpansionMod\Settings\TerritorySettings.json
SCRIPT       : 23:19:39.775 [EXPANSION DEBUG]: [ExpansionChatSettings] Load existing setting file:$profile:ExpansionMod\Settings\ChatSettings.json
SCRIPT       : Expansion version: 1.9.49
SCRIPT       : [DefineTest] EXPANSIONMOD is defined
SCRIPT       : [DefineTest] EXPANSIONMODAI is defined
SCRIPT       : [DefineTest] EXPANSIONMODBASEBUILDING is defined
SCRIPT       : [DefineTest] EXPANSIONMODBOOK is defined
SCRIPT       : [DefineTest] EXPANSIONMODCHAT is defined
SCRIPT       : [DefineTest] EXPANSIONMODCORE is defined
SCRIPT       : [DefineTest] EXPANSIONMODGARAGE is defined
SCRIPT       : [DefineTest] EXPANSIONMODGROUPS is defined
SCRIPT       : [DefineTest] EXPANSIONMODHARDLINE is defined
SCRIPT       : [DefineTest] EXPANSIONMODKILLFEED is defined
SCRIPT       : [DefineTest] EXPANSIONMODMAPASSETS is defined
SCRIPT       : [DefineTest] EXPANSIONMODMARKET is defined
SCRIPT       : [DefineTest] EXPANSIONMODMISSIONS is defined
SCRIPT       : [DefineTest] EXPANSIONMODNAMETAGS is defined
SCRIPT       : [DefineTest] EXPANSIONMODNAVIGATION is defined
SCRIPT       : [DefineTest] EXPANSIONMODP2PMARKET is defined
SCRIPT       : [DefineTest] EXPANSIONMODPERSONALSTORAGE is defined
SCRIPT       : [DefineTest] EXPANSIONMODQUESTS is defined
SCRIPT       : [DefineTest] EXPANSIONMODSPAWNSELECTION is defined
SCRIPT       : [DefineTest] EXPANSIONMODVEHICLE is defined
SCRIPT       : [DefineTest] EXPANSIONMODWEAPONS is defined
SCRIPT       : [DefineTest] CfgMods:
SCRIPT       : defaultAction
SCRIPT       : DayZ
SCRIPT       : CarCoverDefines
SCRIPT       : DZ_Expansion_AI_Preload
SCRIPT       : DZ_Expansion_BaseBuilding_Preload
SCRIPT       : DZ_Expansion_Book_Preload
SCRIPT       : DZ_Expansion_Chat_Preload
SCRIPT       : DZ_Expansion_Core_Preload
SCRIPT       : DZ_Expansion_Garage_Preload
SCRIPT       : DZ_Expansion_Groups_Preload
SCRIPT       : DZ_Expansion_Hardline_Preload
SCRIPT       : DZ_Expansion_KillFeed_Preload
SCRIPT       : DZ_Expansion_MapAssets_Preload
SCRIPT       : DZ_Expansion_Market_Preload
SCRIPT       : DZ_Expansion_Missions_Preload
SCRIPT       : DZ_Expansion_ModStorage_Preload
SCRIPT       : DZ_Expansion_NameTags_Preload
SCRIPT       : DZ_Expansion_Navigation_Preload
SCRIPT       : DZ_Expansion_P2PMarket_Preload
SCRIPT       : DZ_Expansion_PersonalStorage_Preload
SCRIPT       : DZ_Expansion_Preload
SCRIPT       : DZ_Expansion_Quests_Preload
SCRIPT       : DZ_Expansion_SpawnSelection_Preload
SCRIPT       : DZ_Expansion_Vehicles_Preload
SCRIPT       : DZ_Expansion_Weapons_Preload
SCRIPT       : BasicMapDefine
SCRIPT       : BuilderItems_Scripts
SCRIPT       : DabsFramework
SCRIPT       : DZ_Expansion_DefineTest
SCRIPT       : DZ_Expansion_MapAssets
SCRIPT       : sakhal
SCRIPT       : EarPlugs
SCRIPT       : ExpansionAIRaids
SCRIPT       : FirstAidKit
SCRIPT       : InediaInfectedAI
SCRIPT       : JM_CommunityFramework
SCRIPT       : DZ_MagObfuscation
SCRIPT       : mm_helmets
SCRIPT       : mm_masks
SCRIPT       : mm_pants
SCRIPT       : mm_shirts
SCRIPT       : mm_various
SCRIPT       : mm_vests
SCRIPT       : mmg_storage
SCRIPT       : CompassNine
SCRIPT       : RealisticSuppressors
SCRIPT       : RealisticWeapons
SCRIPT       : ServerPanel
SCRIPT       : SimpleAutorun
SCRIPT       : TTC_Optics
SCRIPT       : TTC_Pistols
SCRIPT       : TTC_Rifles
SCRIPT       : TTC_Shotguns
SCRIPT       : TTC_SMG
SCRIPT       : AVPPAdminTools
SCRIPT       : WindstrideClothing
SCRIPT       : FlipTransport
SCRIPT       : ZenSleep
SCRIPT       : BasicMap
SCRIPT       : CarCover
SCRIPT       : CompassHH
SCRIPT       : DZ_Expansion_ModStorage
SCRIPT       : JillsCollection
SCRIPT       : mm_backpacks
SCRIPT       : CDS_Bulletstack
SCRIPT       : DZ_Expansion_Core
SCRIPT       : DZ_Expansion_Garage
SCRIPT       : DZ_Expansion_Groups
SCRIPT       : DZ_Expansion_Market
SCRIPT       : DZ_Expansion_Missions
SCRIPT       : DZ_Expansion_NameTags
SCRIPT       : DZ_Expansion_Navigation
SCRIPT       : DZ_Expansion_NotificationScheduler
SCRIPT       : DZ_Expansion_P2PMarket
SCRIPT       : DZ_Expansion_PersonalStorage
SCRIPT       : DZ_Expansion_PersonalStorageNew
SCRIPT       : DZ_Expansion_PlayerList
SCRIPT       : DZ_Expansion
SCRIPT       : DZ_Expansion_SpawnSelection
SCRIPT       : DZ_Expansion_VanillaFixes
SCRIPT       : DZ_Expansion_Vehicles
SCRIPT       : DZ_Expansion_Weapons
SCRIPT       : Base_Fortifications_Base
SCRIPT       : DZ_Expansion_AI
SCRIPT       : DZ_Expansion_BaseBuilding
SCRIPT       : DZ_Expansion_Book
SCRIPT       : DZ_Expansion_Chat
SCRIPT       : DZ_Expansion_Hardline
SCRIPT       : DZ_Expansion_Quests
SCRIPT       : DZ_Expansion_VirtualContainerStorage
SCRIPT       : DynamicHelicopters
SCRIPT       : KnockKnockAI
SCRIPT       : AIWarZones
SCRIPT       : [Nine] 'Nine_Settings' found, loading
SCRIPT       : 14.12.2025 23:19:39 [ServerPanelLogger]: Switching to logfile: $profile:/ServerPanel/Logs/ServerPanel_14-12-2025_23-19-39.log
SCRIPT       : [ServerPanel] 'ServerPanelConfigManager' Configuration file found...
SCRIPT       : [ServerPanel] 'ServerPanelConfigManager' Configuration loaded.
SCRIPT       : [BasicMap] Init Server
SCRIPT    (E): JSON ERROR $CurrentDir:mpmissions\Expansion.chernarusplus\init.c:97
SCRIPT    (E): [::JsonLoadFile] :: [ERROR] :: Cannot load data from "$profile:BasicMap\ServerMarkers.json":
JSON ERROR:
The document is empty.
Function: 'JsonLoadFile'
Stack trace:
scripts/3_Game/tools\jsonfileloader.c:129 Function JsonLoadFile
BasicMap/scripts/3_Game/basicmapcontroller.c:168 Function LoadServerMarkers
BasicMap/scripts/3_Game/basicmapcontroller.c:44 Function Init
BasicMap/scripts/5_Mission/mission\missionserver.c:4 Function MissionServer@368#1
$CurrentDir:mpmissions\Expansion.chernarusplus\init.c:97 Function CreateCustomMission
SCRIPT    (E): JSON ERROR AIWarZones/scripts/5_Mission/aiwarzones.c:34
SCRIPT    (E): [::LoadData] :: [ERROR] :: Cannot load data from "$mission:cfggameplay.json":
JSON ERROR:
Invalid value.
Function: 'LoadData'
Stack trace:
scripts/3_Game/cfggameplayhandler.c:72 Function LoadData
scripts/5_Mission/mission\missionserver.c:79 Function OnInit
ExpansionAIRaids/Scripts/5_Mission/ nzkmefql \  .{22877a6d-37a1-461a-91b0-dbda5aaebc99}\lpt7.c:7 Function OnInit
InediaInfectedAI/scripts/5_mission/inediainfectedai\mission\missionserver.c:21 Function OnInit
JM/CF/Scripts/5_Mission/communityframework\mission\missionserver.c:29 Function OnInit
VPPAdminTools/5_Mission/vppadmintools\missionserver.c:38 Function OnInit
ZenSleep/scripts/5_mission/mission\missionserver.c:5 Function OnInit
KnockKnockAI/scripts/5_Mission/knockknockai.c:51 Function OnInit
AIWarZones/scripts/5_Mission/aiwarzones.c:34 Function OnInit
SCRIPT       : [ExpansionAIRaids] MissionServer OnInit called
SCRIPT       : [ExpansionAIRaids] Server detected, initializing AI Raids Manager...
SCRIPT       : [ExpansionAIRaidsSettings] Constructor called
SCRIPT       : [ExpansionAIRaidsSettings] Loading settings...
SCRIPT       : [ExpansionAIRaidsSettings] Settings file exists, loading: $profile:ExpansionMod/Settings/AIRaidSettings.json
SCRIPT       : [ExpansionAIRaidsSettings] Detected Version 1 config - upgrading to Version 2
SCRIPT       : [ExpansionAIRaidsSettings] Adding new ExtraAICountPerPlayer setting while keeping existing values
SCRIPT       : [ExpansionAIRaidsSettings] Saving settings to: $profile:ExpansionMod/Settings/AIRaidSettings.json
SCRIPT       : [ExpansionAIRaidsSettings] Config successfully upgraded from Version 1 to Version 2
SCRIPT       : [ExpansionAIRaidsSettings] New setting: ExtraAICountPerPlayer = 2
SCRIPT       : [ExpansionAIRaidsSettings] Settings loaded. Enabled: true, RaidChance: 0.5, ExtraAICountPerPlayer: 2
SCRIPT       : [ExpansionAIRaidsManager] Settings loaded - Enabled: true
SCRIPT       : [ExpansionAIRaidsManager] Constructor completed successfully
SCRIPT       : [ExpansionAIRaids] AI Raids system successfully initialized on server
SCRIPT       : [MissionServer] OnInit - Server
SCRIPT       : [AYSA] [KNOCK KNOCK AI] 
SCRIPT       : [AYSA] ----- Loading cfg -----
SCRIPT       : [AYSA] --------------
SCRIPT       : [AYSA] [KNOCK KNOCK AI] enabled
SCRIPT       : [AYSA] --------------
SCRIPT       : [AYSA] [AI WAR ZONES] 
SCRIPT       : [AYSA] ----- Loading cfg -----
SCRIPT       : [AYSA] [AI WAR ZONES] --> config loaded, zone count: 6
SCRIPT       : [AYSA] [AI WAR ZONES] --> Zone[0]: The Battle Of Berezino
SCRIPT       : [AYSA] [AI WAR ZONES] --> Zone[1]: The Raid At Vybor
SCRIPT       : [AYSA] [AI WAR ZONES] --> Zone[2]: Situation at Krasnostav PD
SCRIPT       : [AYSA] [AI WAR ZONES] --> Zone[3]: Chernogorsk PD Raid
SCRIPT       : [AYSA] [AI WAR ZONES] --> Zone[4]: Electro Street Fights
SCRIPT       : [AYSA] [AI WAR ZONES] --> Zone[5]: The Fight For Control - NWAF
SCRIPT       : -----------==A=========----AI----==========-------------
SCRIPT       : -----------========Y===----------==========-------------
SCRIPT       : -----------============----------=S========-------------
SCRIPT       : ---WAR-----============----------======A===-----ZONES---
SCRIPT       : -----------==== CONFIG UPDATE NEEDED ====-------------
SCRIPT       : [AYSA] [AI WAR ZONES] --> War zones has many new features and you are missing them
SCRIPT       : [AYSA] [AI WAR ZONES] --> Delete your current config file and restart the server. A new config will generate
SCRIPT       : -----------==A=========----AI----==========-------------
SCRIPT       : -----------========Y===----------==========-------------
SCRIPT       : -----------============----------=S========-------------
SCRIPT       : ---WAR-----============----------======A===-----ZONES---
SCRIPT       : -----------==== CONFIG UPDATE NEEDED ====-------------
SCRIPT       : [AYSA] [AI WAR ZONES] --> War zones has many new features and you are missing them
SCRIPT       : [AYSA] [AI WAR ZONES] --> Delete your current config file and restart the server. A new config will generate
SCRIPT       : -----------==A=========----AI----==========-------------
SCRIPT       : -----------========Y===----------==========-------------
SCRIPT       : -----------============----------=S========-------------
SCRIPT       : ---WAR-----============----------======A===-----ZONES---
SCRIPT       : -----------==== CONFIG UPDATE NEEDED ====-------------
SCRIPT       : [AYSA] [AI WAR ZONES] --> War zones has many new features and you are missing them
SCRIPT       : [AYSA] [AI WAR ZONES] --> Delete your current config file and restart the server. A new config will generate
SCRIPT       : -----------==A=========----AI----==========-------------
SCRIPT       : -----------========Y===----------==========-------------
SCRIPT       : -----------============----------=S========-------------
SCRIPT       : ---WAR-----============----------======A===-----ZONES---
SCRIPT       : -----------==== CONFIG UPDATE NEEDED ====-------------
SCRIPT       : [AYSA] [AI WAR ZONES] --> War zones has many new features and you are missing them
SCRIPT       : [AYSA] [AI WAR ZONES] --> Delete your current config file and restart the server. A new config will generate
SCRIPT       : -----------==A=========----AI----==========-------------
SCRIPT       : -----------========Y===----------==========-------------
SCRIPT       : -----------============----------=S========-------------
SCRIPT       : ---WAR-----============----------======A===-----ZONES---
SCRIPT       : -----------==== CONFIG UPDATE NEEDED ====-------------
SCRIPT       : [AYSA] [AI WAR ZONES] --> War zones has many new features and you are missing them
SCRIPT       : [AYSA] [AI WAR ZONES] --> Delete your current config file and restart the server. A new config will generate
SCRIPT       : -----------==A=========----AI----==========-------------
SCRIPT       : -----------========Y===----------==========-------------
SCRIPT       : -----------============----------=S========-------------
SCRIPT       : ---WAR-----============----------======A===-----ZONES---
SCRIPT       : -----------==== CONFIG UPDATE NEEDED ====-------------
SCRIPT       : [AYSA] [AI WAR ZONES] --> War zones has many new features and you are missing them
SCRIPT       : [AYSA] [AI WAR ZONES] --> Delete your current config file and restart the server. A new config will generate
SCRIPT       : [MissionServer] OnMissionStart - Server
SCRIPT       : string dirtyName = 'BathtubBallersTest'
SCRIPT       : ExpansionZonePolygon<61d20430> position=<12015.854492, 0.000000, 12591.097656> radius=419.633
SCRIPT       : ExpansionZoneCircle<25c3b9e0> position=<1143.140015, 0.000000, 2423.270020> radius=700
SCRIPT       : ExpansionZoneCircle<25c3ca60> position=<3728.270020, 0.000000, 6003.600098> radius=500
SCRIPT       : Found 3 zones!
SCRIPT       : m_LoginTimeMs: 16200
SCRIPT       : [ExpansionAIRaidsManager] Running raid check cycle...
SCRIPT       : [ExpansionAIRaidsManager] CheckForNewRaids called
SCRIPT       : [ExpansionAIRaidsManager] Starting raid check for all online players...
SCRIPT       : [ExpansionAIRaidsManager] Found 0 online players
SCRIPT       : [ExpansionAIRaidsManager] No players online, skipping raid checks
SCRIPT       : [ExpansionAIRaidsManager] Running raid check cycle...
SCRIPT       : [ExpansionAIRaidsManager] CheckForNewRaids called
SCRIPT       : [ExpansionAIRaidsManager] Starting raid check for all online players...
SCRIPT       : [ExpansionAIRaidsManager] Found 0 online players
SCRIPT       : [ExpansionAIRaidsManager] No players online, skipping raid checks
SCRIPT       : [ExpansionAIRaidsManager] Running raid check cycle...
SCRIPT       : [ExpansionAIRaidsManager] CheckForNewRaids called
SCRIPT       : [ExpansionAIRaidsManager] Starting raid check for all online players...
SCRIPT       : [ExpansionAIRaidsManager] Found 0 online players
SCRIPT       : [ExpansionAIRaidsManager] No players online, skipping raid checks
SCRIPT       : [ExpansionAIRaidsManager] Running raid check cycle...
SCRIPT       : [ExpansionAIRaidsManager] CheckForNewRaids called
SCRIPT       : [ExpansionAIRaidsManager] Starting raid check for all online players...
SCRIPT       : [ExpansionAIRaidsManager] Found 0 online players
SCRIPT       : [ExpansionAIRaidsManager] No players online, skipping raid checks
SCRIPT       : [ExpansionAIRaidsManager] Running raid check cycle...
SCRIPT       : [ExpansionAIRaidsManager] CheckForNewRaids called
SCRIPT       : [ExpansionAIRaidsManager] Starting raid check for all online players...
SCRIPT       : [ExpansionAIRaidsManager] Found 0 online players
SCRIPT       : [ExpansionAIRaidsManager] No players online, skipping raid checks
SCRIPT       : [ExpansionAIRaidsManager] Running raid check cycle...
SCRIPT       : [ExpansionAIRaidsManager] CheckForNewRaids called
SCRIPT       : [ExpansionAIRaidsManager] Starting raid check for all online players...
SCRIPT       : [ExpansionAIRaidsManager] Found 0 online players
SCRIPT       : [ExpansionAIRaidsManager] No players online, skipping raid checks
SCRIPT       : [ExpansionAIRaidsManager] Running raid check cycle...
SCRIPT       : [ExpansionAIRaidsManager] CheckForNewRaids called
SCRIPT       : [ExpansionAIRaidsManager] Starting raid check for all online players...
SCRIPT       : [ExpansionAIRaidsManager] Found 0 online players
SCRIPT       : [ExpansionAIRaidsManager] No players online, skipping raid checks
SCRIPT       : [ExpansionAIRaidsManager] Running raid check cycle...
SCRIPT       : [ExpansionAIRaidsManager] CheckForNewRaids called
SCRIPT       : [ExpansionAIRaidsManager] Starting raid check for all online players...
SCRIPT       : [ExpansionAIRaidsManager] Found 0 online players
SCRIPT       : [ExpansionAIRaidsManager] No players online, skipping raid checks
SCRIPT       : [ExpansionAIRaidsManager] Running raid check cycle...
SCRIPT       : [ExpansionAIRaidsManager] CheckForNewRaids called
SCRIPT       : [ExpansionAIRaidsManager] Starting raid check for all online players...
SCRIPT       : [ExpansionAIRaidsManager] Found 0 online players
SCRIPT       : [ExpansionAIRaidsManager] No players online, skipping raid checks
SCRIPT       : [AYSA] [KNOCK KNOCK AI] 
SCRIPT       : [AYSA] ----- Sending cfg -----
SCRIPT       : [AYSA] ----- Vex -----
SCRIPT       : [AYSA] [AI WAR ZONES] 
SCRIPT       : [AYSA] ----- Sending cfg -----
SCRIPT       : [AYSA] ----- Vex -----
SCRIPT       : ---- PlayerBase OnStoreLoad SUCCESS ----
SCRIPT       : 23:20:58.995 [EXPANSION DEBUG]: ExpansionPartyData<6a420c20>::OnJoin party Reaper Fiery (ID 0) player Vex (ID 6ZR6jg8ii-k-yNsuz745gya8XHU7vZ-Sv_nUgBA2b2M=)
SCRIPT       : [VPPAT] Player "Vex" (steamId=76561198040522771) connected to server!
SCRIPT       : [PlayerListManager] AddReceiver ► added: PlayerIdentity<7f7eba10>
SCRIPT       : [ZenSleep::ZenSleepEffectHandlerServer] Initialized 6ZR6jg8ii-k-yNsuz745gya8XHU7vZ-Sv_nUgBA2b2M=
SCRIPT       : [WeaponFSM::ValidateAndRepairHelper] :: [INFO] :: [wpnfsm] ValidateAndRepair Attempting to repair: Scout:26952 (owner eAI_SurvivorF_Judy<317b9030>) - MagazineRepair - BAREM_CLO_BUF_MA0<8f69e710> - state: 0 != weapon: 1
SCRIPT       : [ExpansionAIRaidsManager] Running raid check cycle...
SCRIPT       : [ExpansionAIRaidsManager] CheckForNewRaids called
SCRIPT       : [ExpansionAIRaidsManager] Starting raid check for all online players...
SCRIPT       : [ExpansionAIRaidsManager] Found 1 online players
SCRIPT       : [ExpansionAIRaidsManager] Getting all territory flags via ExpansionTerritoryModule...
SCRIPT       : [ExpansionAIRaidsManager] Found 1 territory flags to check
SCRIPT       : [ExpansionAIRaidsManager] Checking territory 0 at position <5769.066406, 318.876343, 8692.288086>
SCRIPT       : [ExpansionAIRaidsManager] No players near territory 0, skipping
SCRIPT       : [Permissions Manager] Admin (Vex) (76561198040522771) Successfully Logged in!
SCRIPT       : [ExpansionAIRaidsManager] Running raid check cycle...
SCRIPT       : [ExpansionAIRaidsManager] CheckForNewRaids called
SCRIPT       : [ExpansionAIRaidsManager] Starting raid check for all online players...
SCRIPT       : [ExpansionAIRaidsManager] Found 1 online players
SCRIPT       : [ExpansionAIRaidsManager] Getting all territory flags via ExpansionTerritoryModule...
SCRIPT       : [ExpansionAIRaidsManager] Found 1 territory flags to check
SCRIPT       : [ExpansionAIRaidsManager] Checking territory 0 at position <5769.066406, 318.876343, 8692.288086>
SCRIPT       : [ExpansionAIRaidsManager] No players near territory 0, skipping
SCRIPT       : [ExpansionAIRaidsManager] Running raid check cycle...
SCRIPT       : [ExpansionAIRaidsManager] CheckForNewRaids called
SCRIPT       : [ExpansionAIRaidsManager] Starting raid check for all online players...
SCRIPT       : [ExpansionAIRaidsManager] Found 1 online players
SCRIPT       : [ExpansionAIRaidsManager] Getting all territory flags via ExpansionTerritoryModule...
SCRIPT       : [ExpansionAIRaidsManager] Found 1 territory flags to check
SCRIPT       : [ExpansionAIRaidsManager] Checking territory 0 at position <5769.066406, 318.876343, 8692.288086>
SCRIPT       : [ExpansionAIRaidsManager] No players near territory 0, skipping
SCRIPT       : [ExpansionAIRaidsManager] Running raid check cycle...
SCRIPT       : [ExpansionAIRaidsManager] CheckForNewRaids called
SCRIPT       : [ExpansionAIRaidsManager] Starting raid check for all online players...
SCRIPT       : [ExpansionAIRaidsManager] Found 1 online players
SCRIPT       : [ExpansionAIRaidsManager] Getting all territory flags via ExpansionTerritoryModule...
SCRIPT       : [ExpansionAIRaidsManager] Found 1 territory flags to check
SCRIPT       : [ExpansionAIRaidsManager] Checking territory 0 at position <5769.066406, 318.876343, 8692.288086>
SCRIPT       : [ExpansionAIRaidsManager] No players near territory 0, skipping
SCRIPT       : [ExpansionAIRaidsManager] Running raid check cycle...
SCRIPT       : [ExpansionAIRaidsManager] CheckForNewRaids called
SCRIPT       : [ExpansionAIRaidsManager] Starting raid check for all online players...
SCRIPT       : [ExpansionAIRaidsManager] Found 1 online players
SCRIPT       : [ExpansionAIRaidsManager] Getting all territory flags via ExpansionTerritoryModule...
SCRIPT       : [ExpansionAIRaidsManager] Found 1 territory flags to check
SCRIPT       : [ExpansionAIRaidsManager] Checking territory 0 at position <5769.066406, 318.876343, 8692.288086>
SCRIPT       : [ExpansionAIRaidsManager] No players near territory 0, skipping
SCRIPT       : [WeaponFSM::ValidateAndRepairHelper] :: [INFO] :: [wpnfsm] ValidateAndRepair Attempting to repair: Scout:26926 (owner eAI_SurvivorF_Baty<7d566e40>) - MagazineRepair - BAREM_CLO_BUF_MA0<34f48c20> - state: 0 != weapon: 1
SCRIPT       : [WeaponFSM::ValidateAndRepairHelper] :: [INFO] :: [wpnfsm] ValidateAndRepair Attempting to repair: Scout:25165 (owner eAI_SurvivorF_Gabi<36995500>) - MagazineRepair - BAREM_CLO_BUF_MA0<36a8ca30> - state: 0 != weapon: 1
SCRIPT       : [ExpansionAIRaidsManager] Running raid check cycle...
SCRIPT       : [ExpansionAIRaidsManager] CheckForNewRaids called
SCRIPT       : [ExpansionAIRaidsManager] Starting raid check for all online players...
SCRIPT       : [ExpansionAIRaidsManager] Found 1 online players
SCRIPT       : [ExpansionAIRaidsManager] Getting all territory flags via ExpansionTerritoryModule...
SCRIPT       : [ExpansionAIRaidsManager] Found 1 territory flags to check
SCRIPT       : [ExpansionAIRaidsManager] Checking territory 0 at position <5769.066406, 318.876343, 8692.288086>
SCRIPT       : [ExpansionAIRaidsManager] No players near territory 0, skipping
SCRIPT       : [ExpansionAIRaidsManager] Running raid check cycle...
SCRIPT       : [ExpansionAIRaidsManager] CheckForNewRaids called
SCRIPT       : [ExpansionAIRaidsManager] Starting raid check for all online players...
SCRIPT       : [ExpansionAIRaidsManager] Found 1 online players
SCRIPT       : [ExpansionAIRaidsManager] Getting all territory flags via ExpansionTerritoryModule...
SCRIPT       : [ExpansionAIRaidsManager] Found 1 territory flags to check
SCRIPT       : [ExpansionAIRaidsManager] Checking territory 0 at position <5769.066406, 318.876343, 8692.288086>
SCRIPT       : [ExpansionAIRaidsManager] No players near territory 0, skipping
SCRIPT       : [ExpansionAIRaidsManager] Running raid check cycle...
SCRIPT       : [ExpansionAIRaidsManager] CheckForNewRaids called
SCRIPT       : [ExpansionAIRaidsManager] Starting raid check for all online players...
SCRIPT       : [ExpansionAIRaidsManager] Found 1 online players
SCRIPT       : [ExpansionAIRaidsManager] Getting all territory flags via ExpansionTerritoryModule...
SCRIPT       : [ExpansionAIRaidsManager] Found 1 territory flags to check
SCRIPT       : [ExpansionAIRaidsManager] Checking territory 0 at position <5769.066406, 318.876343, 8692.288086>
SCRIPT       : [ExpansionAIRaidsManager] No players near territory 0, skipping
SCRIPT       : [ExpansionAIRaidsManager] Running raid check cycle...
SCRIPT       : [ExpansionAIRaidsManager] CheckForNewRaids called
SCRIPT       : [ExpansionAIRaidsManager] Starting raid check for all online players...
SCRIPT       : [ExpansionAIRaidsManager] Found 1 online players
SCRIPT       : [ExpansionAIRaidsManager] Getting all territory flags via ExpansionTerritoryModule...
SCRIPT       : [ExpansionAIRaidsManager] Found 1 territory flags to check
SCRIPT       : [ExpansionAIRaidsManager] Checking territory 0 at position <5769.066406, 318.876343, 8692.288086>
SCRIPT       : [ExpansionAIRaidsManager] No players near territory 0, skipping
SCRIPT       : [ExpansionAIRaidsManager] Running raid check cycle...
SCRIPT       : [ExpansionAIRaidsManager] CheckForNewRaids called
SCRIPT       : [ExpansionAIRaidsManager] Starting raid check for all online players...
SCRIPT       : [ExpansionAIRaidsManager] Found 1 online players
SCRIPT       : [ExpansionAIRaidsManager] Getting all territory flags via ExpansionTerritoryModule...
SCRIPT       : [ExpansionAIRaidsManager] Found 1 territory flags to check
SCRIPT       : [ExpansionAIRaidsManager] Checking territory 0 at position <5769.066406, 318.876343, 8692.288086>
SCRIPT       : [ExpansionAIRaidsManager] No players near territory 0, skipping
SCRIPT       : [ExpansionAIRaidsManager] Running raid check cycle...
SCRIPT       : [ExpansionAIRaidsManager] CheckForNewRaids called
SCRIPT       : [ExpansionAIRaidsManager] Starting raid check for all online players...
SCRIPT       : [ExpansionAIRaidsManager] Found 1 online players
SCRIPT       : [ExpansionAIRaidsManager] Getting all territory flags via ExpansionTerritoryModule...
SCRIPT       : [ExpansionAIRaidsManager] Found 1 territory flags to check
SCRIPT       : [ExpansionAIRaidsManager] Checking territory 0 at position <5769.066406, 318.876343, 8692.288086>
SCRIPT       : [ExpansionAIRaidsManager] No players near territory 0, skipping
SCRIPT       : [ExpansionAIRaidsManager] Running raid check cycle...
SCRIPT       : [ExpansionAIRaidsManager] CheckForNewRaids called
SCRIPT       : [ExpansionAIRaidsManager] Starting raid check for all online players...
SCRIPT       : [ExpansionAIRaidsManager] Found 1 online players
SCRIPT       : [ExpansionAIRaidsManager] Getting all territory flags via ExpansionTerritoryModule...
SCRIPT       : [ExpansionAIRaidsManager] Found 1 territory flags to check
SCRIPT       : [ExpansionAIRaidsManager] Checking territory 0 at position <5769.066406, 318.876343, 8692.288086>
SCRIPT       : [ExpansionAIRaidsManager] No players near territory 0, skipping
SCRIPT       : [Logout]: New player 6ZR6jg8ii-k-yNsuz745gya8XHU7vZ-Sv_nUgBA2b2M= with logout time 15
SCRIPT       : Player "Vex" (steamid=76561198040522771) initiated disconnect process...
SCRIPT       : [ExpansionAIRaidsManager] Running raid check cycle...
SCRIPT       : [ExpansionAIRaidsManager] CheckForNewRaids called
SCRIPT       : [ExpansionAIRaidsManager] Starting raid check for all online players...
SCRIPT       : [ExpansionAIRaidsManager] Found 1 online players
SCRIPT       : [ExpansionAIRaidsManager] Getting all territory flags via ExpansionTerritoryModule...
SCRIPT       : [ExpansionAIRaidsManager] Found 1 territory flags to check
SCRIPT       : [ExpansionAIRaidsManager] Checking territory 0 at position <5769.066406, 318.876343, 8692.288086>
SCRIPT       : [ExpansionAIRaidsManager] No players near territory 0, skipping
SCRIPT       : [ExpansionAIRaidsManager] Running raid check cycle...
SCRIPT       : [ExpansionAIRaidsManager] CheckForNewRaids called
SCRIPT       : [ExpansionAIRaidsManager] Starting raid check for all online players...
SCRIPT       : [ExpansionAIRaidsManager] Found 1 online players
SCRIPT       : [ExpansionAIRaidsManager] Getting all territory flags via ExpansionTerritoryModule...
SCRIPT       : [ExpansionAIRaidsManager] Found 1 territory flags to check
SCRIPT       : [ExpansionAIRaidsManager] Checking territory 0 at position <5769.066406, 318.876343, 8692.288086>
SCRIPT       : [ExpansionAIRaidsManager] No players near territory 0, skipping
SCRIPT       : [ExpansionAIRaidsManager] Running raid check cycle...
SCRIPT       : [ExpansionAIRaidsManager] CheckForNewRaids called
SCRIPT       : [ExpansionAIRaidsManager] Starting raid check for all online players...
SCRIPT       : [ExpansionAIRaidsManager] Found 1 online players
SCRIPT       : [ExpansionAIRaidsManager] Getting all territory flags via ExpansionTerritoryModule...
SCRIPT       : [ExpansionAIRaidsManager] Found 1 territory flags to check
SCRIPT       : [ExpansionAIRaidsManager] Checking territory 0 at position <5769.066406, 318.876343, 8692.288086>
SCRIPT       : [ExpansionAIRaidsManager] No players near territory 0, skipping
SCRIPT       : 23:22:10.530 [EXPANSION DEBUG]: ExpansionPartyData<6a420c20>::OnLeave party Reaper Fiery (ID 0) player Vex (ID 6ZR6jg8ii-k-yNsuz745gya8XHU7vZ-Sv_nUgBA2b2M=)
SCRIPT       : [Logout]: Player 6ZR6jg8ii-k-yNsuz745gya8XHU7vZ-Sv_nUgBA2b2M= finished
SCRIPT       : Player "Vex" (steamid=76561198040522771) disconnected from server.
SCRIPT       : [PlayerListManager] SyncEntryToReceivers ► uid: 6ZR6jg8ii-k-yNsuz745gya8XHU7vZ-Sv_nUgBA2b2M= isn't in the players list! sending a remove.
SCRIPT       : HandleOnPlayerDisconnected -> PlayerListManager.RemoveEntry ► 6ZR6jg8ii-k-yNsuz745gya8XHU7vZ-Sv_nUgBA2b2M=
SCRIPT       : [ExpansionAIRaidsManager] Running raid check cycle...
SCRIPT       : [ExpansionAIRaidsManager] CheckForNewRaids called
SCRIPT       : [ExpansionAIRaidsManager] Starting raid check for all online players...
SCRIPT       : [ExpansionAIRaidsManager] Found 0 online players
SCRIPT       : [ExpansionAIRaidsManager] No players online, skipping raid checks
SCRIPT       : [ExpansionAIRaidsManager] Running raid check cycle...
SCRIPT       : [ExpansionAIRaidsManager] CheckForNewRaids called
SCRIPT       : [ExpansionAIRaidsManager] Starting raid check for all online players...
SCRIPT       : [ExpansionAIRaidsManager] Found 0 online players
SCRIPT       : [ExpansionAIRaidsManager] No players online, skipping raid checks
SCRIPT       : [ExpansionAIRaidsManager] Running raid check cycle...
SCRIPT       : [ExpansionAIRaidsManager] CheckForNewRaids called
SCRIPT       : [ExpansionAIRaidsManager] Starting raid check for all online players...
SCRIPT       : [ExpansionAIRaidsManager] Found 0 online players
SCRIPT       : [ExpansionAIRaidsManager] No players online, skipping raid checks
SCRIPT       : [ExpansionAIRaidsManager] Running raid check cycle...
SCRIPT       : [ExpansionAIRaidsManager] CheckForNewRaids called
SCRIPT       : [ExpansionAIRaidsManager] Starting raid check for all online players...
SCRIPT       : [ExpansionAIRaidsManager] Found 0 online players
SCRIPT       : [ExpansionAIRaidsManager] No players online, skipping raid checks
SCRIPT       : [ExpansionAIRaidsManager] Running raid check cycle...
SCRIPT       : [ExpansionAIRaidsManager] CheckForNewRaids called
SCRIPT       : [ExpansionAIRaidsManager] Starting raid check for all online players...
SCRIPT       : [ExpansionAIRaidsManager] Found 0 online players
SCRIPT       : [ExpansionAIRaidsManager] No players online, skipping raid checks
SCRIPT       : [ExpansionAIRaidsManager] Running raid check cycle...
SCRIPT       : [ExpansionAIRaidsManager] CheckForNewRaids called
SCRIPT       : [ExpansionAIRaidsManager] Starting raid check for all online players...
SCRIPT       : [ExpansionAIRaidsManager] Found 0 online players
SCRIPT       : [ExpansionAIRaidsManager] No players online, skipping raid checks
SCRIPT       : [ExpansionAIRaidsManager] Running raid check cycle...
SCRIPT       : [ExpansionAIRaidsManager] CheckForNewRaids called
SCRIPT       : [ExpansionAIRaidsManager] Starting raid check for all online players...
SCRIPT       : [ExpansionAIRaidsManager] Found 0 online players
SCRIPT       : [ExpansionAIRaidsManager] No players online, skipping raid checks
SCRIPT       : Clear up static fireplaces: 0
SCRIPT       : 23:22:50.363 [EXPANSION DEBUG]: Clearing cached categories 0
SCRIPT       : 23:22:50.363 [EXPANSION DEBUG]: Clearing cached traders 0
SCRIPT       : [MissionServer] OnMissionFinish - Server
SCRIPT       : [DayZ Expansion] ~DayZGame
SCRIPT       : ~DayZGame()
