---------------------------------------------
Log C:\Users\grand\Desktop\servers\Dayz\profiles\script_2025-12-05_09-04-01.log started at 05.12. 09:04:01

SCRIPT       : Registered 428 temporary action enum(s), UAN==428
SCRIPT    (W): @"MedicalAttention/Core/3_Game/enums\ma_agents.c,15": FIX-ME: Expected ',' or '}', not a ';'
SCRIPT    (W): @"MedicalAttention/Core/3_Game/enums\ma_agents.c,16": FIX-ME: Expected ',' or '}', not a ';'
SCRIPT    (W): @"MedicalAttention/Core/3_Game/enums\ma_agents.c,17": FIX-ME: Expected ',' or '}', not a ';'
SCRIPT    (W): @"dynamichelicopters/ZolblU q/ psEyOkiZ/1bpUDC5n/﻿﻿﻿﻿/WoYVIPPp/ hE9rsO9/HTChFTXO.UJDTcQlB,47": FIX-ME: Unexpected statement 'ref'
SCRIPT    (W): @"dynamichelicopters/ZolblU q/ psEyOkiZ/1bpUDC5n/﻿﻿﻿﻿/WoYVIPPp/ hE9rsO9/HTChFTXO.UJDTcQlB,48": FIX-ME: Unexpected statement 'ref'
SCRIPT    (W): @"dynamichelicopters/ZolblU q/ psEyOkiZ/1bpUDC5n/﻿﻿﻿﻿/WoYVIPPp/ hE9rsO9/HTChFTXO.UJDTcQlB,49": FIX-ME: Unexpected statement 'ref'
SCRIPT    (W): @"dynamichelicopters/ZolblU q/ psEyOkiZ/1bpUDC5n/﻿﻿﻿﻿/WoYVIPPp/ hE9rsO9/HTChFTXO.UJDTcQlB,50": FIX-ME: Unexpected statement 'ref'
SCRIPT    (W): @"dynamichelicopters/ZolblU q/ psEyOkiZ/1bpUDC5n/﻿﻿﻿﻿/WoYVIPPp/ hE9rsO9/HTChFTXO.UJDTcQlB,51": FIX-ME: Unexpected statement 'ref'
SCRIPT    (W): @"dynamichelicopters/ZolblU q/ psEyOkiZ/1bpUDC5n/﻿﻿﻿﻿/WoYVIPPp/ hE9rsO9/HTChFTXO.UJDTcQlB,52": FIX-ME: Unexpected statement 'ref'
SCRIPT    (W): @"dynamichelicopters/ZolblU q/ psEyOkiZ/1bpUDC5n/﻿﻿﻿﻿/WoYVIPPp/ hE9rsO9/HTChFTXO.UJDTcQlB,53": FIX-ME: Unexpected statement 'ref'
SCRIPT    (W): @"dynamichelicopters/ZolblU q/ psEyOkiZ/1bpUDC5n/﻿﻿﻿﻿/WoYVIPPp/ hE9rsO9/HTChFTXO.UJDTcQlB,54": FIX-ME: Unexpected statement 'ref'
SCRIPT    (W): @"dynamichelicopters/GX2Ioyf7/ tqI rgBg/00uwED c/﻿﻿﻿﻿/cajP5ut0/U679vyRl/m0pEh8 i.PPRtsJJS,47": FIX-ME: Unexpected statement 'ref'
SCRIPT    (W): @"dynamichelicopters/GX2Ioyf7/ tqI rgBg/00uwED c/﻿﻿﻿﻿/cajP5ut0/U679vyRl/m0pEh8 i.PPRtsJJS,48": FIX-ME: Unexpected statement 'ref'
SCRIPT    (W): @"dynamichelicopters/GX2Ioyf7/ tqI rgBg/00uwED c/﻿﻿﻿﻿/cajP5ut0/U679vyRl/m0pEh8 i.PPRtsJJS,49": FIX-ME: Unexpected statement 'ref'
SCRIPT    (W): @"dynamichelicopters/GX2Ioyf7/ tqI rgBg/00uwED c/﻿﻿﻿﻿/cajP5ut0/U679vyRl/m0pEh8 i.PPRtsJJS,50": FIX-ME: Unexpected statement 'ref'
SCRIPT    (W): @"dynamichelicopters/GX2Ioyf7/ tqI rgBg/00uwED c/﻿﻿﻿﻿/cajP5ut0/U679vyRl/m0pEh8 i.PPRtsJJS,51": FIX-ME: Unexpected statement 'ref'
SCRIPT    (W): @"dynamichelicopters/GX2Ioyf7/ tqI rgBg/00uwED c/﻿﻿﻿﻿/cajP5ut0/U679vyRl/m0pEh8 i.PPRtsJJS,52": FIX-ME: Unexpected statement 'ref'
SCRIPT    (W): @"dynamichelicopters/GX2Ioyf7/ tqI rgBg/00uwED c/﻿﻿﻿﻿/cajP5ut0/U679vyRl/m0pEh8 i.PPRtsJJS,53": FIX-ME: Unexpected statement 'ref'
SCRIPT    (W): @"dynamichelicopters/GX2Ioyf7/ tqI rgBg/00uwED c/﻿﻿﻿﻿/cajP5ut0/U679vyRl/m0pEh8 i.PPRtsJJS,54": FIX-ME: Unexpected statement 'ref'
SCRIPT    (W): @"dynamichelicopters/xPgI7zh7/  Xstwfhw/ MwfSMS /﻿﻿﻿﻿/L1Ev8Uty/mAUvXay1/dO mFxc . yWZSUJB,64": FIX-ME: Unexpected statement 'ref'
SCRIPT    (W): @"dynamichelicopters/xPgI7zh7/  Xstwfhw/ MwfSMS /﻿﻿﻿﻿/L1Ev8Uty/mAUvXay1/dO mFxc . yWZSUJB,65": FIX-ME: Unexpected statement 'ref'
SCRIPT    (W): @"dynamichelicopters/xPgI7zh7/  Xstwfhw/ MwfSMS /﻿﻿﻿﻿/L1Ev8Uty/mAUvXay1/dO mFxc . yWZSUJB,66": FIX-ME: Unexpected statement 'ref'
SCRIPT    (W): @"dynamichelicopters/xPgI7zh7/  Xstwfhw/ MwfSMS /﻿﻿﻿﻿/L1Ev8Uty/mAUvXay1/dO mFxc . yWZSUJB,67": FIX-ME: Unexpected statement 'ref'
SCRIPT    (W): @"dynamichelicopters/xPgI7zh7/  Xstwfhw/ MwfSMS /﻿﻿﻿﻿/L1Ev8Uty/mAUvXay1/dO mFxc . yWZSUJB,68": FIX-ME: Unexpected statement 'ref'
SCRIPT    (W): @"dynamichelicopters/xPgI7zh7/  Xstwfhw/ MwfSMS /﻿﻿﻿﻿/L1Ev8Uty/mAUvXay1/dO mFxc . yWZSUJB,69": FIX-ME: Unexpected statement 'ref'
SCRIPT    (W): @"dynamichelicopters/xPgI7zh7/  Xstwfhw/ MwfSMS /﻿﻿﻿﻿/L1Ev8Uty/mAUvXay1/dO mFxc . yWZSUJB,70": FIX-ME: Unexpected statement 'ref'
SCRIPT    (W): @"dynamichelicopters/xPgI7zh7/  Xstwfhw/ MwfSMS /﻿﻿﻿﻿/L1Ev8Uty/mAUvXay1/dO mFxc . yWZSUJB,71": FIX-ME: Unexpected statement 'ref'
SCRIPT    (W): @"dynamichelicopters/xPgI7zh7/  Xstwfhw/ MwfSMS /﻿﻿﻿﻿/L1Ev8Uty/mAUvXay1/dO mFxc . yWZSUJB,72": FIX-ME: Unexpected statement 'ref'
SCRIPT    (W): @"dynamichelicopters/xPgI7zh7/  Xstwfhw/ MwfSMS /﻿﻿﻿﻿/L1Ev8Uty/mAUvXay1/dO mFxc . yWZSUJB,73": FIX-ME: Unexpected statement 'ref'
SCRIPT    (W): @"dynamichelicopters/KQgaX42x/ pfC dEor/089toQBs/﻿﻿﻿﻿/BFArY82B/GyXEadgJ/4ZsZRHQb.xuvnaINC,24": FIX-ME: Unexpected statement 'ref'
SCRIPT    (W): @"dynamichelicopters/KQgaX42x/ pfC dEor/089toQBs/﻿﻿﻿﻿/BFArY82B/GyXEadgJ/4ZsZRHQb.xuvnaINC,25": FIX-ME: Unexpected statement 'ref'
SCRIPT       : Registering faction type eAIFactionShamans ID -1484989417
SCRIPT       : Registering faction type eAIFactionObservers ID -563736721
SCRIPT       : Registering faction type eAIFactionInvincibleObservers ID -1227299746
SCRIPT       : Registering faction type eAIFactionEast ID 90522109
SCRIPT       : Registering faction type eAIFactionGuards ID 963933710
SCRIPT       : Registering faction type eAIFactionRaiders ID 1535276022
SCRIPT       : Registering faction type eAIFactionYeetBrigade ID 1408543989
SCRIPT       : Registering faction type eAIFactionMercenaries ID 1629891834
SCRIPT       : Registering faction type eAIFactionBrawlers ID 1955753718
SCRIPT       : Registering faction type eAIFactionWest ID 113880155
SCRIPT       : Registering faction type eAIFactionCivilian ID 1096178351
SCRIPT       : Registering faction type eAIFactionPassive ID -1159399789
SCRIPT       : Registering faction type eAIFactionInvincibleYeetBrigade ID -1118767876
SCRIPT       : Registering faction type eAIFactionInvincibleGuards ID 782746017
SCRIPT       : ... Backlit Effects Enabled
SCRIPT       : VPPNotificationManager()
SCRIPT       : [VPPAT] Internal VPPNotifications module loaded!
SCRIPT       : [DayZ Game]:: DayZGame(): Initializing V++ Admin Tools.
SCRIPT       : 09:04:05.000 [EXPANSION LOG]: DayZGame<3a988020> Start time (local time) 2025-12-05 09:03:06
SCRIPT       : 09:04:05.000 [EXPANSION LOG]: DayZGame<3a988020> Start time (UTC) 2025-12-05 09:03:06
SCRIPT       : 09:04:05.000 [EXPANSION LOG]: DayZGame<3a988020> Runtime since start (seconds) 59.99
SCRIPT    (W): @"dynamichelicopters/ZGqr4Lak/ 2IEWn7cF/tyhGLMGm/﻿﻿﻿﻿/zjwZnlHM/6knrTOoW/0f5 CCTh.PFJE  xR,3704": FIX-ME: Unexpected statement 'ref'
SCRIPT    (W): @"dynamichelicopters/ZGqr4Lak/ 2IEWn7cF/tyhGLMGm/﻿﻿﻿﻿/zjwZnlHM/6knrTOoW/0f5 CCTh.PFJE  xR,3707": FIX-ME: Unexpected statement 'ref'
SCRIPT    (W): @"dynamichelicopters/ZGqr4Lak/ 2IEWn7cF/tyhGLMGm/﻿﻿﻿﻿/zjwZnlHM/6knrTOoW/0f5 CCTh.PFJE  xR,3710": FIX-ME: Unexpected statement 'ref'
SCRIPT    (W): @"dynamichelicopters/ZGqr4Lak/ 2IEWn7cF/tyhGLMGm/﻿﻿﻿﻿/zjwZnlHM/6knrTOoW/0f5 CCTh.PFJE  xR,3713": FIX-ME: Unexpected statement 'ref'
SCRIPT    (W): @"dynamichelicopters/ZGqr4Lak/ 2IEWn7cF/tyhGLMGm/﻿﻿﻿﻿/zjwZnlHM/6knrTOoW/0f5 CCTh.PFJE  xR,3716": FIX-ME: Unexpected statement 'ref'
SCRIPT    (W): @"dynamichelicopters/ZGqr4Lak/ 2IEWn7cF/tyhGLMGm/﻿﻿﻿﻿/zjwZnlHM/6knrTOoW/0f5 CCTh.PFJE  xR,3719": FIX-ME: Unexpected statement 'ref'
SCRIPT    (W): @"dynamichelicopters/ZGqr4Lak/ 2IEWn7cF/tyhGLMGm/﻿﻿﻿﻿/zjwZnlHM/6knrTOoW/0f5 CCTh.PFJE  xR,3722": FIX-ME: Unexpected statement 'ref'
SCRIPT    (W): @"dynamichelicopters/ZGqr4Lak/ 2IEWn7cF/tyhGLMGm/﻿﻿﻿﻿/zjwZnlHM/6knrTOoW/0f5 CCTh.PFJE  xR,3725": FIX-ME: Unexpected statement 'ref'
SCRIPT    (W): @"dynamichelicopters/ZGqr4Lak/ 2IEWn7cF/tyhGLMGm/﻿﻿﻿﻿/zjwZnlHM/6knrTOoW/0f5 CCTh.PFJE  xR,4048": FIX-ME: Unexpected statement 'ref'
SCRIPT    (W): @"dynamichelicopters/ZGqr4Lak/ 2IEWn7cF/tyhGLMGm/﻿﻿﻿﻿/zjwZnlHM/6knrTOoW/0f5 CCTh.PFJE  xR,4051": FIX-ME: Unexpected statement 'ref'
SCRIPT    (W): @"dynamichelicopters/ZGqr4Lak/ 2IEWn7cF/tyhGLMGm/﻿﻿﻿﻿/zjwZnlHM/6knrTOoW/0f5 CCTh.PFJE  xR,4054": FIX-ME: Unexpected statement 'ref'
SCRIPT    (W): @"dynamichelicopters/ZGqr4Lak/ 2IEWn7cF/tyhGLMGm/﻿﻿﻿﻿/zjwZnlHM/6knrTOoW/0f5 CCTh.PFJE  xR,4057": FIX-ME: Unexpected statement 'ref'
SCRIPT    (W): @"dynamichelicopters/ZGqr4Lak/ 2IEWn7cF/tyhGLMGm/﻿﻿﻿﻿/zjwZnlHM/6knrTOoW/0f5 CCTh.PFJE  xR,4060": FIX-ME: Unexpected statement 'ref'
SCRIPT    (W): @"dynamichelicopters/ZGqr4Lak/ 2IEWn7cF/tyhGLMGm/﻿﻿﻿﻿/zjwZnlHM/6knrTOoW/0f5 CCTh.PFJE  xR,4063": FIX-ME: Unexpected statement 'ref'
SCRIPT    (W): @"dynamichelicopters/ZGqr4Lak/ 2IEWn7cF/tyhGLMGm/﻿﻿﻿﻿/zjwZnlHM/6knrTOoW/0f5 CCTh.PFJE  xR,4066": FIX-ME: Unexpected statement 'ref'
SCRIPT    (W): @"dynamichelicopters/ZGqr4Lak/ 2IEWn7cF/tyhGLMGm/﻿﻿﻿﻿/zjwZnlHM/6knrTOoW/0f5 CCTh.PFJE  xR,4069": FIX-ME: Unexpected statement 'ref'
SCRIPT    (W): @"dynamichelicopters/fdjYC Qh/ OgtLwuk4/ orhzyEL/﻿/r2OeIWn /equpMB m/9hPpyqjr.DB Gq k ,40": FIX-ME: Unexpected statement 'ref'
SCRIPT    (W): @"dynamichelicopters/fdjYC Qh/ OgtLwuk4/ orhzyEL/﻿/r2OeIWn /equpMB m/9hPpyqjr.DB Gq k ,42": FIX-ME: Unexpected statement 'ref'
SCRIPT    (W): @"dynamichelicopters/fdjYC Qh/ OgtLwuk4/ orhzyEL/﻿/r2OeIWn /equpMB m/9hPpyqjr.DB Gq k ,45": FIX-ME: Unexpected statement 'ref'
SCRIPT    (W): @"kamaz_4310RUS\scripts\4_World/carscript_kamaz_4310rus_cabinmanipulte.c,8": FIX-ME: Overriding function 'IsCabinCanManipulate' but not marked as 'override'
SCRIPT    (W): @"kamaz_4310RUS\scripts\4_World/carscript_kamaz_4310rus_cabinmanipulte.c,13": FIX-ME: Overriding function 'GetCabinAnimationSource' but not marked as 'override'
SCRIPT    (W): @"kamaz_4310RUS\scripts\4_World/carscript_kamaz_4310rus_cabinmanipulte.c,18": FIX-ME: Overriding function 'IsCabinRised' but not marked as 'override'
SCRIPT    (W): @"kamaz_4310RUS\scripts\4_World/carscript_kamaz_4310rus_cabinmanipulte.c,23": FIX-ME: Overriding function 'IsPassengersInCabin' but not marked as 'override'
SCRIPT    (W): @"tractor_UMZ_RUS\scripts\4_World/carscript.c,4": FIX-ME: Overriding function 'HandleDoorsSound' but not marked as 'override'
SCRIPT    (W): @"kamaz_4310RUS\scripts\4_World/static\miscgameplayfunctions.c,6": FIX-ME: Overriding function 'IsInsideCar' but not marked as 'override'
SCRIPT    (E): @"DayZExpansion/Garage/Scripts/4_World/dayzexpansion_garage\classes\useractionscomponent\actions\interact\expansionactionopengaragemenu.c,71": Undefined function 'ExpansionGame.GetExpansionUIManager'
SCRIPT    (E): @"DayZExpansion/Garage/Scripts/4_World/dayzexpansion_garage\systems\garage\expansiongaragemodule.c,1388": Undefined function 'ExpansionGame.GetExpansionUIManager'
SCRIPT    (E): @"DayZExpansion/Groups/Scripts/4_World/dayzexpansion_groups\expansionmarkerclientdata.c,20": Bad type 'CF_Modules'
SCRIPT    (E): @"DayZExpansion/Groups/Scripts/4_World/dayzexpansion_groups\expansionpartymodule.c,118": Bad type 'map'
SCRIPT    (E): @"DayZExpansion/Groups/Scripts/4_World/dayzexpansion_groups\expansionpartymodule.c,866": Bad type 'CF_Modules'
SCRIPT    (E): @"DayZExpansion/Market/Scripts/4_World/dayzexpansion_market\classes\useractionscomponent\actions\interact\expansionactionopenatmmenu.c,37": Bad type 'CF_Modules'
SCRIPT    (E): @"DayZExpansion/Market/Scripts/4_World/dayzexpansion_market\systems\market\expansionmarketatm_data.c,40": Bad type 'JsonFileLoader'
SCRIPT    (E): @"DayZExpansion/Market/Scripts/4_World/dayzexpansion_market\systems\market\expansionmarketmodule.c,825": Bad type 'map'
SCRIPT    (E): @"DayZExpansion/Market/Scripts/4_World/dayzexpansion_market\systems\market\expansionmarketmodule.c,4288": Undefined function 'ExpansionGame.GetExpansionUIManager'
SCRIPT    (E): @"DayZExpansion/Market/Scripts/4_World/dayzexpansion_market\systems\market\expansionmarketmodule.c,4449": Undefined function 'ExpansionGame.GetExpansionUIManager'
SCRIPT    (E): @"DayZExpansion/Market/Scripts/4_World/dayzexpansion_market\systems\market\expansionmarketmodule.c,4462": Undefined function 'ExpansionGame.GetExpansionUIManager'
SCRIPT    (E): @"DayZExpansion/Market/Scripts/4_World/dayzexpansion_market\creatures\traders\expansiontraderbase.c,381": Bad type 'map'
SCRIPT    (E): @"DayZExpansion/Missions/Scripts/4_World/dayzexpansion_missions\classes\airdrop\expansionmissioneventairdrop.c,280": Bad type 'ExpansionJsonFileParser'
SCRIPT    (E): @"DayZExpansion/Missions/Scripts/4_World/dayzexpansion_missions\classes\airdrop\expansionmissioneventairdrop.c,290": Bad type 'ExpansionJsonFileParser'
SCRIPT    (E): @"DayZExpansion/Missions/Scripts/4_World/dayzexpansion_missions\classes\airdrop\expansionmissioneventairdrop.c,298": Bad type 'ExpansionJsonFileParser'
SCRIPT    (E): @"DayZExpansion/Missions/Scripts/4_World/dayzexpansion_missions\classes\hordes\expansionmissioneventhorde.c,94": Bad type 'JsonFileLoader'
SCRIPT    (E): @"DayZExpansion/Missions/Scripts/4_World/dayzexpansion_missions\classes\contaminatedarea\expansionmissioneventcontaminatedarea.c,91": Bad type 'JsonFileLoader'
SCRIPT    (E): @"DayZExpansion/P2PMarket/Scripts/4_World/dayzexpansion_p2pmarket\classes\useractionscomponent\interact\expansionactionopenp2pmarketmenu.c,82": Undefined function 'ExpansionGame.GetExpansionUIManager'
SCRIPT    (E): @"DayZExpansion/P2PMarket/Scripts/4_World/dayzexpansion_p2pmarket\systems\p2pmarket\expansionp2pmarketmodule.c,2219": Undefined function 'ExpansionGame.GetExpansionUIManager'
SCRIPT    (E): @"DayZExpansion/P2PMarket/Scripts/4_World/dayzexpansion_p2pmarket\systems\p2pmarket\expansionp2pmarketlisting.c,286": Bad type 'ExpansionJsonFileParser'
SCRIPT    (E): @"DayZExpansion/P2PMarket/Scripts/4_World/dayzexpansion_p2pmarket\systems\p2pmarket\expansionp2pmarkettraderconfig.c,207": Bad type 'ExpansionJsonFileParser'
SCRIPT    (E): @"DayZExpansion/PersonalStorage/Scripts/4_World/dayzexpansion_personalstorage\systems\personalstorage\expansionpersonalstorageitem.c,193": Bad type 'ExpansionJsonFileParser'
SCRIPT    (E): @"DayZExpansion/PersonalStorage/Scripts/4_World/dayzexpansion_personalstorage\systems\personalstorage\expansionpersonalstorageitem.c,209": Bad type 'ExpansionJsonFileParser'
SCRIPT    (E): @"DayZExpansion/PersonalStorage/Scripts/4_World/dayzexpansion_personalstorage\systems\personalstorage\expansionpersonalstoragemodule.c,390": Undefined function 'ExpansionGame.GetExpansionUIManager'
SCRIPT    (E): @"DayZExpansion/PersonalStorage/Scripts/4_World/dayzexpansion_personalstorage\systems\personalstorage\expansionpersonalstoragemodule.c,391": Undefined function 'ExpansionGame.GetExpansionUIManager'
SCRIPT    (E): @"DayZExpansion/PersonalStorage/Scripts/4_World/dayzexpansion_personalstorage\systems\personalstorage\expansionpersonalstorageconfig.c,67": Bad type 'ExpansionJsonFileParser'
SCRIPT    (E): @"DayZExpansion/PersonalStorage/Scripts/4_World/dayzexpansion_personalstorage\systems\personalstorage\expansionpersonalstorageconfig.c,83": Bad type 'ExpansionJsonFileParser'
SCRIPT    (E): @"DayZExpansion/PersonalStorageNew/Scripts/4_World/dayzexpansion_personalstoragenew\entities\itembase\expansionpersonalstoragecontainer.c,174": Undefined function 'ExpansionGame.GetExpansionUIManager'
SCRIPT    (E): @"DayZExpansion/Scripts/4_World/dayzexpansion\entities\houses\buildingbase.c,311": Bad type 'CF_Modules'
SCRIPT    (E): @"DayZExpansion/Scripts/4_World/dayzexpansion\entities\itembase\expansiongenerator.c,23": Bad type 'CF_Modules'
SCRIPT    (E): @"DayZExpansion/Scripts/4_World/dayzexpansion\entities\manbase\playerbase.c,44": Bad type 'CF_Modules'
SCRIPT    (E): @"DayZExpansion/Vehicles/Scripts/4_World/dayzexpansion_vehicles\entities\vehicles\carscript.c,146": Bad type 'ExpansionPhysicsStateT'
SCRIPT    (E): @"DayZExpansion/Vehicles/Scripts/4_World/dayzexpansion_vehicles\entities\vehicles\carscript.c,146": Can't find class ExpansionPhysicsStateT
SCRIPT    (E): @"DayZExpansion/Vehicles/Scripts/4_World/dayzexpansion_vehicles\entities\vehicles\expansionvehiclebase.c,232": Bad type 'CF_ModStorageObject'
SCRIPT    (E): @"DayZExpansion/Vehicles/Scripts/4_World/dayzexpansion_vehicles\entities\vehicles\expansionvehiclebase.c,232": Can't find class CF_ModStorageObject
SCRIPT    (E): @"DayZExpansion/Vehicles/Scripts/4_World/dayzexpansion_vehicles\entities\vehicles\expansionvehiclebase.c,232": Bad type 'ExpansionPhysicsStateT'
SCRIPT    (E): @"DayZExpansion/Vehicles/Scripts/4_World/dayzexpansion_vehicles\entities\vehicles\expansionvehiclebase.c,232": Can't find class ExpansionPhysicsStateT
SCRIPT    (E): @"DayZExpansion/Vehicles/Scripts/4_World/dayzexpansion_vehicles\entities\vehicles\expansionvehiclebase.c,232": Bad type 'ExpansionZoneEntity'
SCRIPT    (E): @"DayZExpansion/Vehicles/Scripts/4_World/dayzexpansion_vehicles\entities\vehicles\expansionvehiclebase.c,232": Can't find class ExpansionZoneEntity
SCRIPT    (E): @"DayZExpansion/Vehicles/Scripts/4_World/dayzexpansion_vehicles\entities\vehicles\expansionvehiclebase.c,232": Bad type 'ExpansionVehicleT'
SCRIPT    (E): @"DayZExpansion/Vehicles/Scripts/4_World/dayzexpansion_vehicles\entities\vehicles\expansionvehiclebase.c,232": Can't find class ExpansionVehicleT
SCRIPT    (E): @"DayZExpansion/AI/Scripts/4_World/dayzexpansion_ai\classes\roads\eairoadnode.c,109": Bad type 'array'
SCRIPT    (E): @"DayZExpansion/AI/Scripts/4_World/dayzexpansion_ai\classes\roads\eairoadnode.c,129": Bad type 'Param2'
SCRIPT    (E): @"DayZExpansion/AI/Scripts/4_World/dayzexpansion_ai\classes\roads\eairoadnode.c,129": Can't find class Param2
SCRIPT    (E): @"DayZExpansion/AI/Scripts/4_World/dayzexpansion_ai\entities\ai\eaibase.c,1231": Bad type 'array'
SCRIPT    (E): @"DayZExpansion/AI/Scripts/4_World/dayzexpansion_ai\entities\ai\eaibase.c,2142": Bad type 'ExpansionArray'
SCRIPT    (E): @"DayZExpansion/AI/Scripts/4_World/dayzexpansion_ai\entities\ai\eaibase.c,2882": Bad type 'ExpansionArrayTools'
SCRIPT    (E): @"DayZExpansion/AI/Scripts/4_World/dayzexpansion_ai\entities\ai\eaibase.c,2885": Bad type 'ExpansionArrayTools'
SCRIPT    (E): @"DayZExpansion/AI/Scripts/4_World/dayzexpansion_ai\entities\ai\eaibase.c,2887": Bad type 'ExpansionArrayTools'
SCRIPT    (E): @"DayZExpansion/AI/Scripts/4_World/dayzexpansion_ai\entities\ai\eaibase.c,4418": Bad type 'ExpansionUtil2'
SCRIPT    (E): @"DayZExpansion/AI/Scripts/4_World/dayzexpansion_ai\classes\expansionworld.c,386": Bad type 'JsonFileLoader'
SCRIPT    (E): @"DayZExpansion/AI/Scripts/4_World/dayzexpansion_ai\classes\eaigroup.c,310": Bad type 'map'
SCRIPT    (E): @"DayZExpansion/AI/Scripts/4_World/dayzexpansion_ai\classes\eaigroup.c,378": Bad type 'ExpansionArray'
SCRIPT    (E): @"DayZExpansion/AI/Scripts/4_World/dayzexpansion_ai\classes\eaigroup.c,380": Bad type 'map'
SCRIPT    (E): @"DayZExpansion/AI/Scripts/4_World/dayzexpansion_ai\entities\dayzplayerimplement.c,15": Bad type 'eAIAttribute'
SCRIPT    (E): @"DayZExpansion/AI/Scripts/4_World/dayzexpansion_ai\entities\dayzplayerimplement.c,21": Bad type 'eAIAttribute'
SCRIPT    (E): @"DayZExpansion/AI/Scripts/4_World/dayzexpansion_ai\entities\dayzplayerimplement.c,37": Bad type 'eAIAttribute'
SCRIPT    (E): @"DayZExpansion/AI/Scripts/4_World/dayzexpansion_ai\classes\contaminatedarea\expansioneffectareacluster.c,16": Bad type 'set'
SCRIPT    (E): @"DayZExpansion/AI/Scripts/4_World/dayzexpansion_ai\classes\contaminatedarea\expansioneffectareacluster.c,377": Bad type 'map'
SCRIPT    (E): @"DayZExpansion/AI/Scripts/4_World/dayzexpansion_ai\classes\contaminatedarea\expansioneffectareacluster.c,498": Bad type 'ExpansionUtil'
SCRIPT    (E): @"DayZExpansion/AI/Scripts/4_World/dayzexpansion_ai\classes\contaminatedarea\expansioneffectareacluster.c,499": Bad type 'ExpansionUtil'
SCRIPT    (E): @"DayZExpansion/AI/Scripts/4_World/dayzexpansion_ai\classes\contaminatedarea\expansioneffectareacluster.c,500": Bad type 'ExpansionUtil'
SCRIPT    (E): @"DayZExpansion/AI/Scripts/4_World/dayzexpansion_ai\classes\navmesh\expansionnavmesh.c,96": Bad type 'ExpansionAStar'
SCRIPT    (E): @"DayZExpansion/AI/Scripts/4_World/dayzexpansion_ai\classes\eaicommandmanagerclient.c,1044": Bad type 'ExpansionJsonFileParser'
SCRIPT    (E): @"DayZExpansion/AI/Scripts/4_World/dayzexpansion_ai\entities\zombiefightlogic.c,260": Bad type 'array'
SCRIPT    (E): @"DayZExpansion/AI/Scripts/4_World/dayzexpansion_ai\entities\zombiefightlogic.c,266": Bad type 'Param3'
SCRIPT    (E): @"DayZExpansion/AI/Scripts/4_World/dayzexpansion_ai\entities\zombiefightlogic.c,266": Can't find class Param3
SCRIPT    (E): @"DayZExpansion/AI/Scripts/4_World/dayzexpansion_ai\classes\patrols\eaidynamicpatrol.c,64": Bad type 'eAIDynamicPatrolT'
SCRIPT    (E): @"DayZExpansion/BaseBuilding/Scripts/4_World/dayzexpansion_basebuilding\entities\manbase\playerbase.c,27": Bad type 'CF_Modules'
SCRIPT    (E): @"DayZExpansion/BaseBuilding/Scripts/4_World/dayzexpansion_basebuilding\entities\basebuilding\parkingmeter\expansionparkingmeter.c,44": Bad type 'CF_Modules'
SCRIPT    (E): @"DayZExpansion/Quests/Scripts/4_World/dayzexpansion_quests\systems\quests\questobjectiveconfigs\expansionquestobjectivecollectionconfig.c,38": Bad type 'ExpansionJsonFileParser'
SCRIPT    (E): @"DayZExpansion/Quests/Scripts/4_World/dayzexpansion_quests\systems\quests\questobjectiveconfigs\expansionquestobjectivecollectionconfig.c,52": Bad type 'ExpansionJsonFileParser'
SCRIPT    (E): @"DayZExpansion/Quests/Scripts/4_World/dayzexpansion_quests\systems\quests\questobjectiveconfigs\expansionquestobjectivecollectionconfig.c,71": Bad type 'ExpansionJsonFileParser'
SCRIPT    (E): @"DayZExpansion/Quests/Scripts/4_World/dayzexpansion_quests\systems\quests\questobjectiveconfigs\expansionquestobjectivetargetconfig.c,161": Bad type 'ExpansionJsonFileParser'
SCRIPT    (E): @"DayZExpansion/Quests/Scripts/4_World/dayzexpansion_quests\systems\quests\questobjectiveconfigs\expansionquestobjectivetargetconfig.c,188": Bad type 'ExpansionJsonFileParser'
SCRIPT    (E): @"DayZExpansion/Quests/Scripts/4_World/dayzexpansion_quests\classes\useractionscomponent\actions\interact\expansionactionopenquestmenu.c,56": Undefined function 'ExpansionGame.GetExpansionUIManager'
SCRIPT    (E): @"DayZExpansion/Quests/Scripts/4_World/dayzexpansion_quests\classes\useractionscomponent\actions\interact\expansionactionopenquestmenu.c,95": Bad type 'CF_Modules'
SCRIPT    (E): @"DayZExpansion/Quests/Scripts/4_World/dayzexpansion_quests\systems\quests\expansionquestconfig.c,618": Bad type 'ExpansionJsonFileParser'
SCRIPT    (E): @"DayZExpansion/Quests/Scripts/4_World/dayzexpansion_quests\systems\quests\expansionquestconfig.c,632": Bad type 'ExpansionJsonFileParser'
SCRIPT    (E): @"DayZExpansion/Quests/Scripts/4_World/dayzexpansion_quests\systems\quests\expansionquestconfig.c,671": Bad type 'ExpansionJsonFileParser'
SCRIPT    (E): @"DayZExpansion/Quests/Scripts/4_World/dayzexpansion_quests\systems\quests\expansionquestconfig.c,698": Bad type 'ExpansionJsonFileParser'
SCRIPT    (E): @"DayZExpansion/Quests/Scripts/4_World/dayzexpansion_quests\systems\quests\expansionquestnpcdata.c,343": Bad type 'ExpansionJsonFileParser'
SCRIPT    (E): @"DayZExpansion/Quests/Scripts/4_World/dayzexpansion_quests\systems\quests\expansionquestnpcdata.c,357": Bad type 'ExpansionJsonFileParser'
SCRIPT    (E): @"DayZExpansion/Quests/Scripts/4_World/dayzexpansion_quests\systems\quests\expansionquestnpcdata.c,378": Bad type 'ExpansionJsonFileParser'
SCRIPT    (E): @"DayZExpansion/Quests/Scripts/4_World/dayzexpansion_quests\systems\quests\questobjectiveconfigs\expansionquestobjectivetravelconfig.c,87": Bad type 'ExpansionJsonFileParser'
SCRIPT    (E): @"DayZExpansion/Quests/Scripts/4_World/dayzexpansion_quests\systems\quests\questobjectiveconfigs\expansionquestobjectivetravelconfig.c,103": Bad type 'ExpansionJsonFileParser'
SCRIPT    (E): @"DayZExpansion/Quests/Scripts/4_World/dayzexpansion_quests\systems\quests\questobjectiveconfigs\expansionquestobjectiveactionconfig.c,71": Bad type 'ExpansionJsonFileParser'
SCRIPT    (E): @"DayZExpansion/Quests/Scripts/4_World/dayzexpansion_quests\systems\quests\questobjectiveconfigs\expansionquestobjectiveactionconfig.c,98": Bad type 'ExpansionJsonFileParser'
SCRIPT    (E): @"DayZExpansion/Quests/Scripts/4_World/dayzexpansion_quests\systems\quests\questobjectiveconfigs\expansionquestobjectivetreasurehuntconfig.c,131": Bad type 'ExpansionJsonFileParser'
SCRIPT    (E): @"DayZExpansion/Quests/Scripts/4_World/dayzexpansion_quests\systems\quests\questobjectiveconfigs\expansionquestobjectivetreasurehuntconfig.c,145": Bad type 'ExpansionJsonFileParser'
SCRIPT    (E): @"DayZExpansion/Quests/Scripts/4_World/dayzexpansion_quests\systems\quests\questobjectiveconfigs\expansionquestobjectivetreasurehuntconfig.c,153": Bad type 'ExpansionJsonFileParser'
SCRIPT    (E): @"DayZExpansion/Quests/Scripts/4_World/dayzexpansion_quests\systems\quests\questobjectiveconfigs\expansionquestobjectivetreasurehuntconfig.c,183": Bad type 'ExpansionJsonFileParser'
SCRIPT    (E): @"DayZExpansion/Quests/Scripts/4_World/dayzexpansion_quests\systems\quests\questobjectiveconfigs\expansionquestobjectiveaipatrolconfig.c,99": Bad type 'ExpansionJsonFileParser'
SCRIPT    (E): @"DayZExpansion/Quests/Scripts/4_World/dayzexpansion_quests\systems\quests\questobjectiveconfigs\expansionquestobjectiveaipatrolconfig.c,113": Bad type 'ExpansionJsonFileParser'
SCRIPT    (E): @"DayZExpansion/Quests/Scripts/4_World/dayzexpansion_quests\systems\quests\questobjectiveconfigs\expansionquestobjectiveaipatrolconfig.c,152": Bad type 'ExpansionJsonFileParser'
SCRIPT    (E): @"DayZExpansion/Quests/Scripts/4_World/dayzexpansion_quests\systems\quests\questobjectiveconfigs\expansionquestobjectiveaipatrolconfig.c,166": Bad type 'ExpansionJsonFileParser'
SCRIPT    (E): @"DayZExpansion/Quests/Scripts/4_World/dayzexpansion_quests\systems\quests\questobjectiveconfigs\expansionquestobjectivecraftingconfig.c,49": Bad type 'ExpansionJsonFileParser'
SCRIPT    (E): @"DayZExpansion/Quests/Scripts/4_World/dayzexpansion_quests\systems\quests\questobjectiveconfigs\expansionquestobjectivecraftingconfig.c,70": Bad type 'ExpansionJsonFileParser'
SCRIPT    (E): @"DayZExpansion/Quests/Scripts/4_World/dayzexpansion_quests\systems\quests\questobjectiveconfigs\expansionquestobjectiveaiescortconfig.c,117": Bad type 'ExpansionJsonFileParser'
SCRIPT    (E): @"DayZExpansion/Quests/Scripts/4_World/dayzexpansion_quests\systems\quests\questobjectiveconfigs\expansionquestobjectiveaiescortconfig.c,139": Bad type 'ExpansionJsonFileParser'
SCRIPT    (E): @"DayZExpansion/Quests/Scripts/4_World/dayzexpansion_quests\systems\quests\questobjectiveconfigs\expansionquestobjectivedeliveryconfig.c,181": Bad type 'ExpansionJsonFileParser'
SCRIPT    (E): @"DayZExpansion/Quests/Scripts/4_World/dayzexpansion_quests\systems\quests\questobjectiveconfigs\expansionquestobjectivedeliveryconfig.c,195": Bad type 'ExpansionJsonFileParser'
SCRIPT    (E): @"DayZExpansion/Quests/Scripts/4_World/dayzexpansion_quests\systems\quests\questobjectiveconfigs\expansionquestobjectivedeliveryconfig.c,219": Bad type 'ExpansionJsonFileParser'
SCRIPT    (E): @"DayZExpansion/Quests/Scripts/4_World/dayzexpansion_quests\systems\quests\questobjectiveconfigs\expansionquestobjectiveaicampconfig.c,122": Bad type 'ExpansionJsonFileParser'
SCRIPT    (E): @"DayZExpansion/Quests/Scripts/4_World/dayzexpansion_quests\systems\quests\questobjectiveconfigs\expansionquestobjectiveaicampconfig.c,137": Bad type 'ExpansionJsonFileParser'
SCRIPT    (E): @"DayZExpansion/Quests/Scripts/4_World/dayzexpansion_quests\systems\quests\questobjectiveconfigs\expansionquestobjectiveaicampconfig.c,181": Bad type 'ExpansionJsonFileParser'
SCRIPT    (E): @"DayZExpansion/Quests/Scripts/4_World/dayzexpansion_quests\systems\quests\questobjectiveconfigs\expansionquestobjectiveaicampconfig.c,195": Bad type 'ExpansionJsonFileParser'
SCRIPT    (E): @"DayZExpansion/Quests/Scripts/4_World/dayzexpansion_quests\systems\quests\questobjectiveevents\classes\expansionquestaispawn.c,333": Bad type 'eAIDynamicPatrolT'
SCRIPT    (E): @"DayZExpansion/Quests/Scripts/4_World/dayzexpansion_quests\systems\quests\expansionquestmodule.c,1382": Undefined function 'ExpansionGame.GetExpansionUIManager'
SCRIPT    (E): @"DayZExpansion/Quests/Scripts/4_World/dayzexpansion_quests\systems\quests\expansionquestmodule.c,1384": Undefined function 'ExpansionGame.GetExpansionUIManager'
SCRIPT    (E): @"DayZExpansion/Quests/Scripts/4_World/dayzexpansion_quests\systems\quests\expansionquestmodule.c,2707": Bad type 'ExpansionJsonFileParser'
SCRIPT    (E): @"DayZExpansion/Quests/Scripts/4_World/dayzexpansion_quests\systems\quests\expansionquestmodule.c,3415": Bad type 'array'
SCRIPT    (E): @"DayZExpansion/Quests/Scripts/4_World/dayzexpansion_quests\systems\quests\expansionquestpersistentserverdata.c,132": Bad type 'ExpansionJsonFileParser'
SCRIPT    (E): @"DayZExpansion/Quests/Scripts/4_World/dayzexpansion_quests\systems\quests\expansionquestpersistentserverdata.c,146": Bad type 'ExpansionJsonFileParser'
SCRIPT    (E): @"dynamichelicopters/ZGqr4Lak/ 2IEWn7cF/tyhGLMGm/﻿﻿﻿﻿/zjwZnlHM/6knrTOoW/0f5 CCTh.PFJE  xR,948": Bad type 'Param5'
SCRIPT    (E): @"dynamichelicopters/ZGqr4Lak/ 2IEWn7cF/tyhGLMGm/﻿﻿﻿﻿/zjwZnlHM/6knrTOoW/0f5 CCTh.PFJE  xR,948": Can't find class Param5
SCRIPT    (W): @"dynamichelicopters/ZGqr4Lak/ 2IEWn7cF/tyhGLMGm/﻿﻿﻿﻿/zjwZnlHM/6knrTOoW/0f5 CCTh.PFJE  xR,3135": No need to use 'Cast' for up-casting
SCRIPT    (E): @"dynamichelicopters/fdjYC Qh/ OgtLwuk4/ orhzyEL/﻿/r2OeIWn /equpMB m/9hPpyqjr.DB Gq k ,138": Bad type 'JsonFileLoader'
SCRIPT    (E): @"dynamichelicopters/fdjYC Qh/ OgtLwuk4/ orhzyEL/﻿/r2OeIWn /equpMB m/9hPpyqjr.DB Gq k ,149": Bad type 'JsonFileLoader'
SCRIPT    (E): @"dynamichelicopters/fdjYC Qh/ OgtLwuk4/ orhzyEL/﻿/r2OeIWn /equpMB m/9hPpyqjr.DB Gq k ,286": Bad type 'JsonFileLoader'
SCRIPT    (E): @"dynamichelicopters/fdjYC Qh/ OgtLwuk4/ orhzyEL/﻿/r2OeIWn /equpMB m/9hPpyqjr.DB Gq k ,470": Bad type 'JsonFileLoader'
SCRIPT    (E): Can't compile "World" script module!

DayZExpansion/Garage/Scripts/4_World/dayzexpansion_garage\classes\useractionscomponent\actions\interact\expansionactionopengaragemenu.c(71): Undefined function 'ExpansionGame.GetExpansionUIManager'
SCRIPT    (W): @"dynamichelicopters/ZGqr4Lak/ 2IEWn7cF/tyhGLMGm/﻿﻿﻿﻿/zjwZnlHM/6knrTOoW/0f5 CCTh.PFJE  xR,3704": FIX-ME: Unexpected statement 'ref'
SCRIPT    (W): @"dynamichelicopters/ZGqr4Lak/ 2IEWn7cF/tyhGLMGm/﻿﻿﻿﻿/zjwZnlHM/6knrTOoW/0f5 CCTh.PFJE  xR,3707": FIX-ME: Unexpected statement 'ref'
SCRIPT    (W): @"dynamichelicopters/ZGqr4Lak/ 2IEWn7cF/tyhGLMGm/﻿﻿﻿﻿/zjwZnlHM/6knrTOoW/0f5 CCTh.PFJE  xR,3710": FIX-ME: Unexpected statement 'ref'
SCRIPT    (W): @"dynamichelicopters/ZGqr4Lak/ 2IEWn7cF/tyhGLMGm/﻿﻿﻿﻿/zjwZnlHM/6knrTOoW/0f5 CCTh.PFJE  xR,3713": FIX-ME: Unexpected statement 'ref'
SCRIPT    (W): @"dynamichelicopters/ZGqr4Lak/ 2IEWn7cF/tyhGLMGm/﻿﻿﻿﻿/zjwZnlHM/6knrTOoW/0f5 CCTh.PFJE  xR,3716": FIX-ME: Unexpected statement 'ref'
SCRIPT    (W): @"dynamichelicopters/ZGqr4Lak/ 2IEWn7cF/tyhGLMGm/﻿﻿﻿﻿/zjwZnlHM/6knrTOoW/0f5 CCTh.PFJE  xR,3719": FIX-ME: Unexpected statement 'ref'
SCRIPT    (W): @"dynamichelicopters/ZGqr4Lak/ 2IEWn7cF/tyhGLMGm/﻿﻿﻿﻿/zjwZnlHM/6knrTOoW/0f5 CCTh.PFJE  xR,3722": FIX-ME: Unexpected statement 'ref'
SCRIPT    (W): @"dynamichelicopters/ZGqr4Lak/ 2IEWn7cF/tyhGLMGm/﻿﻿﻿﻿/zjwZnlHM/6knrTOoW/0f5 CCTh.PFJE  xR,3725": FIX-ME: Unexpected statement 'ref'
SCRIPT    (W): @"dynamichelicopters/ZGqr4Lak/ 2IEWn7cF/tyhGLMGm/﻿﻿﻿﻿/zjwZnlHM/6knrTOoW/0f5 CCTh.PFJE  xR,4048": FIX-ME: Unexpected statement 'ref'
SCRIPT    (W): @"dynamichelicopters/ZGqr4Lak/ 2IEWn7cF/tyhGLMGm/﻿﻿﻿﻿/zjwZnlHM/6knrTOoW/0f5 CCTh.PFJE  xR,4051": FIX-ME: Unexpected statement 'ref'
SCRIPT    (W): @"dynamichelicopters/ZGqr4Lak/ 2IEWn7cF/tyhGLMGm/﻿﻿﻿﻿/zjwZnlHM/6knrTOoW/0f5 CCTh.PFJE  xR,4054": FIX-ME: Unexpected statement 'ref'
SCRIPT    (W): @"dynamichelicopters/ZGqr4Lak/ 2IEWn7cF/tyhGLMGm/﻿﻿﻿﻿/zjwZnlHM/6knrTOoW/0f5 CCTh.PFJE  xR,4057": FIX-ME: Unexpected statement 'ref'
SCRIPT    (W): @"dynamichelicopters/ZGqr4Lak/ 2IEWn7cF/tyhGLMGm/﻿﻿﻿﻿/zjwZnlHM/6knrTOoW/0f5 CCTh.PFJE  xR,4060": FIX-ME: Unexpected statement 'ref'
SCRIPT    (W): @"dynamichelicopters/ZGqr4Lak/ 2IEWn7cF/tyhGLMGm/﻿﻿﻿﻿/zjwZnlHM/6knrTOoW/0f5 CCTh.PFJE  xR,4063": FIX-ME: Unexpected statement 'ref'
SCRIPT    (W): @"dynamichelicopters/ZGqr4Lak/ 2IEWn7cF/tyhGLMGm/﻿﻿﻿﻿/zjwZnlHM/6knrTOoW/0f5 CCTh.PFJE  xR,4066": FIX-ME: Unexpected statement 'ref'
SCRIPT    (W): @"dynamichelicopters/ZGqr4Lak/ 2IEWn7cF/tyhGLMGm/﻿﻿﻿﻿/zjwZnlHM/6knrTOoW/0f5 CCTh.PFJE  xR,4069": FIX-ME: Unexpected statement 'ref'
SCRIPT    (W): @"dynamichelicopters/fdjYC Qh/ OgtLwuk4/ orhzyEL/﻿/r2OeIWn /equpMB m/9hPpyqjr.DB Gq k ,40": FIX-ME: Unexpected statement 'ref'
SCRIPT    (W): @"dynamichelicopters/fdjYC Qh/ OgtLwuk4/ orhzyEL/﻿/r2OeIWn /equpMB m/9hPpyqjr.DB Gq k ,42": FIX-ME: Unexpected statement 'ref'
SCRIPT    (W): @"dynamichelicopters/fdjYC Qh/ OgtLwuk4/ orhzyEL/﻿/r2OeIWn /equpMB m/9hPpyqjr.DB Gq k ,45": FIX-ME: Unexpected statement 'ref'
SCRIPT    (W): @"kamaz_4310RUS\scripts\4_World/carscript_kamaz_4310rus_cabinmanipulte.c,8": FIX-ME: Overriding function 'IsCabinCanManipulate' but not marked as 'override'
SCRIPT    (W): @"kamaz_4310RUS\scripts\4_World/carscript_kamaz_4310rus_cabinmanipulte.c,13": FIX-ME: Overriding function 'GetCabinAnimationSource' but not marked as 'override'
SCRIPT    (W): @"kamaz_4310RUS\scripts\4_World/carscript_kamaz_4310rus_cabinmanipulte.c,18": FIX-ME: Overriding function 'IsCabinRised' but not marked as 'override'
SCRIPT    (W): @"kamaz_4310RUS\scripts\4_World/carscript_kamaz_4310rus_cabinmanipulte.c,23": FIX-ME: Overriding function 'IsPassengersInCabin' but not marked as 'override'
SCRIPT    (W): @"tractor_UMZ_RUS\scripts\4_World/carscript.c,4": FIX-ME: Overriding function 'HandleDoorsSound' but not marked as 'override'
SCRIPT    (W): @"kamaz_4310RUS\scripts\4_World/static\miscgameplayfunctions.c,6": FIX-ME: Overriding function 'IsInsideCar' but not marked as 'override'
SCRIPT    (E): @"DayZExpansion/Garage/Scripts/4_World/dayzexpansion_garage\classes\useractionscomponent\actions\interact\expansionactionopengaragemenu.c,71": Undefined function 'ExpansionGame.GetExpansionUIManager'
SCRIPT    (E): @"DayZExpansion/Garage/Scripts/4_World/dayzexpansion_garage\systems\garage\expansiongaragemodule.c,1388": Undefined function 'ExpansionGame.GetExpansionUIManager'
SCRIPT    (E): @"DayZExpansion/Groups/Scripts/4_World/dayzexpansion_groups\expansionmarkerclientdata.c,20": Bad type 'CF_Modules'
SCRIPT    (E): @"DayZExpansion/Groups/Scripts/4_World/dayzexpansion_groups\expansionpartymodule.c,118": Bad type 'map'
SCRIPT    (E): @"DayZExpansion/Groups/Scripts/4_World/dayzexpansion_groups\expansionpartymodule.c,866": Bad type 'CF_Modules'
SCRIPT    (E): @"DayZExpansion/Market/Scripts/4_World/dayzexpansion_market\classes\useractionscomponent\actions\interact\expansionactionopenatmmenu.c,37": Bad type 'CF_Modules'
SCRIPT    (E): @"DayZExpansion/Market/Scripts/4_World/dayzexpansion_market\systems\market\expansionmarketatm_data.c,40": Bad type 'JsonFileLoader'
SCRIPT    (E): @"DayZExpansion/Market/Scripts/4_World/dayzexpansion_market\systems\market\expansionmarketmodule.c,825": Bad type 'map'
SCRIPT    (E): @"DayZExpansion/Market/Scripts/4_World/dayzexpansion_market\systems\market\expansionmarketmodule.c,4288": Undefined function 'ExpansionGame.GetExpansionUIManager'
SCRIPT    (E): @"DayZExpansion/Market/Scripts/4_World/dayzexpansion_market\systems\market\expansionmarketmodule.c,4449": Undefined function 'ExpansionGame.GetExpansionUIManager'
SCRIPT    (E): @"DayZExpansion/Market/Scripts/4_World/dayzexpansion_market\systems\market\expansionmarketmodule.c,4462": Undefined function 'ExpansionGame.GetExpansionUIManager'
SCRIPT    (E): @"DayZExpansion/Market/Scripts/4_World/dayzexpansion_market\creatures\traders\expansiontraderbase.c,381": Bad type 'map'
SCRIPT    (E): @"DayZExpansion/Missions/Scripts/4_World/dayzexpansion_missions\classes\airdrop\expansionmissioneventairdrop.c,280": Bad type 'ExpansionJsonFileParser'
SCRIPT    (E): @"DayZExpansion/Missions/Scripts/4_World/dayzexpansion_missions\classes\airdrop\expansionmissioneventairdrop.c,290": Bad type 'ExpansionJsonFileParser'
SCRIPT    (E): @"DayZExpansion/Missions/Scripts/4_World/dayzexpansion_missions\classes\airdrop\expansionmissioneventairdrop.c,298": Bad type 'ExpansionJsonFileParser'
SCRIPT    (E): @"DayZExpansion/Missions/Scripts/4_World/dayzexpansion_missions\classes\hordes\expansionmissioneventhorde.c,94": Bad type 'JsonFileLoader'
SCRIPT    (E): @"DayZExpansion/Missions/Scripts/4_World/dayzexpansion_missions\classes\contaminatedarea\expansionmissioneventcontaminatedarea.c,91": Bad type 'JsonFileLoader'
SCRIPT    (E): @"DayZExpansion/P2PMarket/Scripts/4_World/dayzexpansion_p2pmarket\classes\useractionscomponent\interact\expansionactionopenp2pmarketmenu.c,82": Undefined function 'ExpansionGame.GetExpansionUIManager'
SCRIPT    (E): @"DayZExpansion/P2PMarket/Scripts/4_World/dayzexpansion_p2pmarket\systems\p2pmarket\expansionp2pmarketmodule.c,2219": Undefined function 'ExpansionGame.GetExpansionUIManager'
SCRIPT    (E): @"DayZExpansion/P2PMarket/Scripts/4_World/dayzexpansion_p2pmarket\systems\p2pmarket\expansionp2pmarketlisting.c,286": Bad type 'ExpansionJsonFileParser'
SCRIPT    (E): @"DayZExpansion/P2PMarket/Scripts/4_World/dayzexpansion_p2pmarket\systems\p2pmarket\expansionp2pmarkettraderconfig.c,207": Bad type 'ExpansionJsonFileParser'
SCRIPT    (E): @"DayZExpansion/PersonalStorage/Scripts/4_World/dayzexpansion_personalstorage\systems\personalstorage\expansionpersonalstorageitem.c,193": Bad type 'ExpansionJsonFileParser'
SCRIPT    (E): @"DayZExpansion/PersonalStorage/Scripts/4_World/dayzexpansion_personalstorage\systems\personalstorage\expansionpersonalstorageitem.c,209": Bad type 'ExpansionJsonFileParser'
SCRIPT    (E): @"DayZExpansion/PersonalStorage/Scripts/4_World/dayzexpansion_personalstorage\systems\personalstorage\expansionpersonalstoragemodule.c,390": Undefined function 'ExpansionGame.GetExpansionUIManager'
SCRIPT    (E): @"DayZExpansion/PersonalStorage/Scripts/4_World/dayzexpansion_personalstorage\systems\personalstorage\expansionpersonalstoragemodule.c,391": Undefined function 'ExpansionGame.GetExpansionUIManager'
SCRIPT    (E): @"DayZExpansion/PersonalStorage/Scripts/4_World/dayzexpansion_personalstorage\systems\personalstorage\expansionpersonalstorageconfig.c,67": Bad type 'ExpansionJsonFileParser'
SCRIPT    (E): @"DayZExpansion/PersonalStorage/Scripts/4_World/dayzexpansion_personalstorage\systems\personalstorage\expansionpersonalstorageconfig.c,83": Bad type 'ExpansionJsonFileParser'
SCRIPT    (E): @"DayZExpansion/PersonalStorageNew/Scripts/4_World/dayzexpansion_personalstoragenew\entities\itembase\expansionpersonalstoragecontainer.c,174": Undefined function 'ExpansionGame.GetExpansionUIManager'
SCRIPT    (E): @"DayZExpansion/Scripts/4_World/dayzexpansion\entities\houses\buildingbase.c,311": Bad type 'CF_Modules'
SCRIPT    (E): @"DayZExpansion/Scripts/4_World/dayzexpansion\entities\itembase\expansiongenerator.c,23": Bad type 'CF_Modules'
SCRIPT    (E): @"DayZExpansion/Scripts/4_World/dayzexpansion\entities\manbase\playerbase.c,44": Bad type 'CF_Modules'
SCRIPT    (E): @"DayZExpansion/Vehicles/Scripts/4_World/dayzexpansion_vehicles\entities\vehicles\carscript.c,146": Bad type 'ExpansionPhysicsStateT'
SCRIPT    (E): @"DayZExpansion/Vehicles/Scripts/4_World/dayzexpansion_vehicles\entities\vehicles\carscript.c,146": Can't find class ExpansionPhysicsStateT
SCRIPT    (E): @"DayZExpansion/Vehicles/Scripts/4_World/dayzexpansion_vehicles\entities\vehicles\expansionvehiclebase.c,232": Bad type 'CF_ModStorageObject'
SCRIPT    (E): @"DayZExpansion/Vehicles/Scripts/4_World/dayzexpansion_vehicles\entities\vehicles\expansionvehiclebase.c,232": Can't find class CF_ModStorageObject
SCRIPT    (E): @"DayZExpansion/Vehicles/Scripts/4_World/dayzexpansion_vehicles\entities\vehicles\expansionvehiclebase.c,232": Bad type 'ExpansionPhysicsStateT'
SCRIPT    (E): @"DayZExpansion/Vehicles/Scripts/4_World/dayzexpansion_vehicles\entities\vehicles\expansionvehiclebase.c,232": Can't find class ExpansionPhysicsStateT
SCRIPT    (E): @"DayZExpansion/Vehicles/Scripts/4_World/dayzexpansion_vehicles\entities\vehicles\expansionvehiclebase.c,232": Bad type 'ExpansionZoneEntity'
SCRIPT    (E): @"DayZExpansion/Vehicles/Scripts/4_World/dayzexpansion_vehicles\entities\vehicles\expansionvehiclebase.c,232": Can't find class ExpansionZoneEntity
SCRIPT    (E): @"DayZExpansion/Vehicles/Scripts/4_World/dayzexpansion_vehicles\entities\vehicles\expansionvehiclebase.c,232": Bad type 'ExpansionVehicleT'
SCRIPT    (E): @"DayZExpansion/Vehicles/Scripts/4_World/dayzexpansion_vehicles\entities\vehicles\expansionvehiclebase.c,232": Can't find class ExpansionVehicleT
SCRIPT    (E): @"DayZExpansion/AI/Scripts/4_World/dayzexpansion_ai\classes\roads\eairoadnode.c,109": Bad type 'array'
SCRIPT    (E): @"DayZExpansion/AI/Scripts/4_World/dayzexpansion_ai\classes\roads\eairoadnode.c,129": Bad type 'Param2'
SCRIPT    (E): @"DayZExpansion/AI/Scripts/4_World/dayzexpansion_ai\classes\roads\eairoadnode.c,129": Can't find class Param2
SCRIPT    (E): @"DayZExpansion/AI/Scripts/4_World/dayzexpansion_ai\entities\ai\eaibase.c,1231": Bad type 'array'
SCRIPT    (E): @"DayZExpansion/AI/Scripts/4_World/dayzexpansion_ai\entities\ai\eaibase.c,2142": Bad type 'ExpansionArray'
SCRIPT    (E): @"DayZExpansion/AI/Scripts/4_World/dayzexpansion_ai\entities\ai\eaibase.c,2882": Bad type 'ExpansionArrayTools'
SCRIPT    (E): @"DayZExpansion/AI/Scripts/4_World/dayzexpansion_ai\entities\ai\eaibase.c,2885": Bad type 'ExpansionArrayTools'
SCRIPT    (E): @"DayZExpansion/AI/Scripts/4_World/dayzexpansion_ai\entities\ai\eaibase.c,2887": Bad type 'ExpansionArrayTools'
SCRIPT    (E): @"DayZExpansion/AI/Scripts/4_World/dayzexpansion_ai\entities\ai\eaibase.c,4418": Bad type 'ExpansionUtil2'
SCRIPT    (E): @"DayZExpansion/AI/Scripts/4_World/dayzexpansion_ai\classes\expansionworld.c,386": Bad type 'JsonFileLoader'
SCRIPT    (E): @"DayZExpansion/AI/Scripts/4_World/dayzexpansion_ai\classes\eaigroup.c,310": Bad type 'map'
SCRIPT    (E): @"DayZExpansion/AI/Scripts/4_World/dayzexpansion_ai\classes\eaigroup.c,378": Bad type 'ExpansionArray'
SCRIPT    (E): @"DayZExpansion/AI/Scripts/4_World/dayzexpansion_ai\classes\eaigroup.c,380": Bad type 'map'
SCRIPT    (E): @"DayZExpansion/AI/Scripts/4_World/dayzexpansion_ai\entities\dayzplayerimplement.c,15": Bad type 'eAIAttribute'
SCRIPT    (E): @"DayZExpansion/AI/Scripts/4_World/dayzexpansion_ai\entities\dayzplayerimplement.c,21": Bad type 'eAIAttribute'
SCRIPT    (E): @"DayZExpansion/AI/Scripts/4_World/dayzexpansion_ai\entities\dayzplayerimplement.c,37": Bad type 'eAIAttribute'
SCRIPT    (E): @"DayZExpansion/AI/Scripts/4_World/dayzexpansion_ai\classes\contaminatedarea\expansioneffectareacluster.c,16": Bad type 'set'
SCRIPT    (E): @"DayZExpansion/AI/Scripts/4_World/dayzexpansion_ai\classes\contaminatedarea\expansioneffectareacluster.c,377": Bad type 'map'
SCRIPT    (E): @"DayZExpansion/AI/Scripts/4_World/dayzexpansion_ai\classes\contaminatedarea\expansioneffectareacluster.c,498": Bad type 'ExpansionUtil'
SCRIPT    (E): @"DayZExpansion/AI/Scripts/4_World/dayzexpansion_ai\classes\contaminatedarea\expansioneffectareacluster.c,499": Bad type 'ExpansionUtil'
SCRIPT    (E): @"DayZExpansion/AI/Scripts/4_World/dayzexpansion_ai\classes\contaminatedarea\expansioneffectareacluster.c,500": Bad type 'ExpansionUtil'
SCRIPT    (E): @"DayZExpansion/AI/Scripts/4_World/dayzexpansion_ai\classes\navmesh\expansionnavmesh.c,96": Bad type 'ExpansionAStar'
SCRIPT    (E): @"DayZExpansion/AI/Scripts/4_World/dayzexpansion_ai\classes\eaicommandmanagerclient.c,1044": Bad type 'ExpansionJsonFileParser'
SCRIPT    (E): @"DayZExpansion/AI/Scripts/4_World/dayzexpansion_ai\entities\zombiefightlogic.c,260": Bad type 'array'
SCRIPT    (E): @"DayZExpansion/AI/Scripts/4_World/dayzexpansion_ai\entities\zombiefightlogic.c,266": Bad type 'Param3'
SCRIPT    (E): @"DayZExpansion/AI/Scripts/4_World/dayzexpansion_ai\entities\zombiefightlogic.c,266": Can't find class Param3
SCRIPT    (E): @"DayZExpansion/AI/Scripts/4_World/dayzexpansion_ai\classes\patrols\eaidynamicpatrol.c,64": Bad type 'eAIDynamicPatrolT'
SCRIPT    (E): @"DayZExpansion/BaseBuilding/Scripts/4_World/dayzexpansion_basebuilding\entities\manbase\playerbase.c,27": Bad type 'CF_Modules'
SCRIPT    (E): @"DayZExpansion/BaseBuilding/Scripts/4_World/dayzexpansion_basebuilding\entities\basebuilding\parkingmeter\expansionparkingmeter.c,44": Bad type 'CF_Modules'
SCRIPT    (E): @"DayZExpansion/Quests/Scripts/4_World/dayzexpansion_quests\systems\quests\questobjectiveconfigs\expansionquestobjectivecollectionconfig.c,38": Bad type 'ExpansionJsonFileParser'
SCRIPT    (E): @"DayZExpansion/Quests/Scripts/4_World/dayzexpansion_quests\systems\quests\questobjectiveconfigs\expansionquestobjectivecollectionconfig.c,52": Bad type 'ExpansionJsonFileParser'
SCRIPT    (E): @"DayZExpansion/Quests/Scripts/4_World/dayzexpansion_quests\systems\quests\questobjectiveconfigs\expansionquestobjectivecollectionconfig.c,71": Bad type 'ExpansionJsonFileParser'
SCRIPT    (E): @"DayZExpansion/Quests/Scripts/4_World/dayzexpansion_quests\systems\quests\questobjectiveconfigs\expansionquestobjectivetargetconfig.c,161": Bad type 'ExpansionJsonFileParser'
SCRIPT    (E): @"DayZExpansion/Quests/Scripts/4_World/dayzexpansion_quests\systems\quests\questobjectiveconfigs\expansionquestobjectivetargetconfig.c,188": Bad type 'ExpansionJsonFileParser'
SCRIPT    (E): @"DayZExpansion/Quests/Scripts/4_World/dayzexpansion_quests\classes\useractionscomponent\actions\interact\expansionactionopenquestmenu.c,56": Undefined function 'ExpansionGame.GetExpansionUIManager'
SCRIPT    (E): @"DayZExpansion/Quests/Scripts/4_World/dayzexpansion_quests\classes\useractionscomponent\actions\interact\expansionactionopenquestmenu.c,95": Bad type 'CF_Modules'
SCRIPT    (E): @"DayZExpansion/Quests/Scripts/4_World/dayzexpansion_quests\systems\quests\expansionquestconfig.c,618": Bad type 'ExpansionJsonFileParser'
SCRIPT    (E): @"DayZExpansion/Quests/Scripts/4_World/dayzexpansion_quests\systems\quests\expansionquestconfig.c,632": Bad type 'ExpansionJsonFileParser'
SCRIPT    (E): @"DayZExpansion/Quests/Scripts/4_World/dayzexpansion_quests\systems\quests\expansionquestconfig.c,671": Bad type 'ExpansionJsonFileParser'
SCRIPT    (E): @"DayZExpansion/Quests/Scripts/4_World/dayzexpansion_quests\systems\quests\expansionquestconfig.c,698": Bad type 'ExpansionJsonFileParser'
SCRIPT    (E): @"DayZExpansion/Quests/Scripts/4_World/dayzexpansion_quests\systems\quests\expansionquestnpcdata.c,343": Bad type 'ExpansionJsonFileParser'
SCRIPT    (E): @"DayZExpansion/Quests/Scripts/4_World/dayzexpansion_quests\systems\quests\expansionquestnpcdata.c,357": Bad type 'ExpansionJsonFileParser'
SCRIPT    (E): @"DayZExpansion/Quests/Scripts/4_World/dayzexpansion_quests\systems\quests\expansionquestnpcdata.c,378": Bad type 'ExpansionJsonFileParser'
SCRIPT    (E): @"DayZExpansion/Quests/Scripts/4_World/dayzexpansion_quests\systems\quests\questobjectiveconfigs\expansionquestobjectivetravelconfig.c,87": Bad type 'ExpansionJsonFileParser'
SCRIPT    (E): @"DayZExpansion/Quests/Scripts/4_World/dayzexpansion_quests\systems\quests\questobjectiveconfigs\expansionquestobjectivetravelconfig.c,103": Bad type 'ExpansionJsonFileParser'
SCRIPT    (E): @"DayZExpansion/Quests/Scripts/4_World/dayzexpansion_quests\systems\quests\questobjectiveconfigs\expansionquestobjectiveactionconfig.c,71": Bad type 'ExpansionJsonFileParser'
SCRIPT    (E): @"DayZExpansion/Quests/Scripts/4_World/dayzexpansion_quests\systems\quests\questobjectiveconfigs\expansionquestobjectiveactionconfig.c,98": Bad type 'ExpansionJsonFileParser'
SCRIPT    (E): @"DayZExpansion/Quests/Scripts/4_World/dayzexpansion_quests\systems\quests\questobjectiveconfigs\expansionquestobjectivetreasurehuntconfig.c,131": Bad type 'ExpansionJsonFileParser'
SCRIPT    (E): @"DayZExpansion/Quests/Scripts/4_World/dayzexpansion_quests\systems\quests\questobjectiveconfigs\expansionquestobjectivetreasurehuntconfig.c,145": Bad type 'ExpansionJsonFileParser'
SCRIPT    (E): @"DayZExpansion/Quests/Scripts/4_World/dayzexpansion_quests\systems\quests\questobjectiveconfigs\expansionquestobjectivetreasurehuntconfig.c,153": Bad type 'ExpansionJsonFileParser'
SCRIPT    (E): @"DayZExpansion/Quests/Scripts/4_World/dayzexpansion_quests\systems\quests\questobjectiveconfigs\expansionquestobjectivetreasurehuntconfig.c,183": Bad type 'ExpansionJsonFileParser'
SCRIPT    (E): @"DayZExpansion/Quests/Scripts/4_World/dayzexpansion_quests\systems\quests\questobjectiveconfigs\expansionquestobjectiveaipatrolconfig.c,99": Bad type 'ExpansionJsonFileParser'
SCRIPT    (E): @"DayZExpansion/Quests/Scripts/4_World/dayzexpansion_quests\systems\quests\questobjectiveconfigs\expansionquestobjectiveaipatrolconfig.c,113": Bad type 'ExpansionJsonFileParser'
SCRIPT    (E): @"DayZExpansion/Quests/Scripts/4_World/dayzexpansion_quests\systems\quests\questobjectiveconfigs\expansionquestobjectiveaipatrolconfig.c,152": Bad type 'ExpansionJsonFileParser'
SCRIPT    (E): @"DayZExpansion/Quests/Scripts/4_World/dayzexpansion_quests\systems\quests\questobjectiveconfigs\expansionquestobjectiveaipatrolconfig.c,166": Bad type 'ExpansionJsonFileParser'
SCRIPT    (E): @"DayZExpansion/Quests/Scripts/4_World/dayzexpansion_quests\systems\quests\questobjectiveconfigs\expansionquestobjectivecraftingconfig.c,49": Bad type 'ExpansionJsonFileParser'
SCRIPT    (E): @"DayZExpansion/Quests/Scripts/4_World/dayzexpansion_quests\systems\quests\questobjectiveconfigs\expansionquestobjectivecraftingconfig.c,70": Bad type 'ExpansionJsonFileParser'
SCRIPT    (E): @"DayZExpansion/Quests/Scripts/4_World/dayzexpansion_quests\systems\quests\questobjectiveconfigs\expansionquestobjectiveaiescortconfig.c,117": Bad type 'ExpansionJsonFileParser'
SCRIPT    (E): @"DayZExpansion/Quests/Scripts/4_World/dayzexpansion_quests\systems\quests\questobjectiveconfigs\expansionquestobjectiveaiescortconfig.c,139": Bad type 'ExpansionJsonFileParser'
SCRIPT    (E): @"DayZExpansion/Quests/Scripts/4_World/dayzexpansion_quests\systems\quests\questobjectiveconfigs\expansionquestobjectivedeliveryconfig.c,181": Bad type 'ExpansionJsonFileParser'
SCRIPT    (E): @"DayZExpansion/Quests/Scripts/4_World/dayzexpansion_quests\systems\quests\questobjectiveconfigs\expansionquestobjectivedeliveryconfig.c,195": Bad type 'ExpansionJsonFileParser'
SCRIPT    (E): @"DayZExpansion/Quests/Scripts/4_World/dayzexpansion_quests\systems\quests\questobjectiveconfigs\expansionquestobjectivedeliveryconfig.c,219": Bad type 'ExpansionJsonFileParser'
SCRIPT    (E): @"DayZExpansion/Quests/Scripts/4_World/dayzexpansion_quests\systems\quests\questobjectiveconfigs\expansionquestobjectiveaicampconfig.c,122": Bad type 'ExpansionJsonFileParser'
SCRIPT    (E): @"DayZExpansion/Quests/Scripts/4_World/dayzexpansion_quests\systems\quests\questobjectiveconfigs\expansionquestobjectiveaicampconfig.c,137": Bad type 'ExpansionJsonFileParser'
SCRIPT    (E): @"DayZExpansion/Quests/Scripts/4_World/dayzexpansion_quests\systems\quests\questobjectiveconfigs\expansionquestobjectiveaicampconfig.c,181": Bad type 'ExpansionJsonFileParser'
SCRIPT    (E): @"DayZExpansion/Quests/Scripts/4_World/dayzexpansion_quests\systems\quests\questobjectiveconfigs\expansionquestobjectiveaicampconfig.c,195": Bad type 'ExpansionJsonFileParser'
SCRIPT    (E): @"DayZExpansion/Quests/Scripts/4_World/dayzexpansion_quests\systems\quests\questobjectiveevents\classes\expansionquestaispawn.c,333": Bad type 'eAIDynamicPatrolT'
SCRIPT    (E): @"DayZExpansion/Quests/Scripts/4_World/dayzexpansion_quests\systems\quests\expansionquestmodule.c,1382": Undefined function 'ExpansionGame.GetExpansionUIManager'
SCRIPT    (E): @"DayZExpansion/Quests/Scripts/4_World/dayzexpansion_quests\systems\quests\expansionquestmodule.c,1384": Undefined function 'ExpansionGame.GetExpansionUIManager'
SCRIPT    (E): @"DayZExpansion/Quests/Scripts/4_World/dayzexpansion_quests\systems\quests\expansionquestmodule.c,2707": Bad type 'ExpansionJsonFileParser'
SCRIPT    (E): @"DayZExpansion/Quests/Scripts/4_World/dayzexpansion_quests\systems\quests\expansionquestmodule.c,3415": Bad type 'array'
SCRIPT    (E): @"DayZExpansion/Quests/Scripts/4_World/dayzexpansion_quests\systems\quests\expansionquestpersistentserverdata.c,132": Bad type 'ExpansionJsonFileParser'
SCRIPT    (E): @"DayZExpansion/Quests/Scripts/4_World/dayzexpansion_quests\systems\quests\expansionquestpersistentserverdata.c,146": Bad type 'ExpansionJsonFileParser'
SCRIPT    (E): @"dynamichelicopters/ZGqr4Lak/ 2IEWn7cF/tyhGLMGm/﻿﻿﻿﻿/zjwZnlHM/6knrTOoW/0f5 CCTh.PFJE  xR,948": Bad type 'Param5'
SCRIPT    (E): @"dynamichelicopters/ZGqr4Lak/ 2IEWn7cF/tyhGLMGm/﻿﻿﻿﻿/zjwZnlHM/6knrTOoW/0f5 CCTh.PFJE  xR,948": Can't find class Param5
SCRIPT    (W): @"dynamichelicopters/ZGqr4Lak/ 2IEWn7cF/tyhGLMGm/﻿﻿﻿﻿/zjwZnlHM/6knrTOoW/0f5 CCTh.PFJE  xR,3135": No need to use 'Cast' for up-casting
SCRIPT    (E): @"dynamichelicopters/fdjYC Qh/ OgtLwuk4/ orhzyEL/﻿/r2OeIWn /equpMB m/9hPpyqjr.DB Gq k ,138": Bad type 'JsonFileLoader'
SCRIPT    (E): @"dynamichelicopters/fdjYC Qh/ OgtLwuk4/ orhzyEL/﻿/r2OeIWn /equpMB m/9hPpyqjr.DB Gq k ,149": Bad type 'JsonFileLoader'
SCRIPT    (E): @"dynamichelicopters/fdjYC Qh/ OgtLwuk4/ orhzyEL/﻿/r2OeIWn /equpMB m/9hPpyqjr.DB Gq k ,286": Bad type 'JsonFileLoader'
SCRIPT    (E): @"dynamichelicopters/fdjYC Qh/ OgtLwuk4/ orhzyEL/﻿/r2OeIWn /equpMB m/9hPpyqjr.DB Gq k ,470": Bad type 'JsonFileLoader'
SCRIPT    (E): Can't compile "World" script module!

DayZExpansion/Garage/Scripts/4_World/dayzexpansion_garage\classes\useractionscomponent\actions\interact\expansionactionopengaragemenu.c(71): Undefined function 'ExpansionGame.GetExpansionUIManager'
SCRIPT    (E): Failed to load entities script!
SCRIPT    (W): @"dynamichelicopters/ZGqr4Lak/ 2IEWn7cF/tyhGLMGm/﻿﻿﻿﻿/zjwZnlHM/6knrTOoW/0f5 CCTh.PFJE  xR,3704": FIX-ME: Unexpected statement 'ref'
SCRIPT    (W): @"dynamichelicopters/ZGqr4Lak/ 2IEWn7cF/tyhGLMGm/﻿﻿﻿﻿/zjwZnlHM/6knrTOoW/0f5 CCTh.PFJE  xR,3707": FIX-ME: Unexpected statement 'ref'
SCRIPT    (W): @"dynamichelicopters/ZGqr4Lak/ 2IEWn7cF/tyhGLMGm/﻿﻿﻿﻿/zjwZnlHM/6knrTOoW/0f5 CCTh.PFJE  xR,3710": FIX-ME: Unexpected statement 'ref'
SCRIPT    (W): @"dynamichelicopters/ZGqr4Lak/ 2IEWn7cF/tyhGLMGm/﻿﻿﻿﻿/zjwZnlHM/6knrTOoW/0f5 CCTh.PFJE  xR,3713": FIX-ME: Unexpected statement 'ref'
SCRIPT    (W): @"dynamichelicopters/ZGqr4Lak/ 2IEWn7cF/tyhGLMGm/﻿﻿﻿﻿/zjwZnlHM/6knrTOoW/0f5 CCTh.PFJE  xR,3716": FIX-ME: Unexpected statement 'ref'
SCRIPT    (W): @"dynamichelicopters/ZGqr4Lak/ 2IEWn7cF/tyhGLMGm/﻿﻿﻿﻿/zjwZnlHM/6knrTOoW/0f5 CCTh.PFJE  xR,3719": FIX-ME: Unexpected statement 'ref'
SCRIPT    (W): @"dynamichelicopters/ZGqr4Lak/ 2IEWn7cF/tyhGLMGm/﻿﻿﻿﻿/zjwZnlHM/6knrTOoW/0f5 CCTh.PFJE  xR,3722": FIX-ME: Unexpected statement 'ref'
SCRIPT    (W): @"dynamichelicopters/ZGqr4Lak/ 2IEWn7cF/tyhGLMGm/﻿﻿﻿﻿/zjwZnlHM/6knrTOoW/0f5 CCTh.PFJE  xR,3725": FIX-ME: Unexpected statement 'ref'
SCRIPT    (W): @"dynamichelicopters/ZGqr4Lak/ 2IEWn7cF/tyhGLMGm/﻿﻿﻿﻿/zjwZnlHM/6knrTOoW/0f5 CCTh.PFJE  xR,4048": FIX-ME: Unexpected statement 'ref'
SCRIPT    (W): @"dynamichelicopters/ZGqr4Lak/ 2IEWn7cF/tyhGLMGm/﻿﻿﻿﻿/zjwZnlHM/6knrTOoW/0f5 CCTh.PFJE  xR,4051": FIX-ME: Unexpected statement 'ref'
SCRIPT    (W): @"dynamichelicopters/ZGqr4Lak/ 2IEWn7cF/tyhGLMGm/﻿﻿﻿﻿/zjwZnlHM/6knrTOoW/0f5 CCTh.PFJE  xR,4054": FIX-ME: Unexpected statement 'ref'
SCRIPT    (W): @"dynamichelicopters/ZGqr4Lak/ 2IEWn7cF/tyhGLMGm/﻿﻿﻿﻿/zjwZnlHM/6knrTOoW/0f5 CCTh.PFJE  xR,4057": FIX-ME: Unexpected statement 'ref'
SCRIPT    (W): @"dynamichelicopters/ZGqr4Lak/ 2IEWn7cF/tyhGLMGm/﻿﻿﻿﻿/zjwZnlHM/6knrTOoW/0f5 CCTh.PFJE  xR,4060": FIX-ME: Unexpected statement 'ref'
SCRIPT    (W): @"dynamichelicopters/ZGqr4Lak/ 2IEWn7cF/tyhGLMGm/﻿﻿﻿﻿/zjwZnlHM/6knrTOoW/0f5 CCTh.PFJE  xR,4063": FIX-ME: Unexpected statement 'ref'
SCRIPT    (W): @"dynamichelicopters/ZGqr4Lak/ 2IEWn7cF/tyhGLMGm/﻿﻿﻿﻿/zjwZnlHM/6knrTOoW/0f5 CCTh.PFJE  xR,4066": FIX-ME: Unexpected statement 'ref'
SCRIPT    (W): @"dynamichelicopters/ZGqr4Lak/ 2IEWn7cF/tyhGLMGm/﻿﻿﻿﻿/zjwZnlHM/6knrTOoW/0f5 CCTh.PFJE  xR,4069": FIX-ME: Unexpected statement 'ref'
SCRIPT    (W): @"dynamichelicopters/fdjYC Qh/ OgtLwuk4/ orhzyEL/﻿/r2OeIWn /equpMB m/9hPpyqjr.DB Gq k ,40": FIX-ME: Unexpected statement 'ref'
SCRIPT    (W): @"dynamichelicopters/fdjYC Qh/ OgtLwuk4/ orhzyEL/﻿/r2OeIWn /equpMB m/9hPpyqjr.DB Gq k ,42": FIX-ME: Unexpected statement 'ref'
SCRIPT    (W): @"dynamichelicopters/fdjYC Qh/ OgtLwuk4/ orhzyEL/﻿/r2OeIWn /equpMB m/9hPpyqjr.DB Gq k ,45": FIX-ME: Unexpected statement 'ref'
SCRIPT    (W): @"kamaz_4310RUS\scripts\4_World/carscript_kamaz_4310rus_cabinmanipulte.c,8": FIX-ME: Overriding function 'IsCabinCanManipulate' but not marked as 'override'
SCRIPT    (W): @"kamaz_4310RUS\scripts\4_World/carscript_kamaz_4310rus_cabinmanipulte.c,13": FIX-ME: Overriding function 'GetCabinAnimationSource' but not marked as 'override'
SCRIPT    (W): @"kamaz_4310RUS\scripts\4_World/carscript_kamaz_4310rus_cabinmanipulte.c,18": FIX-ME: Overriding function 'IsCabinRised' but not marked as 'override'
SCRIPT    (W): @"kamaz_4310RUS\scripts\4_World/carscript_kamaz_4310rus_cabinmanipulte.c,23": FIX-ME: Overriding function 'IsPassengersInCabin' but not marked as 'override'
SCRIPT    (W): @"tractor_UMZ_RUS\scripts\4_World/carscript.c,4": FIX-ME: Overriding function 'HandleDoorsSound' but not marked as 'override'
SCRIPT    (W): @"kamaz_4310RUS\scripts\4_World/static\miscgameplayfunctions.c,6": FIX-ME: Overriding function 'IsInsideCar' but not marked as 'override'
SCRIPT    (E): @"DayZExpansion/Garage/Scripts/4_World/dayzexpansion_garage\classes\useractionscomponent\actions\interact\expansionactionopengaragemenu.c,71": Undefined function 'ExpansionGame.GetExpansionUIManager'
SCRIPT    (E): @"DayZExpansion/Garage/Scripts/4_World/dayzexpansion_garage\systems\garage\expansiongaragemodule.c,1388": Undefined function 'ExpansionGame.GetExpansionUIManager'
SCRIPT    (E): @"DayZExpansion/Groups/Scripts/4_World/dayzexpansion_groups\expansionmarkerclientdata.c,20": Bad type 'CF_Modules'
SCRIPT    (E): @"DayZExpansion/Groups/Scripts/4_World/dayzexpansion_groups\expansionpartymodule.c,118": Bad type 'map'
SCRIPT    (E): @"DayZExpansion/Groups/Scripts/4_World/dayzexpansion_groups\expansionpartymodule.c,866": Bad type 'CF_Modules'
SCRIPT    (E): @"DayZExpansion/Market/Scripts/4_World/dayzexpansion_market\classes\useractionscomponent\actions\interact\expansionactionopenatmmenu.c,37": Bad type 'CF_Modules'
SCRIPT    (E): @"DayZExpansion/Market/Scripts/4_World/dayzexpansion_market\systems\market\expansionmarketatm_data.c,40": Bad type 'JsonFileLoader'
SCRIPT    (E): @"DayZExpansion/Market/Scripts/4_World/dayzexpansion_market\systems\market\expansionmarketmodule.c,825": Bad type 'map'
SCRIPT    (E): @"DayZExpansion/Market/Scripts/4_World/dayzexpansion_market\systems\market\expansionmarketmodule.c,4288": Undefined function 'ExpansionGame.GetExpansionUIManager'
SCRIPT    (E): @"DayZExpansion/Market/Scripts/4_World/dayzexpansion_market\systems\market\expansionmarketmodule.c,4449": Undefined function 'ExpansionGame.GetExpansionUIManager'
SCRIPT    (E): @"DayZExpansion/Market/Scripts/4_World/dayzexpansion_market\systems\market\expansionmarketmodule.c,4462": Undefined function 'ExpansionGame.GetExpansionUIManager'
SCRIPT    (E): @"DayZExpansion/Market/Scripts/4_World/dayzexpansion_market\creatures\traders\expansiontraderbase.c,381": Bad type 'map'
SCRIPT    (E): @"DayZExpansion/Missions/Scripts/4_World/dayzexpansion_missions\classes\airdrop\expansionmissioneventairdrop.c,280": Bad type 'ExpansionJsonFileParser'
SCRIPT    (E): @"DayZExpansion/Missions/Scripts/4_World/dayzexpansion_missions\classes\airdrop\expansionmissioneventairdrop.c,290": Bad type 'ExpansionJsonFileParser'
SCRIPT    (E): @"DayZExpansion/Missions/Scripts/4_World/dayzexpansion_missions\classes\airdrop\expansionmissioneventairdrop.c,298": Bad type 'ExpansionJsonFileParser'
SCRIPT    (E): @"DayZExpansion/Missions/Scripts/4_World/dayzexpansion_missions\classes\hordes\expansionmissioneventhorde.c,94": Bad type 'JsonFileLoader'
SCRIPT    (E): @"DayZExpansion/Missions/Scripts/4_World/dayzexpansion_missions\classes\contaminatedarea\expansionmissioneventcontaminatedarea.c,91": Bad type 'JsonFileLoader'
SCRIPT    (E): @"DayZExpansion/P2PMarket/Scripts/4_World/dayzexpansion_p2pmarket\classes\useractionscomponent\interact\expansionactionopenp2pmarketmenu.c,82": Undefined function 'ExpansionGame.GetExpansionUIManager'
SCRIPT    (E): @"DayZExpansion/P2PMarket/Scripts/4_World/dayzexpansion_p2pmarket\systems\p2pmarket\expansionp2pmarketmodule.c,2219": Undefined function 'ExpansionGame.GetExpansionUIManager'
SCRIPT    (E): @"DayZExpansion/P2PMarket/Scripts/4_World/dayzexpansion_p2pmarket\systems\p2pmarket\expansionp2pmarketlisting.c,286": Bad type 'ExpansionJsonFileParser'
SCRIPT    (E): @"DayZExpansion/P2PMarket/Scripts/4_World/dayzexpansion_p2pmarket\systems\p2pmarket\expansionp2pmarkettraderconfig.c,207": Bad type 'ExpansionJsonFileParser'
SCRIPT    (E): @"DayZExpansion/PersonalStorage/Scripts/4_World/dayzexpansion_personalstorage\systems\personalstorage\expansionpersonalstorageitem.c,193": Bad type 'ExpansionJsonFileParser'
SCRIPT    (E): @"DayZExpansion/PersonalStorage/Scripts/4_World/dayzexpansion_personalstorage\systems\personalstorage\expansionpersonalstorageitem.c,209": Bad type 'ExpansionJsonFileParser'
SCRIPT    (E): @"DayZExpansion/PersonalStorage/Scripts/4_World/dayzexpansion_personalstorage\systems\personalstorage\expansionpersonalstoragemodule.c,390": Undefined function 'ExpansionGame.GetExpansionUIManager'
SCRIPT    (E): @"DayZExpansion/PersonalStorage/Scripts/4_World/dayzexpansion_personalstorage\systems\personalstorage\expansionpersonalstoragemodule.c,391": Undefined function 'ExpansionGame.GetExpansionUIManager'
SCRIPT    (E): @"DayZExpansion/PersonalStorage/Scripts/4_World/dayzexpansion_personalstorage\systems\personalstorage\expansionpersonalstorageconfig.c,67": Bad type 'ExpansionJsonFileParser'
SCRIPT    (E): @"DayZExpansion/PersonalStorage/Scripts/4_World/dayzexpansion_personalstorage\systems\personalstorage\expansionpersonalstorageconfig.c,83": Bad type 'ExpansionJsonFileParser'
SCRIPT    (E): @"DayZExpansion/PersonalStorageNew/Scripts/4_World/dayzexpansion_personalstoragenew\entities\itembase\expansionpersonalstoragecontainer.c,174": Undefined function 'ExpansionGame.GetExpansionUIManager'
SCRIPT    (E): @"DayZExpansion/Scripts/4_World/dayzexpansion\entities\houses\buildingbase.c,311": Bad type 'CF_Modules'
SCRIPT    (E): @"DayZExpansion/Scripts/4_World/dayzexpansion\entities\itembase\expansiongenerator.c,23": Bad type 'CF_Modules'
SCRIPT    (E): @"DayZExpansion/Scripts/4_World/dayzexpansion\entities\manbase\playerbase.c,44": Bad type 'CF_Modules'
SCRIPT    (E): @"DayZExpansion/Vehicles/Scripts/4_World/dayzexpansion_vehicles\entities\vehicles\carscript.c,146": Bad type 'ExpansionPhysicsStateT'
SCRIPT    (E): @"DayZExpansion/Vehicles/Scripts/4_World/dayzexpansion_vehicles\entities\vehicles\carscript.c,146": Can't find class ExpansionPhysicsStateT
SCRIPT    (E): @"DayZExpansion/Vehicles/Scripts/4_World/dayzexpansion_vehicles\entities\vehicles\expansionvehiclebase.c,232": Bad type 'CF_ModStorageObject'
SCRIPT    (E): @"DayZExpansion/Vehicles/Scripts/4_World/dayzexpansion_vehicles\entities\vehicles\expansionvehiclebase.c,232": Can't find class CF_ModStorageObject
SCRIPT    (E): @"DayZExpansion/Vehicles/Scripts/4_World/dayzexpansion_vehicles\entities\vehicles\expansionvehiclebase.c,232": Bad type 'ExpansionPhysicsStateT'
SCRIPT    (E): @"DayZExpansion/Vehicles/Scripts/4_World/dayzexpansion_vehicles\entities\vehicles\expansionvehiclebase.c,232": Can't find class ExpansionPhysicsStateT
SCRIPT    (E): @"DayZExpansion/Vehicles/Scripts/4_World/dayzexpansion_vehicles\entities\vehicles\expansionvehiclebase.c,232": Bad type 'ExpansionZoneEntity'
SCRIPT    (E): @"DayZExpansion/Vehicles/Scripts/4_World/dayzexpansion_vehicles\entities\vehicles\expansionvehiclebase.c,232": Can't find class ExpansionZoneEntity
SCRIPT    (E): @"DayZExpansion/Vehicles/Scripts/4_World/dayzexpansion_vehicles\entities\vehicles\expansionvehiclebase.c,232": Bad type 'ExpansionVehicleT'
SCRIPT    (E): @"DayZExpansion/Vehicles/Scripts/4_World/dayzexpansion_vehicles\entities\vehicles\expansionvehiclebase.c,232": Can't find class ExpansionVehicleT
SCRIPT    (E): @"DayZExpansion/AI/Scripts/4_World/dayzexpansion_ai\classes\roads\eairoadnode.c,109": Bad type 'array'
SCRIPT    (E): @"DayZExpansion/AI/Scripts/4_World/dayzexpansion_ai\classes\roads\eairoadnode.c,129": Bad type 'Param2'
SCRIPT    (E): @"DayZExpansion/AI/Scripts/4_World/dayzexpansion_ai\classes\roads\eairoadnode.c,129": Can't find class Param2
SCRIPT    (E): @"DayZExpansion/AI/Scripts/4_World/dayzexpansion_ai\entities\ai\eaibase.c,1231": Bad type 'array'
SCRIPT    (E): @"DayZExpansion/AI/Scripts/4_World/dayzexpansion_ai\entities\ai\eaibase.c,2142": Bad type 'ExpansionArray'
SCRIPT    (E): @"DayZExpansion/AI/Scripts/4_World/dayzexpansion_ai\entities\ai\eaibase.c,2882": Bad type 'ExpansionArrayTools'
SCRIPT    (E): @"DayZExpansion/AI/Scripts/4_World/dayzexpansion_ai\entities\ai\eaibase.c,2885": Bad type 'ExpansionArrayTools'
SCRIPT    (E): @"DayZExpansion/AI/Scripts/4_World/dayzexpansion_ai\entities\ai\eaibase.c,2887": Bad type 'ExpansionArrayTools'
SCRIPT    (E): @"DayZExpansion/AI/Scripts/4_World/dayzexpansion_ai\entities\ai\eaibase.c,4418": Bad type 'ExpansionUtil2'
SCRIPT    (E): @"DayZExpansion/AI/Scripts/4_World/dayzexpansion_ai\classes\expansionworld.c,386": Bad type 'JsonFileLoader'
SCRIPT    (E): @"DayZExpansion/AI/Scripts/4_World/dayzexpansion_ai\classes\eaigroup.c,310": Bad type 'map'
SCRIPT    (E): @"DayZExpansion/AI/Scripts/4_World/dayzexpansion_ai\classes\eaigroup.c,378": Bad type 'ExpansionArray'
SCRIPT    (E): @"DayZExpansion/AI/Scripts/4_World/dayzexpansion_ai\classes\eaigroup.c,380": Bad type 'map'
SCRIPT    (E): @"DayZExpansion/AI/Scripts/4_World/dayzexpansion_ai\entities\dayzplayerimplement.c,15": Bad type 'eAIAttribute'
SCRIPT    (E): @"DayZExpansion/AI/Scripts/4_World/dayzexpansion_ai\entities\dayzplayerimplement.c,21": Bad type 'eAIAttribute'
SCRIPT    (E): @"DayZExpansion/AI/Scripts/4_World/dayzexpansion_ai\entities\dayzplayerimplement.c,37": Bad type 'eAIAttribute'
SCRIPT    (E): @"DayZExpansion/AI/Scripts/4_World/dayzexpansion_ai\classes\contaminatedarea\expansioneffectareacluster.c,16": Bad type 'set'
SCRIPT    (E): @"DayZExpansion/AI/Scripts/4_World/dayzexpansion_ai\classes\contaminatedarea\expansioneffectareacluster.c,377": Bad type 'map'
SCRIPT    (E): @"DayZExpansion/AI/Scripts/4_World/dayzexpansion_ai\classes\contaminatedarea\expansioneffectareacluster.c,498": Bad type 'ExpansionUtil'
SCRIPT    (E): @"DayZExpansion/AI/Scripts/4_World/dayzexpansion_ai\classes\contaminatedarea\expansioneffectareacluster.c,499": Bad type 'ExpansionUtil'
SCRIPT    (E): @"DayZExpansion/AI/Scripts/4_World/dayzexpansion_ai\classes\contaminatedarea\expansioneffectareacluster.c,500": Bad type 'ExpansionUtil'
SCRIPT    (E): @"DayZExpansion/AI/Scripts/4_World/dayzexpansion_ai\classes\navmesh\expansionnavmesh.c,96": Bad type 'ExpansionAStar'
SCRIPT    (E): @"DayZExpansion/AI/Scripts/4_World/dayzexpansion_ai\classes\eaicommandmanagerclient.c,1044": Bad type 'ExpansionJsonFileParser'
SCRIPT    (E): @"DayZExpansion/AI/Scripts/4_World/dayzexpansion_ai\entities\zombiefightlogic.c,260": Bad type 'array'
SCRIPT    (E): @"DayZExpansion/AI/Scripts/4_World/dayzexpansion_ai\entities\zombiefightlogic.c,266": Bad type 'Param3'
SCRIPT    (E): @"DayZExpansion/AI/Scripts/4_World/dayzexpansion_ai\entities\zombiefightlogic.c,266": Can't find class Param3
SCRIPT    (E): @"DayZExpansion/AI/Scripts/4_World/dayzexpansion_ai\classes\patrols\eaidynamicpatrol.c,64": Bad type 'eAIDynamicPatrolT'
SCRIPT    (E): @"DayZExpansion/BaseBuilding/Scripts/4_World/dayzexpansion_basebuilding\entities\manbase\playerbase.c,27": Bad type 'CF_Modules'
SCRIPT    (E): @"DayZExpansion/BaseBuilding/Scripts/4_World/dayzexpansion_basebuilding\entities\basebuilding\parkingmeter\expansionparkingmeter.c,44": Bad type 'CF_Modules'
SCRIPT    (E): @"DayZExpansion/Quests/Scripts/4_World/dayzexpansion_quests\systems\quests\questobjectiveconfigs\expansionquestobjectivecollectionconfig.c,38": Bad type 'ExpansionJsonFileParser'
SCRIPT    (E): @"DayZExpansion/Quests/Scripts/4_World/dayzexpansion_quests\systems\quests\questobjectiveconfigs\expansionquestobjectivecollectionconfig.c,52": Bad type 'ExpansionJsonFileParser'
SCRIPT    (E): @"DayZExpansion/Quests/Scripts/4_World/dayzexpansion_quests\systems\quests\questobjectiveconfigs\expansionquestobjectivecollectionconfig.c,71": Bad type 'ExpansionJsonFileParser'
SCRIPT    (E): @"DayZExpansion/Quests/Scripts/4_World/dayzexpansion_quests\systems\quests\questobjectiveconfigs\expansionquestobjectivetargetconfig.c,161": Bad type 'ExpansionJsonFileParser'
SCRIPT    (E): @"DayZExpansion/Quests/Scripts/4_World/dayzexpansion_quests\systems\quests\questobjectiveconfigs\expansionquestobjectivetargetconfig.c,188": Bad type 'ExpansionJsonFileParser'
SCRIPT    (E): @"DayZExpansion/Quests/Scripts/4_World/dayzexpansion_quests\classes\useractionscomponent\actions\interact\expansionactionopenquestmenu.c,56": Undefined function 'ExpansionGame.GetExpansionUIManager'
SCRIPT    (E): @"DayZExpansion/Quests/Scripts/4_World/dayzexpansion_quests\classes\useractionscomponent\actions\interact\expansionactionopenquestmenu.c,95": Bad type 'CF_Modules'
SCRIPT    (E): @"DayZExpansion/Quests/Scripts/4_World/dayzexpansion_quests\systems\quests\expansionquestconfig.c,618": Bad type 'ExpansionJsonFileParser'
SCRIPT    (E): @"DayZExpansion/Quests/Scripts/4_World/dayzexpansion_quests\systems\quests\expansionquestconfig.c,632": Bad type 'ExpansionJsonFileParser'
SCRIPT    (E): @"DayZExpansion/Quests/Scripts/4_World/dayzexpansion_quests\systems\quests\expansionquestconfig.c,671": Bad type 'ExpansionJsonFileParser'
SCRIPT    (E): @"DayZExpansion/Quests/Scripts/4_World/dayzexpansion_quests\systems\quests\expansionquestconfig.c,698": Bad type 'ExpansionJsonFileParser'
SCRIPT    (E): @"DayZExpansion/Quests/Scripts/4_World/dayzexpansion_quests\systems\quests\expansionquestnpcdata.c,343": Bad type 'ExpansionJsonFileParser'
SCRIPT    (E): @"DayZExpansion/Quests/Scripts/4_World/dayzexpansion_quests\systems\quests\expansionquestnpcdata.c,357": Bad type 'ExpansionJsonFileParser'
SCRIPT    (E): @"DayZExpansion/Quests/Scripts/4_World/dayzexpansion_quests\systems\quests\expansionquestnpcdata.c,378": Bad type 'ExpansionJsonFileParser'
SCRIPT    (E): @"DayZExpansion/Quests/Scripts/4_World/dayzexpansion_quests\systems\quests\questobjectiveconfigs\expansionquestobjectivetravelconfig.c,87": Bad type 'ExpansionJsonFileParser'
SCRIPT    (E): @"DayZExpansion/Quests/Scripts/4_World/dayzexpansion_quests\systems\quests\questobjectiveconfigs\expansionquestobjectivetravelconfig.c,103": Bad type 'ExpansionJsonFileParser'
SCRIPT    (E): @"DayZExpansion/Quests/Scripts/4_World/dayzexpansion_quests\systems\quests\questobjectiveconfigs\expansionquestobjectiveactionconfig.c,71": Bad type 'ExpansionJsonFileParser'
SCRIPT    (E): @"DayZExpansion/Quests/Scripts/4_World/dayzexpansion_quests\systems\quests\questobjectiveconfigs\expansionquestobjectiveactionconfig.c,98": Bad type 'ExpansionJsonFileParser'
SCRIPT    (E): @"DayZExpansion/Quests/Scripts/4_World/dayzexpansion_quests\systems\quests\questobjectiveconfigs\expansionquestobjectivetreasurehuntconfig.c,131": Bad type 'ExpansionJsonFileParser'
SCRIPT    (E): @"DayZExpansion/Quests/Scripts/4_World/dayzexpansion_quests\systems\quests\questobjectiveconfigs\expansionquestobjectivetreasurehuntconfig.c,145": Bad type 'ExpansionJsonFileParser'
SCRIPT    (E): @"DayZExpansion/Quests/Scripts/4_World/dayzexpansion_quests\systems\quests\questobjectiveconfigs\expansionquestobjectivetreasurehuntconfig.c,153": Bad type 'ExpansionJsonFileParser'
SCRIPT    (E): @"DayZExpansion/Quests/Scripts/4_World/dayzexpansion_quests\systems\quests\questobjectiveconfigs\expansionquestobjectivetreasurehuntconfig.c,183": Bad type 'ExpansionJsonFileParser'
SCRIPT    (E): @"DayZExpansion/Quests/Scripts/4_World/dayzexpansion_quests\systems\quests\questobjectiveconfigs\expansionquestobjectiveaipatrolconfig.c,99": Bad type 'ExpansionJsonFileParser'
SCRIPT    (E): @"DayZExpansion/Quests/Scripts/4_World/dayzexpansion_quests\systems\quests\questobjectiveconfigs\expansionquestobjectiveaipatrolconfig.c,113": Bad type 'ExpansionJsonFileParser'
SCRIPT    (E): @"DayZExpansion/Quests/Scripts/4_World/dayzexpansion_quests\systems\quests\questobjectiveconfigs\expansionquestobjectiveaipatrolconfig.c,152": Bad type 'ExpansionJsonFileParser'
SCRIPT    (E): @"DayZExpansion/Quests/Scripts/4_World/dayzexpansion_quests\systems\quests\questobjectiveconfigs\expansionquestobjectiveaipatrolconfig.c,166": Bad type 'ExpansionJsonFileParser'
SCRIPT    (E): @"DayZExpansion/Quests/Scripts/4_World/dayzexpansion_quests\systems\quests\questobjectiveconfigs\expansionquestobjectivecraftingconfig.c,49": Bad type 'ExpansionJsonFileParser'
SCRIPT    (E): @"DayZExpansion/Quests/Scripts/4_World/dayzexpansion_quests\systems\quests\questobjectiveconfigs\expansionquestobjectivecraftingconfig.c,70": Bad type 'ExpansionJsonFileParser'
SCRIPT    (E): @"DayZExpansion/Quests/Scripts/4_World/dayzexpansion_quests\systems\quests\questobjectiveconfigs\expansionquestobjectiveaiescortconfig.c,117": Bad type 'ExpansionJsonFileParser'
SCRIPT    (E): @"DayZExpansion/Quests/Scripts/4_World/dayzexpansion_quests\systems\quests\questobjectiveconfigs\expansionquestobjectiveaiescortconfig.c,139": Bad type 'ExpansionJsonFileParser'
SCRIPT    (E): @"DayZExpansion/Quests/Scripts/4_World/dayzexpansion_quests\systems\quests\questobjectiveconfigs\expansionquestobjectivedeliveryconfig.c,181": Bad type 'ExpansionJsonFileParser'
SCRIPT    (E): @"DayZExpansion/Quests/Scripts/4_World/dayzexpansion_quests\systems\quests\questobjectiveconfigs\expansionquestobjectivedeliveryconfig.c,195": Bad type 'ExpansionJsonFileParser'
SCRIPT    (E): @"DayZExpansion/Quests/Scripts/4_World/dayzexpansion_quests\systems\quests\questobjectiveconfigs\expansionquestobjectivedeliveryconfig.c,219": Bad type 'ExpansionJsonFileParser'
SCRIPT    (E): @"DayZExpansion/Quests/Scripts/4_World/dayzexpansion_quests\systems\quests\questobjectiveconfigs\expansionquestobjectiveaicampconfig.c,122": Bad type 'ExpansionJsonFileParser'
SCRIPT    (E): @"DayZExpansion/Quests/Scripts/4_World/dayzexpansion_quests\systems\quests\questobjectiveconfigs\expansionquestobjectiveaicampconfig.c,137": Bad type 'ExpansionJsonFileParser'
SCRIPT    (E): @"DayZExpansion/Quests/Scripts/4_World/dayzexpansion_quests\systems\quests\questobjectiveconfigs\expansionquestobjectiveaicampconfig.c,181": Bad type 'ExpansionJsonFileParser'
SCRIPT    (E): @"DayZExpansion/Quests/Scripts/4_World/dayzexpansion_quests\systems\quests\questobjectiveconfigs\expansionquestobjectiveaicampconfig.c,195": Bad type 'ExpansionJsonFileParser'
SCRIPT    (E): @"DayZExpansion/Quests/Scripts/4_World/dayzexpansion_quests\systems\quests\questobjectiveevents\classes\expansionquestaispawn.c,333": Bad type 'eAIDynamicPatrolT'
SCRIPT    (E): @"DayZExpansion/Quests/Scripts/4_World/dayzexpansion_quests\systems\quests\expansionquestmodule.c,1382": Undefined function 'ExpansionGame.GetExpansionUIManager'
SCRIPT    (E): @"DayZExpansion/Quests/Scripts/4_World/dayzexpansion_quests\systems\quests\expansionquestmodule.c,1384": Undefined function 'ExpansionGame.GetExpansionUIManager'
SCRIPT    (E): @"DayZExpansion/Quests/Scripts/4_World/dayzexpansion_quests\systems\quests\expansionquestmodule.c,2707": Bad type 'ExpansionJsonFileParser'
SCRIPT    (E): @"DayZExpansion/Quests/Scripts/4_World/dayzexpansion_quests\systems\quests\expansionquestmodule.c,3415": Bad type 'array'
SCRIPT    (E): @"DayZExpansion/Quests/Scripts/4_World/dayzexpansion_quests\systems\quests\expansionquestpersistentserverdata.c,132": Bad type 'ExpansionJsonFileParser'
SCRIPT    (E): @"DayZExpansion/Quests/Scripts/4_World/dayzexpansion_quests\systems\quests\expansionquestpersistentserverdata.c,146": Bad type 'ExpansionJsonFileParser'
SCRIPT    (E): @"dynamichelicopters/ZGqr4Lak/ 2IEWn7cF/tyhGLMGm/﻿﻿﻿﻿/zjwZnlHM/6knrTOoW/0f5 CCTh.PFJE  xR,948": Bad type 'Param5'
SCRIPT    (E): @"dynamichelicopters/ZGqr4Lak/ 2IEWn7cF/tyhGLMGm/﻿﻿﻿﻿/zjwZnlHM/6knrTOoW/0f5 CCTh.PFJE  xR,948": Can't find class Param5
SCRIPT    (W): @"dynamichelicopters/ZGqr4Lak/ 2IEWn7cF/tyhGLMGm/﻿﻿﻿﻿/zjwZnlHM/6knrTOoW/0f5 CCTh.PFJE  xR,3135": No need to use 'Cast' for up-casting
SCRIPT    (E): @"dynamichelicopters/fdjYC Qh/ OgtLwuk4/ orhzyEL/﻿/r2OeIWn /equpMB m/9hPpyqjr.DB Gq k ,138": Bad type 'JsonFileLoader'
SCRIPT    (E): @"dynamichelicopters/fdjYC Qh/ OgtLwuk4/ orhzyEL/﻿/r2OeIWn /equpMB m/9hPpyqjr.DB Gq k ,149": Bad type 'JsonFileLoader'
SCRIPT    (E): @"dynamichelicopters/fdjYC Qh/ OgtLwuk4/ orhzyEL/﻿/r2OeIWn /equpMB m/9hPpyqjr.DB Gq k ,286": Bad type 'JsonFileLoader'
SCRIPT    (E): @"dynamichelicopters/fdjYC Qh/ OgtLwuk4/ orhzyEL/﻿/r2OeIWn /equpMB m/9hPpyqjr.DB Gq k ,470": Bad type 'JsonFileLoader'
SCRIPT    (E): Can't compile "World" script module!

DayZExpansion/Garage/Scripts/4_World/dayzexpansion_garage\classes\useractionscomponent\actions\interact\expansionactionopengaragemenu.c(71): Undefined function 'ExpansionGame.GetExpansionUIManager'
SCRIPT    (E): Failed to load entities script!
SCRIPT    (E): NULL pointer to instance
Class:      'EntityAI'
Entity id:-9223187318540481373

Function: 'InitTemperature'
Stack trace:
scripts/3_Game/entities\entityai.c:2258 Function InitTemperature
scripts/3_Game/entities\entityai.c:923 Function EEInit
