Log Created: _2025-10-08_18-21-31
18:21:54 | Olga 24 (CivilianSedan_Black<7ab4dcc0> - pos <11581.685547, 57.731857, 14659.166992>)  is being deleted
18:21:54 | Olga 24 (CivilianSedan_Wine<7ab55af0> - pos <2841.349365, 204.205643, 5288.166992>)  is being deleted
18:21:54 | Olga 24 (CivilianSedan_Black<7ab43480> - pos <6483.704590, 8.485505, 2902.669434>)  is being deleted
18:21:54 | Olga 24 (CivilianSedan_Wine<7ab58500> - pos <12301.331055, 35.266151, 9050.553711>)  is being deleted
18:21:54 | Olga 24 (CivilianSedan_Black<7ab45e90> - pos <10702.839844, 65.173874, 14456.179688>)  is being deleted
18:21:54 | Olga 24 (CivilianSedan<7ab68160> - pos <6916.977539, 37.997849, 3421.945557>)  is being deleted
18:21:54 | Olga 24 (CivilianSedan_Black<7ab6d580> - pos <7585.883301, 207.943726, 13475.708984>)  is being deleted
18:21:54 | Gunter 2 (Hatchback_02_Black<7ab5af10> - pos <9514.182617, 86.210304, 13692.485352>)  is being deleted
18:21:54 | Gunter 2 (Hatchback_02<7ab6ff90> - pos <3100.355469, 208.086334, 12648.158203>)  is being deleted
18:21:54 | Gunter 2 (Hatchback_02_Black<7ab5d920> - pos <11686.124023, 109.733307, 15061.146484>)  is being deleted
18:21:54 | Gunter 2 (Hatchback_02_Blue<7ab60330> - pos <6851.220215, 8.061680, 3073.853271>)  is being deleted
18:21:54 | Gunter 2 (Hatchback_02_Black<7ab6ab70> - pos <11343.358398, 46.860203, 14458.153320>)  is being deleted
18:21:54 | Gunter 2 (Hatchback_02_Blue<7ab65750> - pos <2682.604736, 204.477600, 5309.277344>)  is being deleted
18:21:54 | Gunter 2 (Hatchback_02_Blue<7ab62d40> - pos <12971.519531, 6.699543, 10216.708984>)  is being deleted
18:21:54 | M1025 (Offroad_02<7ab753b0> - pos <4496.696777, 339.005249, 9785.621094>)  is being deleted
18:21:54 | M1025 (Offroad_02<7ab729a0> - pos <4801.039551, 338.695099, 10663.890625>)  is being deleted
18:21:54 | M1025 (Offroad_02<7ab77dc0> - pos <1570.483154, 452.586121, 14051.671875>)  is being deleted
18:21:54 | Ada 4x4 (OffroadHatchback<7ab7a7d0> - pos <6769.617676, 371.413696, 14154.243164>)  is being deleted
18:21:54 | Ada 4x4 (OffroadHatchback_Blue<fddd5ea0> - pos <7842.439941, 263.161194, 11571.216797>)  is being deleted
18:21:54 | Ada 4x4 (OffroadHatchback_Blue<fddddcd0> - pos <2038.853394, 256.855743, 7310.687988>)  is being deleted
18:21:54 | Ada 4x4 (OffroadHatchback_Blue<fdddb2c0> - pos <293.338135, 288.076447, 8561.471680>)  is being deleted
18:21:54 | Ada 4x4 (OffroadHatchback_Blue<fddd0a80> - pos <9902.842773, 161.732941, 10341.357422>)  is being deleted
18:21:54 | Ada 4x4 (OffroadHatchback_White<fddd88b0> - pos <728.638611, 130.825424, 4617.456055>)  is being deleted
18:21:54 | Ada 4x4 (OffroadHatchback<fddce070> - pos <401.610992, 133.320236, 5180.103027>)  is being deleted
18:21:54 | Ada 4x4 (OffroadHatchback_Blue<fdde06e0> - pos <13078.682617, 114.888367, 13125.546875>)  is being deleted
18:21:54 | Sarka 120 (Sedan_02_Red<fdde30f0> - pos <2507.336426, 190.042297, 5313.074707>)  is being deleted
18:21:54 | Sarka 120 (Sedan_02<fdde5b00> - pos <334.105011, 294.469299, 9440.325195>)  is being deleted
18:21:54 | Sarka 120 (Sedan_02_Grey<fddd3490> - pos <9512.078125, 84.103188, 13663.206055>)  is being deleted
18:21:54 | Sarka 120 (Sedan_02<fddeaf20> - pos <6382.878418, 288.377289, 7562.462402>)  is being deleted
18:21:54 | Sarka 120 (Sedan_02_Grey<fddf2d50> - pos <1123.189453, 7.073577, 2393.208008>)  is being deleted
18:21:54 | Sarka 120 (Sedan_02_Grey<fdded930> - pos <13587.690430, 30.625372, 11762.060547>)  is being deleted
18:21:54 | Sarka 120 (Sedan_02<fdde8510> - pos <11626.222656, 59.193825, 14096.337891>)  is being deleted
18:21:54 | M3S Covered (Truck_01_Covered_Orange<fddfab80> - pos <7041.079590, 352.390289, 14531.374023>)  is being deleted
18:21:54 | M3S Covered (Truck_01_Covered_Orange<fddf5760> - pos <2311.395752, 185.322205, 5205.624512>)  is being deleted
18:21:54 | M3S Covered (Truck_01_Covered_Blue<fddf8170> - pos <3633.469727, 166.623322, 3692.718994>)  is being deleted
18:21:54 | M3S Covered (Truck_01_Covered_Orange<fddfd590> - pos <13058.670898, 5.950130, 7050.823730>)  is being deleted
18:21:54 | M3S Covered (Truck_01_Covered_Orange<fde029b0> - pos <9004.062500, 325.752258, 5989.233398>)  is being deleted
18:21:54 | M3S Covered (Truck_01_Covered_Blue<fddfffa0> - pos <11618.048828, 201.342926, 7291.209961>)  is being deleted
18:21:54 | M3S Covered (Truck_01_Covered_Orange<fddf0340> - pos <11756.914063, 59.162811, 6444.104492>)  is being deleted
18:21:54 | M3S Covered (Truck_01_Covered_Blue<fde053c0> - pos <7791.012695, 313.510590, 6910.817383>)  is being deleted
18:21:54 | Olga 24 (CivilianSedan_Black<fde07dd0> - pos <10225.533203, 21.664042, 2294.819092>)  is being deleted
18:21:54 | Gunter 2 (Hatchback_02_Black<e3b8a0> - pos <10181.993164, 7.348641, 1986.823120>)  is being deleted
18:21:54 | Sarka 120 (Sedan_02_Red<e38e90> - pos <10571.128906, 6.315153, 2077.773682>)  is being deleted
18:24:26 | Olga 24 (CivilianSedan<c7d5a9a0> - pos <13517.973633, 17.532125, 14032.801758>) initialized
18:24:26 | Olga 24 (CivilianSedan<c7d5d3b0> - pos <11826.961914, 27.738888, 14276.399414>) initialized
18:24:26 | Olga 24 (CivilianSedan<c7d627d0> - pos <12177.791992, 18.020582, 9860.691406>) initialized
18:24:26 | Olga 24 (CivilianSedan<d5166ea0> - pos <12575.190430, 52.602345, 13818.514648>) initialized
18:24:26 | Olga 24 (CivilianSedan_Wine<d5161a80> - pos <10225.486328, 20.808464, 2295.267578>) initialized
18:24:26 | Olga 24 (CivilianSedan<d516c2c0> - pos <7512.627930, 121.417145, 12662.512695>) initialized
18:24:26 | Olga 24 (CivilianSedan_Black<d515f070> - pos <13376.291992, 6.303735, 6292.006348>) initialized
18:24:26 | Olga 24 (CivilianSedan_Black<d51740f0> - pos <5676.042969, 57.018887, 2372.493408>) initialized
18:24:27 | Gunter 2 (Hatchback_02_Blue<d516ecd0> - pos <10226.244141, 65.511749, 4077.515625>) initialized
18:24:27 | Gunter 2 (Hatchback_02_Blue<d5164490> - pos <675.451538, 6.492329, 1833.007568>) initialized
18:24:27 | Gunter 2 (Hatchback_02_Black<d5176b00> - pos <12824.884766, 6.463292, 10115.724609>) initialized
18:24:27 | Gunter 2 (Hatchback_02_Black<d5179510> - pos <10748.976563, 145.436142, 10804.364258>) initialized
18:24:27 | Gunter 2 (Hatchback_02<d51716e0> - pos <3302.353760, 314.793762, 15084.998047>) initialized
18:24:27 | Gunter 2 (Hatchback_02_Black<d517bf20> - pos <6351.289063, 9.796940, 2522.853516>) initialized
18:24:27 | Gunter 2 (Hatchback_02_Black<d51698b0> - pos <7585.964844, 208.432098, 13475.768555>) initialized
18:24:27 | Gunter 2 (Hatchback_02<d5181340> - pos <11581.620117, 58.219620, 14659.258789>) initialized
18:24:27 | M1025 (Offroad_02<d5190fa0> - pos <10195.787109, 60.293159, 4041.147217>) initialized
18:24:27 | M1025 (Offroad_02<d518bb80> - pos <4604.208008, 339.521820, 9518.968750>) initialized
18:24:27 | M1025 (Offroad_02<d5186760> - pos <4920.082031, 10.093640, 2595.770508>) initialized
18:24:51 | Ada 4x4 (OffroadHatchback<d5189170> - pos <12423.784180, 125.511002, 14895.091797>) initialized
18:24:51 | Ada 4x4 (OffroadHatchback_Blue<d517e930> - pos <3980.766602, 369.157501, 14886.412109>) initialized
18:24:51 | Ada 4x4 (OffroadHatchback_White<d518e590> - pos <4441.290039, 476.282501, 15221.938477>) initialized
18:24:51 | Ada 4x4 (OffroadHatchback_White<d5183d50> - pos <698.001770, 141.249115, 5655.833008>) initialized
18:24:51 | Ada 4x4 (OffroadHatchback_Blue<d51939b0> - pos <9074.980469, 246.001541, 8018.072266>) initialized
18:24:51 | Ada 4x4 (OffroadHatchback<d51963c0> - pos <2511.590576, 296.647888, 11006.176758>) initialized
18:24:51 | Ada 4x4 (OffroadHatchback_Blue<d5198dd0> - pos <1173.012939, 344.992584, 10002.198242>) initialized
18:24:51 | Ada 4x4 (OffroadHatchback<d519b7e0> - pos <4360.626953, 181.717987, 3932.894531>) initialized
18:24:51 | Sarka 120 (Sedan_02<d8848d10> - pos <2507.183838, 190.517929, 5313.077148>) initialized
18:24:51 | Sarka 120 (Sedan_02_Grey<d883e4d0> - pos <3586.248047, 220.282104, 12596.492188>) initialized
18:24:51 | Sarka 120 (Sedan_02_Grey<d883bac0> - pos <12324.721680, 11.603212, 9699.533203>) initialized
18:24:51 | Sarka 120 (Sedan_02_Red<d8840ee0> - pos <7884.002441, 121.825439, 12785.404297>) initialized
18:24:51 | Sarka 120 (Sedan_02_Grey<d884b720> - pos <6395.642090, 6.452102, 2308.027344>) initialized
18:24:51 | Sarka 120 (Sedan_02<d88438f0> - pos <11480.775391, 59.232098, 14897.006836>) initialized
18:24:51 | Sarka 120 (Sedan_02_Red<d88390b0> - pos <12999.969727, 6.432356, 10084.068359>) initialized
18:24:51 | Sarka 120 (Sedan_02_Grey<d884e130> - pos <12373.504883, 22.582962, 14350.676758>) initialized
18:24:52 | M3S Covered (Truck_01_Covered_Orange<d8853550> - pos <9914.189453, 179.157104, 6694.125488>) initialized
18:24:52 | M3S Covered (Truck_01_Covered_Orange<d8846300> - pos <1577.938599, 261.173187, 10434.791016>) initialized
18:24:52 | M3S Covered (Truck_01_Covered_Blue<d88685d0> - pos <4131.786621, 183.258484, 13122.093750>) initialized
18:24:52 | M3S Covered (Truck_01_Covered<d88607a0> - pos <13471.333008, 80.249146, 13067.489258>) initialized
18:24:52 | M3S Covered (Truck_01_Covered_Blue<d8865bc0> - pos <12373.632813, 22.533178, 14194.424805>) initialized
18:24:52 | M3S Covered (Truck_01_Covered_Blue<d885dd90> - pos <7299.225098, 6.735478, 3309.195801>) initialized
18:24:52 | M3S Covered (Truck_01_Covered<d8855f60> - pos <10257.727539, 50.093094, 3617.539795>) initialized
18:24:52 | M3S Covered (Truck_01_Covered<d88631b0> - pos <6944.245605, 297.503510, 7693.613770>) initialized
19:07:54 | ZIL 130 (rag_zil_130<ea866650> - pos <4463.385742, 338.812897, 10248.329102>) initialized
19:08:10 | M1025 (Offroad_02<ea8762b0> - pos <4471.090820, 338.775085, 10235.570313>) initialized
19:08:11 | Ford LTL9000 (Ford_flatbed<ea870e90> - pos <4472.067383, 338.506531, 10238.189453>) initialized
19:08:23 | Player Vex (<4471.504883, 340.620148, 10240.623047> steam64id=76561198040522771) entered in vehicle Ford LTL9000 (Ford_flatbed<ea870e90>) on Driver seat
19:08:37 | Player Vex (<4352.362793, 340.218536, 10398.759766> steam64id=76561198040522771) exited vehicle Ford LTL9000 (Ford_flatbed<ea870e90>)
19:08:48 | M3S Covered (Truck_01_Covered<ea878cc0> - pos <4340.195801, 338.318481, 10422.646484>) initialized
19:08:55 | Bicycle (Old_Bike<ea86ba70> - pos <4350.259277, 338.239990, 10419.205078>) initialized
19:08:57 | Bicycle (Lady_Bicycle<ea87b6d0> - pos <4350.262207, 338.196411, 10419.220703>) initialized
19:09:03 | School Bus (rag_schoolbus_czech<ea8738a0> - pos <4350.161133, 338.297394, 10419.263672>) initialized
19:09:04 | School Bus (rag_schoolbus<ea869060> - pos <4350.080078, 338.299255, 10418.932617>) initialized
19:09:06 | School Bus (rag_schoolbus<ea883500> - pos <4350.274414, 338.295013, 10419.682617>) initialized
19:09:06 | School Bus (rag_schoolbus<ea88b330> - pos <4349.134277, 338.321075, 10415.301758>) initialized
19:09:06 | School Bus (rag_schoolbus<ea885f10> - pos <4348.000488, 338.348694, 10410.950195>) initialized
19:09:07 | School Bus (rag_schoolbus<ea880af0> - pos <4346.860352, 338.377869, 10406.570313>) initialized
19:09:07 | School Bus (rag_schoolbus<ea888920> - pos <4346.297852, 338.391663, 10404.406250>) initialized
19:10:04 | Derby Car (rag_derby_car<ea890750> - pos <4336.638672, 338.559204, 10383.967773>) initialized
19:10:13 | Player Vex (<4336.258789, 339.388580, 10383.628906> steam64id=76561198040522771) entered in vehicle Derby Car (rag_derby_car<ea890750>) on Driver seat
19:10:14 | Player Vex (<4336.258789, 339.388580, 10383.628906> steam64id=76561198040522771) exited vehicle Derby Car (rag_derby_car<ea890750>)
19:10:22 | Player Vex (<4336.258789, 339.388580, 10383.628906> steam64id=76561198040522771) entered in vehicle Derby Car (rag_derby_car<ea890750>) on Driver seat
19:10:22 | Player Vex (<4336.258789, 339.388580, 10383.628906> steam64id=76561198040522771) exited vehicle Derby Car (rag_derby_car<ea890750>)
19:10:31 | Player Vex (<4336.258789, 339.388580, 10383.628906> steam64id=76561198040522771) entered in vehicle Derby Car (rag_derby_car<ea890750>) on Driver seat
19:10:33 | Derby Car started Engine at <4336.644043, 338.786133, 10383.963867> (rag_derby_car<ea890750>)
19:10:33 | Player Vex (<4336.258789, 339.388580, 10383.628906> steam64id=76561198040522771) started Derby Car (rag_derby_car<ea890750>)
19:10:44 | M3S Covered (Truck_01_Covered<ea878cc0> - pos <4340.198242, 338.516113, 10422.649414>)  is being deleted
19:15:13 | Bicycle (Old_Bike<ea86ba70> - pos <4253.453125, 339.404327, 10311.914063>)  is being deleted
19:15:13 | Bicycle (Lady_Bicycle<ea87b6d0> - pos <4252.986328, 339.392761, 10315.601563>)  is being deleted
19:21:42 | Player Vex (<6634.581055, 329.628387, 5905.404785> steam64id=76561198040522771) exited vehicle Derby Car (rag_derby_car<ea890750>)
19:22:02 | Derby Car (rag_derby_car<ea890750> - pos <6634.501465, 328.990753, 5905.864258>)  is being deleted
19:22:45 | Ford LTL9000 (Ford_flatbed<ea870e90> - pos <4352.671387, 338.650970, 10396.310547>)  is being deleted
19:22:45 | School Bus (rag_schoolbus<ea880af0> - pos <4337.649414, 338.482635, 10409.520508>)  is being deleted
19:22:45 | School Bus (rag_schoolbus<ea888920> - pos <4341.009766, 339.014221, 10404.252930>)  is being deleted
19:22:45 | School Bus (rag_schoolbus<ea883500> - pos <4352.384277, 338.479095, 10421.298828>)  is being deleted
19:22:45 | School Bus (rag_schoolbus<ea885f10> - pos <4335.200195, 338.980713, 10419.621094>)  is being deleted
19:22:45 | School Bus (rag_schoolbus<ea88b330> - pos <4334.281250, 338.464203, 10425.635742>)  is being deleted
19:22:47 | ZIL 130 (rag_zil_130<ea866650> - pos <4463.380371, 339.023010, 10248.333008>)  is being deleted
19:22:52 | M1025 (Offroad_02<ea8762b0> - pos <4468.585449, 340.969025, 10235.739258>)  is being deleted
19:22:57 | School Bus (rag_schoolbus<ea869060> - pos <4255.442871, 340.472412, 10310.323242>)  is being deleted
19:22:57 | School Bus (rag_schoolbus_czech<ea8738a0> - pos <4256.431641, 340.485291, 10313.233398>)  is being deleted
