Log Created: _2025-10-08_18-16-15
18:16:37 | Olga 24 (CivilianSedan_Black<7bbc52a0> - pos <3645.433105, 189.873596, 13053.029297>)  is being deleted
18:16:37 | Olga 24 (CivilianSedan_Black<7bbc7cb0> - pos <9602.118164, 81.038071, 13731.833984>)  is being deleted
18:16:37 | Olga 24 (CivilianSedan<7bbbfe80> - pos <3812.249023, 310.973541, 8846.752930>)  is being deleted
18:16:37 | Olga 24 (CivilianSedan_Black<7bbc2890> - pos <6807.645020, 2.934180, 2688.362793>)  is being deleted
18:16:37 | Olga 24 (CivilianSedan_Wine<7bbca6c0> - pos <12302.378906, 34.309612, 9051.263672>)  is being deleted
18:16:37 | Olga 24 (CivilianSedan_Black<7bbcd0d0> - pos <11684.724609, 108.785698, 15060.839844>)  is being deleted
18:16:37 | Olga 24 (CivilianSedan_Black<7bbbaa60> - pos <13355.428711, 5.987764, 5445.192871>)  is being deleted
18:16:37 | Olga 24 (CivilianSedan<7bbcfae0> - pos <10226.199219, 64.962799, 4077.447266>)  is being deleted
18:16:37 | Gunter 2 (Hatchback_02<7bbbd470> - pos <11827.092773, 27.354502, 14276.598633>)  is being deleted
18:16:37 | Gunter 2 (Hatchback_02<7bbd24f0> - pos <12972.759766, 5.864614, 10216.161133>)  is being deleted
18:16:37 | Gunter 2 (Hatchback_02_Black<7bbd4f00> - pos <7013.049316, 5.869282, 2794.617432>)  is being deleted
18:16:37 | Gunter 2 (Hatchback_02<7bbd7910> - pos <3338.139160, 239.241165, 4957.520996>)  is being deleted
18:16:37 | Gunter 2 (Hatchback_02_Blue<fc0f4e90> - pos <1826.169678, 261.711365, 11523.146484>)  is being deleted
18:16:37 | Gunter 2 (Hatchback_02_Blue<fc0fa2b0> - pos <2840.072266, 204.285706, 5291.239746>)  is being deleted
18:16:37 | Gunter 2 (Hatchback_02_Blue<fc0efa70> - pos <9514.145508, 84.935051, 13691.838867>)  is being deleted
18:16:37 | Gunter 2 (Hatchback_02_Blue<fc0f78a0> - pos <10698.358398, 65.223564, 14456.123047>)  is being deleted
18:16:37 | M1025 (Offroad_02<fc0ed060> - pos <1652.647583, 451.689636, 14209.886719>)  is being deleted
18:16:37 | M1025 (Offroad_02<fc0fccc0> - pos <10425.443359, 277.196960, 5837.919922>)  is being deleted
18:16:37 | M1025 (Offroad_02<fc0f2480> - pos <9512.937500, 240.017471, 11746.788086>)  is being deleted
18:16:37 | Ada 4x4 (OffroadHatchback_White<fc10c920> - pos <9899.746094, 161.672806, 10340.831055>)  is being deleted
18:16:37 | Ada 4x4 (OffroadHatchback_White<fc111d40> - pos <9210.222656, 238.151627, 14566.442383>)  is being deleted
18:16:37 | Ada 4x4 (OffroadHatchback<fc1020e0> - pos <2511.668457, 296.141449, 11006.213867>)  is being deleted
18:16:37 | Ada 4x4 (OffroadHatchback_White<fc0ff6d0> - pos <4360.540527, 181.216705, 3932.841309>)  is being deleted
18:16:37 | Ada 4x4 (OffroadHatchback_Blue<fc114750> - pos <10967.128906, 285.785095, 5494.292480>)  is being deleted
18:16:37 | Ada 4x4 (OffroadHatchback_Blue<fc117160> - pos <731.098938, 130.820831, 4614.775391>)  is being deleted
18:16:37 | Ada 4x4 (OffroadHatchback<fc104af0> - pos <294.977448, 287.749969, 8558.883789>)  is being deleted
18:16:37 | Ada 4x4 (OffroadHatchback_White<fc109f10> - pos <1218.170166, 128.865265, 6216.003418>)  is being deleted
18:16:37 | Sarka 120 (Sedan_02_Grey<fc10f330> - pos <1123.157227, 5.916360, 2393.089600>)  is being deleted
18:16:37 | Sarka 120 (Sedan_02<fc119b70> - pos <2719.670410, 363.625336, 6736.756348>)  is being deleted
18:16:37 | Sarka 120 (Sedan_02<fc107500> - pos <7883.862305, 121.347153, 12785.449219>)  is being deleted
18:16:37 | Sarka 120 (Sedan_02_Red<fc1219a0> - pos <6535.592285, 5.976073, 2388.383301>)  is being deleted
18:16:37 | Sarka 120 (Sedan_02<fc11c580> - pos <3366.059082, 197.709442, 12965.848633>)  is being deleted
18:16:37 | Sarka 120 (Sedan_02<fc11ef90> - pos <1655.894897, 143.934753, 3837.222656>)  is being deleted
18:16:37 | Sarka 120 (Sedan_02_Grey<fc1243b0> - pos <6935.357910, 55.788773, 3646.858643>)  is being deleted
18:16:37 | Sarka 120 (Sedan_02_Red<fc126dc0> - pos <2690.486084, 205.848801, 5378.041992>)  is being deleted
18:16:37 | M3S Covered (Truck_01_Covered<fc1297d0> - pos <9901.127930, 253.959213, 5467.661133>)  is being deleted
18:16:37 | M3S Covered (Truck_01_Covered_Orange<fe7732b0> - pos <4193.804199, 324.117676, 8920.317383>)  is being deleted
18:16:37 | M3S Covered (Truck_01_Covered_Orange<fe775cc0> - pos <11758.232422, 59.278912, 6440.633301>)  is being deleted
18:16:37 | M3S Covered (Truck_01_Covered<fe76b480> - pos <10289.285156, 57.384811, 14176.584961>)  is being deleted
18:16:37 | M3S Covered (Truck_01_Covered_Blue<fe766060> - pos <5770.531738, 474.433136, 15185.778320>)  is being deleted
18:16:37 | M3S Covered (Truck_01_Covered_Blue<fe76de90> - pos <11617.635742, 201.167953, 7294.682129>)  is being deleted
18:16:37 | M3S Covered (Truck_01_Covered<fe7786d0> - pos <5262.243652, 262.201630, 6515.274902>)  is being deleted
18:16:37 | M3S Covered (Truck_01_Covered_Orange<fe7708a0> - pos <1580.614746, 260.447418, 10432.918945>)  is being deleted
18:19:29 | Olga 24 (CivilianSedan_Black<d91946d0> - pos <11581.828125, 58.086731, 14659.000977>) initialized
18:19:29 | Olga 24 (CivilianSedan_Black<d9182060> - pos <10225.486328, 20.808464, 2295.267578>) initialized
18:19:29 | Olga 24 (CivilianSedan_Wine<d918f2b0> - pos <2840.108398, 204.670105, 5291.474121>) initialized
18:19:29 | Olga 24 (CivilianSedan_Black<d9189e90> - pos <6483.760742, 8.985303, 2902.451172>) initialized
18:19:29 | Olga 24 (CivilianSedan_Wine<d9184a70> - pos <12302.187500, 34.721184, 9051.155273>) initialized
18:19:29 | Olga 24 (CivilianSedan_Black<d918c8a0> - pos <10698.591797, 65.518890, 14456.147461>) initialized
18:19:29 | Olga 24 (CivilianSedan<d9199af0> - pos <6917.187500, 38.398808, 3421.841064>) initialized
18:19:29 | Olga 24 (CivilianSedan_Black<d91970e0> - pos <7585.715332, 208.290726, 13475.556641>) initialized
18:19:30 | Gunter 2 (Hatchback_02_Black<d919c500> - pos <9514.145508, 85.465347, 13691.746094>) initialized
18:19:30 | Gunter 2 (Hatchback_02<d91a9750> - pos <3100.421875, 208.517334, 12648.071289>) initialized
18:19:30 | Gunter 2 (Hatchback_02_Black<d91b1580> - pos <11684.631836, 109.366127, 15060.867188>) initialized
18:19:30 | Gunter 2 (Hatchback_02_Black<d91a6d40> - pos <10182.504883, 6.476940, 1987.608398>) initialized
18:19:30 | Gunter 2 (Hatchback_02_Blue<d919ef10> - pos <6852.756348, 7.782789, 3072.858154>) initialized
18:19:30 | Gunter 2 (Hatchback_02_Black<d91b3f90> - pos <11343.273438, 47.294716, 14458.143555>) initialized
18:19:30 | Gunter 2 (Hatchback_02_Blue<d91a1920> - pos <2682.602295, 204.910965, 5309.181641>) initialized
18:19:30 | Gunter 2 (Hatchback_02_Blue<d91ac160> - pos <12972.672852, 6.476940, 10216.204102>) initialized
18:19:30 | M1025 (Offroad_02<d91b69a0> - pos <4496.800781, 339.567566, 9785.515625>) initialized
18:19:30 | M1025 (Offroad_02<d91aeb70> - pos <4801.162109, 339.331818, 10663.809570>) initialized
18:19:30 | M1025 (Offroad_02<d91a4330> - pos <1570.622559, 453.291809, 14051.649414>) initialized
18:19:54 | Ada 4x4 (OffroadHatchback<d91b93b0> - pos <6769.628418, 371.926910, 14154.259766>) initialized
18:19:54 | Ada 4x4 (OffroadHatchback_Blue<d91be7d0> - pos <7842.509277, 263.822235, 11571.193359>) initialized
18:19:54 | Ada 4x4 (OffroadHatchback_Blue<d91bbdc0> - pos <2038.866699, 257.516937, 7310.758301>) initialized
18:19:54 | Ada 4x4 (OffroadHatchback_Blue<de0faec0> - pos <294.963409, 288.314758, 8558.922852>) initialized
18:19:54 | Ada 4x4 (OffroadHatchback_Blue<de10ab20> - pos <9899.881836, 162.197083, 10340.879883>) initialized
18:19:54 | Ada 4x4 (OffroadHatchback_White<de1002e0> - pos <731.064819, 131.332855, 4614.810547>) initialized
18:19:54 | Ada 4x4 (OffroadHatchback<de0fd8d0> - pos <401.626892, 133.884262, 5180.153809>) initialized
18:19:54 | Ada 4x4 (OffroadHatchback_Blue<de0f84b0> - pos <13078.753906, 115.397720, 13125.533203>) initialized
18:19:54 | Sarka 120 (Sedan_02_Red<de105700> - pos <10571.185547, 6.799408, 2077.644531>) initialized
18:19:54 | Sarka 120 (Sedan_02_Red<de102cf0> - pos <2507.183838, 190.517929, 5313.077148>) initialized
18:19:54 | Sarka 120 (Sedan_02<de10ff40> - pos <334.009155, 294.986755, 9440.444336>) initialized
18:19:54 | Sarka 120 (Sedan_02_Grey<de112950> - pos <9512.210938, 84.567986, 13663.208984>) initialized
18:19:54 | Sarka 120 (Sedan_02<de115360> - pos <6383.011230, 288.853271, 7562.387695>) initialized
18:19:54 | Sarka 120 (Sedan_02_Grey<de117d70> - pos <1123.023926, 6.399069, 2393.036865>) initialized
18:19:54 | Sarka 120 (Sedan_02_Grey<de11a780> - pos <13587.790039, 31.172295, 11762.220703>) initialized
18:19:54 | Sarka 120 (Sedan_02<de108110> - pos <11626.313477, 58.500347, 14096.094727>) initialized
18:19:55 | M3S Covered (Truck_01_Covered_Orange<de11fba0> - pos <7041.086914, 353.092560, 14531.424805>) initialized
18:19:55 | M3S Covered (Truck_01_Covered_Orange<de12cdf0> - pos <2311.393799, 186.026123, 5205.676758>) initialized
18:19:55 | M3S Covered (Truck_01_Covered_Blue<de12f800> - pos <3633.413086, 167.364227, 3692.622803>) initialized
18:19:55 | M3S Covered (Truck_01_Covered_Orange<de12a3e0> - pos <13058.685547, 6.673177, 7050.742188>) initialized
18:19:55 | M3S Covered (Truck_01_Covered_Orange<de11d190> - pos <9004.165039, 326.485748, 5989.133789>) initialized
18:19:55 | M3S Covered (Truck_01_Covered_Blue<de134c20> - pos <11617.616211, 201.946472, 7294.666504>) initialized
18:19:55 | M3S Covered (Truck_01_Covered_Orange<de132210> - pos <11758.202148, 60.054390, 6440.716797>) initialized
18:19:55 | M3S Covered (Truck_01_Covered_Blue<de1225b0> - pos <7791.085449, 314.233551, 6910.855957>) initialized
