Log Created: _2025-10-08_18-21-31
18:24:26 | Olga 24 (CivilianSedan<c7d5a9a0> - pos <13517.973633, 17.532125, 14032.801758>) initialized
18:24:26 | Olga 24 (CivilianSedan<c7d5d3b0> - pos <11826.961914, 27.738888, 14276.399414>) initialized
18:24:26 | Olga 24 (CivilianSedan<c7d627d0> - pos <12177.791992, 18.020582, 9860.691406>) initialized
18:24:26 | Olga 24 (CivilianSedan<d5166ea0> - pos <12575.190430, 52.602345, 13818.514648>) initialized
18:24:26 | Olga 24 (CivilianSedan_Wine<d5161a80> - pos <10225.486328, 20.808464, 2295.267578>) initialized
18:24:26 | Olga 24 (CivilianSedan<d516c2c0> - pos <7512.627930, 121.417145, 12662.512695>) initialized
18:24:26 | Olga 24 (CivilianSedan_Black<d515f070> - pos <13376.291992, 6.303735, 6292.006348>) initialized
18:24:26 | Olga 24 (CivilianSedan_Black<d51740f0> - pos <5676.042969, 57.018887, 2372.493408>) initialized
18:24:27 | Gunter 2 (Hatchback_02_Blue<d516ecd0> - pos <10226.244141, 65.511749, 4077.515625>) initialized
18:24:27 | Gunter 2 (Hatchback_02_Blue<d5164490> - pos <675.451538, 6.492329, 1833.007568>) initialized
18:24:27 | Gunter 2 (Hatchback_02_Black<d5176b00> - pos <12824.884766, 6.463292, 10115.724609>) initialized
18:24:27 | Gunter 2 (Hatchback_02_Black<d5179510> - pos <10748.976563, 145.436142, 10804.364258>) initialized
18:24:27 | Gunter 2 (Hatchback_02<d51716e0> - pos <3302.353760, 314.793762, 15084.998047>) initialized
18:24:27 | Gunter 2 (Hatchback_02_Black<d517bf20> - pos <6351.289063, 9.796940, 2522.853516>) initialized
18:24:27 | Gunter 2 (Hatchback_02_Black<d51698b0> - pos <7585.964844, 208.432098, 13475.768555>) initialized
18:24:27 | Gunter 2 (Hatchback_02<d5181340> - pos <11581.620117, 58.219620, 14659.258789>) initialized
18:24:27 | M1025 (Offroad_02<d5190fa0> - pos <10195.787109, 60.293159, 4041.147217>) initialized
18:24:27 | M1025 (Offroad_02<d518bb80> - pos <4604.208008, 339.521820, 9518.968750>) initialized
18:24:27 | M1025 (Offroad_02<d5186760> - pos <4920.082031, 10.093640, 2595.770508>) initialized
18:24:51 | Ada 4x4 (OffroadHatchback<d5189170> - pos <12423.784180, 125.511002, 14895.091797>) initialized
18:24:51 | Ada 4x4 (OffroadHatchback_Blue<d517e930> - pos <3980.766602, 369.157501, 14886.412109>) initialized
18:24:51 | Ada 4x4 (OffroadHatchback_White<d518e590> - pos <4441.290039, 476.282501, 15221.938477>) initialized
18:24:51 | Ada 4x4 (OffroadHatchback_White<d5183d50> - pos <698.001770, 141.249115, 5655.833008>) initialized
18:24:51 | Ada 4x4 (OffroadHatchback_Blue<d51939b0> - pos <9074.980469, 246.001541, 8018.072266>) initialized
18:24:51 | Ada 4x4 (OffroadHatchback<d51963c0> - pos <2511.590576, 296.647888, 11006.176758>) initialized
18:24:51 | Ada 4x4 (OffroadHatchback_Blue<d5198dd0> - pos <1173.012939, 344.992584, 10002.198242>) initialized
18:24:51 | Ada 4x4 (OffroadHatchback<d519b7e0> - pos <4360.626953, 181.717987, 3932.894531>) initialized
18:24:51 | Sarka 120 (Sedan_02<d8848d10> - pos <2507.183838, 190.517929, 5313.077148>) initialized
18:24:51 | Sarka 120 (Sedan_02_Grey<d883e4d0> - pos <3586.248047, 220.282104, 12596.492188>) initialized
18:24:51 | Sarka 120 (Sedan_02_Grey<d883bac0> - pos <12324.721680, 11.603212, 9699.533203>) initialized
18:24:51 | Sarka 120 (Sedan_02_Red<d8840ee0> - pos <7884.002441, 121.825439, 12785.404297>) initialized
18:24:51 | Sarka 120 (Sedan_02_Grey<d884b720> - pos <6395.642090, 6.452102, 2308.027344>) initialized
18:24:51 | Sarka 120 (Sedan_02<d88438f0> - pos <11480.775391, 59.232098, 14897.006836>) initialized
18:24:51 | Sarka 120 (Sedan_02_Red<d88390b0> - pos <12999.969727, 6.432356, 10084.068359>) initialized
18:24:51 | Sarka 120 (Sedan_02_Grey<d884e130> - pos <12373.504883, 22.582962, 14350.676758>) initialized
18:24:52 | M3S Covered (Truck_01_Covered_Orange<d8853550> - pos <9914.189453, 179.157104, 6694.125488>) initialized
18:24:52 | M3S Covered (Truck_01_Covered_Orange<d8846300> - pos <1577.938599, 261.173187, 10434.791016>) initialized
18:24:52 | M3S Covered (Truck_01_Covered_Blue<d88685d0> - pos <4131.786621, 183.258484, 13122.093750>) initialized
18:24:52 | M3S Covered (Truck_01_Covered<d88607a0> - pos <13471.333008, 80.249146, 13067.489258>) initialized
18:24:52 | M3S Covered (Truck_01_Covered_Blue<d8865bc0> - pos <12373.632813, 22.533178, 14194.424805>) initialized
18:24:52 | M3S Covered (Truck_01_Covered_Blue<d885dd90> - pos <7299.225098, 6.735478, 3309.195801>) initialized
18:24:52 | M3S Covered (Truck_01_Covered<d8855f60> - pos <10257.727539, 50.093094, 3617.539795>) initialized
18:24:52 | M3S Covered (Truck_01_Covered<d88631b0> - pos <6944.245605, 297.503510, 7693.613770>) initialized
19:07:54 | ZIL 130 (rag_zil_130<ea866650> - pos <4463.385742, 338.812897, 10248.329102>) initialized
19:08:10 | M1025 (Offroad_02<ea8762b0> - pos <4471.090820, 338.775085, 10235.570313>) initialized
19:08:11 | Ford LTL9000 (Ford_flatbed<ea870e90> - pos <4472.067383, 338.506531, 10238.189453>) initialized
19:08:48 | M3S Covered (Truck_01_Covered<ea878cc0> - pos <4340.195801, 338.318481, 10422.646484>) initialized
19:08:55 | Bicycle (Old_Bike<ea86ba70> - pos <4350.259277, 338.239990, 10419.205078>) initialized
19:08:57 | Bicycle (Lady_Bicycle<ea87b6d0> - pos <4350.262207, 338.196411, 10419.220703>) initialized
19:09:03 | School Bus (rag_schoolbus_czech<ea8738a0> - pos <4350.161133, 338.297394, 10419.263672>) initialized
19:09:04 | School Bus (rag_schoolbus<ea869060> - pos <4350.080078, 338.299255, 10418.932617>) initialized
19:09:06 | School Bus (rag_schoolbus<ea883500> - pos <4350.274414, 338.295013, 10419.682617>) initialized
19:09:06 | School Bus (rag_schoolbus<ea88b330> - pos <4349.134277, 338.321075, 10415.301758>) initialized
19:09:06 | School Bus (rag_schoolbus<ea885f10> - pos <4348.000488, 338.348694, 10410.950195>) initialized
19:09:07 | School Bus (rag_schoolbus<ea880af0> - pos <4346.860352, 338.377869, 10406.570313>) initialized
19:09:07 | School Bus (rag_schoolbus<ea888920> - pos <4346.297852, 338.391663, 10404.406250>) initialized
19:10:04 | Derby Car (rag_derby_car<ea890750> - pos <4336.638672, 338.559204, 10383.967773>) initialized
