Log Created: _2025-10-08_18-16-15
18:19:29 | Olga 24 (CivilianSedan_Black<d91946d0> - pos <11581.828125, 58.086731, 14659.000977>) initialized
18:19:29 | Olga 24 (CivilianSedan_Black<d9182060> - pos <10225.486328, 20.808464, 2295.267578>) initialized
18:19:29 | Olga 24 (CivilianSedan_Wine<d918f2b0> - pos <2840.108398, 204.670105, 5291.474121>) initialized
18:19:29 | Olga 24 (CivilianSedan_Black<d9189e90> - pos <6483.760742, 8.985303, 2902.451172>) initialized
18:19:29 | Olga 24 (CivilianSedan_Wine<d9184a70> - pos <12302.187500, 34.721184, 9051.155273>) initialized
18:19:29 | Olga 24 (CivilianSedan_Black<d918c8a0> - pos <10698.591797, 65.518890, 14456.147461>) initialized
18:19:29 | Olga 24 (CivilianSedan<d9199af0> - pos <6917.187500, 38.398808, 3421.841064>) initialized
18:19:29 | Olga 24 (CivilianSedan_Black<d91970e0> - pos <7585.715332, 208.290726, 13475.556641>) initialized
18:19:30 | Gunter 2 (Hatchback_02_Black<d919c500> - pos <9514.145508, 85.465347, 13691.746094>) initialized
18:19:30 | Gunter 2 (Hatchback_02<d91a9750> - pos <3100.421875, 208.517334, 12648.071289>) initialized
18:19:30 | Gunter 2 (Hatchback_02_Black<d91b1580> - pos <11684.631836, 109.366127, 15060.867188>) initialized
18:19:30 | Gunter 2 (Hatchback_02_Black<d91a6d40> - pos <10182.504883, 6.476940, 1987.608398>) initialized
18:19:30 | Gunter 2 (Hatchback_02_Blue<d919ef10> - pos <6852.756348, 7.782789, 3072.858154>) initialized
18:19:30 | Gunter 2 (Hatchback_02_Black<d91b3f90> - pos <11343.273438, 47.294716, 14458.143555>) initialized
18:19:30 | Gunter 2 (Hatchback_02_Blue<d91a1920> - pos <2682.602295, 204.910965, 5309.181641>) initialized
18:19:30 | Gunter 2 (Hatchback_02_Blue<d91ac160> - pos <12972.672852, 6.476940, 10216.204102>) initialized
18:19:30 | M1025 (Offroad_02<d91b69a0> - pos <4496.800781, 339.567566, 9785.515625>) initialized
18:19:30 | M1025 (Offroad_02<d91aeb70> - pos <4801.162109, 339.331818, 10663.809570>) initialized
18:19:30 | M1025 (Offroad_02<d91a4330> - pos <1570.622559, 453.291809, 14051.649414>) initialized
18:19:54 | Ada 4x4 (OffroadHatchback<d91b93b0> - pos <6769.628418, 371.926910, 14154.259766>) initialized
18:19:54 | Ada 4x4 (OffroadHatchback_Blue<d91be7d0> - pos <7842.509277, 263.822235, 11571.193359>) initialized
18:19:54 | Ada 4x4 (OffroadHatchback_Blue<d91bbdc0> - pos <2038.866699, 257.516937, 7310.758301>) initialized
18:19:54 | Ada 4x4 (OffroadHatchback_Blue<de0faec0> - pos <294.963409, 288.314758, 8558.922852>) initialized
18:19:54 | Ada 4x4 (OffroadHatchback_Blue<de10ab20> - pos <9899.881836, 162.197083, 10340.879883>) initialized
18:19:54 | Ada 4x4 (OffroadHatchback_White<de1002e0> - pos <731.064819, 131.332855, 4614.810547>) initialized
18:19:54 | Ada 4x4 (OffroadHatchback<de0fd8d0> - pos <401.626892, 133.884262, 5180.153809>) initialized
18:19:54 | Ada 4x4 (OffroadHatchback_Blue<de0f84b0> - pos <13078.753906, 115.397720, 13125.533203>) initialized
18:19:54 | Sarka 120 (Sedan_02_Red<de105700> - pos <10571.185547, 6.799408, 2077.644531>) initialized
18:19:54 | Sarka 120 (Sedan_02_Red<de102cf0> - pos <2507.183838, 190.517929, 5313.077148>) initialized
18:19:54 | Sarka 120 (Sedan_02<de10ff40> - pos <334.009155, 294.986755, 9440.444336>) initialized
18:19:54 | Sarka 120 (Sedan_02_Grey<de112950> - pos <9512.210938, 84.567986, 13663.208984>) initialized
18:19:54 | Sarka 120 (Sedan_02<de115360> - pos <6383.011230, 288.853271, 7562.387695>) initialized
18:19:54 | Sarka 120 (Sedan_02_Grey<de117d70> - pos <1123.023926, 6.399069, 2393.036865>) initialized
18:19:54 | Sarka 120 (Sedan_02_Grey<de11a780> - pos <13587.790039, 31.172295, 11762.220703>) initialized
18:19:54 | Sarka 120 (Sedan_02<de108110> - pos <11626.313477, 58.500347, 14096.094727>) initialized
18:19:55 | M3S Covered (Truck_01_Covered_Orange<de11fba0> - pos <7041.086914, 353.092560, 14531.424805>) initialized
18:19:55 | M3S Covered (Truck_01_Covered_Orange<de12cdf0> - pos <2311.393799, 186.026123, 5205.676758>) initialized
18:19:55 | M3S Covered (Truck_01_Covered_Blue<de12f800> - pos <3633.413086, 167.364227, 3692.622803>) initialized
18:19:55 | M3S Covered (Truck_01_Covered_Orange<de12a3e0> - pos <13058.685547, 6.673177, 7050.742188>) initialized
18:19:55 | M3S Covered (Truck_01_Covered_Orange<de11d190> - pos <9004.165039, 326.485748, 5989.133789>) initialized
18:19:55 | M3S Covered (Truck_01_Covered_Blue<de134c20> - pos <11617.616211, 201.946472, 7294.666504>) initialized
18:19:55 | M3S Covered (Truck_01_Covered_Orange<de132210> - pos <11758.202148, 60.054390, 6440.716797>) initialized
18:19:55 | M3S Covered (Truck_01_Covered_Blue<de1225b0> - pos <7791.085449, 314.233551, 6910.855957>) initialized
