Log Created: _2025-10-08_18-04-51
18:10:28 | Olga 24 (CivilianSedan_Black<5363e6e0> - pos <3645.655273, 190.218338, 13053.056641>) initialized
18:10:28 | Olga 24 (CivilianSedan_Black<5363bcd0> - pos <9601.906250, 81.395630, 13731.810547>) initialized
18:10:28 | Olga 24 (CivilianSedan<536392c0> - pos <3812.146973, 311.328278, 8846.947266>) initialized
18:10:28 | Olga 24 (CivilianSedan_Black<5362c070> - pos <6807.641113, 3.338888, 2688.137695>) initialized
18:10:28 | Olga 24 (CivilianSedan_Wine<53633ea0> - pos <12302.187500, 34.721184, 9051.155273>) initialized
18:10:28 | Olga 24 (CivilianSedan_Black<536368b0> - pos <11684.936523, 109.234978, 15060.734375>) initialized
18:10:28 | Olga 24 (CivilianSedan_Black<536410f0> - pos <13354.922852, 6.338889, 5440.570313>) initialized
18:10:28 | Olga 24 (CivilianSedan<53643b00> - pos <10226.000977, 65.352242, 4077.308838>) initialized
18:10:29 | Gunter 2 (Hatchback_02<53650d50> - pos <11827.167969, 27.876940, 14276.656250>) initialized
18:10:29 | Gunter 2 (Hatchback_02<5364b930> - pos <12972.672852, 6.476940, 10216.204102>) initialized
18:10:29 | Gunter 2 (Hatchback_02_Black<53646510> - pos <7013.032227, 6.347597, 2794.527344>) initialized
18:10:29 | Gunter 2 (Hatchback_02<53648f20> - pos <3338.039307, 239.717697, 4957.579590>) initialized
18:10:29 | Gunter 2 (Hatchback_02_Blue<536609b0> - pos <1826.135864, 262.143890, 11523.232422>) initialized
18:10:29 | Gunter 2 (Hatchback_02_Blue<53658b80> - pos <2840.044922, 204.807205, 5291.150391>) initialized
18:10:29 | Gunter 2 (Hatchback_02_Blue<5365dfa0> - pos <9514.145508, 85.465347, 13691.746094>) initialized
18:10:29 | Gunter 2 (Hatchback_02_Blue<5364e340> - pos <10698.263672, 65.656937, 14456.123047>) initialized
18:10:29 | M1025 (Offroad_02<53653760> - pos <1652.796631, 452.251831, 14209.888672>) initialized
18:10:29 | M1025 (Offroad_02<536687e0> - pos <10425.284180, 277.829712, 5837.939453>) initialized
18:10:29 | M1025 (Offroad_02<53665dd0> - pos <9512.808594, 240.580215, 11746.719727>) initialized
18:10:53 | Ada 4x4 (OffroadHatchback_White<536633c0> - pos <9899.881836, 162.197083, 10340.879883>) initialized
18:10:53 | Ada 4x4 (OffroadHatchback_White<53656170> - pos <9210.235352, 238.662460, 14566.386719>) initialized
18:10:53 | Ada 4x4 (OffroadHatchback<5365b590> - pos <2511.590576, 296.647888, 11006.176758>) initialized
18:10:53 | Ada 4x4 (OffroadHatchback_White<59971710> - pos <4360.626953, 181.717987, 3932.894531>) initialized
18:10:53 | Ada 4x4 (OffroadHatchback_Blue<599698e0> - pos <10967.221680, 286.381256, 5494.215332>) initialized
18:10:53 | Ada 4x4 (OffroadHatchback_Blue<5995f0a0> - pos <731.064819, 131.332855, 4614.810547>) initialized
18:10:53 | Ada 4x4 (OffroadHatchback<59974120> - pos <294.963409, 288.314758, 8558.922852>) initialized
18:10:53 | Ada 4x4 (OffroadHatchback_White<5996c2f0> - pos <1218.174805, 129.379807, 6215.960938>) initialized
18:10:54 | Sarka 120 (Sedan_02_Grey<59961ab0> - pos <1123.023926, 6.399069, 2393.036865>) initialized
18:10:54 | Sarka 120 (Sedan_02<5996ed00> - pos <2719.627686, 364.112885, 6736.869141>) initialized
18:10:54 | Sarka 120 (Sedan_02<59976b30> - pos <7884.002441, 121.825439, 12785.404297>) initialized
18:10:54 | Sarka 120 (Sedan_02_Red<599644c0> - pos <6535.708008, 6.452102, 2388.284668>) initialized
18:10:54 | Sarka 120 (Sedan_02<59979540> - pos <3366.001953, 198.191757, 12965.965820>) initialized
18:10:54 | Sarka 120 (Sedan_02<59966ed0> - pos <1656.040039, 144.452103, 3837.271484>) initialized
18:10:54 | Sarka 120 (Sedan_02_Grey<5997bf50> - pos <6935.347656, 55.146458, 3646.675537>) initialized
18:10:54 | Sarka 120 (Sedan_02_Red<599891a0> - pos <2690.457031, 206.400345, 5377.890137>) initialized
18:10:54 | M3S Covered (Truck_01_Covered<59981370> - pos <9901.207031, 254.670120, 5467.632324>) initialized
18:10:54 | M3S Covered (Truck_01_Covered_Orange<59983d80> - pos <4193.815430, 324.840942, 8920.399414>) initialized
18:10:54 | M3S Covered (Truck_01_Covered_Orange<5998bbb0> - pos <11758.202148, 60.054390, 6440.716797>) initialized
18:10:54 | M3S Covered (Truck_01_Covered<59986790> - pos <10289.328125, 58.127338, 14176.573242>) initialized
18:10:54 | M3S Covered (Truck_01_Covered_Blue<59990fd0> - pos <5770.448730, 475.152344, 15185.802734>) initialized
18:10:54 | M3S Covered (Truck_01_Covered_Blue<5998e5c0> - pos <11617.616211, 201.946472, 7294.666504>) initialized
18:10:54 | M3S Covered (Truck_01_Covered<5997e960> - pos <5262.418457, 262.920319, 6515.307129>) initialized
18:10:54 | M3S Covered (Truck_01_Covered_Orange<5999b810> - pos <1577.938599, 261.173187, 10434.791016>) initialized
