Log Created: _2025-10-08_17-48-28
17:48:51 | Olga 24 (CivilianSedan_Black<7146b150> - pos <7566.752441, 213.905304, 5168.581543>)  is being deleted
17:48:51 | Olga 24 (CivilianSedan_Black<7145df00> - pos <2678.104492, 210.948776, 5594.068848>)  is being deleted
17:48:51 | Olga 24 (CivilianSedan_Black<71472f80> - pos <12144.039063, 97.155785, 13605.521484>)  is being deleted
17:48:51 | Olga 24 (CivilianSedan_Wine<7147adb0> - pos <6852.647461, 7.240152, 3072.867920>)  is being deleted
17:48:51 | Olga 24 (CivilianSedan_Wine<71475990> - pos <12045.508789, 5.800391, 3596.829346>)  is being deleted
17:48:51 | Olga 24 (CivilianSedan<714783a0> - pos <13354.930664, 5.987765, 5440.353027>)  is being deleted
17:48:51 | Olga 24 (CivilianSedan_Wine<f9c642b0> - pos <6351.196289, 51.567772, 3026.598145>)  is being deleted
17:48:51 | Olga 24 (CivilianSedan_Black<f9c59a70> - pos <10225.542969, 20.461330, 2295.484863>)  is being deleted
17:48:51 | Gunter 2 (Hatchback_02_Black<f9c66cc0> - pos <10182.458008, 6.043563, 1987.526489>)  is being deleted
17:48:51 | Gunter 2 (Hatchback_02_Blue<f9c696d0> - pos <6351.225586, 9.317824, 2522.917480>)  is being deleted
17:48:51 | Gunter 2 (Hatchback_02_Blue<f9c57060> - pos <10748.928711, 144.958145, 10804.453125>)  is being deleted
17:48:51 | Gunter 2 (Hatchback_02_Blue<f9c71500> - pos <7512.852539, 121.027763, 12662.450195>)  is being deleted
17:48:51 | Gunter 2 (Hatchback_02_Blue<f9c5ee90> - pos <3422.712402, 203.856705, 12687.688477>)  is being deleted
17:48:51 | Gunter 2 (Hatchback_02<f9c6eaf0> - pos <12177.532227, 17.693851, 9860.649414>)  is being deleted
17:48:51 | Gunter 2 (Hatchback_02<f9c6c0e0> - pos <5676.158691, 56.588585, 2372.280762>)  is being deleted
17:48:51 | Gunter 2 (Hatchback_02_Blue<f9c73f10> - pos <3302.427002, 314.335327, 15085.150391>)  is being deleted
17:48:51 | M1025 (Offroad_02<f9c618a0> - pos <801.249451, 5.904506, 1919.867676>)  is being deleted
17:48:51 | M1025 (Offroad_02<f9c88f90> - pos <1693.302124, 445.185974, 13851.005859>)  is being deleted
17:48:51 | M1025 (Offroad_02<f9c86580> - pos <8073.902344, 450.144501, 9415.982422>)  is being deleted
17:48:51 | Ada 4x4 (OffroadHatchback_Blue<f9c79330> - pos <5803.527832, 329.915741, 14339.287109>)  is being deleted
17:48:51 | Ada 4x4 (OffroadHatchback_Blue<f9c76920> - pos <9943.884766, 293.194122, 15292.806641>)  is being deleted
17:48:51 | Ada 4x4 (OffroadHatchback<f9c8e3b0> - pos <3688.729980, 303.979431, 8255.375000>)  is being deleted
17:48:51 | Ada 4x4 (OffroadHatchback_White<f9c7bd40> - pos <6714.459473, 377.047272, 14366.293945>)  is being deleted
17:48:51 | Ada 4x4 (OffroadHatchback_Blue<f9c8b9a0> - pos <6900.204590, 376.054535, 9868.023438>)  is being deleted
17:48:51 | Ada 4x4 (OffroadHatchback_Blue<f9c81160> - pos <8365.699219, 320.972870, 10536.147461>)  is being deleted
17:48:51 | Ada 4x4 (OffroadHatchback<f9c83b70> - pos <11442.874023, 329.855682, 11363.106445>)  is being deleted
17:48:51 | Ada 4x4 (OffroadHatchback<f9c90dc0> - pos <5219.455078, 218.562012, 4219.183105>)  is being deleted
17:48:51 | Sarka 120 (Sedan_02<f9c937d0> - pos <11271.461914, 194.038086, 12211.912109>)  is being deleted
17:48:51 | Sarka 120 (Sedan_02_Grey<fc1cd060> - pos <9439.905273, 303.872803, 8822.016602>)  is being deleted
17:48:51 | Sarka 120 (Sedan_02_Grey<fc1d4e90> - pos <10181.246094, 23.628613, 2587.065186>)  is being deleted
17:48:51 | Sarka 120 (Sedan_02_Red<fc1cfa70> - pos <6683.015137, 5.983057, 2677.349854>)  is being deleted
17:48:51 | Sarka 120 (Sedan_02<fc1da2b0> - pos <12109.953125, 191.007431, 7284.127441>)  is being deleted
17:48:51 | Sarka 120 (Sedan_02_Grey<fc1df6d0> - pos <3586.099365, 219.726776, 12596.454102>)  is being deleted
17:48:51 | Sarka 120 (Sedan_02<fc1e20e0> - pos <6935.294922, 54.629513, 3646.822021>)  is being deleted
17:48:51 | Sarka 120 (Sedan_02_Grey<fc1d78a0> - pos <11626.259766, 58.024395, 14096.237305>)  is being deleted
17:48:51 | M3S Covered (Truck_01_Covered<fc1dccc0> - pos <3115.177002, 281.047943, 9212.785156>)  is being deleted
17:48:51 | M3S Covered (Truck_01_Covered_Blue<fc1e4af0> - pos <4812.181641, 338.975708, 10559.242188>)  is being deleted
17:48:51 | M3S Covered (Truck_01_Covered<fc1d2480> - pos <1577.859009, 260.428619, 10434.799805>)  is being deleted
17:48:51 | M3S Covered (Truck_01_Covered<fc1f7160> - pos <981.088501, 180.788055, 7679.962402>)  is being deleted
17:48:51 | M3S Covered (Truck_01_Covered_Blue<fc1f9b70> - pos <1832.747314, 5.930986, 2141.660889>)  is being deleted
17:48:51 | M3S Covered (Truck_01_Covered_Orange<fc1e7500> - pos <12766.933594, 5.891134, 9737.377930>)  is being deleted
17:48:51 | M3S Covered (Truck_01_Covered_Orange<fc1ec920> - pos <13471.391602, 79.498619, 13067.444336>)  is being deleted
17:48:51 | M3S Covered (Truck_01_Covered<fc1fc580> - pos <289.985535, 186.860153, 6591.817383>)  is being deleted
