---------------------------------------------
Log warning_2025-12-15_18-02-06.log started at 2025-12-15 18:49:43



------------------------------------
DESKTOP-6P7DMDG, 2025-12-15
18:49:43.920 [ZmbF_VillagerOld_Base<dde8b1e0>::ProcessDamage] :: [WARNING] :: Damage was not processed (source: TTC_M24_Base<a59c88c0>)
Class:      'ZmbF_VillagerOld_Base'
Entity id:3036045
Function: 'ProcessDamage'
Stack trace:
DayZExpansion/AI/Scripts/4_World/dayzexpansion_ai\classes\eaidamagehandler.c:488
scripts/3_Game/dayzgame.c:2919
0_DayZExpansion_Core_Preload/3_Game/dayzgame.c:16
JM/CF/Scripts/3_Game/communityframework\game\dayzgame.c:46
VPPAdminTools/3_Game/vppadmintools\vanillaplusplus.c:213


------------------------------------
DESKTOP-6P7DMDG, 2025-12-15
18:50:45.087 [ZmbM_Jacket_Base<dde7edf0>::ProcessDamage] :: [WARNING] :: Damage was not processed (source: TTC_M24_Base<a59c88c0>)
Class:      'ZmbM_Jacket_Base'
Entity id:3036038
Function: 'ProcessDamage'
Stack trace:
DayZExpansion/AI/Scripts/4_World/dayzexpansion_ai\classes\eaidamagehandler.c:488
scripts/3_Game/dayzgame.c:2919
0_DayZExpansion_Core_Preload/3_Game/dayzgame.c:16
JM/CF/Scripts/3_Game/communityframework\game\dayzgame.c:46
VPPAdminTools/3_Game/vppadmintools\vanillaplusplus.c:213
