08.10.2025 17:48:28 [CarCover] 'CarCover.json' found, loading existing config
08.10.2025 17:48:50 [CarCover] Auto Covered CivilianSedan_Black at <7566.752441, 213.905304, 5168.581543>
08.10.2025 17:48:50 [CarCover] Auto Covered CivilianSedan_Black at <2678.104492, 210.948776, 5594.068848>
08.10.2025 17:48:50 [CarCover] Auto Covered CivilianSedan_Black at <12144.039063, 97.155785, 13605.521484>
08.10.2025 17:48:50 [CarCover] Auto Covered CivilianSedan_Wine at <6852.647461, 7.240152, 3072.867920>
08.10.2025 17:48:50 [CarCover] Auto Covered CivilianSedan_Wine at <12045.508789, 5.800391, 3596.829346>
08.10.2025 17:48:50 [CarCover] Auto Covered CivilianSedan at <13354.930664, 5.987765, 5440.353027>
08.10.2025 17:48:50 [CarCover] Auto Covered CivilianSedan_Wine at <6351.196289, 51.567772, 3026.598145>
08.10.2025 17:48:50 [CarCover] Auto Covered CivilianSedan_Black at <10225.542969, 20.461330, 2295.484863>
08.10.2025 17:48:50 [CarCover] Auto Covered Hatchback_02_Black at <10182.458008, 6.043563, 1987.526489>
08.10.2025 17:48:50 [CarCover] Auto Covered Hatchback_02_Blue at <6351.225586, 9.317824, 2522.917480>
08.10.2025 17:48:50 [CarCover] Auto Covered Hatchback_02_Blue at <10748.928711, 144.958145, 10804.453125>
08.10.2025 17:48:50 [CarCover] Auto Covered Hatchback_02_Blue at <7512.852539, 121.027763, 12662.450195>
08.10.2025 17:48:51 [CarCover] Auto Covered Hatchback_02_Blue at <3422.712402, 203.856705, 12687.688477>
08.10.2025 17:48:51 [CarCover] Auto Covered Hatchback_02 at <12177.532227, 17.693851, 9860.649414>
08.10.2025 17:48:51 [CarCover] Auto Covered Hatchback_02 at <5676.158691, 56.588585, 2372.280762>
08.10.2025 17:48:51 [CarCover] Auto Covered Hatchback_02_Blue at <3302.427002, 314.335327, 15085.150391>
08.10.2025 17:48:51 [CarCover] Auto Covered Offroad_02 at <801.249451, 5.904506, 1919.867676>
08.10.2025 17:48:51 [CarCover] Auto Covered Offroad_02 at <1693.302124, 445.185974, 13851.005859>
08.10.2025 17:48:51 [CarCover] Auto Covered Offroad_02 at <8073.902344, 450.144501, 9415.982422>
08.10.2025 17:48:51 [CarCover] Auto Covered OffroadHatchback_Blue at <5803.527832, 329.915741, 14339.287109>
08.10.2025 17:48:51 [CarCover] Auto Covered OffroadHatchback_Blue at <9943.884766, 293.194122, 15292.806641>
08.10.2025 17:48:51 [CarCover] Auto Covered OffroadHatchback at <3688.729980, 303.979431, 8255.375000>
08.10.2025 17:48:51 [CarCover] Auto Covered OffroadHatchback_White at <6714.459473, 377.047272, 14366.293945>
08.10.2025 17:48:51 [CarCover] Auto Covered OffroadHatchback_Blue at <6900.204590, 376.054535, 9868.023438>
08.10.2025 17:48:51 [CarCover] Auto Covered OffroadHatchback_Blue at <8365.699219, 320.972870, 10536.147461>
08.10.2025 17:48:51 [CarCover] Auto Covered OffroadHatchback at <11442.874023, 329.855682, 11363.106445>
08.10.2025 17:48:51 [CarCover] Auto Covered OffroadHatchback at <5219.455078, 218.562012, 4219.183105>
08.10.2025 17:48:51 [CarCover] Auto Covered Sedan_02 at <11271.461914, 194.038086, 12211.912109>
08.10.2025 17:48:51 [CarCover] Auto Covered Sedan_02_Grey at <9439.905273, 303.872803, 8822.016602>
08.10.2025 17:48:51 [CarCover] Auto Covered Sedan_02_Grey at <10181.246094, 23.628613, 2587.065186>
08.10.2025 17:48:51 [CarCover] Auto Covered Sedan_02_Red at <6683.015137, 5.983057, 2677.349854>
08.10.2025 17:48:51 [CarCover] Auto Covered Sedan_02 at <12109.953125, 191.007431, 7284.127441>
08.10.2025 17:48:51 [CarCover] Auto Covered Sedan_02_Grey at <3586.099365, 219.726776, 12596.454102>
08.10.2025 17:48:51 [CarCover] Auto Covered Sedan_02 at <6935.294922, 54.629513, 3646.822021>
08.10.2025 17:48:51 [CarCover] Auto Covered Sedan_02_Grey at <11626.259766, 58.024395, 14096.237305>
08.10.2025 17:48:51 [CarCover] Auto Covered Truck_01_Covered at <3115.177002, 281.047943, 9212.785156>
08.10.2025 17:48:51 [CarCover] Auto Covered Truck_01_Covered_Blue at <4812.181641, 338.975708, 10559.242188>
08.10.2025 17:48:51 [CarCover] Auto Covered Truck_01_Covered at <1577.859009, 260.428619, 10434.799805>
08.10.2025 17:48:51 [CarCover] Auto Covered Truck_01_Covered at <981.088501, 180.788055, 7679.962402>
08.10.2025 17:48:51 [CarCover] Auto Covered Truck_01_Covered_Blue at <1832.747314, 5.930986, 2141.660889>
08.10.2025 17:48:51 [CarCover] Auto Covered Truck_01_Covered_Orange at <12766.933594, 5.891134, 9737.377930>
08.10.2025 17:48:51 [CarCover] Auto Covered Truck_01_Covered_Orange at <13471.391602, 79.498619, 13067.444336>
08.10.2025 17:48:51 [CarCover] Auto Covered Truck_01_Covered at <289.985535, 186.860153, 6591.817383>
08.10.2025 17:54:00 [CarCover] 'CarCover.json' found, loading existing config
08.10.2025 18:01:43 [CarCover] 'CarCover.json' found, loading existing config
08.10.2025 18:04:51 [CarCover] 'CarCover.json' found, loading existing config
08.10.2025 18:16:15 [CarCover] 'CarCover.json' found, loading existing config
08.10.2025 18:16:36 [CarCover] Auto Covered CivilianSedan_Black at <3645.433105, 189.873596, 13053.029297>
08.10.2025 18:16:36 [CarCover] Auto Covered CivilianSedan_Black at <9602.118164, 81.038071, 13731.833984>
08.10.2025 18:16:37 [CarCover] Auto Covered CivilianSedan at <3812.249023, 310.973541, 8846.752930>
08.10.2025 18:16:37 [CarCover] Auto Covered CivilianSedan_Black at <6807.645020, 2.934180, 2688.362793>
08.10.2025 18:16:37 [CarCover] Auto Covered CivilianSedan_Wine at <12302.378906, 34.309612, 9051.263672>
08.10.2025 18:16:37 [CarCover] Auto Covered CivilianSedan_Black at <11684.724609, 108.785698, 15060.839844>
08.10.2025 18:16:37 [CarCover] Auto Covered CivilianSedan_Black at <13355.428711, 5.987764, 5445.192871>
08.10.2025 18:16:37 [CarCover] Auto Covered CivilianSedan at <10226.199219, 64.962799, 4077.447266>
08.10.2025 18:16:37 [CarCover] Auto Covered Hatchback_02 at <11827.092773, 27.354502, 14276.598633>
08.10.2025 18:16:37 [CarCover] Auto Covered Hatchback_02 at <12972.759766, 5.864614, 10216.161133>
08.10.2025 18:16:37 [CarCover] Auto Covered Hatchback_02_Black at <7013.049316, 5.869282, 2794.617432>
08.10.2025 18:16:37 [CarCover] Auto Covered Hatchback_02 at <3338.139160, 239.241165, 4957.520996>
08.10.2025 18:16:37 [CarCover] Auto Covered Hatchback_02_Blue at <1826.169678, 261.711365, 11523.146484>
08.10.2025 18:16:37 [CarCover] Auto Covered Hatchback_02_Blue at <2840.072266, 204.285706, 5291.239746>
08.10.2025 18:16:37 [CarCover] Auto Covered Hatchback_02_Blue at <9514.145508, 84.935051, 13691.838867>
08.10.2025 18:16:37 [CarCover] Auto Covered Hatchback_02_Blue at <10698.358398, 65.223564, 14456.123047>
08.10.2025 18:16:37 [CarCover] Auto Covered Offroad_02 at <1652.647583, 451.689636, 14209.886719>
08.10.2025 18:16:37 [CarCover] Auto Covered Offroad_02 at <10425.443359, 277.196960, 5837.919922>
08.10.2025 18:16:37 [CarCover] Auto Covered Offroad_02 at <9512.937500, 240.017471, 11746.788086>
08.10.2025 18:16:37 [CarCover] Auto Covered OffroadHatchback_White at <9899.746094, 161.672806, 10340.831055>
08.10.2025 18:16:37 [CarCover] Auto Covered OffroadHatchback_White at <9210.222656, 238.151627, 14566.442383>
08.10.2025 18:16:37 [CarCover] Auto Covered OffroadHatchback at <2511.668457, 296.141449, 11006.213867>
08.10.2025 18:16:37 [CarCover] Auto Covered OffroadHatchback_White at <4360.540527, 181.216705, 3932.841309>
08.10.2025 18:16:37 [CarCover] Auto Covered OffroadHatchback_Blue at <10967.128906, 285.785095, 5494.292480>
08.10.2025 18:16:37 [CarCover] Auto Covered OffroadHatchback_Blue at <731.098938, 130.820831, 4614.775391>
08.10.2025 18:16:37 [CarCover] Auto Covered OffroadHatchback at <294.977448, 287.749969, 8558.883789>
08.10.2025 18:16:37 [CarCover] Auto Covered OffroadHatchback_White at <1218.170166, 128.865265, 6216.003418>
08.10.2025 18:16:37 [CarCover] Auto Covered Sedan_02_Grey at <1123.157227, 5.916360, 2393.089600>
08.10.2025 18:16:37 [CarCover] Auto Covered Sedan_02 at <2719.670410, 363.625336, 6736.756348>
08.10.2025 18:16:37 [CarCover] Auto Covered Sedan_02 at <7883.862305, 121.347153, 12785.449219>
08.10.2025 18:16:37 [CarCover] Auto Covered Sedan_02_Red at <6535.592285, 5.976073, 2388.383301>
08.10.2025 18:16:37 [CarCover] Auto Covered Sedan_02 at <3366.059082, 197.709442, 12965.848633>
08.10.2025 18:16:37 [CarCover] Auto Covered Sedan_02 at <1655.894897, 143.934753, 3837.222656>
08.10.2025 18:16:37 [CarCover] Auto Covered Sedan_02_Grey at <6935.357910, 55.788773, 3646.858643>
08.10.2025 18:16:37 [CarCover] Auto Covered Sedan_02_Red at <2690.486084, 205.848801, 5378.041992>
08.10.2025 18:16:37 [CarCover] Auto Covered Truck_01_Covered at <9901.127930, 253.959213, 5467.661133>
08.10.2025 18:16:37 [CarCover] Auto Covered Truck_01_Covered_Orange at <4193.804199, 324.117676, 8920.317383>
08.10.2025 18:16:37 [CarCover] Auto Covered Truck_01_Covered_Orange at <11758.232422, 59.278912, 6440.633301>
08.10.2025 18:16:37 [CarCover] Auto Covered Truck_01_Covered at <10289.285156, 57.384811, 14176.584961>
08.10.2025 18:16:37 [CarCover] Auto Covered Truck_01_Covered_Blue at <5770.531738, 474.433136, 15185.778320>
08.10.2025 18:16:37 [CarCover] Auto Covered Truck_01_Covered_Blue at <11617.635742, 201.167953, 7294.682129>
08.10.2025 18:16:37 [CarCover] Auto Covered Truck_01_Covered at <5262.243652, 262.201630, 6515.274902>
08.10.2025 18:16:37 [CarCover] Auto Covered Truck_01_Covered_Orange at <1580.614746, 260.447418, 10432.918945>
08.10.2025 18:21:31 [CarCover] 'CarCover.json' found, loading existing config
08.10.2025 18:21:53 [CarCover] Auto Covered CivilianSedan_Black at <11581.685547, 57.731857, 14659.166992>
08.10.2025 18:21:53 [CarCover] Auto Covered CivilianSedan_Wine at <2841.349365, 204.205643, 5288.166992>
08.10.2025 18:21:53 [CarCover] Auto Covered CivilianSedan_Black at <6483.704590, 8.485505, 2902.669434>
08.10.2025 18:21:53 [CarCover] Auto Covered CivilianSedan_Wine at <12301.331055, 35.266151, 9050.553711>
08.10.2025 18:21:53 [CarCover] Auto Covered CivilianSedan_Black at <10702.839844, 65.173874, 14456.179688>
08.10.2025 18:21:53 [CarCover] Auto Covered CivilianSedan at <6916.977539, 37.997849, 3421.945557>
08.10.2025 18:21:53 [CarCover] Auto Covered CivilianSedan_Black at <7585.883301, 207.943726, 13475.708984>
08.10.2025 18:21:53 [CarCover] Auto Covered Hatchback_02_Black at <9514.182617, 86.210304, 13692.485352>
08.10.2025 18:21:53 [CarCover] Auto Covered Hatchback_02 at <3100.355469, 208.086334, 12648.158203>
08.10.2025 18:21:53 [CarCover] Auto Covered Hatchback_02_Black at <11686.124023, 109.733307, 15061.146484>
08.10.2025 18:21:53 [CarCover] Auto Covered Hatchback_02_Blue at <6851.220215, 8.061680, 3073.853271>
08.10.2025 18:21:53 [CarCover] Auto Covered Hatchback_02_Black at <11343.358398, 46.860203, 14458.153320>
08.10.2025 18:21:53 [CarCover] Auto Covered Hatchback_02_Blue at <2682.604736, 204.477600, 5309.277344>
08.10.2025 18:21:53 [CarCover] Auto Covered Hatchback_02_Blue at <12971.519531, 6.699543, 10216.708984>
08.10.2025 18:21:53 [CarCover] Auto Covered Offroad_02 at <4496.696777, 339.005249, 9785.621094>
08.10.2025 18:21:53 [CarCover] Auto Covered Offroad_02 at <4801.039551, 338.695099, 10663.890625>
08.10.2025 18:21:53 [CarCover] Auto Covered Offroad_02 at <1570.483154, 452.586121, 14051.671875>
08.10.2025 18:21:53 [CarCover] Auto Covered OffroadHatchback at <6769.617676, 371.413696, 14154.243164>
08.10.2025 18:21:53 [CarCover] Auto Covered OffroadHatchback_Blue at <7842.439941, 263.161194, 11571.216797>
08.10.2025 18:21:53 [CarCover] Auto Covered OffroadHatchback_Blue at <2038.853394, 256.855743, 7310.687988>
08.10.2025 18:21:53 [CarCover] Auto Covered OffroadHatchback_Blue at <293.338135, 288.076447, 8561.471680>
08.10.2025 18:21:53 [CarCover] Auto Covered OffroadHatchback_Blue at <9902.842773, 161.732941, 10341.357422>
08.10.2025 18:21:53 [CarCover] Auto Covered OffroadHatchback_White at <728.638611, 130.825424, 4617.456055>
08.10.2025 18:21:53 [CarCover] Auto Covered OffroadHatchback at <401.610992, 133.320236, 5180.103027>
08.10.2025 18:21:53 [CarCover] Auto Covered OffroadHatchback_Blue at <13078.682617, 114.888367, 13125.546875>
08.10.2025 18:21:53 [CarCover] Auto Covered Sedan_02_Red at <2507.336426, 190.042297, 5313.074707>
08.10.2025 18:21:53 [CarCover] Auto Covered Sedan_02 at <334.105011, 294.469299, 9440.325195>
08.10.2025 18:21:53 [CarCover] Auto Covered Sedan_02_Grey at <9512.078125, 84.103188, 13663.206055>
08.10.2025 18:21:53 [CarCover] Auto Covered Sedan_02 at <6382.878418, 288.377289, 7562.462402>
08.10.2025 18:21:53 [CarCover] Auto Covered Sedan_02_Grey at <1123.189453, 7.073577, 2393.208008>
08.10.2025 18:21:53 [CarCover] Auto Covered Sedan_02_Grey at <13587.690430, 30.625372, 11762.060547>
08.10.2025 18:21:53 [CarCover] Auto Covered Sedan_02 at <11626.222656, 59.193825, 14096.337891>
08.10.2025 18:21:53 [CarCover] Auto Covered Truck_01_Covered_Orange at <7041.079590, 352.390289, 14531.374023>
08.10.2025 18:21:53 [CarCover] Auto Covered Truck_01_Covered_Orange at <2311.395752, 185.322205, 5205.624512>
08.10.2025 18:21:53 [CarCover] Auto Covered Truck_01_Covered_Blue at <3633.469727, 166.623322, 3692.718994>
08.10.2025 18:21:53 [CarCover] Auto Covered Truck_01_Covered_Orange at <13058.670898, 5.950130, 7050.823730>
08.10.2025 18:21:53 [CarCover] Auto Covered Truck_01_Covered_Orange at <9004.062500, 325.752258, 5989.233398>
08.10.2025 18:21:53 [CarCover] Auto Covered Truck_01_Covered_Blue at <11618.048828, 201.342926, 7291.209961>
08.10.2025 18:21:53 [CarCover] Auto Covered Truck_01_Covered_Orange at <11756.914063, 59.162811, 6444.104492>
08.10.2025 18:21:53 [CarCover] Auto Covered Truck_01_Covered_Blue at <7791.012695, 313.510590, 6910.817383>
08.10.2025 18:21:53 [CarCover] Auto Covered CivilianSedan_Black at <10225.533203, 21.664042, 2294.819092>
08.10.2025 18:21:53 [CarCover] Auto Covered Hatchback_02_Black at <10181.993164, 7.348641, 1986.823120>
08.10.2025 18:21:53 [CarCover] Auto Covered Sedan_02_Red at <10571.128906, 6.315153, 2077.773682>
05.12.2025 11:30:15 [CarCover] 'CarCover.json' found, loading existing config
05.12.2025 11:36:59 [CarCover] 'CarCover.json' found, loading existing config
05.12.2025 11:45:05 [CarCover] 'CarCover.json' found, loading existing config
10.12.2025 14:26:49 [CarCover] 'CarCover.json' found, loading existing config
10.12.2025 14:36:08 [CarCover] 'CarCover.json' found, loading existing config
10.12.2025 14:38:55 [CarCover] 'CarCover.json' found, loading existing config
10.12.2025 14:42:44 [CarCover] 'CarCover.json' found, loading existing config
10.12.2025 14:52:04 [CarCover] 'CarCover.json' found, loading existing config
10.12.2025 15:11:41 [CarCover] 'CarCover.json' found, loading existing config
10.12.2025 15:13:56 [CarCover] 'CarCover.json' found, loading existing config
10.12.2025 15:18:24 [CarCover] 'CarCover.json' found, loading existing config
10.12.2025 15:20:22 [CarCover] 'CarCover.json' found, loading existing config
10.12.2025 15:29:37 [CarCover] 'CarCover.json' found, loading existing config
10.12.2025 15:39:58 [CarCover] 'CarCover.json' found, loading existing config
10.12.2025 15:51:34 [CarCover] 'CarCover.json' found, loading existing config
10.12.2025 16:00:29 [CarCover] 'CarCover.json' found, loading existing config
10.12.2025 16:04:40 [CarCover] 'CarCover.json' found, loading existing config
10.12.2025 16:10:14 [CarCover] 'CarCover.json' found, loading existing config
10.12.2025 18:10:10 [CarCover] 'CarCover.json' found, loading existing config
10.12.2025 18:24:09 [CarCover] 'CarCover.json' found, loading existing config
10.12.2025 18:25:37 [CarCover] 'CarCover.json' found, loading existing config
10.12.2025 19:42:33 [CarCover] 'CarCover.json' found, loading existing config
10.12.2025 20:28:45 [CarCover] 'CarCover.json' found, loading existing config
10.12.2025 20:37:01 [CarCover] 'CarCover.json' found, loading existing config
10.12.2025 20:38:38 [CarCover] 'CarCover.json' found, loading existing config
10.12.2025 20:42:30 [CarCover] 'CarCover.json' found, loading existing config
10.12.2025 20:44:57 [CarCover] 'CarCover.json' found, loading existing config
10.12.2025 21:41:53 [CarCover] 'CarCover.json' found, loading existing config
11.12.2025 12:11:28 [CarCover] 'CarCover.json' found, loading existing config
11.12.2025 15:40:43 [CarCover] 'CarCover.json' found, loading existing config
11.12.2025 16:27:27 [CarCover] 'CarCover.json' found, loading existing config
11.12.2025 18:18:07 [CarCover] 'CarCover.json' found, loading existing config
11.12.2025 18:25:19 [CarCover] 'CarCover.json' found, loading existing config
11.12.2025 18:29:17 [CarCover] 'CarCover.json' found, loading existing config
11.12.2025 18:40:00 [CarCover] 'CarCover.json' found, loading existing config
11.12.2025 18:52:33 [CarCover] 'CarCover.json' found, loading existing config
11.12.2025 18:57:06 [CarCover] 'CarCover.json' found, loading existing config
11.12.2025 19:02:06 [CarCover] 'CarCover.json' found, loading existing config
11.12.2025 19:05:49 [CarCover] 'CarCover.json' found, loading existing config
11.12.2025 19:13:00 [CarCover] 'CarCover.json' found, loading existing config
11.12.2025 19:19:50 [CarCover] 'CarCover.json' found, loading existing config
11.12.2025 19:29:12 [CarCover] 'CarCover.json' found, loading existing config
11.12.2025 19:33:01 [CarCover] 'CarCover.json' found, loading existing config
11.12.2025 19:36:19 [CarCover] 'CarCover.json' found, loading existing config
11.12.2025 19:46:20 [CarCover] 'CarCover.json' found, loading existing config
11.12.2025 20:17:24 [CarCover] 'CarCover.json' found, loading existing config
11.12.2025 20:24:44 [CarCover] 'CarCover.json' found, loading existing config
11.12.2025 21:03:51 [CarCover] 'CarCover.json' found, loading existing config
11.12.2025 21:11:00 [CarCover] 'CarCover.json' found, loading existing config
11.12.2025 21:18:41 [CarCover] 'CarCover.json' found, loading existing config
11.12.2025 21:37:45 [CarCover] 'CarCover.json' found, loading existing config
12.12.2025 11:09:59 [CarCover] 'CarCover.json' found, loading existing config
12.12.2025 11:28:47 [CarCover] 'CarCover.json' found, loading existing config
12.12.2025 12:04:32 [CarCover] 'CarCover.json' found, loading existing config
12.12.2025 12:41:41 [CarCover] 'CarCover.json' found, loading existing config
12.12.2025 13:26:22 [CarCover] 'CarCover.json' found, loading existing config
12.12.2025 13:38:05 [CarCover] 'CarCover.json' found, loading existing config
12.12.2025 13:43:48 [CarCover] 'CarCover.json' found, loading existing config
12.12.2025 19:00:39 [CarCover] 'CarCover.json' found, loading existing config
12.12.2025 19:18:09 [CarCover] 'CarCover.json' found, loading existing config
12.12.2025 20:23:46 [CarCover] 'CarCover.json' found, loading existing config
13.12.2025 14:40:36 [CarCover] 'CarCover.json' found, loading existing config
13.12.2025 15:01:21 [CarCover] 'CarCover.json' found, loading existing config
13.12.2025 15:13:04 [CarCover] 'CarCover.json' found, loading existing config
13.12.2025 15:22:44 [CarCover] 'CarCover.json' found, loading existing config
13.12.2025 15:34:48 [CarCover] 'CarCover.json' found, loading existing config
13.12.2025 15:38:36 [CarCover] 'CarCover.json' found, loading existing config
13.12.2025 15:39:45 [CarCover] 'CarCover.json' found, loading existing config
13.12.2025 15:43:03 [CarCover] 'CarCover.json' found, loading existing config
13.12.2025 15:45:03 [CarCover] 'CarCover.json' found, loading existing config
13.12.2025 15:51:55 [CarCover] 'CarCover.json' found, loading existing config
13.12.2025 16:05:16 [CarCover] 'CarCover.json' found, loading existing config
13.12.2025 16:29:44 [CarCover] 'CarCover.json' found, loading existing config
13.12.2025 16:36:36 [CarCover] 'CarCover.json' found, loading existing config
13.12.2025 16:56:52 [CarCover] 'CarCover.json' found, loading existing config
13.12.2025 18:47:39 [CarCover] 'CarCover.json' found, loading existing config
14.12.2025 11:53:02 [CarCover] 'CarCover.json' found, loading existing config
14.12.2025 16:04:03 [CarCover] 'CarCover.json' found, loading existing config
14.12.2025 22:38:51 [CarCover] 'CarCover.json' found, loading existing config
14.12.2025 22:55:06 [CarCover] 'CarCover.json' found, loading existing config
14.12.2025 23:11:49 [CarCover] 'CarCover.json' found, loading existing config
14.12.2025 23:19:39 [CarCover] 'CarCover.json' found, loading existing config
14.12.2025 23:24:28 [CarCover] 'CarCover.json' found, loading existing config
15.12.2025 09:41:29 [CarCover] 'CarCover.json' found, loading existing config
15.12.2025 09:44:44 [CarCover] 'CarCover.json' found, loading existing config
15.12.2025 09:50:23 [CarCover] 'CarCover.json' found, loading existing config
15.12.2025 10:08:07 [CarCover] 'CarCover.json' found, loading existing config
15.12.2025 11:37:00 [CarCover] 'CarCover.json' found, loading existing config
15.12.2025 11:39:37 [CarCover] 'CarCover.json' found, loading existing config
15.12.2025 11:41:44 [CarCover] 'CarCover.json' found, loading existing config
15.12.2025 11:54:56 [CarCover] 'CarCover.json' found, loading existing config
15.12.2025 12:04:27 [CarCover] 'CarCover.json' found, loading existing config
15.12.2025 12:15:25 [CarCover] 'CarCover.json' found, loading existing config
15.12.2025 12:38:22 [CarCover] 'CarCover.json' found, loading existing config
15.12.2025 12:45:33 [CarCover] 'CarCover.json' found, loading existing config
15.12.2025 12:48:45 [CarCover] 'CarCover.json' found, loading existing config
15.12.2025 12:52:58 [CarCover] 'CarCover.json' found, loading existing config
15.12.2025 13:59:02 [CarCover] 'CarCover.json' found, loading existing config
15.12.2025 14:28:38 [CarCover] 'CarCover.json' found, loading existing config
15.12.2025 14:30:48 [CarCover] 'CarCover.json' found, loading existing config
15.12.2025 14:50:10 [CarCover] 'CarCover.json' found, loading existing config
15.12.2025 14:58:33 [CarCover] 'CarCover.json' found, loading existing config
15.12.2025 15:12:55 [CarCover] 'CarCover.json' found, loading existing config
15.12.2025 15:29:39 [CarCover] 'CarCover.json' found, loading existing config
15.12.2025 18:02:45 [CarCover] 'CarCover.json' found, loading existing config
15.12.2025 19:39:49 [CarCover] 'CarCover.json' found, loading existing config
15.12.2025 23:16:05 [CarCover] 'CarCover.json' found, loading existing config
16.12.2025 13:03:20 [CarCover] 'CarCover.json' found, loading existing config
16.12.2025 13:07:16 [CarCover] 'CarCover.json' found, loading existing config
16.12.2025 13:10:42 [CarCover] 'CarCover.json' found, loading existing config
16.12.2025 13:23:09 [CarCover] 'CarCover.json' found, loading existing config
16.12.2025 17:19:41 [CarCover] 'CarCover.json' found, loading existing config
16.12.2025 17:42:54 [CarCover] 'CarCover.json' found, loading existing config
16.12.2025 20:42:22 [CarCover] 'CarCover.json' found, loading existing config
16.12.2025 22:44:17 [CarCover] 'CarCover.json' found, loading existing config
